[0.203s] Invoking command in '/home/kk/kk_ws/src/kk_driver_package/build/kk_driver': AMENT_PREFIX_PATH=/home/kk/kk_ws/src/kk_driver_package/install/kk_driver_msg:${AMENT_PREFIX_PATH} CMAKE_PREFIX_PATH=/home/kk/kk_ws/src/kk_driver_package/install/kk_driver_msg:/home/kk/kk_ws/install/kk_driver:/home/kk/kk_ws/install/kk_driver_msg:/home/kk/kk_ws/install/kk_simulator:/home/kk/kk_ws/install/kk_receiver:/home/kk/kk_ws/install/core_camera:/opt/ros/humble LD_LIBRARY_PATH=/home/kk/kk_ws/src/kk_driver_package/install/kk_driver_msg/lib:${LD_LIBRARY_PATH} PYTHONPATH=/home/kk/kk_ws/src/kk_driver_package/install/kk_driver_msg/local/lib/python3.10/dist-packages:${PYTHONPATH} /usr/bin/cmake --build /home/kk/kk_ws/src/kk_driver_package/build/kk_driver -- -j4 -l4
[1.070s] [100%] Built target kk_driver
[4.036s] Invoked command in '/home/kk/kk_ws/src/kk_driver_package/build/kk_driver' returned '0': AMENT_PREFIX_PATH=/home/kk/kk_ws/src/kk_driver_package/install/kk_driver_msg:${AMENT_PREFIX_PATH} CMAKE_PREFIX_PATH=/home/kk/kk_ws/src/kk_driver_package/install/kk_driver_msg:/home/kk/kk_ws/install/kk_driver:/home/kk/kk_ws/install/kk_driver_msg:/home/kk/kk_ws/install/kk_simulator:/home/kk/kk_ws/install/kk_receiver:/home/kk/kk_ws/install/core_camera:/opt/ros/humble LD_LIBRARY_PATH=/home/kk/kk_ws/src/kk_driver_package/install/kk_driver_msg/lib:${LD_LIBRARY_PATH} PYTHONPATH=/home/kk/kk_ws/src/kk_driver_package/install/kk_driver_msg/local/lib/python3.10/dist-packages:${PYTHONPATH} /usr/bin/cmake --build /home/kk/kk_ws/src/kk_driver_package/build/kk_driver -- -j4 -l4
[4.054s] Invoking command in '/home/kk/kk_ws/src/kk_driver_package/build/kk_driver': AMENT_PREFIX_PATH=/home/kk/kk_ws/src/kk_driver_package/install/kk_driver_msg:${AMENT_PREFIX_PATH} CMAKE_PREFIX_PATH=/home/kk/kk_ws/src/kk_driver_package/install/kk_driver_msg:/home/kk/kk_ws/install/kk_driver:/home/kk/kk_ws/install/kk_driver_msg:/home/kk/kk_ws/install/kk_simulator:/home/kk/kk_ws/install/kk_receiver:/home/kk/kk_ws/install/core_camera:/opt/ros/humble LD_LIBRARY_PATH=/home/kk/kk_ws/src/kk_driver_package/install/kk_driver_msg/lib:${LD_LIBRARY_PATH} PYTHONPATH=/home/kk/kk_ws/src/kk_driver_package/install/kk_driver_msg/local/lib/python3.10/dist-packages:${PYTHONPATH} /usr/bin/cmake --install /home/kk/kk_ws/src/kk_driver_package/build/kk_driver
[4.148s] -- Install configuration: ""
[4.154s] -- Up-to-date: /home/kk/kk_ws/src/kk_driver_package/install/kk_driver/lib/kk_driver/kk_driver
[4.161s] -- Up-to-date: /home/kk/kk_ws/src/kk_driver_package/install/kk_driver/share/ament_index/resource_index/package_run_dependencies/kk_driver
[4.164s] -- Up-to-date: /home/kk/kk_ws/src/kk_driver_package/install/kk_driver/share/ament_index/resource_index/parent_prefix_path/kk_driver
[4.168s] -- Up-to-date: /home/kk/kk_ws/src/kk_driver_package/install/kk_driver/share/kk_driver/environment/ament_prefix_path.sh
[4.169s] -- Up-to-date: /home/kk/kk_ws/src/kk_driver_package/install/kk_driver/share/kk_driver/environment/ament_prefix_path.dsv
[4.171s] -- Up-to-date: /home/kk/kk_ws/src/kk_driver_package/install/kk_driver/share/kk_driver/environment/path.sh
[4.173s] -- Up-to-date: /home/kk/kk_ws/src/kk_driver_package/install/kk_driver/share/kk_driver/environment/path.dsv
[4.174s] -- Up-to-date: /home/kk/kk_ws/src/kk_driver_package/install/kk_driver/share/kk_driver/local_setup.bash
[4.178s] -- Up-to-date: /home/kk/kk_ws/src/kk_driver_package/install/kk_driver/share/kk_driver/local_setup.sh
[4.184s] -- Up-to-date: /home/kk/kk_ws/src/kk_driver_package/install/kk_driver/share/kk_driver/local_setup.zsh
[4.186s] -- Up-to-date: /home/kk/kk_ws/src/kk_driver_package/install/kk_driver/share/kk_driver/local_setup.dsv
[4.187s] -- Installing: /home/kk/kk_ws/src/kk_driver_package/install/kk_driver/share/kk_driver/package.dsv
[4.189s] -- Up-to-date: /home/kk/kk_ws/src/kk_driver_package/install/kk_driver/share/ament_index/resource_index/packages/kk_driver
[4.197s] -- Up-to-date: /home/kk/kk_ws/src/kk_driver_package/install/kk_driver/share/kk_driver/cmake/kk_driverConfig.cmake
[4.199s] -- Up-to-date: /home/kk/kk_ws/src/kk_driver_package/install/kk_driver/share/kk_driver/cmake/kk_driverConfig-version.cmake
[4.212s] -- Up-to-date: /home/kk/kk_ws/src/kk_driver_package/install/kk_driver/share/kk_driver/package.xml
[4.215s] Invoked command in '/home/kk/kk_ws/src/kk_driver_package/build/kk_driver' returned '0': AMENT_PREFIX_PATH=/home/kk/kk_ws/src/kk_driver_package/install/kk_driver_msg:${AMENT_PREFIX_PATH} CMAKE_PREFIX_PATH=/home/kk/kk_ws/src/kk_driver_package/install/kk_driver_msg:/home/kk/kk_ws/install/kk_driver:/home/kk/kk_ws/install/kk_driver_msg:/home/kk/kk_ws/install/kk_simulator:/home/kk/kk_ws/install/kk_receiver:/home/kk/kk_ws/install/core_camera:/opt/ros/humble LD_LIBRARY_PATH=/home/kk/kk_ws/src/kk_driver_package/install/kk_driver_msg/lib:${LD_LIBRARY_PATH} PYTHONPATH=/home/kk/kk_ws/src/kk_driver_package/install/kk_driver_msg/local/lib/python3.10/dist-packages:${PYTHONPATH} /usr/bin/cmake --install /home/kk/kk_ws/src/kk_driver_package/build/kk_driver
