running egg_info
creating ../build/kk_receiver/kk_receiver.egg-info
writing ../build/kk_receiver/kk_receiver.egg-info/PKG-INFO
writing dependency_links to ../build/kk_receiver/kk_receiver.egg-info/dependency_links.txt
writing entry points to ../build/kk_receiver/kk_receiver.egg-info/entry_points.txt
writing requirements to ../build/kk_receiver/kk_receiver.egg-info/requires.txt
writing top-level names to ../build/kk_receiver/kk_receiver.egg-info/top_level.txt
writing manifest file '../build/kk_receiver/kk_receiver.egg-info/SOURCES.txt'
reading manifest file '../build/kk_receiver/kk_receiver.egg-info/SOURCES.txt'
writing manifest file '../build/kk_receiver/kk_receiver.egg-info/SOURCES.txt'
running build
running build_py
creating /home/kk/kk_ws/src/kk_driver_package/build/kk_receiver/build
creating /home/kk/kk_ws/src/kk_driver_package/build/kk_receiver/build/lib
creating /home/kk/kk_ws/src/kk_driver_package/build/kk_receiver/build/lib/kk_receiver
copying kk_receiver/__init__.py -> /home/kk/kk_ws/src/kk_driver_package/build/kk_receiver/build/lib/kk_receiver
copying kk_receiver/kk_receiver.py -> /home/kk/kk_ws/src/kk_driver_package/build/kk_receiver/build/lib/kk_receiver
running install
running install_lib
creating /home/kk/kk_ws/src/kk_driver_package/install/kk_receiver/lib/python3.10/site-packages/kk_receiver
copying /home/kk/kk_ws/src/kk_driver_package/build/kk_receiver/build/lib/kk_receiver/__init__.py -> /home/kk/kk_ws/src/kk_driver_package/install/kk_receiver/lib/python3.10/site-packages/kk_receiver
copying /home/kk/kk_ws/src/kk_driver_package/build/kk_receiver/build/lib/kk_receiver/kk_receiver.py -> /home/kk/kk_ws/src/kk_driver_package/install/kk_receiver/lib/python3.10/site-packages/kk_receiver
byte-compiling /home/kk/kk_ws/src/kk_driver_package/install/kk_receiver/lib/python3.10/site-packages/kk_receiver/__init__.py to __init__.cpython-310.pyc
byte-compiling /home/kk/kk_ws/src/kk_driver_package/install/kk_receiver/lib/python3.10/site-packages/kk_receiver/kk_receiver.py to kk_receiver.cpython-310.pyc
running install_data
creating /home/kk/kk_ws/src/kk_driver_package/install/kk_receiver/share/ament_index
creating /home/kk/kk_ws/src/kk_driver_package/install/kk_receiver/share/ament_index/resource_index
creating /home/kk/kk_ws/src/kk_driver_package/install/kk_receiver/share/ament_index/resource_index/packages
copying resource/kk_receiver -> /home/kk/kk_ws/src/kk_driver_package/install/kk_receiver/share/ament_index/resource_index/packages
copying package.xml -> /home/kk/kk_ws/src/kk_driver_package/install/kk_receiver/share/kk_receiver
running install_egg_info
Copying ../build/kk_receiver/kk_receiver.egg-info to /home/kk/kk_ws/src/kk_driver_package/install/kk_receiver/lib/python3.10/site-packages/kk_receiver-0.0.0-py3.10.egg-info
running install_scripts
Installing kk_receiver script to /home/kk/kk_ws/src/kk_driver_package/install/kk_receiver/lib/kk_receiver
writing list of installed files to '/home/kk/kk_ws/src/kk_driver_package/build/kk_receiver/install.log'
