[8.202s] Invoking command in '/home/kk/kk_ws/src/kk_driver_package/kk_receiver': AMENT_PREFIX_PATH=/home/kk/kk_ws/src/kk_driver_package/install/kk_driver_msg:${AMENT_PREFIX_PATH} CMAKE_PREFIX_PATH=/home/kk/kk_ws/src/kk_driver_package/install/kk_driver_msg:${CMAKE_PREFIX_PATH} LD_LIBRARY_PATH=/home/kk/kk_ws/src/kk_driver_package/install/kk_driver_msg/lib:${LD_LIBRARY_PATH} PYTHONPATH=/home/kk/kk_ws/src/kk_driver_package/build/kk_receiver/prefix_override:/usr/lib/python3/dist-packages/colcon_core/task/python/colcon_distutils_commands:/home/kk/kk_ws/src/kk_driver_package/install/kk_receiver/lib/python3.10/site-packages:/home/kk/kk_ws/src/kk_driver_package/install/kk_driver_msg/local/lib/python3.10/dist-packages:${PYTHONPATH} /usr/bin/python3 -W ignore:setup.py install is deprecated -W ignore:easy_install command is deprecated setup.py egg_info --egg-base ../build/kk_receiver build --build-base /home/kk/kk_ws/src/kk_driver_package/build/kk_receiver/build install --record /home/kk/kk_ws/src/kk_driver_package/build/kk_receiver/install.log --single-version-externally-managed install_data
[11.286s] running egg_info
[11.292s] creating ../build/kk_receiver/kk_receiver.egg-info
[11.294s] writing ../build/kk_receiver/kk_receiver.egg-info/PKG-INFO
[11.300s] writing dependency_links to ../build/kk_receiver/kk_receiver.egg-info/dependency_links.txt
[11.302s] writing entry points to ../build/kk_receiver/kk_receiver.egg-info/entry_points.txt
[11.303s] writing requirements to ../build/kk_receiver/kk_receiver.egg-info/requires.txt
[11.304s] writing top-level names to ../build/kk_receiver/kk_receiver.egg-info/top_level.txt
[11.305s] writing manifest file '../build/kk_receiver/kk_receiver.egg-info/SOURCES.txt'
[11.319s] reading manifest file '../build/kk_receiver/kk_receiver.egg-info/SOURCES.txt'
[11.327s] writing manifest file '../build/kk_receiver/kk_receiver.egg-info/SOURCES.txt'
[11.332s] running build
[11.333s] running build_py
[11.335s] creating /home/kk/kk_ws/src/kk_driver_package/build/kk_receiver/build
[11.336s] creating /home/kk/kk_ws/src/kk_driver_package/build/kk_receiver/build/lib
[11.337s] creating /home/kk/kk_ws/src/kk_driver_package/build/kk_receiver/build/lib/kk_receiver
[11.339s] copying kk_receiver/__init__.py -> /home/kk/kk_ws/src/kk_driver_package/build/kk_receiver/build/lib/kk_receiver
[11.340s] copying kk_receiver/kk_receiver.py -> /home/kk/kk_ws/src/kk_driver_package/build/kk_receiver/build/lib/kk_receiver
[11.341s] running install
[11.342s] running install_lib
[11.349s] creating /home/kk/kk_ws/src/kk_driver_package/install/kk_receiver/lib/python3.10/site-packages/kk_receiver
[11.350s] copying /home/kk/kk_ws/src/kk_driver_package/build/kk_receiver/build/lib/kk_receiver/__init__.py -> /home/kk/kk_ws/src/kk_driver_package/install/kk_receiver/lib/python3.10/site-packages/kk_receiver
[11.352s] copying /home/kk/kk_ws/src/kk_driver_package/build/kk_receiver/build/lib/kk_receiver/kk_receiver.py -> /home/kk/kk_ws/src/kk_driver_package/install/kk_receiver/lib/python3.10/site-packages/kk_receiver
[11.359s] byte-compiling /home/kk/kk_ws/src/kk_driver_package/install/kk_receiver/lib/python3.10/site-packages/kk_receiver/__init__.py to __init__.cpython-310.pyc
[11.363s] byte-compiling /home/kk/kk_ws/src/kk_driver_package/install/kk_receiver/lib/python3.10/site-packages/kk_receiver/kk_receiver.py to kk_receiver.cpython-310.pyc
[11.371s] running install_data
[11.373s] creating /home/kk/kk_ws/src/kk_driver_package/install/kk_receiver/share/ament_index
[11.374s] creating /home/kk/kk_ws/src/kk_driver_package/install/kk_receiver/share/ament_index/resource_index
[11.375s] creating /home/kk/kk_ws/src/kk_driver_package/install/kk_receiver/share/ament_index/resource_index/packages
[11.376s] copying resource/kk_receiver -> /home/kk/kk_ws/src/kk_driver_package/install/kk_receiver/share/ament_index/resource_index/packages
[11.377s] copying package.xml -> /home/kk/kk_ws/src/kk_driver_package/install/kk_receiver/share/kk_receiver
[11.378s] running install_egg_info
[11.396s] Copying ../build/kk_receiver/kk_receiver.egg-info to /home/kk/kk_ws/src/kk_driver_package/install/kk_receiver/lib/python3.10/site-packages/kk_receiver-0.0.0-py3.10.egg-info
[11.411s] running install_scripts
[11.634s] Installing kk_receiver script to /home/kk/kk_ws/src/kk_driver_package/install/kk_receiver/lib/kk_receiver
[11.638s] writing list of installed files to '/home/kk/kk_ws/src/kk_driver_package/build/kk_receiver/install.log'
[11.862s] Invoked command in '/home/kk/kk_ws/src/kk_driver_package/kk_receiver' returned '0': AMENT_PREFIX_PATH=/home/kk/kk_ws/src/kk_driver_package/install/kk_driver_msg:${AMENT_PREFIX_PATH} CMAKE_PREFIX_PATH=/home/kk/kk_ws/src/kk_driver_package/install/kk_driver_msg:${CMAKE_PREFIX_PATH} LD_LIBRARY_PATH=/home/kk/kk_ws/src/kk_driver_package/install/kk_driver_msg/lib:${LD_LIBRARY_PATH} PYTHONPATH=/home/kk/kk_ws/src/kk_driver_package/build/kk_receiver/prefix_override:/usr/lib/python3/dist-packages/colcon_core/task/python/colcon_distutils_commands:/home/kk/kk_ws/src/kk_driver_package/install/kk_receiver/lib/python3.10/site-packages:/home/kk/kk_ws/src/kk_driver_package/install/kk_driver_msg/local/lib/python3.10/dist-packages:${PYTHONPATH} /usr/bin/python3 -W ignore:setup.py install is deprecated -W ignore:easy_install command is deprecated setup.py egg_info --egg-base ../build/kk_receiver build --build-base /home/kk/kk_ws/src/kk_driver_package/build/kk_receiver/build install --record /home/kk/kk_ws/src/kk_driver_package/build/kk_receiver/install.log --single-version-externally-managed install_data
