[9.841s] Invoking command in '/home/kk/kk_ws/src/kk_driver_package/kk_receiver': AMENT_PREFIX_PATH=/home/kk/kk_ws/src/kk_driver_package/install/kk_driver_msg:${AMENT_PREFIX_PATH} CMAKE_PREFIX_PATH=/home/kk/kk_ws/src/kk_driver_package/install/kk_driver_msg:${CMAKE_PREFIX_PATH} LD_LIBRARY_PATH=/home/kk/kk_ws/src/kk_driver_package/install/kk_driver_msg/lib:${LD_LIBRARY_PATH} PYTHONPATH=/home/kk/kk_ws/src/kk_driver_package/build/kk_receiver/prefix_override:/usr/lib/python3/dist-packages/colcon_core/task/python/colcon_distutils_commands:/home/kk/kk_ws/src/kk_driver_package/install/kk_receiver/lib/python3.10/site-packages:/home/kk/kk_ws/src/kk_driver_package/install/kk_driver_msg/local/lib/python3.10/dist-packages:${PYTHONPATH} /usr/bin/python3 -W ignore:setup.py install is deprecated -W ignore:easy_install command is deprecated setup.py egg_info --egg-base ../build/kk_receiver build --build-base /home/kk/kk_ws/src/kk_driver_package/build/kk_receiver/build install --record /home/kk/kk_ws/src/kk_driver_package/build/kk_receiver/install.log --single-version-externally-managed install_data
[12.721s] running egg_info
[12.738s] writing ../build/kk_receiver/kk_receiver.egg-info/PKG-INFO
[12.740s] writing dependency_links to ../build/kk_receiver/kk_receiver.egg-info/dependency_links.txt
[12.741s] writing entry points to ../build/kk_receiver/kk_receiver.egg-info/entry_points.txt
[13.099s] writing requirements to ../build/kk_receiver/kk_receiver.egg-info/requires.txt
[13.105s] writing top-level names to ../build/kk_receiver/kk_receiver.egg-info/top_level.txt
[13.134s] reading manifest file '../build/kk_receiver/kk_receiver.egg-info/SOURCES.txt'
[13.146s] writing manifest file '../build/kk_receiver/kk_receiver.egg-info/SOURCES.txt'
[13.147s] running build
[13.148s] running build_py
[13.151s] running install
[13.154s] running install_lib
[13.170s] running install_data
[13.172s] running install_egg_info
[13.191s] removing '/home/kk/kk_ws/src/kk_driver_package/install/kk_receiver/lib/python3.10/site-packages/kk_receiver-0.0.0-py3.10.egg-info' (and everything under it)
[13.196s] Copying ../build/kk_receiver/kk_receiver.egg-info to /home/kk/kk_ws/src/kk_driver_package/install/kk_receiver/lib/python3.10/site-packages/kk_receiver-0.0.0-py3.10.egg-info
[13.213s] running install_scripts
[13.439s] Installing kk_receiver script to /home/kk/kk_ws/src/kk_driver_package/install/kk_receiver/lib/kk_receiver
[13.444s] writing list of installed files to '/home/kk/kk_ws/src/kk_driver_package/build/kk_receiver/install.log'
[13.604s] Invoked command in '/home/kk/kk_ws/src/kk_driver_package/kk_receiver' returned '0': AMENT_PREFIX_PATH=/home/kk/kk_ws/src/kk_driver_package/install/kk_driver_msg:${AMENT_PREFIX_PATH} CMAKE_PREFIX_PATH=/home/kk/kk_ws/src/kk_driver_package/install/kk_driver_msg:${CMAKE_PREFIX_PATH} LD_LIBRARY_PATH=/home/kk/kk_ws/src/kk_driver_package/install/kk_driver_msg/lib:${LD_LIBRARY_PATH} PYTHONPATH=/home/kk/kk_ws/src/kk_driver_package/build/kk_receiver/prefix_override:/usr/lib/python3/dist-packages/colcon_core/task/python/colcon_distutils_commands:/home/kk/kk_ws/src/kk_driver_package/install/kk_receiver/lib/python3.10/site-packages:/home/kk/kk_ws/src/kk_driver_package/install/kk_driver_msg/local/lib/python3.10/dist-packages:${PYTHONPATH} /usr/bin/python3 -W ignore:setup.py install is deprecated -W ignore:easy_install command is deprecated setup.py egg_info --egg-base ../build/kk_receiver build --build-base /home/kk/kk_ws/src/kk_driver_package/build/kk_receiver/build install --record /home/kk/kk_ws/src/kk_driver_package/build/kk_receiver/install.log --single-version-externally-managed install_data
