[35m[1mConsolidate compiler generated dependencies of target kk_driver[0m
[ 50%] [32mBuilding CXX object CMakeFiles/kk_driver.dir/src/driver.cpp.o[0m
[100%] [32m[1mLinking CXX executable kk_driver[0m
[100%] Built target kk_driver
-- Install configuration: ""
-- Installing: /home/kk/kk_ws/src/kk_driver_package/install/kk_driver/lib/kk_driver/kk_driver
-- Set runtime path of "/home/kk/kk_ws/src/kk_driver_package/install/kk_driver/lib/kk_driver/kk_driver" to ""
-- Installing: /home/kk/kk_ws/src/kk_driver_package/install/kk_driver/share/ament_index/resource_index/package_run_dependencies/kk_driver
-- Installing: /home/kk/kk_ws/src/kk_driver_package/install/kk_driver/share/ament_index/resource_index/parent_prefix_path/kk_driver
-- Installing: /home/kk/kk_ws/src/kk_driver_package/install/kk_driver/share/kk_driver/environment/ament_prefix_path.sh
-- Installing: /home/kk/kk_ws/src/kk_driver_package/install/kk_driver/share/kk_driver/environment/ament_prefix_path.dsv
-- Installing: /home/kk/kk_ws/src/kk_driver_package/install/kk_driver/share/kk_driver/environment/path.sh
-- Installing: /home/kk/kk_ws/src/kk_driver_package/install/kk_driver/share/kk_driver/environment/path.dsv
-- Installing: /home/kk/kk_ws/src/kk_driver_package/install/kk_driver/share/kk_driver/local_setup.bash
-- Installing: /home/kk/kk_ws/src/kk_driver_package/install/kk_driver/share/kk_driver/local_setup.sh
-- Installing: /home/kk/kk_ws/src/kk_driver_package/install/kk_driver/share/kk_driver/local_setup.zsh
-- Installing: /home/kk/kk_ws/src/kk_driver_package/install/kk_driver/share/kk_driver/local_setup.dsv
-- Installing: /home/kk/kk_ws/src/kk_driver_package/install/kk_driver/share/kk_driver/package.dsv
-- Installing: /home/kk/kk_ws/src/kk_driver_package/install/kk_driver/share/ament_index/resource_index/packages/kk_driver
-- Installing: /home/kk/kk_ws/src/kk_driver_package/install/kk_driver/share/kk_driver/cmake/kk_driverConfig.cmake
-- Installing: /home/kk/kk_ws/src/kk_driver_package/install/kk_driver/share/kk_driver/cmake/kk_driverConfig-version.cmake
-- Installing: /home/kk/kk_ws/src/kk_driver_package/install/kk_driver/share/kk_driver/package.xml
