[0.234s] Invoking command in '/home/kk/kk_ws/src/kk_driver_package/build/kk_driver_msg': CMAKE_PREFIX_PATH=${CMAKE_PREFIX_PATH}:/home/kk/kk_ws/install/kk_simulator:/home/kk/kk_ws/install/kk_receiver:/home/kk/kk_ws/install/core_camera:/opt/ros/humble /usr/bin/cmake --build /home/kk/kk_ws/src/kk_driver_package/build/kk_driver_msg -- -j4 -l4
[1.024s] [  0%] Built target kk_driver_msg__cpp
[1.164s] [ 12%] Built target kk_driver_msg__rosidl_generator_c
[1.249s] [ 12%] Built target ament_cmake_python_copy_kk_driver_msg
[1.584s] [ 24%] Built target kk_driver_msg__rosidl_typesupport_cpp
[1.817s] [ 47%] Built target kk_driver_msg__rosidl_typesupport_fastrtps_cpp
[1.830s] [ 59%] Built target kk_driver_msg__rosidl_typesupport_fastrtps_c
[1.840s] [ 60%] Built target kk_driver_msg__rosidl_typesupport_introspection_cpp
[2.088s] [ 72%] Built target kk_driver_msg__rosidl_typesupport_introspection_c
[2.187s] [ 84%] Built target kk_driver_msg__rosidl_typesupport_c
[2.377s] [ 84%] Built target kk_driver_msg
[2.658s] [ 85%] Built target kk_driver_msg__py
[3.053s] [ 96%] Built target kk_driver_msg__rosidl_generator_py
[3.562s] [ 98%] Built target kk_driver_msg__rosidl_typesupport_introspection_c__pyext
[3.575s] [ 99%] Built target kk_driver_msg__rosidl_typesupport_fastrtps_c__pyext
[3.653s] [100%] Built target kk_driver_msg__rosidl_typesupport_c__pyext
[5.646s] running egg_info
[5.656s] writing kk_driver_msg.egg-info/PKG-INFO
[5.658s] writing dependency_links to kk_driver_msg.egg-info/dependency_links.txt
[5.661s] writing top-level names to kk_driver_msg.egg-info/top_level.txt
[5.689s] reading manifest file 'kk_driver_msg.egg-info/SOURCES.txt'
[5.700s] writing manifest file 'kk_driver_msg.egg-info/SOURCES.txt'
[5.984s] [100%] Built target ament_cmake_python_build_kk_driver_msg_egg
[6.123s] Invoked command in '/home/kk/kk_ws/src/kk_driver_package/build/kk_driver_msg' returned '0': CMAKE_PREFIX_PATH=${CMAKE_PREFIX_PATH}:/home/kk/kk_ws/install/kk_simulator:/home/kk/kk_ws/install/kk_receiver:/home/kk/kk_ws/install/core_camera:/opt/ros/humble /usr/bin/cmake --build /home/kk/kk_ws/src/kk_driver_package/build/kk_driver_msg -- -j4 -l4
[6.224s] Invoking command in '/home/kk/kk_ws/src/kk_driver_package/build/kk_driver_msg': CMAKE_PREFIX_PATH=${CMAKE_PREFIX_PATH}:/home/kk/kk_ws/install/kk_simulator:/home/kk/kk_ws/install/kk_receiver:/home/kk/kk_ws/install/core_camera:/opt/ros/humble /usr/bin/cmake --install /home/kk/kk_ws/src/kk_driver_package/build/kk_driver_msg
[6.305s] -- Install configuration: ""
[6.307s] -- Up-to-date: /home/kk/kk_ws/src/kk_driver_package/install/kk_driver_msg/share/ament_index/resource_index/rosidl_interfaces/kk_driver_msg
[6.310s] -- Up-to-date: /home/kk/kk_ws/src/kk_driver_package/install/kk_driver_msg/include/kk_driver_msg/kk_driver_msg
[6.312s] -- Up-to-date: /home/kk/kk_ws/src/kk_driver_package/install/kk_driver_msg/include/kk_driver_msg/kk_driver_msg/msg
[6.315s] -- Up-to-date: /home/kk/kk_ws/src/kk_driver_package/install/kk_driver_msg/include/kk_driver_msg/kk_driver_msg/msg/key_ctrl.h
[6.318s] -- Up-to-date: /home/kk/kk_ws/src/kk_driver_package/install/kk_driver_msg/include/kk_driver_msg/kk_driver_msg/msg/core.h
[6.321s] -- Up-to-date: /home/kk/kk_ws/src/kk_driver_package/install/kk_driver_msg/include/kk_driver_msg/kk_driver_msg/msg/mouse_ctrl.h
[6.322s] -- Up-to-date: /home/kk/kk_ws/src/kk_driver_package/install/kk_driver_msg/include/kk_driver_msg/kk_driver_msg/msg/pwm_cmd.h
[6.324s] -- Up-to-date: /home/kk/kk_ws/src/kk_driver_package/install/kk_driver_msg/include/kk_driver_msg/kk_driver_msg/msg/c610_cmd.h
[6.326s] -- Up-to-date: /home/kk/kk_ws/src/kk_driver_package/install/kk_driver_msg/include/kk_driver_msg/kk_driver_msg/msg/bldc_cmd.h
[6.328s] -- Up-to-date: /home/kk/kk_ws/src/kk_driver_package/install/kk_driver_msg/include/kk_driver_msg/kk_driver_msg/msg/camera_cmd.h
[6.330s] -- Up-to-date: /home/kk/kk_ws/src/kk_driver_package/install/kk_driver_msg/include/kk_driver_msg/kk_driver_msg/msg/epb_cmd.h
[6.334s] -- Up-to-date: /home/kk/kk_ws/src/kk_driver_package/install/kk_driver_msg/include/kk_driver_msg/kk_driver_msg/msg/motor_cmd.h
[6.339s] -- Up-to-date: /home/kk/kk_ws/src/kk_driver_package/install/kk_driver_msg/include/kk_driver_msg/kk_driver_msg/msg/epb_status.h
[6.347s] -- Up-to-date: /home/kk/kk_ws/src/kk_driver_package/install/kk_driver_msg/include/kk_driver_msg/kk_driver_msg/msg/encoder.h
[6.349s] -- Up-to-date: /home/kk/kk_ws/src/kk_driver_package/install/kk_driver_msg/include/kk_driver_msg/kk_driver_msg/msg/rosidl_generator_c__visibility_control.h
[6.352s] -- Up-to-date: /home/kk/kk_ws/src/kk_driver_package/install/kk_driver_msg/include/kk_driver_msg/kk_driver_msg/msg/gm6020_cmd.h
[6.354s] -- Up-to-date: /home/kk/kk_ws/src/kk_driver_package/install/kk_driver_msg/include/kk_driver_msg/kk_driver_msg/msg/detail
[6.357s] -- Up-to-date: /home/kk/kk_ws/src/kk_driver_package/install/kk_driver_msg/include/kk_driver_msg/kk_driver_msg/msg/detail/pwm_cmd__functions.c
[6.367s] -- Up-to-date: /home/kk/kk_ws/src/kk_driver_package/install/kk_driver_msg/include/kk_driver_msg/kk_driver_msg/msg/detail/c610_cmd__type_support.h
[6.372s] -- Up-to-date: /home/kk/kk_ws/src/kk_driver_package/install/kk_driver_msg/include/kk_driver_msg/kk_driver_msg/msg/detail/gm6020_cmd__struct.h
[6.373s] -- Up-to-date: /home/kk/kk_ws/src/kk_driver_package/install/kk_driver_msg/include/kk_driver_msg/kk_driver_msg/msg/detail/camera_cmd__type_support.h
[6.374s] -- Up-to-date: /home/kk/kk_ws/src/kk_driver_package/install/kk_driver_msg/include/kk_driver_msg/kk_driver_msg/msg/detail/gm6020_cmd__type_support.h
[6.385s] -- Up-to-date: /home/kk/kk_ws/src/kk_driver_package/install/kk_driver_msg/include/kk_driver_msg/kk_driver_msg/msg/detail/bldc_cmd__type_support.h
[6.386s] -- Up-to-date: /home/kk/kk_ws/src/kk_driver_package/install/kk_driver_msg/include/kk_driver_msg/kk_driver_msg/msg/detail/pwm_cmd__type_support.h
[6.388s] -- Up-to-date: /home/kk/kk_ws/src/kk_driver_package/install/kk_driver_msg/include/kk_driver_msg/kk_driver_msg/msg/detail/camera_cmd__struct.h
[6.389s] -- Up-to-date: /home/kk/kk_ws/src/kk_driver_package/install/kk_driver_msg/include/kk_driver_msg/kk_driver_msg/msg/detail/epb_cmd__functions.c
[6.393s] -- Up-to-date: /home/kk/kk_ws/src/kk_driver_package/install/kk_driver_msg/include/kk_driver_msg/kk_driver_msg/msg/detail/c610_cmd__struct.h
[6.394s] -- Up-to-date: /home/kk/kk_ws/src/kk_driver_package/install/kk_driver_msg/include/kk_driver_msg/kk_driver_msg/msg/detail/core__type_support.h
[6.397s] -- Up-to-date: /home/kk/kk_ws/src/kk_driver_package/install/kk_driver_msg/include/kk_driver_msg/kk_driver_msg/msg/detail/gm6020_status__struct.h
[6.398s] -- Up-to-date: /home/kk/kk_ws/src/kk_driver_package/install/kk_driver_msg/include/kk_driver_msg/kk_driver_msg/msg/detail/mouse_ctrl__functions.c
[6.400s] -- Up-to-date: /home/kk/kk_ws/src/kk_driver_package/install/kk_driver_msg/include/kk_driver_msg/kk_driver_msg/msg/detail/encoder__functions.c
[6.401s] -- Up-to-date: /home/kk/kk_ws/src/kk_driver_package/install/kk_driver_msg/include/kk_driver_msg/kk_driver_msg/msg/detail/c610_status__functions.c
[6.402s] -- Up-to-date: /home/kk/kk_ws/src/kk_driver_package/install/kk_driver_msg/include/kk_driver_msg/kk_driver_msg/msg/detail/key_ctrl__functions.c
[6.404s] -- Up-to-date: /home/kk/kk_ws/src/kk_driver_package/install/kk_driver_msg/include/kk_driver_msg/kk_driver_msg/msg/detail/motor_cmd__type_support.h
[6.405s] -- Up-to-date: /home/kk/kk_ws/src/kk_driver_package/install/kk_driver_msg/include/kk_driver_msg/kk_driver_msg/msg/detail/core__struct.h
[6.406s] -- Up-to-date: /home/kk/kk_ws/src/kk_driver_package/install/kk_driver_msg/include/kk_driver_msg/kk_driver_msg/msg/detail/epb_status__struct.h
[6.408s] -- Up-to-date: /home/kk/kk_ws/src/kk_driver_package/install/kk_driver_msg/include/kk_driver_msg/kk_driver_msg/msg/detail/motor_cmd__functions.h
[6.409s] -- Up-to-date: /home/kk/kk_ws/src/kk_driver_package/install/kk_driver_msg/include/kk_driver_msg/kk_driver_msg/msg/detail/pwm_status__struct.h
[6.410s] -- Up-to-date: /home/kk/kk_ws/src/kk_driver_package/install/kk_driver_msg/include/kk_driver_msg/kk_driver_msg/msg/detail/core__functions.h
[6.413s] -- Up-to-date: /home/kk/kk_ws/src/kk_driver_package/install/kk_driver_msg/include/kk_driver_msg/kk_driver_msg/msg/detail/pwm_status__functions.c
[6.415s] -- Up-to-date: /home/kk/kk_ws/src/kk_driver_package/install/kk_driver_msg/include/kk_driver_msg/kk_driver_msg/msg/detail/c610_status__functions.h
[6.421s] -- Up-to-date: /home/kk/kk_ws/src/kk_driver_package/install/kk_driver_msg/include/kk_driver_msg/kk_driver_msg/msg/detail/gm6020_status__type_support.h
[6.423s] -- Up-to-date: /home/kk/kk_ws/src/kk_driver_package/install/kk_driver_msg/include/kk_driver_msg/kk_driver_msg/msg/detail/key_ctrl__type_support.h
[6.425s] -- Up-to-date: /home/kk/kk_ws/src/kk_driver_package/install/kk_driver_msg/include/kk_driver_msg/kk_driver_msg/msg/detail/pwm_cmd__functions.h
[6.426s] -- Up-to-date: /home/kk/kk_ws/src/kk_driver_package/install/kk_driver_msg/include/kk_driver_msg/kk_driver_msg/msg/detail/encoder__type_support.h
[6.427s] -- Up-to-date: /home/kk/kk_ws/src/kk_driver_package/install/kk_driver_msg/include/kk_driver_msg/kk_driver_msg/msg/detail/mouse_ctrl__type_support.h
[6.428s] -- Up-to-date: /home/kk/kk_ws/src/kk_driver_package/install/kk_driver_msg/include/kk_driver_msg/kk_driver_msg/msg/detail/motor_cmd__functions.c
[6.431s] -- Up-to-date: /home/kk/kk_ws/src/kk_driver_package/install/kk_driver_msg/include/kk_driver_msg/kk_driver_msg/msg/detail/c610_cmd__functions.c
[6.432s] -- Up-to-date: /home/kk/kk_ws/src/kk_driver_package/install/kk_driver_msg/include/kk_driver_msg/kk_driver_msg/msg/detail/pwm_status__functions.h
[6.433s] -- Up-to-date: /home/kk/kk_ws/src/kk_driver_package/install/kk_driver_msg/include/kk_driver_msg/kk_driver_msg/msg/detail/gm6020_cmd__functions.h
[6.435s] -- Up-to-date: /home/kk/kk_ws/src/kk_driver_package/install/kk_driver_msg/include/kk_driver_msg/kk_driver_msg/msg/detail/camera_cmd__functions.h
[6.439s] -- Up-to-date: /home/kk/kk_ws/src/kk_driver_package/install/kk_driver_msg/include/kk_driver_msg/kk_driver_msg/msg/detail/c610_cmd__functions.h
[6.440s] -- Up-to-date: /home/kk/kk_ws/src/kk_driver_package/install/kk_driver_msg/include/kk_driver_msg/kk_driver_msg/msg/detail/gm6020_status__functions.h
[6.445s] -- Up-to-date: /home/kk/kk_ws/src/kk_driver_package/install/kk_driver_msg/include/kk_driver_msg/kk_driver_msg/msg/detail/epb_status__type_support.h
[6.446s] -- Up-to-date: /home/kk/kk_ws/src/kk_driver_package/install/kk_driver_msg/include/kk_driver_msg/kk_driver_msg/msg/detail/c610_status__struct.h
[6.448s] -- Up-to-date: /home/kk/kk_ws/src/kk_driver_package/install/kk_driver_msg/include/kk_driver_msg/kk_driver_msg/msg/detail/pwm_status__type_support.h
[6.449s] -- Up-to-date: /home/kk/kk_ws/src/kk_driver_package/install/kk_driver_msg/include/kk_driver_msg/kk_driver_msg/msg/detail/mouse_ctrl__struct.h
[6.450s] -- Up-to-date: /home/kk/kk_ws/src/kk_driver_package/install/kk_driver_msg/include/kk_driver_msg/kk_driver_msg/msg/detail/core__functions.c
[6.452s] -- Up-to-date: /home/kk/kk_ws/src/kk_driver_package/install/kk_driver_msg/include/kk_driver_msg/kk_driver_msg/msg/detail/bldc_cmd__functions.c
[6.454s] -- Up-to-date: /home/kk/kk_ws/src/kk_driver_package/install/kk_driver_msg/include/kk_driver_msg/kk_driver_msg/msg/detail/motor_cmd__struct.h
[6.455s] -- Up-to-date: /home/kk/kk_ws/src/kk_driver_package/install/kk_driver_msg/include/kk_driver_msg/kk_driver_msg/msg/detail/epb_status__functions.h
[6.456s] -- Up-to-date: /home/kk/kk_ws/src/kk_driver_package/install/kk_driver_msg/include/kk_driver_msg/kk_driver_msg/msg/detail/key_ctrl__struct.h
[6.458s] -- Up-to-date: /home/kk/kk_ws/src/kk_driver_package/install/kk_driver_msg/include/kk_driver_msg/kk_driver_msg/msg/detail/epb_cmd__struct.h
[6.459s] -- Up-to-date: /home/kk/kk_ws/src/kk_driver_package/install/kk_driver_msg/include/kk_driver_msg/kk_driver_msg/msg/detail/mouse_ctrl__functions.h
[6.461s] -- Up-to-date: /home/kk/kk_ws/src/kk_driver_package/install/kk_driver_msg/include/kk_driver_msg/kk_driver_msg/msg/detail/encoder__functions.h
[6.462s] -- Up-to-date: /home/kk/kk_ws/src/kk_driver_package/install/kk_driver_msg/include/kk_driver_msg/kk_driver_msg/msg/detail/epb_status__functions.c
[6.464s] -- Up-to-date: /home/kk/kk_ws/src/kk_driver_package/install/kk_driver_msg/include/kk_driver_msg/kk_driver_msg/msg/detail/camera_cmd__functions.c
[6.465s] -- Up-to-date: /home/kk/kk_ws/src/kk_driver_package/install/kk_driver_msg/include/kk_driver_msg/kk_driver_msg/msg/detail/bldc_cmd__functions.h
[6.467s] -- Up-to-date: /home/kk/kk_ws/src/kk_driver_package/install/kk_driver_msg/include/kk_driver_msg/kk_driver_msg/msg/detail/pwm_cmd__struct.h
[6.468s] -- Up-to-date: /home/kk/kk_ws/src/kk_driver_package/install/kk_driver_msg/include/kk_driver_msg/kk_driver_msg/msg/detail/key_ctrl__functions.h
[6.469s] -- Up-to-date: /home/kk/kk_ws/src/kk_driver_package/install/kk_driver_msg/include/kk_driver_msg/kk_driver_msg/msg/detail/epb_cmd__functions.h
[6.486s] -- Up-to-date: /home/kk/kk_ws/src/kk_driver_package/install/kk_driver_msg/include/kk_driver_msg/kk_driver_msg/msg/detail/gm6020_cmd__functions.c
[6.487s] -- Up-to-date: /home/kk/kk_ws/src/kk_driver_package/install/kk_driver_msg/include/kk_driver_msg/kk_driver_msg/msg/detail/epb_cmd__type_support.h
[6.488s] -- Up-to-date: /home/kk/kk_ws/src/kk_driver_package/install/kk_driver_msg/include/kk_driver_msg/kk_driver_msg/msg/detail/encoder__struct.h
[6.490s] -- Up-to-date: /home/kk/kk_ws/src/kk_driver_package/install/kk_driver_msg/include/kk_driver_msg/kk_driver_msg/msg/detail/c610_status__type_support.h
[6.491s] -- Up-to-date: /home/kk/kk_ws/src/kk_driver_package/install/kk_driver_msg/include/kk_driver_msg/kk_driver_msg/msg/detail/gm6020_status__functions.c
[6.492s] -- Up-to-date: /home/kk/kk_ws/src/kk_driver_package/install/kk_driver_msg/include/kk_driver_msg/kk_driver_msg/msg/detail/bldc_cmd__struct.h
[6.493s] -- Up-to-date: /home/kk/kk_ws/src/kk_driver_package/install/kk_driver_msg/include/kk_driver_msg/kk_driver_msg/msg/pwm_status.h
[6.495s] -- Up-to-date: /home/kk/kk_ws/src/kk_driver_package/install/kk_driver_msg/include/kk_driver_msg/kk_driver_msg/msg/c610_status.h
[6.496s] -- Up-to-date: /home/kk/kk_ws/src/kk_driver_package/install/kk_driver_msg/include/kk_driver_msg/kk_driver_msg/msg/gm6020_status.h
[6.497s] -- Up-to-date: /home/kk/kk_ws/src/kk_driver_package/install/kk_driver_msg/share/kk_driver_msg/environment/library_path.sh
[6.498s] -- Up-to-date: /home/kk/kk_ws/src/kk_driver_package/install/kk_driver_msg/share/kk_driver_msg/environment/library_path.dsv
[6.499s] -- Up-to-date: /home/kk/kk_ws/src/kk_driver_package/install/kk_driver_msg/lib/libkk_driver_msg__rosidl_generator_c.so
[6.501s] -- Up-to-date: /home/kk/kk_ws/src/kk_driver_package/install/kk_driver_msg/include/kk_driver_msg/kk_driver_msg
[6.502s] -- Up-to-date: /home/kk/kk_ws/src/kk_driver_package/install/kk_driver_msg/include/kk_driver_msg/kk_driver_msg/msg
[6.503s] -- Up-to-date: /home/kk/kk_ws/src/kk_driver_package/install/kk_driver_msg/include/kk_driver_msg/kk_driver_msg/msg/rosidl_typesupport_fastrtps_c__visibility_control.h
[6.504s] -- Up-to-date: /home/kk/kk_ws/src/kk_driver_package/install/kk_driver_msg/include/kk_driver_msg/kk_driver_msg/msg/detail
[6.505s] -- Up-to-date: /home/kk/kk_ws/src/kk_driver_package/install/kk_driver_msg/include/kk_driver_msg/kk_driver_msg/msg/detail/epb_status__rosidl_typesupport_fastrtps_c.h
[6.507s] -- Up-to-date: /home/kk/kk_ws/src/kk_driver_package/install/kk_driver_msg/include/kk_driver_msg/kk_driver_msg/msg/detail/gm6020_status__rosidl_typesupport_fastrtps_c.h
[6.508s] -- Up-to-date: /home/kk/kk_ws/src/kk_driver_package/install/kk_driver_msg/include/kk_driver_msg/kk_driver_msg/msg/detail/c610_status__rosidl_typesupport_fastrtps_c.h
[6.509s] -- Up-to-date: /home/kk/kk_ws/src/kk_driver_package/install/kk_driver_msg/include/kk_driver_msg/kk_driver_msg/msg/detail/key_ctrl__rosidl_typesupport_fastrtps_c.h
[6.510s] -- Up-to-date: /home/kk/kk_ws/src/kk_driver_package/install/kk_driver_msg/include/kk_driver_msg/kk_driver_msg/msg/detail/encoder__rosidl_typesupport_fastrtps_c.h
[6.511s] -- Up-to-date: /home/kk/kk_ws/src/kk_driver_package/install/kk_driver_msg/include/kk_driver_msg/kk_driver_msg/msg/detail/bldc_cmd__rosidl_typesupport_fastrtps_c.h
[6.515s] -- Up-to-date: /home/kk/kk_ws/src/kk_driver_package/install/kk_driver_msg/include/kk_driver_msg/kk_driver_msg/msg/detail/motor_cmd__rosidl_typesupport_fastrtps_c.h
[6.518s] -- Up-to-date: /home/kk/kk_ws/src/kk_driver_package/install/kk_driver_msg/include/kk_driver_msg/kk_driver_msg/msg/detail/core__rosidl_typesupport_fastrtps_c.h
[6.519s] -- Up-to-date: /home/kk/kk_ws/src/kk_driver_package/install/kk_driver_msg/include/kk_driver_msg/kk_driver_msg/msg/detail/pwm_cmd__rosidl_typesupport_fastrtps_c.h
[6.520s] -- Up-to-date: /home/kk/kk_ws/src/kk_driver_package/install/kk_driver_msg/include/kk_driver_msg/kk_driver_msg/msg/detail/gm6020_cmd__rosidl_typesupport_fastrtps_c.h
[6.521s] -- Up-to-date: /home/kk/kk_ws/src/kk_driver_package/install/kk_driver_msg/include/kk_driver_msg/kk_driver_msg/msg/detail/mouse_ctrl__rosidl_typesupport_fastrtps_c.h
[6.523s] -- Up-to-date: /home/kk/kk_ws/src/kk_driver_package/install/kk_driver_msg/include/kk_driver_msg/kk_driver_msg/msg/detail/c610_cmd__rosidl_typesupport_fastrtps_c.h
[6.524s] -- Up-to-date: /home/kk/kk_ws/src/kk_driver_package/install/kk_driver_msg/include/kk_driver_msg/kk_driver_msg/msg/detail/epb_cmd__rosidl_typesupport_fastrtps_c.h
[6.525s] -- Up-to-date: /home/kk/kk_ws/src/kk_driver_package/install/kk_driver_msg/include/kk_driver_msg/kk_driver_msg/msg/detail/camera_cmd__rosidl_typesupport_fastrtps_c.h
[6.526s] -- Up-to-date: /home/kk/kk_ws/src/kk_driver_package/install/kk_driver_msg/include/kk_driver_msg/kk_driver_msg/msg/detail/pwm_status__rosidl_typesupport_fastrtps_c.h
[6.528s] -- Up-to-date: /home/kk/kk_ws/src/kk_driver_package/install/kk_driver_msg/lib/libkk_driver_msg__rosidl_typesupport_fastrtps_c.so
[6.529s] -- Up-to-date: /home/kk/kk_ws/src/kk_driver_package/install/kk_driver_msg/include/kk_driver_msg/kk_driver_msg
[6.530s] -- Up-to-date: /home/kk/kk_ws/src/kk_driver_package/install/kk_driver_msg/include/kk_driver_msg/kk_driver_msg/msg
[6.532s] -- Up-to-date: /home/kk/kk_ws/src/kk_driver_package/install/kk_driver_msg/include/kk_driver_msg/kk_driver_msg/msg/detail
[6.533s] -- Up-to-date: /home/kk/kk_ws/src/kk_driver_package/install/kk_driver_msg/include/kk_driver_msg/kk_driver_msg/msg/detail/c610_cmd__type_support.c
[6.535s] -- Up-to-date: /home/kk/kk_ws/src/kk_driver_package/install/kk_driver_msg/include/kk_driver_msg/kk_driver_msg/msg/detail/mouse_ctrl__rosidl_typesupport_introspection_c.h
[6.538s] -- Up-to-date: /home/kk/kk_ws/src/kk_driver_package/install/kk_driver_msg/include/kk_driver_msg/kk_driver_msg/msg/detail/core__type_support.c
[6.540s] -- Up-to-date: /home/kk/kk_ws/src/kk_driver_package/install/kk_driver_msg/include/kk_driver_msg/kk_driver_msg/msg/detail/pwm_cmd__rosidl_typesupport_introspection_c.h
[6.544s] -- Up-to-date: /home/kk/kk_ws/src/kk_driver_package/install/kk_driver_msg/include/kk_driver_msg/kk_driver_msg/msg/detail/gm6020_status__rosidl_typesupport_introspection_c.h
[6.546s] -- Up-to-date: /home/kk/kk_ws/src/kk_driver_package/install/kk_driver_msg/include/kk_driver_msg/kk_driver_msg/msg/detail/epb_status__type_support.c
[6.548s] -- Up-to-date: /home/kk/kk_ws/src/kk_driver_package/install/kk_driver_msg/include/kk_driver_msg/kk_driver_msg/msg/detail/gm6020_cmd__rosidl_typesupport_introspection_c.h
[6.549s] -- Up-to-date: /home/kk/kk_ws/src/kk_driver_package/install/kk_driver_msg/include/kk_driver_msg/kk_driver_msg/msg/detail/pwm_cmd__type_support.c
[6.550s] -- Up-to-date: /home/kk/kk_ws/src/kk_driver_package/install/kk_driver_msg/include/kk_driver_msg/kk_driver_msg/msg/detail/key_ctrl__rosidl_typesupport_introspection_c.h
[6.551s] -- Up-to-date: /home/kk/kk_ws/src/kk_driver_package/install/kk_driver_msg/include/kk_driver_msg/kk_driver_msg/msg/detail/c610_status__type_support.c
[6.553s] -- Up-to-date: /home/kk/kk_ws/src/kk_driver_package/install/kk_driver_msg/include/kk_driver_msg/kk_driver_msg/msg/detail/bldc_cmd__rosidl_typesupport_introspection_c.h
[6.555s] -- Up-to-date: /home/kk/kk_ws/src/kk_driver_package/install/kk_driver_msg/include/kk_driver_msg/kk_driver_msg/msg/detail/camera_cmd__type_support.c
[6.556s] -- Up-to-date: /home/kk/kk_ws/src/kk_driver_package/install/kk_driver_msg/include/kk_driver_msg/kk_driver_msg/msg/detail/epb_cmd__rosidl_typesupport_introspection_c.h
[6.573s] -- Up-to-date: /home/kk/kk_ws/src/kk_driver_package/install/kk_driver_msg/include/kk_driver_msg/kk_driver_msg/msg/detail/camera_cmd__rosidl_typesupport_introspection_c.h
[6.581s] -- Up-to-date: /home/kk/kk_ws/src/kk_driver_package/install/kk_driver_msg/include/kk_driver_msg/kk_driver_msg/msg/detail/gm6020_status__type_support.c
[6.583s] -- Up-to-date: /home/kk/kk_ws/src/kk_driver_package/install/kk_driver_msg/include/kk_driver_msg/kk_driver_msg/msg/detail/encoder__rosidl_typesupport_introspection_c.h
[6.586s] -- Up-to-date: /home/kk/kk_ws/src/kk_driver_package/install/kk_driver_msg/include/kk_driver_msg/kk_driver_msg/msg/detail/motor_cmd__rosidl_typesupport_introspection_c.h
[6.587s] -- Up-to-date: /home/kk/kk_ws/src/kk_driver_package/install/kk_driver_msg/include/kk_driver_msg/kk_driver_msg/msg/detail/encoder__type_support.c
[6.589s] -- Up-to-date: /home/kk/kk_ws/src/kk_driver_package/install/kk_driver_msg/include/kk_driver_msg/kk_driver_msg/msg/detail/c610_status__rosidl_typesupport_introspection_c.h
[6.590s] -- Up-to-date: /home/kk/kk_ws/src/kk_driver_package/install/kk_driver_msg/include/kk_driver_msg/kk_driver_msg/msg/detail/c610_cmd__rosidl_typesupport_introspection_c.h
[6.591s] -- Up-to-date: /home/kk/kk_ws/src/kk_driver_package/install/kk_driver_msg/include/kk_driver_msg/kk_driver_msg/msg/detail/pwm_status__rosidl_typesupport_introspection_c.h
[6.593s] -- Up-to-date: /home/kk/kk_ws/src/kk_driver_package/install/kk_driver_msg/include/kk_driver_msg/kk_driver_msg/msg/detail/epb_status__rosidl_typesupport_introspection_c.h
[6.594s] -- Up-to-date: /home/kk/kk_ws/src/kk_driver_package/install/kk_driver_msg/include/kk_driver_msg/kk_driver_msg/msg/detail/pwm_status__type_support.c
[6.596s] -- Up-to-date: /home/kk/kk_ws/src/kk_driver_package/install/kk_driver_msg/include/kk_driver_msg/kk_driver_msg/msg/detail/core__rosidl_typesupport_introspection_c.h
[6.597s] -- Up-to-date: /home/kk/kk_ws/src/kk_driver_package/install/kk_driver_msg/include/kk_driver_msg/kk_driver_msg/msg/detail/motor_cmd__type_support.c
[6.598s] -- Up-to-date: /home/kk/kk_ws/src/kk_driver_package/install/kk_driver_msg/include/kk_driver_msg/kk_driver_msg/msg/detail/epb_cmd__type_support.c
[6.600s] -- Up-to-date: /home/kk/kk_ws/src/kk_driver_package/install/kk_driver_msg/include/kk_driver_msg/kk_driver_msg/msg/detail/gm6020_cmd__type_support.c
[6.602s] -- Up-to-date: /home/kk/kk_ws/src/kk_driver_package/install/kk_driver_msg/include/kk_driver_msg/kk_driver_msg/msg/detail/key_ctrl__type_support.c
[6.603s] -- Up-to-date: /home/kk/kk_ws/src/kk_driver_package/install/kk_driver_msg/include/kk_driver_msg/kk_driver_msg/msg/detail/bldc_cmd__type_support.c
[6.605s] -- Up-to-date: /home/kk/kk_ws/src/kk_driver_package/install/kk_driver_msg/include/kk_driver_msg/kk_driver_msg/msg/detail/mouse_ctrl__type_support.c
[6.606s] -- Up-to-date: /home/kk/kk_ws/src/kk_driver_package/install/kk_driver_msg/include/kk_driver_msg/kk_driver_msg/msg/rosidl_typesupport_introspection_c__visibility_control.h
[6.607s] -- Up-to-date: /home/kk/kk_ws/src/kk_driver_package/install/kk_driver_msg/lib/libkk_driver_msg__rosidl_typesupport_introspection_c.so
[6.608s] -- Up-to-date: /home/kk/kk_ws/src/kk_driver_package/install/kk_driver_msg/lib/libkk_driver_msg__rosidl_typesupport_c.so
[6.609s] -- Up-to-date: /home/kk/kk_ws/src/kk_driver_package/install/kk_driver_msg/include/kk_driver_msg/kk_driver_msg
[6.611s] -- Up-to-date: /home/kk/kk_ws/src/kk_driver_package/install/kk_driver_msg/include/kk_driver_msg/kk_driver_msg/msg
[6.612s] -- Up-to-date: /home/kk/kk_ws/src/kk_driver_package/install/kk_driver_msg/include/kk_driver_msg/kk_driver_msg/msg/pwm_cmd.hpp
[6.613s] -- Up-to-date: /home/kk/kk_ws/src/kk_driver_package/install/kk_driver_msg/include/kk_driver_msg/kk_driver_msg/msg/gm6020_status.hpp
[6.615s] -- Up-to-date: /home/kk/kk_ws/src/kk_driver_package/install/kk_driver_msg/include/kk_driver_msg/kk_driver_msg/msg/core.hpp
[6.616s] -- Up-to-date: /home/kk/kk_ws/src/kk_driver_package/install/kk_driver_msg/include/kk_driver_msg/kk_driver_msg/msg/pwm_status.hpp
[6.618s] -- Up-to-date: /home/kk/kk_ws/src/kk_driver_package/install/kk_driver_msg/include/kk_driver_msg/kk_driver_msg/msg/encoder.hpp
[6.620s] -- Up-to-date: /home/kk/kk_ws/src/kk_driver_package/install/kk_driver_msg/include/kk_driver_msg/kk_driver_msg/msg/motor_cmd.hpp
[6.621s] -- Up-to-date: /home/kk/kk_ws/src/kk_driver_package/install/kk_driver_msg/include/kk_driver_msg/kk_driver_msg/msg/key_ctrl.hpp
[6.622s] -- Up-to-date: /home/kk/kk_ws/src/kk_driver_package/install/kk_driver_msg/include/kk_driver_msg/kk_driver_msg/msg/c610_cmd.hpp
[6.624s] -- Up-to-date: /home/kk/kk_ws/src/kk_driver_package/install/kk_driver_msg/include/kk_driver_msg/kk_driver_msg/msg/bldc_cmd.hpp
[6.626s] -- Up-to-date: /home/kk/kk_ws/src/kk_driver_package/install/kk_driver_msg/include/kk_driver_msg/kk_driver_msg/msg/c610_status.hpp
[6.629s] -- Up-to-date: /home/kk/kk_ws/src/kk_driver_package/install/kk_driver_msg/include/kk_driver_msg/kk_driver_msg/msg/camera_cmd.hpp
[6.631s] -- Up-to-date: /home/kk/kk_ws/src/kk_driver_package/install/kk_driver_msg/include/kk_driver_msg/kk_driver_msg/msg/epb_status.hpp
[6.633s] -- Up-to-date: /home/kk/kk_ws/src/kk_driver_package/install/kk_driver_msg/include/kk_driver_msg/kk_driver_msg/msg/detail
[6.634s] -- Up-to-date: /home/kk/kk_ws/src/kk_driver_package/install/kk_driver_msg/include/kk_driver_msg/kk_driver_msg/msg/detail/core__builder.hpp
[6.635s] -- Up-to-date: /home/kk/kk_ws/src/kk_driver_package/install/kk_driver_msg/include/kk_driver_msg/kk_driver_msg/msg/detail/core__type_support.hpp
[6.639s] -- Up-to-date: /home/kk/kk_ws/src/kk_driver_package/install/kk_driver_msg/include/kk_driver_msg/kk_driver_msg/msg/detail/bldc_cmd__builder.hpp
[6.640s] -- Up-to-date: /home/kk/kk_ws/src/kk_driver_package/install/kk_driver_msg/include/kk_driver_msg/kk_driver_msg/msg/detail/c610_status__builder.hpp
[6.641s] -- Up-to-date: /home/kk/kk_ws/src/kk_driver_package/install/kk_driver_msg/include/kk_driver_msg/kk_driver_msg/msg/detail/gm6020_cmd__struct.hpp
[6.642s] -- Up-to-date: /home/kk/kk_ws/src/kk_driver_package/install/kk_driver_msg/include/kk_driver_msg/kk_driver_msg/msg/detail/pwm_status__builder.hpp
[6.646s] -- Up-to-date: /home/kk/kk_ws/src/kk_driver_package/install/kk_driver_msg/include/kk_driver_msg/kk_driver_msg/msg/detail/camera_cmd__struct.hpp
[6.648s] -- Up-to-date: /home/kk/kk_ws/src/kk_driver_package/install/kk_driver_msg/include/kk_driver_msg/kk_driver_msg/msg/detail/pwm_status__traits.hpp
[6.649s] -- Up-to-date: /home/kk/kk_ws/src/kk_driver_package/install/kk_driver_msg/include/kk_driver_msg/kk_driver_msg/msg/detail/core__struct.hpp
[6.650s] -- Up-to-date: /home/kk/kk_ws/src/kk_driver_package/install/kk_driver_msg/include/kk_driver_msg/kk_driver_msg/msg/detail/encoder__builder.hpp
[6.652s] -- Up-to-date: /home/kk/kk_ws/src/kk_driver_package/install/kk_driver_msg/include/kk_driver_msg/kk_driver_msg/msg/detail/key_ctrl__builder.hpp
[6.654s] -- Up-to-date: /home/kk/kk_ws/src/kk_driver_package/install/kk_driver_msg/include/kk_driver_msg/kk_driver_msg/msg/detail/gm6020_status__traits.hpp
[6.655s] -- Up-to-date: /home/kk/kk_ws/src/kk_driver_package/install/kk_driver_msg/include/kk_driver_msg/kk_driver_msg/msg/detail/epb_cmd__type_support.hpp
[6.657s] -- Up-to-date: /home/kk/kk_ws/src/kk_driver_package/install/kk_driver_msg/include/kk_driver_msg/kk_driver_msg/msg/detail/gm6020_cmd__type_support.hpp
[6.658s] -- Up-to-date: /home/kk/kk_ws/src/kk_driver_package/install/kk_driver_msg/include/kk_driver_msg/kk_driver_msg/msg/detail/c610_cmd__struct.hpp
[6.659s] -- Up-to-date: /home/kk/kk_ws/src/kk_driver_package/install/kk_driver_msg/include/kk_driver_msg/kk_driver_msg/msg/detail/gm6020_cmd__traits.hpp
[6.660s] -- Up-to-date: /home/kk/kk_ws/src/kk_driver_package/install/kk_driver_msg/include/kk_driver_msg/kk_driver_msg/msg/detail/gm6020_status__type_support.hpp
[6.662s] -- Up-to-date: /home/kk/kk_ws/src/kk_driver_package/install/kk_driver_msg/include/kk_driver_msg/kk_driver_msg/msg/detail/encoder__type_support.hpp
[6.663s] -- Up-to-date: /home/kk/kk_ws/src/kk_driver_package/install/kk_driver_msg/include/kk_driver_msg/kk_driver_msg/msg/detail/epb_status__struct.hpp
[6.665s] -- Up-to-date: /home/kk/kk_ws/src/kk_driver_package/install/kk_driver_msg/include/kk_driver_msg/kk_driver_msg/msg/detail/core__traits.hpp
[6.666s] -- Up-to-date: /home/kk/kk_ws/src/kk_driver_package/install/kk_driver_msg/include/kk_driver_msg/kk_driver_msg/msg/detail/c610_cmd__builder.hpp
[6.668s] -- Up-to-date: /home/kk/kk_ws/src/kk_driver_package/install/kk_driver_msg/include/kk_driver_msg/kk_driver_msg/msg/detail/gm6020_status__struct.hpp
[6.669s] -- Up-to-date: /home/kk/kk_ws/src/kk_driver_package/install/kk_driver_msg/include/kk_driver_msg/kk_driver_msg/msg/detail/pwm_status__struct.hpp
[6.670s] -- Up-to-date: /home/kk/kk_ws/src/kk_driver_package/install/kk_driver_msg/include/kk_driver_msg/kk_driver_msg/msg/detail/motor_cmd__struct.hpp
[6.671s] -- Up-to-date: /home/kk/kk_ws/src/kk_driver_package/install/kk_driver_msg/include/kk_driver_msg/kk_driver_msg/msg/detail/motor_cmd__traits.hpp
[6.672s] -- Up-to-date: /home/kk/kk_ws/src/kk_driver_package/install/kk_driver_msg/include/kk_driver_msg/kk_driver_msg/msg/detail/epb_cmd__traits.hpp
[6.674s] -- Up-to-date: /home/kk/kk_ws/src/kk_driver_package/install/kk_driver_msg/include/kk_driver_msg/kk_driver_msg/msg/detail/epb_status__traits.hpp
[6.676s] -- Up-to-date: /home/kk/kk_ws/src/kk_driver_package/install/kk_driver_msg/include/kk_driver_msg/kk_driver_msg/msg/detail/bldc_cmd__traits.hpp
[6.678s] -- Up-to-date: /home/kk/kk_ws/src/kk_driver_package/install/kk_driver_msg/include/kk_driver_msg/kk_driver_msg/msg/detail/key_ctrl__traits.hpp
[6.679s] -- Up-to-date: /home/kk/kk_ws/src/kk_driver_package/install/kk_driver_msg/include/kk_driver_msg/kk_driver_msg/msg/detail/camera_cmd__type_support.hpp
[6.680s] -- Up-to-date: /home/kk/kk_ws/src/kk_driver_package/install/kk_driver_msg/include/kk_driver_msg/kk_driver_msg/msg/detail/mouse_ctrl__traits.hpp
[6.681s] -- Up-to-date: /home/kk/kk_ws/src/kk_driver_package/install/kk_driver_msg/include/kk_driver_msg/kk_driver_msg/msg/detail/epb_status__builder.hpp
[6.682s] -- Up-to-date: /home/kk/kk_ws/src/kk_driver_package/install/kk_driver_msg/include/kk_driver_msg/kk_driver_msg/msg/detail/c610_status__type_support.hpp
[6.684s] -- Up-to-date: /home/kk/kk_ws/src/kk_driver_package/install/kk_driver_msg/include/kk_driver_msg/kk_driver_msg/msg/detail/camera_cmd__builder.hpp
[6.685s] -- Up-to-date: /home/kk/kk_ws/src/kk_driver_package/install/kk_driver_msg/include/kk_driver_msg/kk_driver_msg/msg/detail/c610_cmd__traits.hpp
[6.686s] -- Up-to-date: /home/kk/kk_ws/src/kk_driver_package/install/kk_driver_msg/include/kk_driver_msg/kk_driver_msg/msg/detail/key_ctrl__type_support.hpp
[6.687s] -- Up-to-date: /home/kk/kk_ws/src/kk_driver_package/install/kk_driver_msg/include/kk_driver_msg/kk_driver_msg/msg/detail/camera_cmd__traits.hpp
[6.689s] -- Up-to-date: /home/kk/kk_ws/src/kk_driver_package/install/kk_driver_msg/include/kk_driver_msg/kk_driver_msg/msg/detail/pwm_cmd__struct.hpp
[6.690s] -- Up-to-date: /home/kk/kk_ws/src/kk_driver_package/install/kk_driver_msg/include/kk_driver_msg/kk_driver_msg/msg/detail/gm6020_status__builder.hpp
[6.691s] -- Up-to-date: /home/kk/kk_ws/src/kk_driver_package/install/kk_driver_msg/include/kk_driver_msg/kk_driver_msg/msg/detail/encoder__struct.hpp
[6.692s] -- Up-to-date: /home/kk/kk_ws/src/kk_driver_package/install/kk_driver_msg/include/kk_driver_msg/kk_driver_msg/msg/detail/epb_status__type_support.hpp
[6.693s] -- Up-to-date: /home/kk/kk_ws/src/kk_driver_package/install/kk_driver_msg/include/kk_driver_msg/kk_driver_msg/msg/detail/bldc_cmd__type_support.hpp
[6.695s] -- Up-to-date: /home/kk/kk_ws/src/kk_driver_package/install/kk_driver_msg/include/kk_driver_msg/kk_driver_msg/msg/detail/pwm_cmd__traits.hpp
[6.697s] -- Up-to-date: /home/kk/kk_ws/src/kk_driver_package/install/kk_driver_msg/include/kk_driver_msg/kk_driver_msg/msg/detail/motor_cmd__builder.hpp
[6.698s] -- Up-to-date: /home/kk/kk_ws/src/kk_driver_package/install/kk_driver_msg/include/kk_driver_msg/kk_driver_msg/msg/detail/motor_cmd__type_support.hpp
[6.699s] -- Up-to-date: /home/kk/kk_ws/src/kk_driver_package/install/kk_driver_msg/include/kk_driver_msg/kk_driver_msg/msg/detail/c610_status__traits.hpp
[6.700s] -- Up-to-date: /home/kk/kk_ws/src/kk_driver_package/install/kk_driver_msg/include/kk_driver_msg/kk_driver_msg/msg/detail/epb_cmd__struct.hpp
[6.702s] -- Up-to-date: /home/kk/kk_ws/src/kk_driver_package/install/kk_driver_msg/include/kk_driver_msg/kk_driver_msg/msg/detail/bldc_cmd__struct.hpp
[6.703s] -- Up-to-date: /home/kk/kk_ws/src/kk_driver_package/install/kk_driver_msg/include/kk_driver_msg/kk_driver_msg/msg/detail/c610_cmd__type_support.hpp
[6.704s] -- Up-to-date: /home/kk/kk_ws/src/kk_driver_package/install/kk_driver_msg/include/kk_driver_msg/kk_driver_msg/msg/detail/epb_cmd__builder.hpp
[6.705s] -- Up-to-date: /home/kk/kk_ws/src/kk_driver_package/install/kk_driver_msg/include/kk_driver_msg/kk_driver_msg/msg/detail/key_ctrl__struct.hpp
[6.706s] -- Up-to-date: /home/kk/kk_ws/src/kk_driver_package/install/kk_driver_msg/include/kk_driver_msg/kk_driver_msg/msg/detail/pwm_cmd__builder.hpp
[6.708s] -- Up-to-date: /home/kk/kk_ws/src/kk_driver_package/install/kk_driver_msg/include/kk_driver_msg/kk_driver_msg/msg/detail/mouse_ctrl__struct.hpp
[6.709s] -- Up-to-date: /home/kk/kk_ws/src/kk_driver_package/install/kk_driver_msg/include/kk_driver_msg/kk_driver_msg/msg/detail/pwm_status__type_support.hpp
[6.711s] -- Up-to-date: /home/kk/kk_ws/src/kk_driver_package/install/kk_driver_msg/include/kk_driver_msg/kk_driver_msg/msg/detail/pwm_cmd__type_support.hpp
[6.713s] -- Up-to-date: /home/kk/kk_ws/src/kk_driver_package/install/kk_driver_msg/include/kk_driver_msg/kk_driver_msg/msg/detail/mouse_ctrl__type_support.hpp
[6.714s] -- Up-to-date: /home/kk/kk_ws/src/kk_driver_package/install/kk_driver_msg/include/kk_driver_msg/kk_driver_msg/msg/detail/encoder__traits.hpp
[6.715s] -- Up-to-date: /home/kk/kk_ws/src/kk_driver_package/install/kk_driver_msg/include/kk_driver_msg/kk_driver_msg/msg/detail/gm6020_cmd__builder.hpp
[6.717s] -- Up-to-date: /home/kk/kk_ws/src/kk_driver_package/install/kk_driver_msg/include/kk_driver_msg/kk_driver_msg/msg/detail/mouse_ctrl__builder.hpp
[6.718s] -- Up-to-date: /home/kk/kk_ws/src/kk_driver_package/install/kk_driver_msg/include/kk_driver_msg/kk_driver_msg/msg/detail/c610_status__struct.hpp
[6.719s] -- Up-to-date: /home/kk/kk_ws/src/kk_driver_package/install/kk_driver_msg/include/kk_driver_msg/kk_driver_msg/msg/rosidl_generator_cpp__visibility_control.hpp
[6.721s] -- Up-to-date: /home/kk/kk_ws/src/kk_driver_package/install/kk_driver_msg/include/kk_driver_msg/kk_driver_msg/msg/mouse_ctrl.hpp
[6.722s] -- Up-to-date: /home/kk/kk_ws/src/kk_driver_package/install/kk_driver_msg/include/kk_driver_msg/kk_driver_msg/msg/epb_cmd.hpp
[6.723s] -- Up-to-date: /home/kk/kk_ws/src/kk_driver_package/install/kk_driver_msg/include/kk_driver_msg/kk_driver_msg/msg/gm6020_cmd.hpp
[6.725s] -- Up-to-date: /home/kk/kk_ws/src/kk_driver_package/install/kk_driver_msg/include/kk_driver_msg/kk_driver_msg
[6.727s] -- Up-to-date: /home/kk/kk_ws/src/kk_driver_package/install/kk_driver_msg/include/kk_driver_msg/kk_driver_msg/msg
[6.729s] -- Up-to-date: /home/kk/kk_ws/src/kk_driver_package/install/kk_driver_msg/include/kk_driver_msg/kk_driver_msg/msg/rosidl_typesupport_fastrtps_cpp__visibility_control.h
[6.730s] -- Up-to-date: /home/kk/kk_ws/src/kk_driver_package/install/kk_driver_msg/include/kk_driver_msg/kk_driver_msg/msg/detail
[6.731s] -- Up-to-date: /home/kk/kk_ws/src/kk_driver_package/install/kk_driver_msg/include/kk_driver_msg/kk_driver_msg/msg/detail/dds_fastrtps
[6.733s] -- Up-to-date: /home/kk/kk_ws/src/kk_driver_package/install/kk_driver_msg/include/kk_driver_msg/kk_driver_msg/msg/detail/bldc_cmd__rosidl_typesupport_fastrtps_cpp.hpp
[6.734s] -- Up-to-date: /home/kk/kk_ws/src/kk_driver_package/install/kk_driver_msg/include/kk_driver_msg/kk_driver_msg/msg/detail/pwm_cmd__rosidl_typesupport_fastrtps_cpp.hpp
[6.736s] -- Up-to-date: /home/kk/kk_ws/src/kk_driver_package/install/kk_driver_msg/include/kk_driver_msg/kk_driver_msg/msg/detail/key_ctrl__rosidl_typesupport_fastrtps_cpp.hpp
[6.739s] -- Up-to-date: /home/kk/kk_ws/src/kk_driver_package/install/kk_driver_msg/include/kk_driver_msg/kk_driver_msg/msg/detail/core__rosidl_typesupport_fastrtps_cpp.hpp
[6.740s] -- Up-to-date: /home/kk/kk_ws/src/kk_driver_package/install/kk_driver_msg/include/kk_driver_msg/kk_driver_msg/msg/detail/gm6020_status__rosidl_typesupport_fastrtps_cpp.hpp
[6.741s] -- Up-to-date: /home/kk/kk_ws/src/kk_driver_package/install/kk_driver_msg/include/kk_driver_msg/kk_driver_msg/msg/detail/c610_cmd__rosidl_typesupport_fastrtps_cpp.hpp
[6.742s] -- Up-to-date: /home/kk/kk_ws/src/kk_driver_package/install/kk_driver_msg/include/kk_driver_msg/kk_driver_msg/msg/detail/c610_status__rosidl_typesupport_fastrtps_cpp.hpp
[6.745s] -- Up-to-date: /home/kk/kk_ws/src/kk_driver_package/install/kk_driver_msg/include/kk_driver_msg/kk_driver_msg/msg/detail/encoder__rosidl_typesupport_fastrtps_cpp.hpp
[6.748s] -- Up-to-date: /home/kk/kk_ws/src/kk_driver_package/install/kk_driver_msg/include/kk_driver_msg/kk_driver_msg/msg/detail/mouse_ctrl__rosidl_typesupport_fastrtps_cpp.hpp
[6.750s] -- Up-to-date: /home/kk/kk_ws/src/kk_driver_package/install/kk_driver_msg/include/kk_driver_msg/kk_driver_msg/msg/detail/camera_cmd__rosidl_typesupport_fastrtps_cpp.hpp
[6.752s] -- Up-to-date: /home/kk/kk_ws/src/kk_driver_package/install/kk_driver_msg/include/kk_driver_msg/kk_driver_msg/msg/detail/epb_status__rosidl_typesupport_fastrtps_cpp.hpp
[6.754s] -- Up-to-date: /home/kk/kk_ws/src/kk_driver_package/install/kk_driver_msg/include/kk_driver_msg/kk_driver_msg/msg/detail/pwm_status__rosidl_typesupport_fastrtps_cpp.hpp
[6.755s] -- Up-to-date: /home/kk/kk_ws/src/kk_driver_package/install/kk_driver_msg/include/kk_driver_msg/kk_driver_msg/msg/detail/gm6020_cmd__rosidl_typesupport_fastrtps_cpp.hpp
[6.757s] -- Up-to-date: /home/kk/kk_ws/src/kk_driver_package/install/kk_driver_msg/include/kk_driver_msg/kk_driver_msg/msg/detail/epb_cmd__rosidl_typesupport_fastrtps_cpp.hpp
[6.759s] -- Up-to-date: /home/kk/kk_ws/src/kk_driver_package/install/kk_driver_msg/include/kk_driver_msg/kk_driver_msg/msg/detail/motor_cmd__rosidl_typesupport_fastrtps_cpp.hpp
[6.760s] -- Up-to-date: /home/kk/kk_ws/src/kk_driver_package/install/kk_driver_msg/lib/libkk_driver_msg__rosidl_typesupport_fastrtps_cpp.so
[6.762s] -- Up-to-date: /home/kk/kk_ws/src/kk_driver_package/install/kk_driver_msg/include/kk_driver_msg/kk_driver_msg
[6.763s] -- Up-to-date: /home/kk/kk_ws/src/kk_driver_package/install/kk_driver_msg/include/kk_driver_msg/kk_driver_msg/msg
[6.765s] -- Up-to-date: /home/kk/kk_ws/src/kk_driver_package/install/kk_driver_msg/include/kk_driver_msg/kk_driver_msg/msg/detail
[6.766s] -- Up-to-date: /home/kk/kk_ws/src/kk_driver_package/install/kk_driver_msg/include/kk_driver_msg/kk_driver_msg/msg/detail/key_ctrl__rosidl_typesupport_introspection_cpp.hpp
[6.768s] -- Up-to-date: /home/kk/kk_ws/src/kk_driver_package/install/kk_driver_msg/include/kk_driver_msg/kk_driver_msg/msg/detail/pwm_cmd__rosidl_typesupport_introspection_cpp.hpp
[6.769s] -- Up-to-date: /home/kk/kk_ws/src/kk_driver_package/install/kk_driver_msg/include/kk_driver_msg/kk_driver_msg/msg/detail/key_ctrl__type_support.cpp
[6.771s] -- Up-to-date: /home/kk/kk_ws/src/kk_driver_package/install/kk_driver_msg/include/kk_driver_msg/kk_driver_msg/msg/detail/pwm_status__type_support.cpp
[6.772s] -- Up-to-date: /home/kk/kk_ws/src/kk_driver_package/install/kk_driver_msg/include/kk_driver_msg/kk_driver_msg/msg/detail/gm6020_status__rosidl_typesupport_introspection_cpp.hpp
[6.774s] -- Up-to-date: /home/kk/kk_ws/src/kk_driver_package/install/kk_driver_msg/include/kk_driver_msg/kk_driver_msg/msg/detail/gm6020_status__type_support.cpp
[6.775s] -- Up-to-date: /home/kk/kk_ws/src/kk_driver_package/install/kk_driver_msg/include/kk_driver_msg/kk_driver_msg/msg/detail/pwm_status__rosidl_typesupport_introspection_cpp.hpp
[6.776s] -- Up-to-date: /home/kk/kk_ws/src/kk_driver_package/install/kk_driver_msg/include/kk_driver_msg/kk_driver_msg/msg/detail/c610_cmd__type_support.cpp
[6.778s] -- Up-to-date: /home/kk/kk_ws/src/kk_driver_package/install/kk_driver_msg/include/kk_driver_msg/kk_driver_msg/msg/detail/c610_cmd__rosidl_typesupport_introspection_cpp.hpp
[6.780s] -- Up-to-date: /home/kk/kk_ws/src/kk_driver_package/install/kk_driver_msg/include/kk_driver_msg/kk_driver_msg/msg/detail/motor_cmd__type_support.cpp
[6.781s] -- Up-to-date: /home/kk/kk_ws/src/kk_driver_package/install/kk_driver_msg/include/kk_driver_msg/kk_driver_msg/msg/detail/c610_status__type_support.cpp
[6.782s] -- Up-to-date: /home/kk/kk_ws/src/kk_driver_package/install/kk_driver_msg/include/kk_driver_msg/kk_driver_msg/msg/detail/encoder__type_support.cpp
[6.783s] -- Up-to-date: /home/kk/kk_ws/src/kk_driver_package/install/kk_driver_msg/include/kk_driver_msg/kk_driver_msg/msg/detail/c610_status__rosidl_typesupport_introspection_cpp.hpp
[6.784s] -- Up-to-date: /home/kk/kk_ws/src/kk_driver_package/install/kk_driver_msg/include/kk_driver_msg/kk_driver_msg/msg/detail/gm6020_cmd__type_support.cpp
[6.785s] -- Up-to-date: /home/kk/kk_ws/src/kk_driver_package/install/kk_driver_msg/include/kk_driver_msg/kk_driver_msg/msg/detail/mouse_ctrl__rosidl_typesupport_introspection_cpp.hpp
[6.786s] -- Up-to-date: /home/kk/kk_ws/src/kk_driver_package/install/kk_driver_msg/include/kk_driver_msg/kk_driver_msg/msg/detail/pwm_cmd__type_support.cpp
[6.788s] -- Up-to-date: /home/kk/kk_ws/src/kk_driver_package/install/kk_driver_msg/include/kk_driver_msg/kk_driver_msg/msg/detail/bldc_cmd__type_support.cpp
[6.789s] -- Up-to-date: /home/kk/kk_ws/src/kk_driver_package/install/kk_driver_msg/include/kk_driver_msg/kk_driver_msg/msg/detail/core__rosidl_typesupport_introspection_cpp.hpp
[6.790s] -- Up-to-date: /home/kk/kk_ws/src/kk_driver_package/install/kk_driver_msg/include/kk_driver_msg/kk_driver_msg/msg/detail/camera_cmd__type_support.cpp
[6.792s] -- Up-to-date: /home/kk/kk_ws/src/kk_driver_package/install/kk_driver_msg/include/kk_driver_msg/kk_driver_msg/msg/detail/gm6020_cmd__rosidl_typesupport_introspection_cpp.hpp
[6.793s] -- Up-to-date: /home/kk/kk_ws/src/kk_driver_package/install/kk_driver_msg/include/kk_driver_msg/kk_driver_msg/msg/detail/epb_cmd__type_support.cpp
[6.794s] -- Up-to-date: /home/kk/kk_ws/src/kk_driver_package/install/kk_driver_msg/include/kk_driver_msg/kk_driver_msg/msg/detail/motor_cmd__rosidl_typesupport_introspection_cpp.hpp
[6.796s] -- Up-to-date: /home/kk/kk_ws/src/kk_driver_package/install/kk_driver_msg/include/kk_driver_msg/kk_driver_msg/msg/detail/mouse_ctrl__type_support.cpp
[6.797s] -- Up-to-date: /home/kk/kk_ws/src/kk_driver_package/install/kk_driver_msg/include/kk_driver_msg/kk_driver_msg/msg/detail/camera_cmd__rosidl_typesupport_introspection_cpp.hpp
[6.798s] -- Up-to-date: /home/kk/kk_ws/src/kk_driver_package/install/kk_driver_msg/include/kk_driver_msg/kk_driver_msg/msg/detail/core__type_support.cpp
[6.800s] -- Up-to-date: /home/kk/kk_ws/src/kk_driver_package/install/kk_driver_msg/include/kk_driver_msg/kk_driver_msg/msg/detail/epb_status__rosidl_typesupport_introspection_cpp.hpp
[6.801s] -- Up-to-date: /home/kk/kk_ws/src/kk_driver_package/install/kk_driver_msg/include/kk_driver_msg/kk_driver_msg/msg/detail/epb_cmd__rosidl_typesupport_introspection_cpp.hpp
[6.802s] -- Up-to-date: /home/kk/kk_ws/src/kk_driver_package/install/kk_driver_msg/include/kk_driver_msg/kk_driver_msg/msg/detail/epb_status__type_support.cpp
[6.804s] -- Up-to-date: /home/kk/kk_ws/src/kk_driver_package/install/kk_driver_msg/include/kk_driver_msg/kk_driver_msg/msg/detail/encoder__rosidl_typesupport_introspection_cpp.hpp
[6.806s] -- Up-to-date: /home/kk/kk_ws/src/kk_driver_package/install/kk_driver_msg/include/kk_driver_msg/kk_driver_msg/msg/detail/bldc_cmd__rosidl_typesupport_introspection_cpp.hpp
[6.807s] -- Up-to-date: /home/kk/kk_ws/src/kk_driver_package/install/kk_driver_msg/lib/libkk_driver_msg__rosidl_typesupport_introspection_cpp.so
[6.809s] -- Up-to-date: /home/kk/kk_ws/src/kk_driver_package/install/kk_driver_msg/lib/libkk_driver_msg__rosidl_typesupport_cpp.so
[6.810s] -- Up-to-date: /home/kk/kk_ws/src/kk_driver_package/install/kk_driver_msg/share/kk_driver_msg/environment/pythonpath.sh
[6.811s] -- Up-to-date: /home/kk/kk_ws/src/kk_driver_package/install/kk_driver_msg/share/kk_driver_msg/environment/pythonpath.dsv
[6.812s] -- Up-to-date: /home/kk/kk_ws/src/kk_driver_package/install/kk_driver_msg/local/lib/python3.10/dist-packages/kk_driver_msg-0.0.1-py3.10.egg-info
[6.813s] -- Installing: /home/kk/kk_ws/src/kk_driver_package/install/kk_driver_msg/local/lib/python3.10/dist-packages/kk_driver_msg-0.0.1-py3.10.egg-info/PKG-INFO
[6.814s] -- Installing: /home/kk/kk_ws/src/kk_driver_package/install/kk_driver_msg/local/lib/python3.10/dist-packages/kk_driver_msg-0.0.1-py3.10.egg-info/top_level.txt
[6.816s] -- Installing: /home/kk/kk_ws/src/kk_driver_package/install/kk_driver_msg/local/lib/python3.10/dist-packages/kk_driver_msg-0.0.1-py3.10.egg-info/SOURCES.txt
[6.817s] -- Installing: /home/kk/kk_ws/src/kk_driver_package/install/kk_driver_msg/local/lib/python3.10/dist-packages/kk_driver_msg-0.0.1-py3.10.egg-info/dependency_links.txt
[6.818s] -- Up-to-date: /home/kk/kk_ws/src/kk_driver_package/install/kk_driver_msg/local/lib/python3.10/dist-packages/kk_driver_msg
[6.820s] -- Up-to-date: /home/kk/kk_ws/src/kk_driver_package/install/kk_driver_msg/local/lib/python3.10/dist-packages/kk_driver_msg/__init__.py
[6.821s] -- Up-to-date: /home/kk/kk_ws/src/kk_driver_package/install/kk_driver_msg/local/lib/python3.10/dist-packages/kk_driver_msg/kk_driver_msg_s__rosidl_typesupport_introspection_c.cpython-310-aarch64-linux-gnu.so
[6.822s] -- Up-to-date: /home/kk/kk_ws/src/kk_driver_package/install/kk_driver_msg/local/lib/python3.10/dist-packages/kk_driver_msg/libkk_driver_msg__rosidl_generator_py.so
[6.824s] -- Up-to-date: /home/kk/kk_ws/src/kk_driver_package/install/kk_driver_msg/local/lib/python3.10/dist-packages/kk_driver_msg/kk_driver_msg_s__rosidl_typesupport_c.cpython-310-aarch64-linux-gnu.so
[6.825s] -- Up-to-date: /home/kk/kk_ws/src/kk_driver_package/install/kk_driver_msg/local/lib/python3.10/dist-packages/kk_driver_msg/_kk_driver_msg_s.ep.rosidl_typesupport_c.c
[6.827s] -- Up-to-date: /home/kk/kk_ws/src/kk_driver_package/install/kk_driver_msg/local/lib/python3.10/dist-packages/kk_driver_msg/kk_driver_msg_s__rosidl_typesupport_fastrtps_c.cpython-310-aarch64-linux-gnu.so
[6.828s] -- Up-to-date: /home/kk/kk_ws/src/kk_driver_package/install/kk_driver_msg/local/lib/python3.10/dist-packages/kk_driver_msg/_kk_driver_msg_s.ep.rosidl_typesupport_introspection_c.c
[6.829s] -- Up-to-date: /home/kk/kk_ws/src/kk_driver_package/install/kk_driver_msg/local/lib/python3.10/dist-packages/kk_driver_msg/msg
[6.831s] -- Up-to-date: /home/kk/kk_ws/src/kk_driver_package/install/kk_driver_msg/local/lib/python3.10/dist-packages/kk_driver_msg/msg/_gm6020_status_s.c
[6.832s] -- Up-to-date: /home/kk/kk_ws/src/kk_driver_package/install/kk_driver_msg/local/lib/python3.10/dist-packages/kk_driver_msg/msg/_c610_status_s.c
[6.833s] -- Up-to-date: /home/kk/kk_ws/src/kk_driver_package/install/kk_driver_msg/local/lib/python3.10/dist-packages/kk_driver_msg/msg/__init__.py
[6.834s] -- Up-to-date: /home/kk/kk_ws/src/kk_driver_package/install/kk_driver_msg/local/lib/python3.10/dist-packages/kk_driver_msg/msg/_encoder.py
[6.835s] -- Up-to-date: /home/kk/kk_ws/src/kk_driver_package/install/kk_driver_msg/local/lib/python3.10/dist-packages/kk_driver_msg/msg/_pwm_cmd.py
[6.836s] -- Up-to-date: /home/kk/kk_ws/src/kk_driver_package/install/kk_driver_msg/local/lib/python3.10/dist-packages/kk_driver_msg/msg/_motor_cmd_s.c
[6.839s] -- Up-to-date: /home/kk/kk_ws/src/kk_driver_package/install/kk_driver_msg/local/lib/python3.10/dist-packages/kk_driver_msg/msg/_key_ctrl_s.c
[6.840s] -- Up-to-date: /home/kk/kk_ws/src/kk_driver_package/install/kk_driver_msg/local/lib/python3.10/dist-packages/kk_driver_msg/msg/_c610_cmd.py
[6.841s] -- Up-to-date: /home/kk/kk_ws/src/kk_driver_package/install/kk_driver_msg/local/lib/python3.10/dist-packages/kk_driver_msg/msg/_pwm_status.py
[6.849s] -- Up-to-date: /home/kk/kk_ws/src/kk_driver_package/install/kk_driver_msg/local/lib/python3.10/dist-packages/kk_driver_msg/msg/_epb_cmd_s.c
[6.850s] -- Up-to-date: /home/kk/kk_ws/src/kk_driver_package/install/kk_driver_msg/local/lib/python3.10/dist-packages/kk_driver_msg/msg/_camera_cmd.py
[6.851s] -- Up-to-date: /home/kk/kk_ws/src/kk_driver_package/install/kk_driver_msg/local/lib/python3.10/dist-packages/kk_driver_msg/msg/_bldc_cmd.py
[6.852s] -- Up-to-date: /home/kk/kk_ws/src/kk_driver_package/install/kk_driver_msg/local/lib/python3.10/dist-packages/kk_driver_msg/msg/_core.py
[6.854s] -- Up-to-date: /home/kk/kk_ws/src/kk_driver_package/install/kk_driver_msg/local/lib/python3.10/dist-packages/kk_driver_msg/msg/_encoder_s.c
[6.855s] -- Up-to-date: /home/kk/kk_ws/src/kk_driver_package/install/kk_driver_msg/local/lib/python3.10/dist-packages/kk_driver_msg/msg/_epb_status.py
[6.856s] -- Up-to-date: /home/kk/kk_ws/src/kk_driver_package/install/kk_driver_msg/local/lib/python3.10/dist-packages/kk_driver_msg/msg/_core_s.c
[6.857s] -- Up-to-date: /home/kk/kk_ws/src/kk_driver_package/install/kk_driver_msg/local/lib/python3.10/dist-packages/kk_driver_msg/msg/_gm6020_status.py
[6.859s] -- Up-to-date: /home/kk/kk_ws/src/kk_driver_package/install/kk_driver_msg/local/lib/python3.10/dist-packages/kk_driver_msg/msg/_gm6020_cmd.py
[6.860s] -- Up-to-date: /home/kk/kk_ws/src/kk_driver_package/install/kk_driver_msg/local/lib/python3.10/dist-packages/kk_driver_msg/msg/_motor_cmd.py
[6.861s] -- Up-to-date: /home/kk/kk_ws/src/kk_driver_package/install/kk_driver_msg/local/lib/python3.10/dist-packages/kk_driver_msg/msg/_mouse_ctrl.py
[6.863s] -- Up-to-date: /home/kk/kk_ws/src/kk_driver_package/install/kk_driver_msg/local/lib/python3.10/dist-packages/kk_driver_msg/msg/_epb_cmd.py
[6.864s] -- Up-to-date: /home/kk/kk_ws/src/kk_driver_package/install/kk_driver_msg/local/lib/python3.10/dist-packages/kk_driver_msg/msg/_mouse_ctrl_s.c
[6.866s] -- Up-to-date: /home/kk/kk_ws/src/kk_driver_package/install/kk_driver_msg/local/lib/python3.10/dist-packages/kk_driver_msg/msg/_c610_status.py
[6.867s] -- Up-to-date: /home/kk/kk_ws/src/kk_driver_package/install/kk_driver_msg/local/lib/python3.10/dist-packages/kk_driver_msg/msg/_camera_cmd_s.c
[6.869s] -- Up-to-date: /home/kk/kk_ws/src/kk_driver_package/install/kk_driver_msg/local/lib/python3.10/dist-packages/kk_driver_msg/msg/_key_ctrl.py
[6.870s] -- Up-to-date: /home/kk/kk_ws/src/kk_driver_package/install/kk_driver_msg/local/lib/python3.10/dist-packages/kk_driver_msg/msg/_epb_status_s.c
[6.872s] -- Up-to-date: /home/kk/kk_ws/src/kk_driver_package/install/kk_driver_msg/local/lib/python3.10/dist-packages/kk_driver_msg/msg/_pwm_status_s.c
[6.873s] -- Up-to-date: /home/kk/kk_ws/src/kk_driver_package/install/kk_driver_msg/local/lib/python3.10/dist-packages/kk_driver_msg/msg/_bldc_cmd_s.c
[6.874s] -- Up-to-date: /home/kk/kk_ws/src/kk_driver_package/install/kk_driver_msg/local/lib/python3.10/dist-packages/kk_driver_msg/msg/_gm6020_cmd_s.c
[6.876s] -- Up-to-date: /home/kk/kk_ws/src/kk_driver_package/install/kk_driver_msg/local/lib/python3.10/dist-packages/kk_driver_msg/msg/_c610_cmd_s.c
[6.877s] -- Up-to-date: /home/kk/kk_ws/src/kk_driver_package/install/kk_driver_msg/local/lib/python3.10/dist-packages/kk_driver_msg/msg/_pwm_cmd_s.c
[6.878s] -- Up-to-date: /home/kk/kk_ws/src/kk_driver_package/install/kk_driver_msg/local/lib/python3.10/dist-packages/kk_driver_msg/_kk_driver_msg_s.ep.rosidl_typesupport_fastrtps_c.c
[7.258s] Listing '/home/kk/kk_ws/src/kk_driver_package/install/kk_driver_msg/local/lib/python3.10/dist-packages/kk_driver_msg'...
[7.261s] Listing '/home/kk/kk_ws/src/kk_driver_package/install/kk_driver_msg/local/lib/python3.10/dist-packages/kk_driver_msg/msg'...
[7.309s] -- Up-to-date: /home/kk/kk_ws/src/kk_driver_package/install/kk_driver_msg/local/lib/python3.10/dist-packages/kk_driver_msg/kk_driver_msg_s__rosidl_typesupport_fastrtps_c.cpython-310-aarch64-linux-gnu.so
[7.316s] -- Up-to-date: /home/kk/kk_ws/src/kk_driver_package/install/kk_driver_msg/local/lib/python3.10/dist-packages/kk_driver_msg/kk_driver_msg_s__rosidl_typesupport_introspection_c.cpython-310-aarch64-linux-gnu.so
[7.325s] -- Up-to-date: /home/kk/kk_ws/src/kk_driver_package/install/kk_driver_msg/local/lib/python3.10/dist-packages/kk_driver_msg/kk_driver_msg_s__rosidl_typesupport_c.cpython-310-aarch64-linux-gnu.so
[7.332s] -- Up-to-date: /home/kk/kk_ws/src/kk_driver_package/install/kk_driver_msg/lib/libkk_driver_msg__rosidl_generator_py.so
[7.336s] -- Up-to-date: /home/kk/kk_ws/src/kk_driver_package/install/kk_driver_msg/share/kk_driver_msg/msg/EpbCmd.idl
[7.338s] -- Up-to-date: /home/kk/kk_ws/src/kk_driver_package/install/kk_driver_msg/share/kk_driver_msg/msg/PwmCmd.idl
[7.340s] -- Up-to-date: /home/kk/kk_ws/src/kk_driver_package/install/kk_driver_msg/share/kk_driver_msg/msg/MotorCmd.idl
[7.342s] -- Up-to-date: /home/kk/kk_ws/src/kk_driver_package/install/kk_driver_msg/share/kk_driver_msg/msg/BldcCmd.idl
[7.346s] -- Up-to-date: /home/kk/kk_ws/src/kk_driver_package/install/kk_driver_msg/share/kk_driver_msg/msg/C610Cmd.idl
[7.347s] -- Up-to-date: /home/kk/kk_ws/src/kk_driver_package/install/kk_driver_msg/share/kk_driver_msg/msg/C610Status.idl
[7.349s] -- Up-to-date: /home/kk/kk_ws/src/kk_driver_package/install/kk_driver_msg/share/kk_driver_msg/msg/Gm6020Cmd.idl
[7.351s] -- Up-to-date: /home/kk/kk_ws/src/kk_driver_package/install/kk_driver_msg/share/kk_driver_msg/msg/Gm6020Status.idl
[7.357s] -- Up-to-date: /home/kk/kk_ws/src/kk_driver_package/install/kk_driver_msg/share/kk_driver_msg/msg/EpbStatus.idl
[7.358s] -- Up-to-date: /home/kk/kk_ws/src/kk_driver_package/install/kk_driver_msg/share/kk_driver_msg/msg/PwmStatus.idl
[7.360s] -- Up-to-date: /home/kk/kk_ws/src/kk_driver_package/install/kk_driver_msg/share/kk_driver_msg/msg/Encoder.idl
[7.361s] -- Up-to-date: /home/kk/kk_ws/src/kk_driver_package/install/kk_driver_msg/share/kk_driver_msg/msg/KeyCtrl.idl
[7.362s] -- Up-to-date: /home/kk/kk_ws/src/kk_driver_package/install/kk_driver_msg/share/kk_driver_msg/msg/Core.idl
[7.365s] -- Up-to-date: /home/kk/kk_ws/src/kk_driver_package/install/kk_driver_msg/share/kk_driver_msg/msg/CameraCmd.idl
[7.366s] -- Up-to-date: /home/kk/kk_ws/src/kk_driver_package/install/kk_driver_msg/share/kk_driver_msg/msg/MouseCtrl.idl
[7.368s] -- Up-to-date: /home/kk/kk_ws/src/kk_driver_package/install/kk_driver_msg/share/kk_driver_msg/msg/EpbCmd.msg
[7.373s] -- Up-to-date: /home/kk/kk_ws/src/kk_driver_package/install/kk_driver_msg/share/kk_driver_msg/msg/PwmCmd.msg
[7.377s] -- Up-to-date: /home/kk/kk_ws/src/kk_driver_package/install/kk_driver_msg/share/kk_driver_msg/msg/MotorCmd.msg
[7.396s] -- Up-to-date: /home/kk/kk_ws/src/kk_driver_package/install/kk_driver_msg/share/kk_driver_msg/msg/BldcCmd.msg
[7.400s] -- Up-to-date: /home/kk/kk_ws/src/kk_driver_package/install/kk_driver_msg/share/kk_driver_msg/msg/C610Cmd.msg
[7.405s] -- Up-to-date: /home/kk/kk_ws/src/kk_driver_package/install/kk_driver_msg/share/kk_driver_msg/msg/C610Status.msg
[7.409s] -- Up-to-date: /home/kk/kk_ws/src/kk_driver_package/install/kk_driver_msg/share/kk_driver_msg/msg/Gm6020Cmd.msg
[7.413s] -- Up-to-date: /home/kk/kk_ws/src/kk_driver_package/install/kk_driver_msg/share/kk_driver_msg/msg/Gm6020Status.msg
[7.414s] -- Up-to-date: /home/kk/kk_ws/src/kk_driver_package/install/kk_driver_msg/share/kk_driver_msg/msg/EpbStatus.msg
[7.416s] -- Up-to-date: /home/kk/kk_ws/src/kk_driver_package/install/kk_driver_msg/share/kk_driver_msg/msg/PwmStatus.msg
[7.417s] -- Up-to-date: /home/kk/kk_ws/src/kk_driver_package/install/kk_driver_msg/share/kk_driver_msg/msg/Encoder.msg
[7.419s] -- Up-to-date: /home/kk/kk_ws/src/kk_driver_package/install/kk_driver_msg/share/kk_driver_msg/msg/KeyCtrl.msg
[7.421s] -- Up-to-date: /home/kk/kk_ws/src/kk_driver_package/install/kk_driver_msg/share/kk_driver_msg/msg/Core.msg
[7.422s] -- Up-to-date: /home/kk/kk_ws/src/kk_driver_package/install/kk_driver_msg/share/kk_driver_msg/msg/CameraCmd.msg
[7.424s] -- Up-to-date: /home/kk/kk_ws/src/kk_driver_package/install/kk_driver_msg/share/kk_driver_msg/msg/MouseCtrl.msg
[7.427s] -- Up-to-date: /home/kk/kk_ws/src/kk_driver_package/install/kk_driver_msg/share/ament_index/resource_index/package_run_dependencies/kk_driver_msg
[7.428s] -- Up-to-date: /home/kk/kk_ws/src/kk_driver_package/install/kk_driver_msg/share/ament_index/resource_index/parent_prefix_path/kk_driver_msg
[7.429s] -- Up-to-date: /home/kk/kk_ws/src/kk_driver_package/install/kk_driver_msg/share/kk_driver_msg/environment/ament_prefix_path.sh
[7.432s] -- Up-to-date: /home/kk/kk_ws/src/kk_driver_package/install/kk_driver_msg/share/kk_driver_msg/environment/ament_prefix_path.dsv
[7.433s] -- Up-to-date: /home/kk/kk_ws/src/kk_driver_package/install/kk_driver_msg/share/kk_driver_msg/environment/path.sh
[7.434s] -- Up-to-date: /home/kk/kk_ws/src/kk_driver_package/install/kk_driver_msg/share/kk_driver_msg/environment/path.dsv
[7.435s] -- Up-to-date: /home/kk/kk_ws/src/kk_driver_package/install/kk_driver_msg/share/kk_driver_msg/local_setup.bash
[7.437s] -- Up-to-date: /home/kk/kk_ws/src/kk_driver_package/install/kk_driver_msg/share/kk_driver_msg/local_setup.sh
[7.438s] -- Up-to-date: /home/kk/kk_ws/src/kk_driver_package/install/kk_driver_msg/share/kk_driver_msg/local_setup.zsh
[7.439s] -- Up-to-date: /home/kk/kk_ws/src/kk_driver_package/install/kk_driver_msg/share/kk_driver_msg/local_setup.dsv
[7.440s] -- Installing: /home/kk/kk_ws/src/kk_driver_package/install/kk_driver_msg/share/kk_driver_msg/package.dsv
[7.442s] -- Up-to-date: /home/kk/kk_ws/src/kk_driver_package/install/kk_driver_msg/share/ament_index/resource_index/packages/kk_driver_msg
[7.447s] -- Up-to-date: /home/kk/kk_ws/src/kk_driver_package/install/kk_driver_msg/share/kk_driver_msg/cmake/export_kk_driver_msg__rosidl_generator_cExport.cmake
[7.449s] -- Up-to-date: /home/kk/kk_ws/src/kk_driver_package/install/kk_driver_msg/share/kk_driver_msg/cmake/export_kk_driver_msg__rosidl_generator_cExport-noconfig.cmake
[7.455s] -- Up-to-date: /home/kk/kk_ws/src/kk_driver_package/install/kk_driver_msg/share/kk_driver_msg/cmake/export_kk_driver_msg__rosidl_typesupport_fastrtps_cExport.cmake
[7.457s] -- Up-to-date: /home/kk/kk_ws/src/kk_driver_package/install/kk_driver_msg/share/kk_driver_msg/cmake/export_kk_driver_msg__rosidl_typesupport_fastrtps_cExport-noconfig.cmake
[7.462s] -- Up-to-date: /home/kk/kk_ws/src/kk_driver_package/install/kk_driver_msg/share/kk_driver_msg/cmake/kk_driver_msg__rosidl_typesupport_introspection_cExport.cmake
[7.463s] -- Up-to-date: /home/kk/kk_ws/src/kk_driver_package/install/kk_driver_msg/share/kk_driver_msg/cmake/kk_driver_msg__rosidl_typesupport_introspection_cExport-noconfig.cmake
[7.464s] -- Up-to-date: /home/kk/kk_ws/src/kk_driver_package/install/kk_driver_msg/share/kk_driver_msg/cmake/kk_driver_msg__rosidl_typesupport_cExport.cmake
[7.465s] -- Up-to-date: /home/kk/kk_ws/src/kk_driver_package/install/kk_driver_msg/share/kk_driver_msg/cmake/kk_driver_msg__rosidl_typesupport_cExport-noconfig.cmake
[7.467s] -- Up-to-date: /home/kk/kk_ws/src/kk_driver_package/install/kk_driver_msg/share/kk_driver_msg/cmake/export_kk_driver_msg__rosidl_generator_cppExport.cmake
[7.468s] -- Up-to-date: /home/kk/kk_ws/src/kk_driver_package/install/kk_driver_msg/share/kk_driver_msg/cmake/export_kk_driver_msg__rosidl_typesupport_fastrtps_cppExport.cmake
[7.470s] -- Up-to-date: /home/kk/kk_ws/src/kk_driver_package/install/kk_driver_msg/share/kk_driver_msg/cmake/export_kk_driver_msg__rosidl_typesupport_fastrtps_cppExport-noconfig.cmake
[7.474s] -- Up-to-date: /home/kk/kk_ws/src/kk_driver_package/install/kk_driver_msg/share/kk_driver_msg/cmake/kk_driver_msg__rosidl_typesupport_introspection_cppExport.cmake
[7.478s] -- Up-to-date: /home/kk/kk_ws/src/kk_driver_package/install/kk_driver_msg/share/kk_driver_msg/cmake/kk_driver_msg__rosidl_typesupport_introspection_cppExport-noconfig.cmake
[7.483s] -- Up-to-date: /home/kk/kk_ws/src/kk_driver_package/install/kk_driver_msg/share/kk_driver_msg/cmake/kk_driver_msg__rosidl_typesupport_cppExport.cmake
[7.488s] -- Up-to-date: /home/kk/kk_ws/src/kk_driver_package/install/kk_driver_msg/share/kk_driver_msg/cmake/kk_driver_msg__rosidl_typesupport_cppExport-noconfig.cmake
[7.493s] -- Up-to-date: /home/kk/kk_ws/src/kk_driver_package/install/kk_driver_msg/share/kk_driver_msg/cmake/export_kk_driver_msg__rosidl_generator_pyExport.cmake
[7.497s] -- Up-to-date: /home/kk/kk_ws/src/kk_driver_package/install/kk_driver_msg/share/kk_driver_msg/cmake/export_kk_driver_msg__rosidl_generator_pyExport-noconfig.cmake
[7.501s] -- Up-to-date: /home/kk/kk_ws/src/kk_driver_package/install/kk_driver_msg/share/kk_driver_msg/cmake/rosidl_cmake-extras.cmake
[7.505s] -- Up-to-date: /home/kk/kk_ws/src/kk_driver_package/install/kk_driver_msg/share/kk_driver_msg/cmake/ament_cmake_export_include_directories-extras.cmake
[7.509s] -- Up-to-date: /home/kk/kk_ws/src/kk_driver_package/install/kk_driver_msg/share/kk_driver_msg/cmake/ament_cmake_export_libraries-extras.cmake
[7.512s] -- Up-to-date: /home/kk/kk_ws/src/kk_driver_package/install/kk_driver_msg/share/kk_driver_msg/cmake/ament_cmake_export_targets-extras.cmake
[7.516s] -- Up-to-date: /home/kk/kk_ws/src/kk_driver_package/install/kk_driver_msg/share/kk_driver_msg/cmake/rosidl_cmake_export_typesupport_targets-extras.cmake
[7.520s] -- Up-to-date: /home/kk/kk_ws/src/kk_driver_package/install/kk_driver_msg/share/kk_driver_msg/cmake/ament_cmake_export_dependencies-extras.cmake
[7.524s] -- Up-to-date: /home/kk/kk_ws/src/kk_driver_package/install/kk_driver_msg/share/kk_driver_msg/cmake/rosidl_cmake_export_typesupport_libraries-extras.cmake
[7.528s] -- Up-to-date: /home/kk/kk_ws/src/kk_driver_package/install/kk_driver_msg/share/kk_driver_msg/cmake/kk_driver_msgConfig.cmake
[7.531s] -- Up-to-date: /home/kk/kk_ws/src/kk_driver_package/install/kk_driver_msg/share/kk_driver_msg/cmake/kk_driver_msgConfig-version.cmake
[7.534s] -- Up-to-date: /home/kk/kk_ws/src/kk_driver_package/install/kk_driver_msg/share/kk_driver_msg/package.xml
[7.564s] Invoked command in '/home/kk/kk_ws/src/kk_driver_package/build/kk_driver_msg' returned '0': CMAKE_PREFIX_PATH=${CMAKE_PREFIX_PATH}:/home/kk/kk_ws/install/kk_simulator:/home/kk/kk_ws/install/kk_receiver:/home/kk/kk_ws/install/core_camera:/opt/ros/humble /usr/bin/cmake --install /home/kk/kk_ws/src/kk_driver_package/build/kk_driver_msg
