[35m[1mConsolidate compiler generated dependencies of target kk_driver_msg__rosidl_generator_c[0m
[  0%] Built target kk_driver_msg__cpp
[ 12%] Built target kk_driver_msg__rosidl_generator_c
[35m[1mConsolidate compiler generated dependencies of target kk_driver_msg__rosidl_typesupport_cpp[0m
[35m[1mConsolidate compiler generated dependencies of target kk_driver_msg__rosidl_typesupport_fastrtps_cpp[0m
[ 12%] Built target ament_cmake_python_copy_kk_driver_msg
[35m[1mConsolidate compiler generated dependencies of target kk_driver_msg__rosidl_typesupport_introspection_cpp[0m
[35m[1mConsolidate compiler generated dependencies of target kk_driver_msg__rosidl_typesupport_fastrtps_c[0m
[ 24%] Built target kk_driver_msg__rosidl_typesupport_cpp
[ 36%] Built target kk_driver_msg__rosidl_typesupport_fastrtps_cpp
[35m[1mConsolidate compiler generated dependencies of target kk_driver_msg__rosidl_typesupport_introspection_c[0m
[35m[1mConsolidate compiler generated dependencies of target kk_driver_msg__rosidl_typesupport_c[0m
[ 48%] Built target kk_driver_msg__rosidl_typesupport_introspection_cpp
[ 60%] Built target kk_driver_msg__rosidl_typesupport_fastrtps_c
[ 72%] Built target kk_driver_msg__rosidl_typesupport_introspection_c
[ 84%] Built target kk_driver_msg__rosidl_typesupport_c
[ 84%] Built target kk_driver_msg
[ 85%] Built target kk_driver_msg__py
[35m[1mConsolidate compiler generated dependencies of target kk_driver_msg__rosidl_generator_py[0m
[ 96%] Built target kk_driver_msg__rosidl_generator_py
[35m[1mConsolidate compiler generated dependencies of target kk_driver_msg__rosidl_typesupport_introspection_c__pyext[0m
[35m[1mConsolidate compiler generated dependencies of target kk_driver_msg__rosidl_typesupport_c__pyext[0m
[35m[1mConsolidate compiler generated dependencies of target kk_driver_msg__rosidl_typesupport_fastrtps_c__pyext[0m
[ 97%] Built target kk_driver_msg__rosidl_typesupport_c__pyext
[ 99%] Built target kk_driver_msg__rosidl_typesupport_introspection_c__pyext
[100%] Built target kk_driver_msg__rosidl_typesupport_fastrtps_c__pyext
running egg_info
writing kk_driver_msg.egg-info/PKG-INFO
writing dependency_links to kk_driver_msg.egg-info/dependency_links.txt
writing top-level names to kk_driver_msg.egg-info/top_level.txt
reading manifest file 'kk_driver_msg.egg-info/SOURCES.txt'
writing manifest file 'kk_driver_msg.egg-info/SOURCES.txt'
[100%] Built target ament_cmake_python_build_kk_driver_msg_egg
-- Install configuration: ""
-- Up-to-date: /home/kk/kk_ws/src/kk_driver_package/install/kk_driver_msg/share/ament_index/resource_index/rosidl_interfaces/kk_driver_msg
-- Up-to-date: /home/kk/kk_ws/src/kk_driver_package/install/kk_driver_msg/include/kk_driver_msg/kk_driver_msg
-- Up-to-date: /home/kk/kk_ws/src/kk_driver_package/install/kk_driver_msg/include/kk_driver_msg/kk_driver_msg/msg
-- Up-to-date: /home/kk/kk_ws/src/kk_driver_package/install/kk_driver_msg/include/kk_driver_msg/kk_driver_msg/msg/key_ctrl.h
-- Up-to-date: /home/kk/kk_ws/src/kk_driver_package/install/kk_driver_msg/include/kk_driver_msg/kk_driver_msg/msg/core.h
-- Up-to-date: /home/kk/kk_ws/src/kk_driver_package/install/kk_driver_msg/include/kk_driver_msg/kk_driver_msg/msg/mouse_ctrl.h
-- Up-to-date: /home/kk/kk_ws/src/kk_driver_package/install/kk_driver_msg/include/kk_driver_msg/kk_driver_msg/msg/pwm_cmd.h
-- Up-to-date: /home/kk/kk_ws/src/kk_driver_package/install/kk_driver_msg/include/kk_driver_msg/kk_driver_msg/msg/c610_cmd.h
-- Up-to-date: /home/kk/kk_ws/src/kk_driver_package/install/kk_driver_msg/include/kk_driver_msg/kk_driver_msg/msg/bldc_cmd.h
-- Up-to-date: /home/kk/kk_ws/src/kk_driver_package/install/kk_driver_msg/include/kk_driver_msg/kk_driver_msg/msg/camera_cmd.h
-- Up-to-date: /home/kk/kk_ws/src/kk_driver_package/install/kk_driver_msg/include/kk_driver_msg/kk_driver_msg/msg/epb_cmd.h
-- Up-to-date: /home/kk/kk_ws/src/kk_driver_package/install/kk_driver_msg/include/kk_driver_msg/kk_driver_msg/msg/motor_cmd.h
-- Up-to-date: /home/kk/kk_ws/src/kk_driver_package/install/kk_driver_msg/include/kk_driver_msg/kk_driver_msg/msg/epb_status.h
-- Up-to-date: /home/kk/kk_ws/src/kk_driver_package/install/kk_driver_msg/include/kk_driver_msg/kk_driver_msg/msg/encoder.h
-- Up-to-date: /home/kk/kk_ws/src/kk_driver_package/install/kk_driver_msg/include/kk_driver_msg/kk_driver_msg/msg/rosidl_generator_c__visibility_control.h
-- Up-to-date: /home/kk/kk_ws/src/kk_driver_package/install/kk_driver_msg/include/kk_driver_msg/kk_driver_msg/msg/gm6020_cmd.h
-- Up-to-date: /home/kk/kk_ws/src/kk_driver_package/install/kk_driver_msg/include/kk_driver_msg/kk_driver_msg/msg/detail
-- Up-to-date: /home/kk/kk_ws/src/kk_driver_package/install/kk_driver_msg/include/kk_driver_msg/kk_driver_msg/msg/detail/pwm_cmd__functions.c
-- Up-to-date: /home/kk/kk_ws/src/kk_driver_package/install/kk_driver_msg/include/kk_driver_msg/kk_driver_msg/msg/detail/c610_cmd__type_support.h
-- Up-to-date: /home/kk/kk_ws/src/kk_driver_package/install/kk_driver_msg/include/kk_driver_msg/kk_driver_msg/msg/detail/gm6020_cmd__struct.h
-- Up-to-date: /home/kk/kk_ws/src/kk_driver_package/install/kk_driver_msg/include/kk_driver_msg/kk_driver_msg/msg/detail/camera_cmd__type_support.h
-- Up-to-date: /home/kk/kk_ws/src/kk_driver_package/install/kk_driver_msg/include/kk_driver_msg/kk_driver_msg/msg/detail/gm6020_cmd__type_support.h
-- Up-to-date: /home/kk/kk_ws/src/kk_driver_package/install/kk_driver_msg/include/kk_driver_msg/kk_driver_msg/msg/detail/bldc_cmd__type_support.h
-- Up-to-date: /home/kk/kk_ws/src/kk_driver_package/install/kk_driver_msg/include/kk_driver_msg/kk_driver_msg/msg/detail/pwm_cmd__type_support.h
-- Up-to-date: /home/kk/kk_ws/src/kk_driver_package/install/kk_driver_msg/include/kk_driver_msg/kk_driver_msg/msg/detail/camera_cmd__struct.h
-- Up-to-date: /home/kk/kk_ws/src/kk_driver_package/install/kk_driver_msg/include/kk_driver_msg/kk_driver_msg/msg/detail/epb_cmd__functions.c
-- Up-to-date: /home/kk/kk_ws/src/kk_driver_package/install/kk_driver_msg/include/kk_driver_msg/kk_driver_msg/msg/detail/c610_cmd__struct.h
-- Up-to-date: /home/kk/kk_ws/src/kk_driver_package/install/kk_driver_msg/include/kk_driver_msg/kk_driver_msg/msg/detail/core__type_support.h
-- Up-to-date: /home/kk/kk_ws/src/kk_driver_package/install/kk_driver_msg/include/kk_driver_msg/kk_driver_msg/msg/detail/gm6020_status__struct.h
-- Up-to-date: /home/kk/kk_ws/src/kk_driver_package/install/kk_driver_msg/include/kk_driver_msg/kk_driver_msg/msg/detail/mouse_ctrl__functions.c
-- Up-to-date: /home/kk/kk_ws/src/kk_driver_package/install/kk_driver_msg/include/kk_driver_msg/kk_driver_msg/msg/detail/encoder__functions.c
-- Up-to-date: /home/kk/kk_ws/src/kk_driver_package/install/kk_driver_msg/include/kk_driver_msg/kk_driver_msg/msg/detail/c610_status__functions.c
-- Up-to-date: /home/kk/kk_ws/src/kk_driver_package/install/kk_driver_msg/include/kk_driver_msg/kk_driver_msg/msg/detail/key_ctrl__functions.c
-- Up-to-date: /home/kk/kk_ws/src/kk_driver_package/install/kk_driver_msg/include/kk_driver_msg/kk_driver_msg/msg/detail/motor_cmd__type_support.h
-- Up-to-date: /home/kk/kk_ws/src/kk_driver_package/install/kk_driver_msg/include/kk_driver_msg/kk_driver_msg/msg/detail/core__struct.h
-- Up-to-date: /home/kk/kk_ws/src/kk_driver_package/install/kk_driver_msg/include/kk_driver_msg/kk_driver_msg/msg/detail/epb_status__struct.h
-- Up-to-date: /home/kk/kk_ws/src/kk_driver_package/install/kk_driver_msg/include/kk_driver_msg/kk_driver_msg/msg/detail/motor_cmd__functions.h
-- Up-to-date: /home/kk/kk_ws/src/kk_driver_package/install/kk_driver_msg/include/kk_driver_msg/kk_driver_msg/msg/detail/pwm_status__struct.h
-- Up-to-date: /home/kk/kk_ws/src/kk_driver_package/install/kk_driver_msg/include/kk_driver_msg/kk_driver_msg/msg/detail/core__functions.h
-- Up-to-date: /home/kk/kk_ws/src/kk_driver_package/install/kk_driver_msg/include/kk_driver_msg/kk_driver_msg/msg/detail/pwm_status__functions.c
-- Up-to-date: /home/kk/kk_ws/src/kk_driver_package/install/kk_driver_msg/include/kk_driver_msg/kk_driver_msg/msg/detail/c610_status__functions.h
-- Up-to-date: /home/kk/kk_ws/src/kk_driver_package/install/kk_driver_msg/include/kk_driver_msg/kk_driver_msg/msg/detail/gm6020_status__type_support.h
-- Up-to-date: /home/kk/kk_ws/src/kk_driver_package/install/kk_driver_msg/include/kk_driver_msg/kk_driver_msg/msg/detail/key_ctrl__type_support.h
-- Up-to-date: /home/kk/kk_ws/src/kk_driver_package/install/kk_driver_msg/include/kk_driver_msg/kk_driver_msg/msg/detail/pwm_cmd__functions.h
-- Up-to-date: /home/kk/kk_ws/src/kk_driver_package/install/kk_driver_msg/include/kk_driver_msg/kk_driver_msg/msg/detail/encoder__type_support.h
-- Up-to-date: /home/kk/kk_ws/src/kk_driver_package/install/kk_driver_msg/include/kk_driver_msg/kk_driver_msg/msg/detail/mouse_ctrl__type_support.h
-- Up-to-date: /home/kk/kk_ws/src/kk_driver_package/install/kk_driver_msg/include/kk_driver_msg/kk_driver_msg/msg/detail/motor_cmd__functions.c
-- Up-to-date: /home/kk/kk_ws/src/kk_driver_package/install/kk_driver_msg/include/kk_driver_msg/kk_driver_msg/msg/detail/c610_cmd__functions.c
-- Up-to-date: /home/kk/kk_ws/src/kk_driver_package/install/kk_driver_msg/include/kk_driver_msg/kk_driver_msg/msg/detail/pwm_status__functions.h
-- Up-to-date: /home/kk/kk_ws/src/kk_driver_package/install/kk_driver_msg/include/kk_driver_msg/kk_driver_msg/msg/detail/gm6020_cmd__functions.h
-- Up-to-date: /home/kk/kk_ws/src/kk_driver_package/install/kk_driver_msg/include/kk_driver_msg/kk_driver_msg/msg/detail/camera_cmd__functions.h
-- Up-to-date: /home/kk/kk_ws/src/kk_driver_package/install/kk_driver_msg/include/kk_driver_msg/kk_driver_msg/msg/detail/c610_cmd__functions.h
-- Up-to-date: /home/kk/kk_ws/src/kk_driver_package/install/kk_driver_msg/include/kk_driver_msg/kk_driver_msg/msg/detail/gm6020_status__functions.h
-- Up-to-date: /home/kk/kk_ws/src/kk_driver_package/install/kk_driver_msg/include/kk_driver_msg/kk_driver_msg/msg/detail/epb_status__type_support.h
-- Up-to-date: /home/kk/kk_ws/src/kk_driver_package/install/kk_driver_msg/include/kk_driver_msg/kk_driver_msg/msg/detail/c610_status__struct.h
-- Up-to-date: /home/kk/kk_ws/src/kk_driver_package/install/kk_driver_msg/include/kk_driver_msg/kk_driver_msg/msg/detail/pwm_status__type_support.h
-- Up-to-date: /home/kk/kk_ws/src/kk_driver_package/install/kk_driver_msg/include/kk_driver_msg/kk_driver_msg/msg/detail/mouse_ctrl__struct.h
-- Up-to-date: /home/kk/kk_ws/src/kk_driver_package/install/kk_driver_msg/include/kk_driver_msg/kk_driver_msg/msg/detail/core__functions.c
-- Up-to-date: /home/kk/kk_ws/src/kk_driver_package/install/kk_driver_msg/include/kk_driver_msg/kk_driver_msg/msg/detail/bldc_cmd__functions.c
-- Up-to-date: /home/kk/kk_ws/src/kk_driver_package/install/kk_driver_msg/include/kk_driver_msg/kk_driver_msg/msg/detail/motor_cmd__struct.h
-- Up-to-date: /home/kk/kk_ws/src/kk_driver_package/install/kk_driver_msg/include/kk_driver_msg/kk_driver_msg/msg/detail/epb_status__functions.h
-- Up-to-date: /home/kk/kk_ws/src/kk_driver_package/install/kk_driver_msg/include/kk_driver_msg/kk_driver_msg/msg/detail/key_ctrl__struct.h
-- Up-to-date: /home/kk/kk_ws/src/kk_driver_package/install/kk_driver_msg/include/kk_driver_msg/kk_driver_msg/msg/detail/epb_cmd__struct.h
-- Up-to-date: /home/kk/kk_ws/src/kk_driver_package/install/kk_driver_msg/include/kk_driver_msg/kk_driver_msg/msg/detail/mouse_ctrl__functions.h
-- Up-to-date: /home/kk/kk_ws/src/kk_driver_package/install/kk_driver_msg/include/kk_driver_msg/kk_driver_msg/msg/detail/encoder__functions.h
-- Up-to-date: /home/kk/kk_ws/src/kk_driver_package/install/kk_driver_msg/include/kk_driver_msg/kk_driver_msg/msg/detail/epb_status__functions.c
-- Up-to-date: /home/kk/kk_ws/src/kk_driver_package/install/kk_driver_msg/include/kk_driver_msg/kk_driver_msg/msg/detail/camera_cmd__functions.c
-- Up-to-date: /home/kk/kk_ws/src/kk_driver_package/install/kk_driver_msg/include/kk_driver_msg/kk_driver_msg/msg/detail/bldc_cmd__functions.h
-- Up-to-date: /home/kk/kk_ws/src/kk_driver_package/install/kk_driver_msg/include/kk_driver_msg/kk_driver_msg/msg/detail/pwm_cmd__struct.h
-- Up-to-date: /home/kk/kk_ws/src/kk_driver_package/install/kk_driver_msg/include/kk_driver_msg/kk_driver_msg/msg/detail/key_ctrl__functions.h
-- Up-to-date: /home/kk/kk_ws/src/kk_driver_package/install/kk_driver_msg/include/kk_driver_msg/kk_driver_msg/msg/detail/epb_cmd__functions.h
-- Up-to-date: /home/kk/kk_ws/src/kk_driver_package/install/kk_driver_msg/include/kk_driver_msg/kk_driver_msg/msg/detail/gm6020_cmd__functions.c
-- Up-to-date: /home/kk/kk_ws/src/kk_driver_package/install/kk_driver_msg/include/kk_driver_msg/kk_driver_msg/msg/detail/epb_cmd__type_support.h
-- Up-to-date: /home/kk/kk_ws/src/kk_driver_package/install/kk_driver_msg/include/kk_driver_msg/kk_driver_msg/msg/detail/encoder__struct.h
-- Up-to-date: /home/kk/kk_ws/src/kk_driver_package/install/kk_driver_msg/include/kk_driver_msg/kk_driver_msg/msg/detail/c610_status__type_support.h
-- Up-to-date: /home/kk/kk_ws/src/kk_driver_package/install/kk_driver_msg/include/kk_driver_msg/kk_driver_msg/msg/detail/gm6020_status__functions.c
-- Up-to-date: /home/kk/kk_ws/src/kk_driver_package/install/kk_driver_msg/include/kk_driver_msg/kk_driver_msg/msg/detail/bldc_cmd__struct.h
-- Up-to-date: /home/kk/kk_ws/src/kk_driver_package/install/kk_driver_msg/include/kk_driver_msg/kk_driver_msg/msg/pwm_status.h
-- Up-to-date: /home/kk/kk_ws/src/kk_driver_package/install/kk_driver_msg/include/kk_driver_msg/kk_driver_msg/msg/c610_status.h
-- Up-to-date: /home/kk/kk_ws/src/kk_driver_package/install/kk_driver_msg/include/kk_driver_msg/kk_driver_msg/msg/gm6020_status.h
-- Up-to-date: /home/kk/kk_ws/src/kk_driver_package/install/kk_driver_msg/share/kk_driver_msg/environment/library_path.sh
-- Up-to-date: /home/kk/kk_ws/src/kk_driver_package/install/kk_driver_msg/share/kk_driver_msg/environment/library_path.dsv
-- Up-to-date: /home/kk/kk_ws/src/kk_driver_package/install/kk_driver_msg/lib/libkk_driver_msg__rosidl_generator_c.so
-- Up-to-date: /home/kk/kk_ws/src/kk_driver_package/install/kk_driver_msg/include/kk_driver_msg/kk_driver_msg
-- Up-to-date: /home/kk/kk_ws/src/kk_driver_package/install/kk_driver_msg/include/kk_driver_msg/kk_driver_msg/msg
-- Up-to-date: /home/kk/kk_ws/src/kk_driver_package/install/kk_driver_msg/include/kk_driver_msg/kk_driver_msg/msg/rosidl_typesupport_fastrtps_c__visibility_control.h
-- Up-to-date: /home/kk/kk_ws/src/kk_driver_package/install/kk_driver_msg/include/kk_driver_msg/kk_driver_msg/msg/detail
-- Up-to-date: /home/kk/kk_ws/src/kk_driver_package/install/kk_driver_msg/include/kk_driver_msg/kk_driver_msg/msg/detail/epb_status__rosidl_typesupport_fastrtps_c.h
-- Up-to-date: /home/kk/kk_ws/src/kk_driver_package/install/kk_driver_msg/include/kk_driver_msg/kk_driver_msg/msg/detail/gm6020_status__rosidl_typesupport_fastrtps_c.h
-- Up-to-date: /home/kk/kk_ws/src/kk_driver_package/install/kk_driver_msg/include/kk_driver_msg/kk_driver_msg/msg/detail/c610_status__rosidl_typesupport_fastrtps_c.h
-- Up-to-date: /home/kk/kk_ws/src/kk_driver_package/install/kk_driver_msg/include/kk_driver_msg/kk_driver_msg/msg/detail/key_ctrl__rosidl_typesupport_fastrtps_c.h
-- Up-to-date: /home/kk/kk_ws/src/kk_driver_package/install/kk_driver_msg/include/kk_driver_msg/kk_driver_msg/msg/detail/encoder__rosidl_typesupport_fastrtps_c.h
-- Up-to-date: /home/kk/kk_ws/src/kk_driver_package/install/kk_driver_msg/include/kk_driver_msg/kk_driver_msg/msg/detail/bldc_cmd__rosidl_typesupport_fastrtps_c.h
-- Up-to-date: /home/kk/kk_ws/src/kk_driver_package/install/kk_driver_msg/include/kk_driver_msg/kk_driver_msg/msg/detail/motor_cmd__rosidl_typesupport_fastrtps_c.h
-- Up-to-date: /home/kk/kk_ws/src/kk_driver_package/install/kk_driver_msg/include/kk_driver_msg/kk_driver_msg/msg/detail/core__rosidl_typesupport_fastrtps_c.h
-- Up-to-date: /home/kk/kk_ws/src/kk_driver_package/install/kk_driver_msg/include/kk_driver_msg/kk_driver_msg/msg/detail/pwm_cmd__rosidl_typesupport_fastrtps_c.h
-- Up-to-date: /home/kk/kk_ws/src/kk_driver_package/install/kk_driver_msg/include/kk_driver_msg/kk_driver_msg/msg/detail/gm6020_cmd__rosidl_typesupport_fastrtps_c.h
-- Up-to-date: /home/kk/kk_ws/src/kk_driver_package/install/kk_driver_msg/include/kk_driver_msg/kk_driver_msg/msg/detail/mouse_ctrl__rosidl_typesupport_fastrtps_c.h
-- Up-to-date: /home/kk/kk_ws/src/kk_driver_package/install/kk_driver_msg/include/kk_driver_msg/kk_driver_msg/msg/detail/c610_cmd__rosidl_typesupport_fastrtps_c.h
-- Up-to-date: /home/kk/kk_ws/src/kk_driver_package/install/kk_driver_msg/include/kk_driver_msg/kk_driver_msg/msg/detail/epb_cmd__rosidl_typesupport_fastrtps_c.h
-- Up-to-date: /home/kk/kk_ws/src/kk_driver_package/install/kk_driver_msg/include/kk_driver_msg/kk_driver_msg/msg/detail/camera_cmd__rosidl_typesupport_fastrtps_c.h
-- Up-to-date: /home/kk/kk_ws/src/kk_driver_package/install/kk_driver_msg/include/kk_driver_msg/kk_driver_msg/msg/detail/pwm_status__rosidl_typesupport_fastrtps_c.h
-- Up-to-date: /home/kk/kk_ws/src/kk_driver_package/install/kk_driver_msg/lib/libkk_driver_msg__rosidl_typesupport_fastrtps_c.so
-- Up-to-date: /home/kk/kk_ws/src/kk_driver_package/install/kk_driver_msg/include/kk_driver_msg/kk_driver_msg
-- Up-to-date: /home/kk/kk_ws/src/kk_driver_package/install/kk_driver_msg/include/kk_driver_msg/kk_driver_msg/msg
-- Up-to-date: /home/kk/kk_ws/src/kk_driver_package/install/kk_driver_msg/include/kk_driver_msg/kk_driver_msg/msg/detail
-- Up-to-date: /home/kk/kk_ws/src/kk_driver_package/install/kk_driver_msg/include/kk_driver_msg/kk_driver_msg/msg/detail/c610_cmd__type_support.c
-- Up-to-date: /home/kk/kk_ws/src/kk_driver_package/install/kk_driver_msg/include/kk_driver_msg/kk_driver_msg/msg/detail/mouse_ctrl__rosidl_typesupport_introspection_c.h
-- Up-to-date: /home/kk/kk_ws/src/kk_driver_package/install/kk_driver_msg/include/kk_driver_msg/kk_driver_msg/msg/detail/core__type_support.c
-- Up-to-date: /home/kk/kk_ws/src/kk_driver_package/install/kk_driver_msg/include/kk_driver_msg/kk_driver_msg/msg/detail/pwm_cmd__rosidl_typesupport_introspection_c.h
-- Up-to-date: /home/kk/kk_ws/src/kk_driver_package/install/kk_driver_msg/include/kk_driver_msg/kk_driver_msg/msg/detail/gm6020_status__rosidl_typesupport_introspection_c.h
-- Up-to-date: /home/kk/kk_ws/src/kk_driver_package/install/kk_driver_msg/include/kk_driver_msg/kk_driver_msg/msg/detail/epb_status__type_support.c
-- Up-to-date: /home/kk/kk_ws/src/kk_driver_package/install/kk_driver_msg/include/kk_driver_msg/kk_driver_msg/msg/detail/gm6020_cmd__rosidl_typesupport_introspection_c.h
-- Up-to-date: /home/kk/kk_ws/src/kk_driver_package/install/kk_driver_msg/include/kk_driver_msg/kk_driver_msg/msg/detail/pwm_cmd__type_support.c
-- Up-to-date: /home/kk/kk_ws/src/kk_driver_package/install/kk_driver_msg/include/kk_driver_msg/kk_driver_msg/msg/detail/key_ctrl__rosidl_typesupport_introspection_c.h
-- Up-to-date: /home/kk/kk_ws/src/kk_driver_package/install/kk_driver_msg/include/kk_driver_msg/kk_driver_msg/msg/detail/c610_status__type_support.c
-- Up-to-date: /home/kk/kk_ws/src/kk_driver_package/install/kk_driver_msg/include/kk_driver_msg/kk_driver_msg/msg/detail/bldc_cmd__rosidl_typesupport_introspection_c.h
-- Up-to-date: /home/kk/kk_ws/src/kk_driver_package/install/kk_driver_msg/include/kk_driver_msg/kk_driver_msg/msg/detail/camera_cmd__type_support.c
-- Up-to-date: /home/kk/kk_ws/src/kk_driver_package/install/kk_driver_msg/include/kk_driver_msg/kk_driver_msg/msg/detail/epb_cmd__rosidl_typesupport_introspection_c.h
-- Up-to-date: /home/kk/kk_ws/src/kk_driver_package/install/kk_driver_msg/include/kk_driver_msg/kk_driver_msg/msg/detail/camera_cmd__rosidl_typesupport_introspection_c.h
-- Up-to-date: /home/kk/kk_ws/src/kk_driver_package/install/kk_driver_msg/include/kk_driver_msg/kk_driver_msg/msg/detail/gm6020_status__type_support.c
-- Up-to-date: /home/kk/kk_ws/src/kk_driver_package/install/kk_driver_msg/include/kk_driver_msg/kk_driver_msg/msg/detail/encoder__rosidl_typesupport_introspection_c.h
-- Up-to-date: /home/kk/kk_ws/src/kk_driver_package/install/kk_driver_msg/include/kk_driver_msg/kk_driver_msg/msg/detail/motor_cmd__rosidl_typesupport_introspection_c.h
-- Up-to-date: /home/kk/kk_ws/src/kk_driver_package/install/kk_driver_msg/include/kk_driver_msg/kk_driver_msg/msg/detail/encoder__type_support.c
-- Up-to-date: /home/kk/kk_ws/src/kk_driver_package/install/kk_driver_msg/include/kk_driver_msg/kk_driver_msg/msg/detail/c610_status__rosidl_typesupport_introspection_c.h
-- Up-to-date: /home/kk/kk_ws/src/kk_driver_package/install/kk_driver_msg/include/kk_driver_msg/kk_driver_msg/msg/detail/c610_cmd__rosidl_typesupport_introspection_c.h
-- Up-to-date: /home/kk/kk_ws/src/kk_driver_package/install/kk_driver_msg/include/kk_driver_msg/kk_driver_msg/msg/detail/pwm_status__rosidl_typesupport_introspection_c.h
-- Up-to-date: /home/kk/kk_ws/src/kk_driver_package/install/kk_driver_msg/include/kk_driver_msg/kk_driver_msg/msg/detail/epb_status__rosidl_typesupport_introspection_c.h
-- Up-to-date: /home/kk/kk_ws/src/kk_driver_package/install/kk_driver_msg/include/kk_driver_msg/kk_driver_msg/msg/detail/pwm_status__type_support.c
-- Up-to-date: /home/kk/kk_ws/src/kk_driver_package/install/kk_driver_msg/include/kk_driver_msg/kk_driver_msg/msg/detail/core__rosidl_typesupport_introspection_c.h
-- Up-to-date: /home/kk/kk_ws/src/kk_driver_package/install/kk_driver_msg/include/kk_driver_msg/kk_driver_msg/msg/detail/motor_cmd__type_support.c
-- Up-to-date: /home/kk/kk_ws/src/kk_driver_package/install/kk_driver_msg/include/kk_driver_msg/kk_driver_msg/msg/detail/epb_cmd__type_support.c
-- Up-to-date: /home/kk/kk_ws/src/kk_driver_package/install/kk_driver_msg/include/kk_driver_msg/kk_driver_msg/msg/detail/gm6020_cmd__type_support.c
-- Up-to-date: /home/kk/kk_ws/src/kk_driver_package/install/kk_driver_msg/include/kk_driver_msg/kk_driver_msg/msg/detail/key_ctrl__type_support.c
-- Up-to-date: /home/kk/kk_ws/src/kk_driver_package/install/kk_driver_msg/include/kk_driver_msg/kk_driver_msg/msg/detail/bldc_cmd__type_support.c
-- Up-to-date: /home/kk/kk_ws/src/kk_driver_package/install/kk_driver_msg/include/kk_driver_msg/kk_driver_msg/msg/detail/mouse_ctrl__type_support.c
-- Up-to-date: /home/kk/kk_ws/src/kk_driver_package/install/kk_driver_msg/include/kk_driver_msg/kk_driver_msg/msg/rosidl_typesupport_introspection_c__visibility_control.h
-- Up-to-date: /home/kk/kk_ws/src/kk_driver_package/install/kk_driver_msg/lib/libkk_driver_msg__rosidl_typesupport_introspection_c.so
-- Up-to-date: /home/kk/kk_ws/src/kk_driver_package/install/kk_driver_msg/lib/libkk_driver_msg__rosidl_typesupport_c.so
-- Up-to-date: /home/kk/kk_ws/src/kk_driver_package/install/kk_driver_msg/include/kk_driver_msg/kk_driver_msg
-- Up-to-date: /home/kk/kk_ws/src/kk_driver_package/install/kk_driver_msg/include/kk_driver_msg/kk_driver_msg/msg
-- Up-to-date: /home/kk/kk_ws/src/kk_driver_package/install/kk_driver_msg/include/kk_driver_msg/kk_driver_msg/msg/pwm_cmd.hpp
-- Up-to-date: /home/kk/kk_ws/src/kk_driver_package/install/kk_driver_msg/include/kk_driver_msg/kk_driver_msg/msg/gm6020_status.hpp
-- Up-to-date: /home/kk/kk_ws/src/kk_driver_package/install/kk_driver_msg/include/kk_driver_msg/kk_driver_msg/msg/core.hpp
-- Up-to-date: /home/kk/kk_ws/src/kk_driver_package/install/kk_driver_msg/include/kk_driver_msg/kk_driver_msg/msg/pwm_status.hpp
-- Up-to-date: /home/kk/kk_ws/src/kk_driver_package/install/kk_driver_msg/include/kk_driver_msg/kk_driver_msg/msg/encoder.hpp
-- Up-to-date: /home/kk/kk_ws/src/kk_driver_package/install/kk_driver_msg/include/kk_driver_msg/kk_driver_msg/msg/motor_cmd.hpp
-- Up-to-date: /home/kk/kk_ws/src/kk_driver_package/install/kk_driver_msg/include/kk_driver_msg/kk_driver_msg/msg/key_ctrl.hpp
-- Up-to-date: /home/kk/kk_ws/src/kk_driver_package/install/kk_driver_msg/include/kk_driver_msg/kk_driver_msg/msg/c610_cmd.hpp
-- Up-to-date: /home/kk/kk_ws/src/kk_driver_package/install/kk_driver_msg/include/kk_driver_msg/kk_driver_msg/msg/bldc_cmd.hpp
-- Up-to-date: /home/kk/kk_ws/src/kk_driver_package/install/kk_driver_msg/include/kk_driver_msg/kk_driver_msg/msg/c610_status.hpp
-- Up-to-date: /home/kk/kk_ws/src/kk_driver_package/install/kk_driver_msg/include/kk_driver_msg/kk_driver_msg/msg/camera_cmd.hpp
-- Up-to-date: /home/kk/kk_ws/src/kk_driver_package/install/kk_driver_msg/include/kk_driver_msg/kk_driver_msg/msg/epb_status.hpp
-- Up-to-date: /home/kk/kk_ws/src/kk_driver_package/install/kk_driver_msg/include/kk_driver_msg/kk_driver_msg/msg/detail
-- Up-to-date: /home/kk/kk_ws/src/kk_driver_package/install/kk_driver_msg/include/kk_driver_msg/kk_driver_msg/msg/detail/core__builder.hpp
-- Up-to-date: /home/kk/kk_ws/src/kk_driver_package/install/kk_driver_msg/include/kk_driver_msg/kk_driver_msg/msg/detail/core__type_support.hpp
-- Up-to-date: /home/kk/kk_ws/src/kk_driver_package/install/kk_driver_msg/include/kk_driver_msg/kk_driver_msg/msg/detail/bldc_cmd__builder.hpp
-- Up-to-date: /home/kk/kk_ws/src/kk_driver_package/install/kk_driver_msg/include/kk_driver_msg/kk_driver_msg/msg/detail/c610_status__builder.hpp
-- Up-to-date: /home/kk/kk_ws/src/kk_driver_package/install/kk_driver_msg/include/kk_driver_msg/kk_driver_msg/msg/detail/gm6020_cmd__struct.hpp
-- Up-to-date: /home/kk/kk_ws/src/kk_driver_package/install/kk_driver_msg/include/kk_driver_msg/kk_driver_msg/msg/detail/pwm_status__builder.hpp
-- Up-to-date: /home/kk/kk_ws/src/kk_driver_package/install/kk_driver_msg/include/kk_driver_msg/kk_driver_msg/msg/detail/camera_cmd__struct.hpp
-- Up-to-date: /home/kk/kk_ws/src/kk_driver_package/install/kk_driver_msg/include/kk_driver_msg/kk_driver_msg/msg/detail/pwm_status__traits.hpp
-- Up-to-date: /home/kk/kk_ws/src/kk_driver_package/install/kk_driver_msg/include/kk_driver_msg/kk_driver_msg/msg/detail/core__struct.hpp
-- Up-to-date: /home/kk/kk_ws/src/kk_driver_package/install/kk_driver_msg/include/kk_driver_msg/kk_driver_msg/msg/detail/encoder__builder.hpp
-- Up-to-date: /home/kk/kk_ws/src/kk_driver_package/install/kk_driver_msg/include/kk_driver_msg/kk_driver_msg/msg/detail/key_ctrl__builder.hpp
-- Up-to-date: /home/kk/kk_ws/src/kk_driver_package/install/kk_driver_msg/include/kk_driver_msg/kk_driver_msg/msg/detail/gm6020_status__traits.hpp
-- Up-to-date: /home/kk/kk_ws/src/kk_driver_package/install/kk_driver_msg/include/kk_driver_msg/kk_driver_msg/msg/detail/epb_cmd__type_support.hpp
-- Up-to-date: /home/kk/kk_ws/src/kk_driver_package/install/kk_driver_msg/include/kk_driver_msg/kk_driver_msg/msg/detail/gm6020_cmd__type_support.hpp
-- Up-to-date: /home/kk/kk_ws/src/kk_driver_package/install/kk_driver_msg/include/kk_driver_msg/kk_driver_msg/msg/detail/c610_cmd__struct.hpp
-- Up-to-date: /home/kk/kk_ws/src/kk_driver_package/install/kk_driver_msg/include/kk_driver_msg/kk_driver_msg/msg/detail/gm6020_cmd__traits.hpp
-- Up-to-date: /home/kk/kk_ws/src/kk_driver_package/install/kk_driver_msg/include/kk_driver_msg/kk_driver_msg/msg/detail/gm6020_status__type_support.hpp
-- Up-to-date: /home/kk/kk_ws/src/kk_driver_package/install/kk_driver_msg/include/kk_driver_msg/kk_driver_msg/msg/detail/encoder__type_support.hpp
-- Up-to-date: /home/kk/kk_ws/src/kk_driver_package/install/kk_driver_msg/include/kk_driver_msg/kk_driver_msg/msg/detail/epb_status__struct.hpp
-- Up-to-date: /home/kk/kk_ws/src/kk_driver_package/install/kk_driver_msg/include/kk_driver_msg/kk_driver_msg/msg/detail/core__traits.hpp
-- Up-to-date: /home/kk/kk_ws/src/kk_driver_package/install/kk_driver_msg/include/kk_driver_msg/kk_driver_msg/msg/detail/c610_cmd__builder.hpp
-- Up-to-date: /home/kk/kk_ws/src/kk_driver_package/install/kk_driver_msg/include/kk_driver_msg/kk_driver_msg/msg/detail/gm6020_status__struct.hpp
-- Up-to-date: /home/kk/kk_ws/src/kk_driver_package/install/kk_driver_msg/include/kk_driver_msg/kk_driver_msg/msg/detail/pwm_status__struct.hpp
-- Up-to-date: /home/kk/kk_ws/src/kk_driver_package/install/kk_driver_msg/include/kk_driver_msg/kk_driver_msg/msg/detail/motor_cmd__struct.hpp
-- Up-to-date: /home/kk/kk_ws/src/kk_driver_package/install/kk_driver_msg/include/kk_driver_msg/kk_driver_msg/msg/detail/motor_cmd__traits.hpp
-- Up-to-date: /home/kk/kk_ws/src/kk_driver_package/install/kk_driver_msg/include/kk_driver_msg/kk_driver_msg/msg/detail/epb_cmd__traits.hpp
-- Up-to-date: /home/kk/kk_ws/src/kk_driver_package/install/kk_driver_msg/include/kk_driver_msg/kk_driver_msg/msg/detail/epb_status__traits.hpp
-- Up-to-date: /home/kk/kk_ws/src/kk_driver_package/install/kk_driver_msg/include/kk_driver_msg/kk_driver_msg/msg/detail/bldc_cmd__traits.hpp
-- Up-to-date: /home/kk/kk_ws/src/kk_driver_package/install/kk_driver_msg/include/kk_driver_msg/kk_driver_msg/msg/detail/key_ctrl__traits.hpp
-- Up-to-date: /home/kk/kk_ws/src/kk_driver_package/install/kk_driver_msg/include/kk_driver_msg/kk_driver_msg/msg/detail/camera_cmd__type_support.hpp
-- Up-to-date: /home/kk/kk_ws/src/kk_driver_package/install/kk_driver_msg/include/kk_driver_msg/kk_driver_msg/msg/detail/mouse_ctrl__traits.hpp
-- Up-to-date: /home/kk/kk_ws/src/kk_driver_package/install/kk_driver_msg/include/kk_driver_msg/kk_driver_msg/msg/detail/epb_status__builder.hpp
-- Up-to-date: /home/kk/kk_ws/src/kk_driver_package/install/kk_driver_msg/include/kk_driver_msg/kk_driver_msg/msg/detail/c610_status__type_support.hpp
-- Up-to-date: /home/kk/kk_ws/src/kk_driver_package/install/kk_driver_msg/include/kk_driver_msg/kk_driver_msg/msg/detail/camera_cmd__builder.hpp
-- Up-to-date: /home/kk/kk_ws/src/kk_driver_package/install/kk_driver_msg/include/kk_driver_msg/kk_driver_msg/msg/detail/c610_cmd__traits.hpp
-- Up-to-date: /home/kk/kk_ws/src/kk_driver_package/install/kk_driver_msg/include/kk_driver_msg/kk_driver_msg/msg/detail/key_ctrl__type_support.hpp
-- Up-to-date: /home/kk/kk_ws/src/kk_driver_package/install/kk_driver_msg/include/kk_driver_msg/kk_driver_msg/msg/detail/camera_cmd__traits.hpp
-- Up-to-date: /home/kk/kk_ws/src/kk_driver_package/install/kk_driver_msg/include/kk_driver_msg/kk_driver_msg/msg/detail/pwm_cmd__struct.hpp
-- Up-to-date: /home/kk/kk_ws/src/kk_driver_package/install/kk_driver_msg/include/kk_driver_msg/kk_driver_msg/msg/detail/gm6020_status__builder.hpp
-- Up-to-date: /home/kk/kk_ws/src/kk_driver_package/install/kk_driver_msg/include/kk_driver_msg/kk_driver_msg/msg/detail/encoder__struct.hpp
-- Up-to-date: /home/kk/kk_ws/src/kk_driver_package/install/kk_driver_msg/include/kk_driver_msg/kk_driver_msg/msg/detail/epb_status__type_support.hpp
-- Up-to-date: /home/kk/kk_ws/src/kk_driver_package/install/kk_driver_msg/include/kk_driver_msg/kk_driver_msg/msg/detail/bldc_cmd__type_support.hpp
-- Up-to-date: /home/kk/kk_ws/src/kk_driver_package/install/kk_driver_msg/include/kk_driver_msg/kk_driver_msg/msg/detail/pwm_cmd__traits.hpp
-- Up-to-date: /home/kk/kk_ws/src/kk_driver_package/install/kk_driver_msg/include/kk_driver_msg/kk_driver_msg/msg/detail/motor_cmd__builder.hpp
-- Up-to-date: /home/kk/kk_ws/src/kk_driver_package/install/kk_driver_msg/include/kk_driver_msg/kk_driver_msg/msg/detail/motor_cmd__type_support.hpp
-- Up-to-date: /home/kk/kk_ws/src/kk_driver_package/install/kk_driver_msg/include/kk_driver_msg/kk_driver_msg/msg/detail/c610_status__traits.hpp
-- Up-to-date: /home/kk/kk_ws/src/kk_driver_package/install/kk_driver_msg/include/kk_driver_msg/kk_driver_msg/msg/detail/epb_cmd__struct.hpp
-- Up-to-date: /home/kk/kk_ws/src/kk_driver_package/install/kk_driver_msg/include/kk_driver_msg/kk_driver_msg/msg/detail/bldc_cmd__struct.hpp
-- Up-to-date: /home/kk/kk_ws/src/kk_driver_package/install/kk_driver_msg/include/kk_driver_msg/kk_driver_msg/msg/detail/c610_cmd__type_support.hpp
-- Up-to-date: /home/kk/kk_ws/src/kk_driver_package/install/kk_driver_msg/include/kk_driver_msg/kk_driver_msg/msg/detail/epb_cmd__builder.hpp
-- Up-to-date: /home/kk/kk_ws/src/kk_driver_package/install/kk_driver_msg/include/kk_driver_msg/kk_driver_msg/msg/detail/key_ctrl__struct.hpp
-- Up-to-date: /home/kk/kk_ws/src/kk_driver_package/install/kk_driver_msg/include/kk_driver_msg/kk_driver_msg/msg/detail/pwm_cmd__builder.hpp
-- Up-to-date: /home/kk/kk_ws/src/kk_driver_package/install/kk_driver_msg/include/kk_driver_msg/kk_driver_msg/msg/detail/mouse_ctrl__struct.hpp
-- Up-to-date: /home/kk/kk_ws/src/kk_driver_package/install/kk_driver_msg/include/kk_driver_msg/kk_driver_msg/msg/detail/pwm_status__type_support.hpp
-- Up-to-date: /home/kk/kk_ws/src/kk_driver_package/install/kk_driver_msg/include/kk_driver_msg/kk_driver_msg/msg/detail/pwm_cmd__type_support.hpp
-- Up-to-date: /home/kk/kk_ws/src/kk_driver_package/install/kk_driver_msg/include/kk_driver_msg/kk_driver_msg/msg/detail/mouse_ctrl__type_support.hpp
-- Up-to-date: /home/kk/kk_ws/src/kk_driver_package/install/kk_driver_msg/include/kk_driver_msg/kk_driver_msg/msg/detail/encoder__traits.hpp
-- Up-to-date: /home/kk/kk_ws/src/kk_driver_package/install/kk_driver_msg/include/kk_driver_msg/kk_driver_msg/msg/detail/gm6020_cmd__builder.hpp
-- Up-to-date: /home/kk/kk_ws/src/kk_driver_package/install/kk_driver_msg/include/kk_driver_msg/kk_driver_msg/msg/detail/mouse_ctrl__builder.hpp
-- Up-to-date: /home/kk/kk_ws/src/kk_driver_package/install/kk_driver_msg/include/kk_driver_msg/kk_driver_msg/msg/detail/c610_status__struct.hpp
-- Up-to-date: /home/kk/kk_ws/src/kk_driver_package/install/kk_driver_msg/include/kk_driver_msg/kk_driver_msg/msg/rosidl_generator_cpp__visibility_control.hpp
-- Up-to-date: /home/kk/kk_ws/src/kk_driver_package/install/kk_driver_msg/include/kk_driver_msg/kk_driver_msg/msg/mouse_ctrl.hpp
-- Up-to-date: /home/kk/kk_ws/src/kk_driver_package/install/kk_driver_msg/include/kk_driver_msg/kk_driver_msg/msg/epb_cmd.hpp
-- Up-to-date: /home/kk/kk_ws/src/kk_driver_package/install/kk_driver_msg/include/kk_driver_msg/kk_driver_msg/msg/gm6020_cmd.hpp
-- Up-to-date: /home/kk/kk_ws/src/kk_driver_package/install/kk_driver_msg/include/kk_driver_msg/kk_driver_msg
-- Up-to-date: /home/kk/kk_ws/src/kk_driver_package/install/kk_driver_msg/include/kk_driver_msg/kk_driver_msg/msg
-- Up-to-date: /home/kk/kk_ws/src/kk_driver_package/install/kk_driver_msg/include/kk_driver_msg/kk_driver_msg/msg/rosidl_typesupport_fastrtps_cpp__visibility_control.h
-- Up-to-date: /home/kk/kk_ws/src/kk_driver_package/install/kk_driver_msg/include/kk_driver_msg/kk_driver_msg/msg/detail
-- Up-to-date: /home/kk/kk_ws/src/kk_driver_package/install/kk_driver_msg/include/kk_driver_msg/kk_driver_msg/msg/detail/dds_fastrtps
-- Up-to-date: /home/kk/kk_ws/src/kk_driver_package/install/kk_driver_msg/include/kk_driver_msg/kk_driver_msg/msg/detail/bldc_cmd__rosidl_typesupport_fastrtps_cpp.hpp
-- Up-to-date: /home/kk/kk_ws/src/kk_driver_package/install/kk_driver_msg/include/kk_driver_msg/kk_driver_msg/msg/detail/pwm_cmd__rosidl_typesupport_fastrtps_cpp.hpp
-- Up-to-date: /home/kk/kk_ws/src/kk_driver_package/install/kk_driver_msg/include/kk_driver_msg/kk_driver_msg/msg/detail/key_ctrl__rosidl_typesupport_fastrtps_cpp.hpp
-- Up-to-date: /home/kk/kk_ws/src/kk_driver_package/install/kk_driver_msg/include/kk_driver_msg/kk_driver_msg/msg/detail/core__rosidl_typesupport_fastrtps_cpp.hpp
-- Up-to-date: /home/kk/kk_ws/src/kk_driver_package/install/kk_driver_msg/include/kk_driver_msg/kk_driver_msg/msg/detail/gm6020_status__rosidl_typesupport_fastrtps_cpp.hpp
-- Up-to-date: /home/kk/kk_ws/src/kk_driver_package/install/kk_driver_msg/include/kk_driver_msg/kk_driver_msg/msg/detail/c610_cmd__rosidl_typesupport_fastrtps_cpp.hpp
-- Up-to-date: /home/kk/kk_ws/src/kk_driver_package/install/kk_driver_msg/include/kk_driver_msg/kk_driver_msg/msg/detail/c610_status__rosidl_typesupport_fastrtps_cpp.hpp
-- Up-to-date: /home/kk/kk_ws/src/kk_driver_package/install/kk_driver_msg/include/kk_driver_msg/kk_driver_msg/msg/detail/encoder__rosidl_typesupport_fastrtps_cpp.hpp
-- Up-to-date: /home/kk/kk_ws/src/kk_driver_package/install/kk_driver_msg/include/kk_driver_msg/kk_driver_msg/msg/detail/mouse_ctrl__rosidl_typesupport_fastrtps_cpp.hpp
-- Up-to-date: /home/kk/kk_ws/src/kk_driver_package/install/kk_driver_msg/include/kk_driver_msg/kk_driver_msg/msg/detail/camera_cmd__rosidl_typesupport_fastrtps_cpp.hpp
-- Up-to-date: /home/kk/kk_ws/src/kk_driver_package/install/kk_driver_msg/include/kk_driver_msg/kk_driver_msg/msg/detail/epb_status__rosidl_typesupport_fastrtps_cpp.hpp
-- Up-to-date: /home/kk/kk_ws/src/kk_driver_package/install/kk_driver_msg/include/kk_driver_msg/kk_driver_msg/msg/detail/pwm_status__rosidl_typesupport_fastrtps_cpp.hpp
-- Up-to-date: /home/kk/kk_ws/src/kk_driver_package/install/kk_driver_msg/include/kk_driver_msg/kk_driver_msg/msg/detail/gm6020_cmd__rosidl_typesupport_fastrtps_cpp.hpp
-- Up-to-date: /home/kk/kk_ws/src/kk_driver_package/install/kk_driver_msg/include/kk_driver_msg/kk_driver_msg/msg/detail/epb_cmd__rosidl_typesupport_fastrtps_cpp.hpp
-- Up-to-date: /home/kk/kk_ws/src/kk_driver_package/install/kk_driver_msg/include/kk_driver_msg/kk_driver_msg/msg/detail/motor_cmd__rosidl_typesupport_fastrtps_cpp.hpp
-- Up-to-date: /home/kk/kk_ws/src/kk_driver_package/install/kk_driver_msg/lib/libkk_driver_msg__rosidl_typesupport_fastrtps_cpp.so
-- Up-to-date: /home/kk/kk_ws/src/kk_driver_package/install/kk_driver_msg/include/kk_driver_msg/kk_driver_msg
-- Up-to-date: /home/kk/kk_ws/src/kk_driver_package/install/kk_driver_msg/include/kk_driver_msg/kk_driver_msg/msg
-- Up-to-date: /home/kk/kk_ws/src/kk_driver_package/install/kk_driver_msg/include/kk_driver_msg/kk_driver_msg/msg/detail
-- Up-to-date: /home/kk/kk_ws/src/kk_driver_package/install/kk_driver_msg/include/kk_driver_msg/kk_driver_msg/msg/detail/key_ctrl__rosidl_typesupport_introspection_cpp.hpp
-- Up-to-date: /home/kk/kk_ws/src/kk_driver_package/install/kk_driver_msg/include/kk_driver_msg/kk_driver_msg/msg/detail/pwm_cmd__rosidl_typesupport_introspection_cpp.hpp
-- Up-to-date: /home/kk/kk_ws/src/kk_driver_package/install/kk_driver_msg/include/kk_driver_msg/kk_driver_msg/msg/detail/key_ctrl__type_support.cpp
-- Up-to-date: /home/kk/kk_ws/src/kk_driver_package/install/kk_driver_msg/include/kk_driver_msg/kk_driver_msg/msg/detail/pwm_status__type_support.cpp
-- Up-to-date: /home/kk/kk_ws/src/kk_driver_package/install/kk_driver_msg/include/kk_driver_msg/kk_driver_msg/msg/detail/gm6020_status__rosidl_typesupport_introspection_cpp.hpp
-- Up-to-date: /home/kk/kk_ws/src/kk_driver_package/install/kk_driver_msg/include/kk_driver_msg/kk_driver_msg/msg/detail/gm6020_status__type_support.cpp
-- Up-to-date: /home/kk/kk_ws/src/kk_driver_package/install/kk_driver_msg/include/kk_driver_msg/kk_driver_msg/msg/detail/pwm_status__rosidl_typesupport_introspection_cpp.hpp
-- Up-to-date: /home/kk/kk_ws/src/kk_driver_package/install/kk_driver_msg/include/kk_driver_msg/kk_driver_msg/msg/detail/c610_cmd__type_support.cpp
-- Up-to-date: /home/kk/kk_ws/src/kk_driver_package/install/kk_driver_msg/include/kk_driver_msg/kk_driver_msg/msg/detail/c610_cmd__rosidl_typesupport_introspection_cpp.hpp
-- Up-to-date: /home/kk/kk_ws/src/kk_driver_package/install/kk_driver_msg/include/kk_driver_msg/kk_driver_msg/msg/detail/motor_cmd__type_support.cpp
-- Up-to-date: /home/kk/kk_ws/src/kk_driver_package/install/kk_driver_msg/include/kk_driver_msg/kk_driver_msg/msg/detail/c610_status__type_support.cpp
-- Up-to-date: /home/kk/kk_ws/src/kk_driver_package/install/kk_driver_msg/include/kk_driver_msg/kk_driver_msg/msg/detail/encoder__type_support.cpp
-- Up-to-date: /home/kk/kk_ws/src/kk_driver_package/install/kk_driver_msg/include/kk_driver_msg/kk_driver_msg/msg/detail/c610_status__rosidl_typesupport_introspection_cpp.hpp
-- Up-to-date: /home/kk/kk_ws/src/kk_driver_package/install/kk_driver_msg/include/kk_driver_msg/kk_driver_msg/msg/detail/gm6020_cmd__type_support.cpp
-- Up-to-date: /home/kk/kk_ws/src/kk_driver_package/install/kk_driver_msg/include/kk_driver_msg/kk_driver_msg/msg/detail/mouse_ctrl__rosidl_typesupport_introspection_cpp.hpp
-- Up-to-date: /home/kk/kk_ws/src/kk_driver_package/install/kk_driver_msg/include/kk_driver_msg/kk_driver_msg/msg/detail/pwm_cmd__type_support.cpp
-- Up-to-date: /home/kk/kk_ws/src/kk_driver_package/install/kk_driver_msg/include/kk_driver_msg/kk_driver_msg/msg/detail/bldc_cmd__type_support.cpp
-- Up-to-date: /home/kk/kk_ws/src/kk_driver_package/install/kk_driver_msg/include/kk_driver_msg/kk_driver_msg/msg/detail/core__rosidl_typesupport_introspection_cpp.hpp
-- Up-to-date: /home/kk/kk_ws/src/kk_driver_package/install/kk_driver_msg/include/kk_driver_msg/kk_driver_msg/msg/detail/camera_cmd__type_support.cpp
-- Up-to-date: /home/kk/kk_ws/src/kk_driver_package/install/kk_driver_msg/include/kk_driver_msg/kk_driver_msg/msg/detail/gm6020_cmd__rosidl_typesupport_introspection_cpp.hpp
-- Up-to-date: /home/kk/kk_ws/src/kk_driver_package/install/kk_driver_msg/include/kk_driver_msg/kk_driver_msg/msg/detail/epb_cmd__type_support.cpp
-- Up-to-date: /home/kk/kk_ws/src/kk_driver_package/install/kk_driver_msg/include/kk_driver_msg/kk_driver_msg/msg/detail/motor_cmd__rosidl_typesupport_introspection_cpp.hpp
-- Up-to-date: /home/kk/kk_ws/src/kk_driver_package/install/kk_driver_msg/include/kk_driver_msg/kk_driver_msg/msg/detail/mouse_ctrl__type_support.cpp
-- Up-to-date: /home/kk/kk_ws/src/kk_driver_package/install/kk_driver_msg/include/kk_driver_msg/kk_driver_msg/msg/detail/camera_cmd__rosidl_typesupport_introspection_cpp.hpp
-- Up-to-date: /home/kk/kk_ws/src/kk_driver_package/install/kk_driver_msg/include/kk_driver_msg/kk_driver_msg/msg/detail/core__type_support.cpp
-- Up-to-date: /home/kk/kk_ws/src/kk_driver_package/install/kk_driver_msg/include/kk_driver_msg/kk_driver_msg/msg/detail/epb_status__rosidl_typesupport_introspection_cpp.hpp
-- Up-to-date: /home/kk/kk_ws/src/kk_driver_package/install/kk_driver_msg/include/kk_driver_msg/kk_driver_msg/msg/detail/epb_cmd__rosidl_typesupport_introspection_cpp.hpp
-- Up-to-date: /home/kk/kk_ws/src/kk_driver_package/install/kk_driver_msg/include/kk_driver_msg/kk_driver_msg/msg/detail/epb_status__type_support.cpp
-- Up-to-date: /home/kk/kk_ws/src/kk_driver_package/install/kk_driver_msg/include/kk_driver_msg/kk_driver_msg/msg/detail/encoder__rosidl_typesupport_introspection_cpp.hpp
-- Up-to-date: /home/kk/kk_ws/src/kk_driver_package/install/kk_driver_msg/include/kk_driver_msg/kk_driver_msg/msg/detail/bldc_cmd__rosidl_typesupport_introspection_cpp.hpp
-- Up-to-date: /home/kk/kk_ws/src/kk_driver_package/install/kk_driver_msg/lib/libkk_driver_msg__rosidl_typesupport_introspection_cpp.so
-- Up-to-date: /home/kk/kk_ws/src/kk_driver_package/install/kk_driver_msg/lib/libkk_driver_msg__rosidl_typesupport_cpp.so
-- Up-to-date: /home/kk/kk_ws/src/kk_driver_package/install/kk_driver_msg/share/kk_driver_msg/environment/pythonpath.sh
-- Up-to-date: /home/kk/kk_ws/src/kk_driver_package/install/kk_driver_msg/share/kk_driver_msg/environment/pythonpath.dsv
-- Up-to-date: /home/kk/kk_ws/src/kk_driver_package/install/kk_driver_msg/local/lib/python3.10/dist-packages/kk_driver_msg-0.0.1-py3.10.egg-info
-- Installing: /home/kk/kk_ws/src/kk_driver_package/install/kk_driver_msg/local/lib/python3.10/dist-packages/kk_driver_msg-0.0.1-py3.10.egg-info/PKG-INFO
-- Installing: /home/kk/kk_ws/src/kk_driver_package/install/kk_driver_msg/local/lib/python3.10/dist-packages/kk_driver_msg-0.0.1-py3.10.egg-info/top_level.txt
-- Installing: /home/kk/kk_ws/src/kk_driver_package/install/kk_driver_msg/local/lib/python3.10/dist-packages/kk_driver_msg-0.0.1-py3.10.egg-info/SOURCES.txt
-- Installing: /home/kk/kk_ws/src/kk_driver_package/install/kk_driver_msg/local/lib/python3.10/dist-packages/kk_driver_msg-0.0.1-py3.10.egg-info/dependency_links.txt
-- Up-to-date: /home/kk/kk_ws/src/kk_driver_package/install/kk_driver_msg/local/lib/python3.10/dist-packages/kk_driver_msg
-- Up-to-date: /home/kk/kk_ws/src/kk_driver_package/install/kk_driver_msg/local/lib/python3.10/dist-packages/kk_driver_msg/__init__.py
-- Up-to-date: /home/kk/kk_ws/src/kk_driver_package/install/kk_driver_msg/local/lib/python3.10/dist-packages/kk_driver_msg/kk_driver_msg_s__rosidl_typesupport_introspection_c.cpython-310-aarch64-linux-gnu.so
-- Up-to-date: /home/kk/kk_ws/src/kk_driver_package/install/kk_driver_msg/local/lib/python3.10/dist-packages/kk_driver_msg/libkk_driver_msg__rosidl_generator_py.so
-- Up-to-date: /home/kk/kk_ws/src/kk_driver_package/install/kk_driver_msg/local/lib/python3.10/dist-packages/kk_driver_msg/kk_driver_msg_s__rosidl_typesupport_c.cpython-310-aarch64-linux-gnu.so
-- Up-to-date: /home/kk/kk_ws/src/kk_driver_package/install/kk_driver_msg/local/lib/python3.10/dist-packages/kk_driver_msg/_kk_driver_msg_s.ep.rosidl_typesupport_c.c
-- Up-to-date: /home/kk/kk_ws/src/kk_driver_package/install/kk_driver_msg/local/lib/python3.10/dist-packages/kk_driver_msg/kk_driver_msg_s__rosidl_typesupport_fastrtps_c.cpython-310-aarch64-linux-gnu.so
-- Up-to-date: /home/kk/kk_ws/src/kk_driver_package/install/kk_driver_msg/local/lib/python3.10/dist-packages/kk_driver_msg/_kk_driver_msg_s.ep.rosidl_typesupport_introspection_c.c
-- Up-to-date: /home/kk/kk_ws/src/kk_driver_package/install/kk_driver_msg/local/lib/python3.10/dist-packages/kk_driver_msg/msg
-- Up-to-date: /home/kk/kk_ws/src/kk_driver_package/install/kk_driver_msg/local/lib/python3.10/dist-packages/kk_driver_msg/msg/_gm6020_status_s.c
-- Up-to-date: /home/kk/kk_ws/src/kk_driver_package/install/kk_driver_msg/local/lib/python3.10/dist-packages/kk_driver_msg/msg/_c610_status_s.c
-- Up-to-date: /home/kk/kk_ws/src/kk_driver_package/install/kk_driver_msg/local/lib/python3.10/dist-packages/kk_driver_msg/msg/__init__.py
-- Up-to-date: /home/kk/kk_ws/src/kk_driver_package/install/kk_driver_msg/local/lib/python3.10/dist-packages/kk_driver_msg/msg/_encoder.py
-- Up-to-date: /home/kk/kk_ws/src/kk_driver_package/install/kk_driver_msg/local/lib/python3.10/dist-packages/kk_driver_msg/msg/_pwm_cmd.py
-- Up-to-date: /home/kk/kk_ws/src/kk_driver_package/install/kk_driver_msg/local/lib/python3.10/dist-packages/kk_driver_msg/msg/_motor_cmd_s.c
-- Up-to-date: /home/kk/kk_ws/src/kk_driver_package/install/kk_driver_msg/local/lib/python3.10/dist-packages/kk_driver_msg/msg/_key_ctrl_s.c
-- Up-to-date: /home/kk/kk_ws/src/kk_driver_package/install/kk_driver_msg/local/lib/python3.10/dist-packages/kk_driver_msg/msg/_c610_cmd.py
-- Up-to-date: /home/kk/kk_ws/src/kk_driver_package/install/kk_driver_msg/local/lib/python3.10/dist-packages/kk_driver_msg/msg/_pwm_status.py
-- Up-to-date: /home/kk/kk_ws/src/kk_driver_package/install/kk_driver_msg/local/lib/python3.10/dist-packages/kk_driver_msg/msg/_epb_cmd_s.c
-- Up-to-date: /home/kk/kk_ws/src/kk_driver_package/install/kk_driver_msg/local/lib/python3.10/dist-packages/kk_driver_msg/msg/_camera_cmd.py
-- Up-to-date: /home/kk/kk_ws/src/kk_driver_package/install/kk_driver_msg/local/lib/python3.10/dist-packages/kk_driver_msg/msg/_bldc_cmd.py
-- Up-to-date: /home/kk/kk_ws/src/kk_driver_package/install/kk_driver_msg/local/lib/python3.10/dist-packages/kk_driver_msg/msg/_core.py
-- Up-to-date: /home/kk/kk_ws/src/kk_driver_package/install/kk_driver_msg/local/lib/python3.10/dist-packages/kk_driver_msg/msg/_encoder_s.c
-- Up-to-date: /home/kk/kk_ws/src/kk_driver_package/install/kk_driver_msg/local/lib/python3.10/dist-packages/kk_driver_msg/msg/_epb_status.py
-- Up-to-date: /home/kk/kk_ws/src/kk_driver_package/install/kk_driver_msg/local/lib/python3.10/dist-packages/kk_driver_msg/msg/_core_s.c
-- Up-to-date: /home/kk/kk_ws/src/kk_driver_package/install/kk_driver_msg/local/lib/python3.10/dist-packages/kk_driver_msg/msg/_gm6020_status.py
-- Up-to-date: /home/kk/kk_ws/src/kk_driver_package/install/kk_driver_msg/local/lib/python3.10/dist-packages/kk_driver_msg/msg/_gm6020_cmd.py
-- Up-to-date: /home/kk/kk_ws/src/kk_driver_package/install/kk_driver_msg/local/lib/python3.10/dist-packages/kk_driver_msg/msg/_motor_cmd.py
-- Up-to-date: /home/kk/kk_ws/src/kk_driver_package/install/kk_driver_msg/local/lib/python3.10/dist-packages/kk_driver_msg/msg/_mouse_ctrl.py
-- Up-to-date: /home/kk/kk_ws/src/kk_driver_package/install/kk_driver_msg/local/lib/python3.10/dist-packages/kk_driver_msg/msg/_epb_cmd.py
-- Up-to-date: /home/kk/kk_ws/src/kk_driver_package/install/kk_driver_msg/local/lib/python3.10/dist-packages/kk_driver_msg/msg/_mouse_ctrl_s.c
-- Up-to-date: /home/kk/kk_ws/src/kk_driver_package/install/kk_driver_msg/local/lib/python3.10/dist-packages/kk_driver_msg/msg/_c610_status.py
-- Up-to-date: /home/kk/kk_ws/src/kk_driver_package/install/kk_driver_msg/local/lib/python3.10/dist-packages/kk_driver_msg/msg/_camera_cmd_s.c
-- Up-to-date: /home/kk/kk_ws/src/kk_driver_package/install/kk_driver_msg/local/lib/python3.10/dist-packages/kk_driver_msg/msg/_key_ctrl.py
-- Up-to-date: /home/kk/kk_ws/src/kk_driver_package/install/kk_driver_msg/local/lib/python3.10/dist-packages/kk_driver_msg/msg/_epb_status_s.c
-- Up-to-date: /home/kk/kk_ws/src/kk_driver_package/install/kk_driver_msg/local/lib/python3.10/dist-packages/kk_driver_msg/msg/_pwm_status_s.c
-- Up-to-date: /home/kk/kk_ws/src/kk_driver_package/install/kk_driver_msg/local/lib/python3.10/dist-packages/kk_driver_msg/msg/_bldc_cmd_s.c
-- Up-to-date: /home/kk/kk_ws/src/kk_driver_package/install/kk_driver_msg/local/lib/python3.10/dist-packages/kk_driver_msg/msg/_gm6020_cmd_s.c
-- Up-to-date: /home/kk/kk_ws/src/kk_driver_package/install/kk_driver_msg/local/lib/python3.10/dist-packages/kk_driver_msg/msg/_c610_cmd_s.c
-- Up-to-date: /home/kk/kk_ws/src/kk_driver_package/install/kk_driver_msg/local/lib/python3.10/dist-packages/kk_driver_msg/msg/_pwm_cmd_s.c
-- Up-to-date: /home/kk/kk_ws/src/kk_driver_package/install/kk_driver_msg/local/lib/python3.10/dist-packages/kk_driver_msg/_kk_driver_msg_s.ep.rosidl_typesupport_fastrtps_c.c
Listing '/home/kk/kk_ws/src/kk_driver_package/install/kk_driver_msg/local/lib/python3.10/dist-packages/kk_driver_msg'...
Listing '/home/kk/kk_ws/src/kk_driver_package/install/kk_driver_msg/local/lib/python3.10/dist-packages/kk_driver_msg/msg'...
-- Up-to-date: /home/kk/kk_ws/src/kk_driver_package/install/kk_driver_msg/local/lib/python3.10/dist-packages/kk_driver_msg/kk_driver_msg_s__rosidl_typesupport_fastrtps_c.cpython-310-aarch64-linux-gnu.so
-- Up-to-date: /home/kk/kk_ws/src/kk_driver_package/install/kk_driver_msg/local/lib/python3.10/dist-packages/kk_driver_msg/kk_driver_msg_s__rosidl_typesupport_introspection_c.cpython-310-aarch64-linux-gnu.so
-- Up-to-date: /home/kk/kk_ws/src/kk_driver_package/install/kk_driver_msg/local/lib/python3.10/dist-packages/kk_driver_msg/kk_driver_msg_s__rosidl_typesupport_c.cpython-310-aarch64-linux-gnu.so
-- Up-to-date: /home/kk/kk_ws/src/kk_driver_package/install/kk_driver_msg/lib/libkk_driver_msg__rosidl_generator_py.so
-- Up-to-date: /home/kk/kk_ws/src/kk_driver_package/install/kk_driver_msg/share/kk_driver_msg/msg/EpbCmd.idl
-- Up-to-date: /home/kk/kk_ws/src/kk_driver_package/install/kk_driver_msg/share/kk_driver_msg/msg/PwmCmd.idl
-- Up-to-date: /home/kk/kk_ws/src/kk_driver_package/install/kk_driver_msg/share/kk_driver_msg/msg/MotorCmd.idl
-- Up-to-date: /home/kk/kk_ws/src/kk_driver_package/install/kk_driver_msg/share/kk_driver_msg/msg/BldcCmd.idl
-- Up-to-date: /home/kk/kk_ws/src/kk_driver_package/install/kk_driver_msg/share/kk_driver_msg/msg/C610Cmd.idl
-- Up-to-date: /home/kk/kk_ws/src/kk_driver_package/install/kk_driver_msg/share/kk_driver_msg/msg/C610Status.idl
-- Up-to-date: /home/kk/kk_ws/src/kk_driver_package/install/kk_driver_msg/share/kk_driver_msg/msg/Gm6020Cmd.idl
-- Up-to-date: /home/kk/kk_ws/src/kk_driver_package/install/kk_driver_msg/share/kk_driver_msg/msg/Gm6020Status.idl
-- Up-to-date: /home/kk/kk_ws/src/kk_driver_package/install/kk_driver_msg/share/kk_driver_msg/msg/EpbStatus.idl
-- Up-to-date: /home/kk/kk_ws/src/kk_driver_package/install/kk_driver_msg/share/kk_driver_msg/msg/PwmStatus.idl
-- Up-to-date: /home/kk/kk_ws/src/kk_driver_package/install/kk_driver_msg/share/kk_driver_msg/msg/Encoder.idl
-- Up-to-date: /home/kk/kk_ws/src/kk_driver_package/install/kk_driver_msg/share/kk_driver_msg/msg/KeyCtrl.idl
-- Up-to-date: /home/kk/kk_ws/src/kk_driver_package/install/kk_driver_msg/share/kk_driver_msg/msg/Core.idl
-- Up-to-date: /home/kk/kk_ws/src/kk_driver_package/install/kk_driver_msg/share/kk_driver_msg/msg/CameraCmd.idl
-- Up-to-date: /home/kk/kk_ws/src/kk_driver_package/install/kk_driver_msg/share/kk_driver_msg/msg/MouseCtrl.idl
-- Up-to-date: /home/kk/kk_ws/src/kk_driver_package/install/kk_driver_msg/share/kk_driver_msg/msg/EpbCmd.msg
-- Up-to-date: /home/kk/kk_ws/src/kk_driver_package/install/kk_driver_msg/share/kk_driver_msg/msg/PwmCmd.msg
-- Up-to-date: /home/kk/kk_ws/src/kk_driver_package/install/kk_driver_msg/share/kk_driver_msg/msg/MotorCmd.msg
-- Up-to-date: /home/kk/kk_ws/src/kk_driver_package/install/kk_driver_msg/share/kk_driver_msg/msg/BldcCmd.msg
-- Up-to-date: /home/kk/kk_ws/src/kk_driver_package/install/kk_driver_msg/share/kk_driver_msg/msg/C610Cmd.msg
-- Up-to-date: /home/kk/kk_ws/src/kk_driver_package/install/kk_driver_msg/share/kk_driver_msg/msg/C610Status.msg
-- Up-to-date: /home/kk/kk_ws/src/kk_driver_package/install/kk_driver_msg/share/kk_driver_msg/msg/Gm6020Cmd.msg
-- Up-to-date: /home/kk/kk_ws/src/kk_driver_package/install/kk_driver_msg/share/kk_driver_msg/msg/Gm6020Status.msg
-- Up-to-date: /home/kk/kk_ws/src/kk_driver_package/install/kk_driver_msg/share/kk_driver_msg/msg/EpbStatus.msg
-- Up-to-date: /home/kk/kk_ws/src/kk_driver_package/install/kk_driver_msg/share/kk_driver_msg/msg/PwmStatus.msg
-- Up-to-date: /home/kk/kk_ws/src/kk_driver_package/install/kk_driver_msg/share/kk_driver_msg/msg/Encoder.msg
-- Up-to-date: /home/kk/kk_ws/src/kk_driver_package/install/kk_driver_msg/share/kk_driver_msg/msg/KeyCtrl.msg
-- Up-to-date: /home/kk/kk_ws/src/kk_driver_package/install/kk_driver_msg/share/kk_driver_msg/msg/Core.msg
-- Up-to-date: /home/kk/kk_ws/src/kk_driver_package/install/kk_driver_msg/share/kk_driver_msg/msg/CameraCmd.msg
-- Up-to-date: /home/kk/kk_ws/src/kk_driver_package/install/kk_driver_msg/share/kk_driver_msg/msg/MouseCtrl.msg
-- Up-to-date: /home/kk/kk_ws/src/kk_driver_package/install/kk_driver_msg/share/ament_index/resource_index/package_run_dependencies/kk_driver_msg
-- Up-to-date: /home/kk/kk_ws/src/kk_driver_package/install/kk_driver_msg/share/ament_index/resource_index/parent_prefix_path/kk_driver_msg
-- Up-to-date: /home/kk/kk_ws/src/kk_driver_package/install/kk_driver_msg/share/kk_driver_msg/environment/ament_prefix_path.sh
-- Up-to-date: /home/kk/kk_ws/src/kk_driver_package/install/kk_driver_msg/share/kk_driver_msg/environment/ament_prefix_path.dsv
-- Up-to-date: /home/kk/kk_ws/src/kk_driver_package/install/kk_driver_msg/share/kk_driver_msg/environment/path.sh
-- Up-to-date: /home/kk/kk_ws/src/kk_driver_package/install/kk_driver_msg/share/kk_driver_msg/environment/path.dsv
-- Up-to-date: /home/kk/kk_ws/src/kk_driver_package/install/kk_driver_msg/share/kk_driver_msg/local_setup.bash
-- Up-to-date: /home/kk/kk_ws/src/kk_driver_package/install/kk_driver_msg/share/kk_driver_msg/local_setup.sh
-- Up-to-date: /home/kk/kk_ws/src/kk_driver_package/install/kk_driver_msg/share/kk_driver_msg/local_setup.zsh
-- Up-to-date: /home/kk/kk_ws/src/kk_driver_package/install/kk_driver_msg/share/kk_driver_msg/local_setup.dsv
-- Installing: /home/kk/kk_ws/src/kk_driver_package/install/kk_driver_msg/share/kk_driver_msg/package.dsv
-- Up-to-date: /home/kk/kk_ws/src/kk_driver_package/install/kk_driver_msg/share/ament_index/resource_index/packages/kk_driver_msg
-- Up-to-date: /home/kk/kk_ws/src/kk_driver_package/install/kk_driver_msg/share/kk_driver_msg/cmake/export_kk_driver_msg__rosidl_generator_cExport.cmake
-- Up-to-date: /home/kk/kk_ws/src/kk_driver_package/install/kk_driver_msg/share/kk_driver_msg/cmake/export_kk_driver_msg__rosidl_generator_cExport-noconfig.cmake
-- Up-to-date: /home/kk/kk_ws/src/kk_driver_package/install/kk_driver_msg/share/kk_driver_msg/cmake/export_kk_driver_msg__rosidl_typesupport_fastrtps_cExport.cmake
-- Up-to-date: /home/kk/kk_ws/src/kk_driver_package/install/kk_driver_msg/share/kk_driver_msg/cmake/export_kk_driver_msg__rosidl_typesupport_fastrtps_cExport-noconfig.cmake
-- Up-to-date: /home/kk/kk_ws/src/kk_driver_package/install/kk_driver_msg/share/kk_driver_msg/cmake/kk_driver_msg__rosidl_typesupport_introspection_cExport.cmake
-- Up-to-date: /home/kk/kk_ws/src/kk_driver_package/install/kk_driver_msg/share/kk_driver_msg/cmake/kk_driver_msg__rosidl_typesupport_introspection_cExport-noconfig.cmake
-- Up-to-date: /home/kk/kk_ws/src/kk_driver_package/install/kk_driver_msg/share/kk_driver_msg/cmake/kk_driver_msg__rosidl_typesupport_cExport.cmake
-- Up-to-date: /home/kk/kk_ws/src/kk_driver_package/install/kk_driver_msg/share/kk_driver_msg/cmake/kk_driver_msg__rosidl_typesupport_cExport-noconfig.cmake
-- Up-to-date: /home/kk/kk_ws/src/kk_driver_package/install/kk_driver_msg/share/kk_driver_msg/cmake/export_kk_driver_msg__rosidl_generator_cppExport.cmake
-- Up-to-date: /home/kk/kk_ws/src/kk_driver_package/install/kk_driver_msg/share/kk_driver_msg/cmake/export_kk_driver_msg__rosidl_typesupport_fastrtps_cppExport.cmake
-- Up-to-date: /home/kk/kk_ws/src/kk_driver_package/install/kk_driver_msg/share/kk_driver_msg/cmake/export_kk_driver_msg__rosidl_typesupport_fastrtps_cppExport-noconfig.cmake
-- Up-to-date: /home/kk/kk_ws/src/kk_driver_package/install/kk_driver_msg/share/kk_driver_msg/cmake/kk_driver_msg__rosidl_typesupport_introspection_cppExport.cmake
-- Up-to-date: /home/kk/kk_ws/src/kk_driver_package/install/kk_driver_msg/share/kk_driver_msg/cmake/kk_driver_msg__rosidl_typesupport_introspection_cppExport-noconfig.cmake
-- Up-to-date: /home/kk/kk_ws/src/kk_driver_package/install/kk_driver_msg/share/kk_driver_msg/cmake/kk_driver_msg__rosidl_typesupport_cppExport.cmake
-- Up-to-date: /home/kk/kk_ws/src/kk_driver_package/install/kk_driver_msg/share/kk_driver_msg/cmake/kk_driver_msg__rosidl_typesupport_cppExport-noconfig.cmake
-- Up-to-date: /home/kk/kk_ws/src/kk_driver_package/install/kk_driver_msg/share/kk_driver_msg/cmake/export_kk_driver_msg__rosidl_generator_pyExport.cmake
-- Up-to-date: /home/kk/kk_ws/src/kk_driver_package/install/kk_driver_msg/share/kk_driver_msg/cmake/export_kk_driver_msg__rosidl_generator_pyExport-noconfig.cmake
-- Up-to-date: /home/kk/kk_ws/src/kk_driver_package/install/kk_driver_msg/share/kk_driver_msg/cmake/rosidl_cmake-extras.cmake
-- Up-to-date: /home/kk/kk_ws/src/kk_driver_package/install/kk_driver_msg/share/kk_driver_msg/cmake/ament_cmake_export_include_directories-extras.cmake
-- Up-to-date: /home/kk/kk_ws/src/kk_driver_package/install/kk_driver_msg/share/kk_driver_msg/cmake/ament_cmake_export_libraries-extras.cmake
-- Up-to-date: /home/kk/kk_ws/src/kk_driver_package/install/kk_driver_msg/share/kk_driver_msg/cmake/ament_cmake_export_targets-extras.cmake
-- Up-to-date: /home/kk/kk_ws/src/kk_driver_package/install/kk_driver_msg/share/kk_driver_msg/cmake/rosidl_cmake_export_typesupport_targets-extras.cmake
-- Up-to-date: /home/kk/kk_ws/src/kk_driver_package/install/kk_driver_msg/share/kk_driver_msg/cmake/ament_cmake_export_dependencies-extras.cmake
-- Up-to-date: /home/kk/kk_ws/src/kk_driver_package/install/kk_driver_msg/share/kk_driver_msg/cmake/rosidl_cmake_export_typesupport_libraries-extras.cmake
-- Up-to-date: /home/kk/kk_ws/src/kk_driver_package/install/kk_driver_msg/share/kk_driver_msg/cmake/kk_driver_msgConfig.cmake
-- Up-to-date: /home/kk/kk_ws/src/kk_driver_package/install/kk_driver_msg/share/kk_driver_msg/cmake/kk_driver_msgConfig-version.cmake
-- Up-to-date: /home/kk/kk_ws/src/kk_driver_package/install/kk_driver_msg/share/kk_driver_msg/package.xml
