[1.189s] DEBUG:colcon:Command line arguments: ['/usr/bin/colcon', 'build']
[1.190s] DEBUG:colcon:Parsed command line arguments: Namespace(log_base=None, log_level=None, verb_name='build', build_base='build', install_base='install', merge_install=False, symlink_install=False, test_result_base=None, continue_on_error=False, executor='parallel', parallel_workers=4, event_handlers=None, ignore_user_meta=False, metas=['./colcon.meta'], base_paths=['.'], packages_ignore=None, packages_ignore_regex=None, paths=None, packages_up_to=None, packages_up_to_regex=None, packages_above=None, packages_above_and_dependencies=None, packages_above_depth=None, packages_select_by_dep=None, packages_skip_by_dep=None, packages_skip_up_to=None, packages_select_build_failed=False, packages_skip_build_finished=False, packages_select_test_failures=False, packages_skip_test_passed=False, packages_select=None, packages_skip=None, packages_select_regex=None, packages_skip_regex=None, packages_start=None, packages_end=None, allow_overriding=[], cmake_args=None, cmake_target=None, cmake_target_skip_unavailable=False, cmake_clean_cache=False, cmake_clean_first=False, cmake_force_configure=False, ament_cmake_args=None, catkin_cmake_args=None, catkin_skip_building_tests=False, verb_parser=<colcon_defaults.argument_parser.defaults.DefaultArgumentsDecorator object at 0xffff9d283d90>, verb_extension=<colcon_core.verb.build.BuildVerb object at 0xffff9d3bd240>, main=<bound method BuildVerb.main of <colcon_core.verb.build.BuildVerb object at 0xffff9d3bd240>>)
[3.444s] Level 1:colcon.colcon_core.package_discovery:discover_packages(colcon_meta) check parameters
[3.446s] Level 1:colcon.colcon_core.package_discovery:discover_packages(recursive) check parameters
[3.446s] Level 1:colcon.colcon_core.package_discovery:discover_packages(ignore) check parameters
[3.446s] Level 1:colcon.colcon_core.package_discovery:discover_packages(path) check parameters
[3.447s] Level 1:colcon.colcon_core.package_discovery:discover_packages(colcon_meta) discover
[3.447s] Level 1:colcon.colcon_core.package_discovery:discover_packages(recursive) discover
[3.447s] INFO:colcon.colcon_core.package_discovery:Crawling recursively for packages in '/home/kk/kk_ws/src/kk_driver_package'
[3.449s] Level 1:colcon.colcon_core.package_identification:_identify(.) by extensions ['ignore', 'ignore_ament_install']
[3.449s] Level 1:colcon.colcon_core.package_identification:_identify(.) by extension 'ignore'
[3.450s] Level 1:colcon.colcon_core.package_identification:_identify(.) by extension 'ignore_ament_install'
[3.451s] Level 1:colcon.colcon_core.package_identification:_identify(.) by extensions ['colcon_pkg']
[3.451s] Level 1:colcon.colcon_core.package_identification:_identify(.) by extension 'colcon_pkg'
[3.451s] Level 1:colcon.colcon_core.package_identification:_identify(.) by extensions ['colcon_meta']
[3.452s] Level 1:colcon.colcon_core.package_identification:_identify(.) by extension 'colcon_meta'
[3.452s] Level 1:colcon.colcon_core.package_identification:_identify(.) by extensions ['ros']
[3.453s] Level 1:colcon.colcon_core.package_identification:_identify(.) by extension 'ros'
[3.572s] Level 1:colcon.colcon_core.package_identification:_identify(.) by extensions ['cmake', 'python']
[3.572s] Level 1:colcon.colcon_core.package_identification:_identify(.) by extension 'cmake'
[3.573s] Level 1:colcon.colcon_core.package_identification:_identify(.) by extension 'python'
[3.573s] Level 1:colcon.colcon_core.package_identification:_identify(.) by extensions ['python_setup_py']
[3.574s] Level 1:colcon.colcon_core.package_identification:_identify(.) by extension 'python_setup_py'
[3.575s] Level 1:colcon.colcon_core.package_identification:_identify(build) by extensions ['ignore', 'ignore_ament_install']
[3.576s] Level 1:colcon.colcon_core.package_identification:_identify(build) by extension 'ignore'
[3.576s] Level 1:colcon.colcon_core.package_identification:_identify(build) ignored
[3.577s] Level 1:colcon.colcon_core.package_identification:_identify(install) by extensions ['ignore', 'ignore_ament_install']
[3.578s] Level 1:colcon.colcon_core.package_identification:_identify(install) by extension 'ignore'
[3.579s] Level 1:colcon.colcon_core.package_identification:_identify(install) ignored
[3.580s] Level 1:colcon.colcon_core.package_identification:_identify(kk_driver) by extensions ['ignore', 'ignore_ament_install']
[3.581s] Level 1:colcon.colcon_core.package_identification:_identify(kk_driver) by extension 'ignore'
[3.581s] Level 1:colcon.colcon_core.package_identification:_identify(kk_driver) by extension 'ignore_ament_install'
[3.582s] Level 1:colcon.colcon_core.package_identification:_identify(kk_driver) by extensions ['colcon_pkg']
[3.582s] Level 1:colcon.colcon_core.package_identification:_identify(kk_driver) by extension 'colcon_pkg'
[3.583s] Level 1:colcon.colcon_core.package_identification:_identify(kk_driver) by extensions ['colcon_meta']
[3.583s] Level 1:colcon.colcon_core.package_identification:_identify(kk_driver) by extension 'colcon_meta'
[3.583s] Level 1:colcon.colcon_core.package_identification:_identify(kk_driver) by extensions ['ros']
[3.584s] Level 1:colcon.colcon_core.package_identification:_identify(kk_driver) by extension 'ros'
[3.605s] DEBUG:colcon.colcon_core.package_identification:Package 'kk_driver' with type 'ros.ament_cmake' and name 'kk_driver'
[3.607s] Level 1:colcon.colcon_core.package_identification:_identify(kk_driver_msg) by extensions ['ignore', 'ignore_ament_install']
[3.608s] Level 1:colcon.colcon_core.package_identification:_identify(kk_driver_msg) by extension 'ignore'
[3.608s] Level 1:colcon.colcon_core.package_identification:_identify(kk_driver_msg) by extension 'ignore_ament_install'
[3.609s] Level 1:colcon.colcon_core.package_identification:_identify(kk_driver_msg) by extensions ['colcon_pkg']
[3.609s] Level 1:colcon.colcon_core.package_identification:_identify(kk_driver_msg) by extension 'colcon_pkg'
[3.610s] Level 1:colcon.colcon_core.package_identification:_identify(kk_driver_msg) by extensions ['colcon_meta']
[3.610s] Level 1:colcon.colcon_core.package_identification:_identify(kk_driver_msg) by extension 'colcon_meta'
[3.611s] Level 1:colcon.colcon_core.package_identification:_identify(kk_driver_msg) by extensions ['ros']
[3.611s] Level 1:colcon.colcon_core.package_identification:_identify(kk_driver_msg) by extension 'ros'
[3.616s] DEBUG:colcon.colcon_core.package_identification:Package 'kk_driver_msg' with type 'ros.ament_cmake' and name 'kk_driver_msg'
[3.618s] Level 1:colcon.colcon_core.package_identification:_identify(kk_receiver) by extensions ['ignore', 'ignore_ament_install']
[3.619s] Level 1:colcon.colcon_core.package_identification:_identify(kk_receiver) by extension 'ignore'
[3.619s] Level 1:colcon.colcon_core.package_identification:_identify(kk_receiver) by extension 'ignore_ament_install'
[3.620s] Level 1:colcon.colcon_core.package_identification:_identify(kk_receiver) by extensions ['colcon_pkg']
[3.620s] Level 1:colcon.colcon_core.package_identification:_identify(kk_receiver) by extension 'colcon_pkg'
[3.621s] Level 1:colcon.colcon_core.package_identification:_identify(kk_receiver) by extensions ['colcon_meta']
[3.621s] Level 1:colcon.colcon_core.package_identification:_identify(kk_receiver) by extension 'colcon_meta'
[3.622s] Level 1:colcon.colcon_core.package_identification:_identify(kk_receiver) by extensions ['ros']
[3.622s] Level 1:colcon.colcon_core.package_identification:_identify(kk_receiver) by extension 'ros'
[3.627s] DEBUG:colcon.colcon_core.package_identification:Package 'kk_receiver' with type 'ros.ament_python' and name 'kk_receiver'
[3.629s] Level 1:colcon.colcon_core.package_identification:_identify(kk_simulator) by extensions ['ignore', 'ignore_ament_install']
[3.629s] Level 1:colcon.colcon_core.package_identification:_identify(kk_simulator) by extension 'ignore'
[3.630s] Level 1:colcon.colcon_core.package_identification:_identify(kk_simulator) by extension 'ignore_ament_install'
[3.631s] Level 1:colcon.colcon_core.package_identification:_identify(kk_simulator) by extensions ['colcon_pkg']
[3.631s] Level 1:colcon.colcon_core.package_identification:_identify(kk_simulator) by extension 'colcon_pkg'
[3.632s] Level 1:colcon.colcon_core.package_identification:_identify(kk_simulator) by extensions ['colcon_meta']
[3.632s] Level 1:colcon.colcon_core.package_identification:_identify(kk_simulator) by extension 'colcon_meta'
[3.632s] Level 1:colcon.colcon_core.package_identification:_identify(kk_simulator) by extensions ['ros']
[3.633s] Level 1:colcon.colcon_core.package_identification:_identify(kk_simulator) by extension 'ros'
[3.639s] DEBUG:colcon.colcon_core.package_identification:Package 'kk_simulator' with type 'ros.ament_python' and name 'kk_simulator'
[3.640s] Level 1:colcon.colcon_core.package_identification:_identify(log) by extensions ['ignore', 'ignore_ament_install']
[3.641s] Level 1:colcon.colcon_core.package_identification:_identify(log) by extension 'ignore'
[3.642s] Level 1:colcon.colcon_core.package_identification:_identify(log) ignored
[3.642s] Level 1:colcon.colcon_core.package_discovery:discover_packages(recursive) using defaults
[3.643s] Level 1:colcon.colcon_core.package_discovery:discover_packages(ignore) discover
[3.643s] Level 1:colcon.colcon_core.package_discovery:discover_packages(ignore) using defaults
[3.643s] Level 1:colcon.colcon_core.package_discovery:discover_packages(path) discover
[3.644s] Level 1:colcon.colcon_core.package_discovery:discover_packages(path) using defaults
[3.859s] Level 1:colcon.colcon_core.package_discovery:discover_packages(prefix_path) check parameters
[3.859s] Level 1:colcon.colcon_core.package_discovery:discover_packages(prefix_path) discover
[3.884s] DEBUG:colcon.colcon_installed_package_information.package_discovery:Found 6 installed packages in /home/kk/kk_ws/install
[3.909s] DEBUG:colcon.colcon_installed_package_information.package_discovery:Found 271 installed packages in /opt/ros/humble
[3.989s] Level 1:colcon.colcon_core.package_discovery:discover_packages(prefix_path) using defaults
[4.459s] Level 5:colcon.colcon_core.verb:set package 'kk_driver_msg' build argument 'cmake_args' from command line to 'None'
[4.460s] Level 5:colcon.colcon_core.verb:set package 'kk_driver_msg' build argument 'cmake_target' from command line to 'None'
[4.460s] Level 5:colcon.colcon_core.verb:set package 'kk_driver_msg' build argument 'cmake_target_skip_unavailable' from command line to 'False'
[4.460s] Level 5:colcon.colcon_core.verb:set package 'kk_driver_msg' build argument 'cmake_clean_cache' from command line to 'False'
[4.461s] Level 5:colcon.colcon_core.verb:set package 'kk_driver_msg' build argument 'cmake_clean_first' from command line to 'False'
[4.461s] Level 5:colcon.colcon_core.verb:set package 'kk_driver_msg' build argument 'cmake_force_configure' from command line to 'False'
[4.461s] Level 5:colcon.colcon_core.verb:set package 'kk_driver_msg' build argument 'ament_cmake_args' from command line to 'None'
[4.461s] Level 5:colcon.colcon_core.verb:set package 'kk_driver_msg' build argument 'catkin_cmake_args' from command line to 'None'
[4.462s] Level 5:colcon.colcon_core.verb:set package 'kk_driver_msg' build argument 'catkin_skip_building_tests' from command line to 'False'
[4.462s] DEBUG:colcon.colcon_core.verb:Building package 'kk_driver_msg' with the following arguments: {'ament_cmake_args': None, 'build_base': '/home/kk/kk_ws/src/kk_driver_package/build/kk_driver_msg', 'catkin_cmake_args': None, 'catkin_skip_building_tests': False, 'cmake_args': None, 'cmake_clean_cache': False, 'cmake_clean_first': False, 'cmake_force_configure': False, 'cmake_target': None, 'cmake_target_skip_unavailable': False, 'install_base': '/home/kk/kk_ws/src/kk_driver_package/install/kk_driver_msg', 'merge_install': False, 'path': '/home/kk/kk_ws/src/kk_driver_package/kk_driver_msg', 'symlink_install': False, 'test_result_base': None}
[4.466s] Level 5:colcon.colcon_core.verb:set package 'kk_simulator' build argument 'cmake_args' from command line to 'None'
[4.467s] Level 5:colcon.colcon_core.verb:set package 'kk_simulator' build argument 'cmake_target' from command line to 'None'
[4.467s] Level 5:colcon.colcon_core.verb:set package 'kk_simulator' build argument 'cmake_target_skip_unavailable' from command line to 'False'
[4.467s] Level 5:colcon.colcon_core.verb:set package 'kk_simulator' build argument 'cmake_clean_cache' from command line to 'False'
[4.468s] Level 5:colcon.colcon_core.verb:set package 'kk_simulator' build argument 'cmake_clean_first' from command line to 'False'
[4.468s] Level 5:colcon.colcon_core.verb:set package 'kk_simulator' build argument 'cmake_force_configure' from command line to 'False'
[4.468s] Level 5:colcon.colcon_core.verb:set package 'kk_simulator' build argument 'ament_cmake_args' from command line to 'None'
[4.468s] Level 5:colcon.colcon_core.verb:set package 'kk_simulator' build argument 'catkin_cmake_args' from command line to 'None'
[4.469s] Level 5:colcon.colcon_core.verb:set package 'kk_simulator' build argument 'catkin_skip_building_tests' from command line to 'False'
[4.469s] DEBUG:colcon.colcon_core.verb:Building package 'kk_simulator' with the following arguments: {'ament_cmake_args': None, 'build_base': '/home/kk/kk_ws/src/kk_driver_package/build/kk_simulator', 'catkin_cmake_args': None, 'catkin_skip_building_tests': False, 'cmake_args': None, 'cmake_clean_cache': False, 'cmake_clean_first': False, 'cmake_force_configure': False, 'cmake_target': None, 'cmake_target_skip_unavailable': False, 'install_base': '/home/kk/kk_ws/src/kk_driver_package/install/kk_simulator', 'merge_install': False, 'path': '/home/kk/kk_ws/src/kk_driver_package/kk_simulator', 'symlink_install': False, 'test_result_base': None}
[4.473s] Level 5:colcon.colcon_core.verb:set package 'kk_driver' build argument 'cmake_args' from command line to 'None'
[4.473s] Level 5:colcon.colcon_core.verb:set package 'kk_driver' build argument 'cmake_target' from command line to 'None'
[4.474s] Level 5:colcon.colcon_core.verb:set package 'kk_driver' build argument 'cmake_target_skip_unavailable' from command line to 'False'
[4.474s] Level 5:colcon.colcon_core.verb:set package 'kk_driver' build argument 'cmake_clean_cache' from command line to 'False'
[4.474s] Level 5:colcon.colcon_core.verb:set package 'kk_driver' build argument 'cmake_clean_first' from command line to 'False'
[4.475s] Level 5:colcon.colcon_core.verb:set package 'kk_driver' build argument 'cmake_force_configure' from command line to 'False'
[4.475s] Level 5:colcon.colcon_core.verb:set package 'kk_driver' build argument 'ament_cmake_args' from command line to 'None'
[4.475s] Level 5:colcon.colcon_core.verb:set package 'kk_driver' build argument 'catkin_cmake_args' from command line to 'None'
[4.475s] Level 5:colcon.colcon_core.verb:set package 'kk_driver' build argument 'catkin_skip_building_tests' from command line to 'False'
[4.476s] DEBUG:colcon.colcon_core.verb:Building package 'kk_driver' with the following arguments: {'ament_cmake_args': None, 'build_base': '/home/kk/kk_ws/src/kk_driver_package/build/kk_driver', 'catkin_cmake_args': None, 'catkin_skip_building_tests': False, 'cmake_args': None, 'cmake_clean_cache': False, 'cmake_clean_first': False, 'cmake_force_configure': False, 'cmake_target': None, 'cmake_target_skip_unavailable': False, 'install_base': '/home/kk/kk_ws/src/kk_driver_package/install/kk_driver', 'merge_install': False, 'path': '/home/kk/kk_ws/src/kk_driver_package/kk_driver', 'symlink_install': False, 'test_result_base': None}
[4.480s] Level 5:colcon.colcon_core.verb:set package 'kk_receiver' build argument 'cmake_args' from command line to 'None'
[4.480s] Level 5:colcon.colcon_core.verb:set package 'kk_receiver' build argument 'cmake_target' from command line to 'None'
[4.480s] Level 5:colcon.colcon_core.verb:set package 'kk_receiver' build argument 'cmake_target_skip_unavailable' from command line to 'False'
[4.481s] Level 5:colcon.colcon_core.verb:set package 'kk_receiver' build argument 'cmake_clean_cache' from command line to 'False'
[4.481s] Level 5:colcon.colcon_core.verb:set package 'kk_receiver' build argument 'cmake_clean_first' from command line to 'False'
[4.481s] Level 5:colcon.colcon_core.verb:set package 'kk_receiver' build argument 'cmake_force_configure' from command line to 'False'
[4.482s] Level 5:colcon.colcon_core.verb:set package 'kk_receiver' build argument 'ament_cmake_args' from command line to 'None'
[4.482s] Level 5:colcon.colcon_core.verb:set package 'kk_receiver' build argument 'catkin_cmake_args' from command line to 'None'
[4.482s] Level 5:colcon.colcon_core.verb:set package 'kk_receiver' build argument 'catkin_skip_building_tests' from command line to 'False'
[4.483s] DEBUG:colcon.colcon_core.verb:Building package 'kk_receiver' with the following arguments: {'ament_cmake_args': None, 'build_base': '/home/kk/kk_ws/src/kk_driver_package/build/kk_receiver', 'catkin_cmake_args': None, 'catkin_skip_building_tests': False, 'cmake_args': None, 'cmake_clean_cache': False, 'cmake_clean_first': False, 'cmake_force_configure': False, 'cmake_target': None, 'cmake_target_skip_unavailable': False, 'install_base': '/home/kk/kk_ws/src/kk_driver_package/install/kk_receiver', 'merge_install': False, 'path': '/home/kk/kk_ws/src/kk_driver_package/kk_receiver', 'symlink_install': False, 'test_result_base': None}
[4.484s] INFO:colcon.colcon_core.executor:Executing jobs using 'parallel' executor
[4.491s] DEBUG:colcon.colcon_parallel_executor.executor.parallel:run_until_complete
[4.493s] INFO:colcon.colcon_ros.task.ament_cmake.build:Building ROS package in '/home/kk/kk_ws/src/kk_driver_package/kk_driver_msg' with build type 'ament_cmake'
[4.494s] INFO:colcon.colcon_cmake.task.cmake.build:Building CMake package in '/home/kk/kk_ws/src/kk_driver_package/kk_driver_msg'
[4.519s] INFO:colcon.colcon_core.plugin_system:Skipping extension 'colcon_core.shell.bat': Not used on non-Windows systems
[4.522s] INFO:colcon.colcon_core.shell:Skip shell extension 'powershell' for command environment: Not usable outside of PowerShell
[4.522s] DEBUG:colcon.colcon_core.shell:Skip shell extension 'dsv' for command environment
[4.576s] INFO:colcon.colcon_ros.task.ament_python.build:Building ROS package in '/home/kk/kk_ws/src/kk_driver_package/kk_simulator' with build type 'ament_python'
[4.577s] Level 1:colcon.colcon_core.shell:create_environment_hook('kk_simulator', 'ament_prefix_path')
[4.580s] INFO:colcon.colcon_core.shell:Creating environment hook '/home/kk/kk_ws/src/kk_driver_package/install/kk_simulator/share/kk_simulator/hook/ament_prefix_path.ps1'
[4.588s] INFO:colcon.colcon_core.shell:Creating environment descriptor '/home/kk/kk_ws/src/kk_driver_package/install/kk_simulator/share/kk_simulator/hook/ament_prefix_path.dsv'
[4.594s] INFO:colcon.colcon_core.shell:Creating environment hook '/home/kk/kk_ws/src/kk_driver_package/install/kk_simulator/share/kk_simulator/hook/ament_prefix_path.sh'
[4.603s] INFO:colcon.colcon_core.shell:Skip shell extension 'powershell' for command environment: Not usable outside of PowerShell
[4.604s] DEBUG:colcon.colcon_core.shell:Skip shell extension 'dsv' for command environment
[4.685s] DEBUG:colcon.colcon_core.event_handler.log_command:Invoking command in '/home/kk/kk_ws/src/kk_driver_package/build/kk_driver_msg': CMAKE_PREFIX_PATH=${CMAKE_PREFIX_PATH}:/home/kk/kk_ws/install/kk_simulator:/home/kk/kk_ws/install/kk_receiver:/home/kk/kk_ws/install/core_camera:/opt/ros/humble /usr/bin/cmake /home/kk/kk_ws/src/kk_driver_package/kk_driver_msg -DCMAKE_INSTALL_PREFIX=/home/kk/kk_ws/src/kk_driver_package/install/kk_driver_msg
[8.339s] INFO:colcon.colcon_core.task.python.build:Building Python package in '/home/kk/kk_ws/src/kk_driver_package/kk_simulator'
[8.343s] INFO:colcon.colcon_core.shell:Skip shell extension 'powershell' for command environment: Not usable outside of PowerShell
[8.345s] DEBUG:colcon.colcon_core.shell:Skip shell extension 'dsv' for command environment
[13.236s] DEBUG:colcon.colcon_core.event_handler.log_command:Invoking command in '/home/kk/kk_ws/src/kk_driver_package/kk_simulator': PYTHONPATH=/home/kk/kk_ws/src/kk_driver_package/build/kk_simulator/prefix_override:/usr/lib/python3/dist-packages/colcon_core/task/python/colcon_distutils_commands:/home/kk/kk_ws/src/kk_driver_package/install/kk_simulator/lib/python3.10/site-packages:${PYTHONPATH} /usr/bin/python3 -W ignore:setup.py install is deprecated -W ignore:easy_install command is deprecated setup.py egg_info --egg-base ../build/kk_simulator build --build-base /home/kk/kk_ws/src/kk_driver_package/build/kk_simulator/build install --record /home/kk/kk_ws/src/kk_driver_package/build/kk_simulator/install.log --single-version-externally-managed install_data
[16.817s] DEBUG:colcon.colcon_core.event_handler.log_command:Invoked command in '/home/kk/kk_ws/src/kk_driver_package/kk_simulator' returned '0': PYTHONPATH=/home/kk/kk_ws/src/kk_driver_package/build/kk_simulator/prefix_override:/usr/lib/python3/dist-packages/colcon_core/task/python/colcon_distutils_commands:/home/kk/kk_ws/src/kk_driver_package/install/kk_simulator/lib/python3.10/site-packages:${PYTHONPATH} /usr/bin/python3 -W ignore:setup.py install is deprecated -W ignore:easy_install command is deprecated setup.py egg_info --egg-base ../build/kk_simulator build --build-base /home/kk/kk_ws/src/kk_driver_package/build/kk_simulator/build install --record /home/kk/kk_ws/src/kk_driver_package/build/kk_simulator/install.log --single-version-externally-managed install_data
[16.847s] Level 1:colcon.colcon_core.environment:checking '/home/kk/kk_ws/src/kk_driver_package/install/kk_simulator' for CMake module files
[16.854s] Level 1:colcon.colcon_core.environment:checking '/home/kk/kk_ws/src/kk_driver_package/install/kk_simulator' for CMake config files
[16.866s] Level 1:colcon.colcon_core.environment:checking '/home/kk/kk_ws/src/kk_driver_package/install/kk_simulator/lib'
[16.868s] Level 1:colcon.colcon_core.environment:checking '/home/kk/kk_ws/src/kk_driver_package/install/kk_simulator/bin'
[16.869s] Level 1:colcon.colcon_core.environment:checking '/home/kk/kk_ws/src/kk_driver_package/install/kk_simulator/lib/pkgconfig/kk_simulator.pc'
[16.871s] Level 1:colcon.colcon_core.environment:checking '/home/kk/kk_ws/src/kk_driver_package/install/kk_simulator/lib/python3.10/site-packages'
[16.872s] Level 1:colcon.colcon_core.shell:create_environment_hook('kk_simulator', 'pythonpath')
[16.874s] INFO:colcon.colcon_core.shell:Creating environment hook '/home/kk/kk_ws/src/kk_driver_package/install/kk_simulator/share/kk_simulator/hook/pythonpath.ps1'
[16.878s] INFO:colcon.colcon_core.shell:Creating environment descriptor '/home/kk/kk_ws/src/kk_driver_package/install/kk_simulator/share/kk_simulator/hook/pythonpath.dsv'
[16.882s] INFO:colcon.colcon_core.shell:Creating environment hook '/home/kk/kk_ws/src/kk_driver_package/install/kk_simulator/share/kk_simulator/hook/pythonpath.sh'
[16.888s] Level 1:colcon.colcon_core.environment:checking '/home/kk/kk_ws/src/kk_driver_package/install/kk_simulator/bin'
[16.888s] Level 1:colcon.colcon_core.environment:create_environment_scripts_only(kk_simulator)
[16.892s] INFO:colcon.colcon_core.shell:Creating package script '/home/kk/kk_ws/src/kk_driver_package/install/kk_simulator/share/kk_simulator/package.ps1'
[16.902s] INFO:colcon.colcon_core.shell:Creating package descriptor '/home/kk/kk_ws/src/kk_driver_package/install/kk_simulator/share/kk_simulator/package.dsv'
[16.909s] INFO:colcon.colcon_core.shell:Creating package script '/home/kk/kk_ws/src/kk_driver_package/install/kk_simulator/share/kk_simulator/package.sh'
[16.917s] INFO:colcon.colcon_core.shell:Creating package script '/home/kk/kk_ws/src/kk_driver_package/install/kk_simulator/share/kk_simulator/package.bash'
[16.925s] INFO:colcon.colcon_core.shell:Creating package script '/home/kk/kk_ws/src/kk_driver_package/install/kk_simulator/share/kk_simulator/package.zsh'
[16.933s] Level 1:colcon.colcon_core.environment:create_file_with_runtime_dependencies(/home/kk/kk_ws/src/kk_driver_package/install/kk_simulator/share/colcon-core/packages/kk_simulator)
[23.316s] DEBUG:colcon.colcon_core.event_handler.log_command:Invoked command in '/home/kk/kk_ws/src/kk_driver_package/build/kk_driver_msg' returned '0': CMAKE_PREFIX_PATH=${CMAKE_PREFIX_PATH}:/home/kk/kk_ws/install/kk_simulator:/home/kk/kk_ws/install/kk_receiver:/home/kk/kk_ws/install/core_camera:/opt/ros/humble /usr/bin/cmake /home/kk/kk_ws/src/kk_driver_package/kk_driver_msg -DCMAKE_INSTALL_PREFIX=/home/kk/kk_ws/src/kk_driver_package/install/kk_driver_msg
[23.343s] DEBUG:colcon.colcon_core.event_handler.log_command:Invoking command in '/home/kk/kk_ws/src/kk_driver_package/build/kk_driver_msg': CMAKE_PREFIX_PATH=${CMAKE_PREFIX_PATH}:/home/kk/kk_ws/install/kk_simulator:/home/kk/kk_ws/install/kk_receiver:/home/kk/kk_ws/install/core_camera:/opt/ros/humble /usr/bin/cmake --build /home/kk/kk_ws/src/kk_driver_package/build/kk_driver_msg -- -j4 -l4
[181.781s] DEBUG:colcon.colcon_core.event_handler.log_command:Invoked command in '/home/kk/kk_ws/src/kk_driver_package/build/kk_driver_msg' returned '0': CMAKE_PREFIX_PATH=${CMAKE_PREFIX_PATH}:/home/kk/kk_ws/install/kk_simulator:/home/kk/kk_ws/install/kk_receiver:/home/kk/kk_ws/install/core_camera:/opt/ros/humble /usr/bin/cmake --build /home/kk/kk_ws/src/kk_driver_package/build/kk_driver_msg -- -j4 -l4
[181.822s] DEBUG:colcon.colcon_core.event_handler.log_command:Invoking command in '/home/kk/kk_ws/src/kk_driver_package/build/kk_driver_msg': CMAKE_PREFIX_PATH=${CMAKE_PREFIX_PATH}:/home/kk/kk_ws/install/kk_simulator:/home/kk/kk_ws/install/kk_receiver:/home/kk/kk_ws/install/core_camera:/opt/ros/humble /usr/bin/cmake --install /home/kk/kk_ws/src/kk_driver_package/build/kk_driver_msg
[183.907s] Level 1:colcon.colcon_core.environment:create_environment_scripts_only(kk_driver_msg)
[183.911s] Level 1:colcon.colcon_core.environment:checking '/home/kk/kk_ws/src/kk_driver_package/install/kk_driver_msg' for CMake module files
[183.915s] DEBUG:colcon.colcon_core.event_handler.log_command:Invoked command in '/home/kk/kk_ws/src/kk_driver_package/build/kk_driver_msg' returned '0': CMAKE_PREFIX_PATH=${CMAKE_PREFIX_PATH}:/home/kk/kk_ws/install/kk_simulator:/home/kk/kk_ws/install/kk_receiver:/home/kk/kk_ws/install/core_camera:/opt/ros/humble /usr/bin/cmake --install /home/kk/kk_ws/src/kk_driver_package/build/kk_driver_msg
[183.927s] Level 1:colcon.colcon_core.environment:checking '/home/kk/kk_ws/src/kk_driver_package/install/kk_driver_msg' for CMake config files
[183.938s] Level 1:colcon.colcon_core.shell:create_environment_hook('kk_driver_msg', 'cmake_prefix_path')
[183.941s] INFO:colcon.colcon_core.shell:Creating environment hook '/home/kk/kk_ws/src/kk_driver_package/install/kk_driver_msg/share/kk_driver_msg/hook/cmake_prefix_path.ps1'
[183.945s] INFO:colcon.colcon_core.shell:Creating environment descriptor '/home/kk/kk_ws/src/kk_driver_package/install/kk_driver_msg/share/kk_driver_msg/hook/cmake_prefix_path.dsv'
[183.949s] INFO:colcon.colcon_core.shell:Creating environment hook '/home/kk/kk_ws/src/kk_driver_package/install/kk_driver_msg/share/kk_driver_msg/hook/cmake_prefix_path.sh'
[183.956s] Level 1:colcon.colcon_core.environment:checking '/home/kk/kk_ws/src/kk_driver_package/install/kk_driver_msg/lib'
[183.958s] Level 1:colcon.colcon_core.shell:create_environment_hook('kk_driver_msg', 'ld_library_path_lib')
[183.960s] INFO:colcon.colcon_core.shell:Creating environment hook '/home/kk/kk_ws/src/kk_driver_package/install/kk_driver_msg/share/kk_driver_msg/hook/ld_library_path_lib.ps1'
[183.965s] INFO:colcon.colcon_core.shell:Creating environment descriptor '/home/kk/kk_ws/src/kk_driver_package/install/kk_driver_msg/share/kk_driver_msg/hook/ld_library_path_lib.dsv'
[183.969s] INFO:colcon.colcon_core.shell:Creating environment hook '/home/kk/kk_ws/src/kk_driver_package/install/kk_driver_msg/share/kk_driver_msg/hook/ld_library_path_lib.sh'
[183.973s] Level 1:colcon.colcon_core.environment:checking '/home/kk/kk_ws/src/kk_driver_package/install/kk_driver_msg/bin'
[183.974s] Level 1:colcon.colcon_core.environment:checking '/home/kk/kk_ws/src/kk_driver_package/install/kk_driver_msg/lib/pkgconfig/kk_driver_msg.pc'
[183.976s] Level 1:colcon.colcon_core.environment:checking '/home/kk/kk_ws/src/kk_driver_package/install/kk_driver_msg/lib/python3.10/site-packages'
[183.978s] Level 1:colcon.colcon_core.environment:checking '/home/kk/kk_ws/src/kk_driver_package/install/kk_driver_msg/bin'
[183.982s] INFO:colcon.colcon_core.shell:Creating package script '/home/kk/kk_ws/src/kk_driver_package/install/kk_driver_msg/share/kk_driver_msg/package.ps1'
[183.987s] INFO:colcon.colcon_core.shell:Creating package descriptor '/home/kk/kk_ws/src/kk_driver_package/install/kk_driver_msg/share/kk_driver_msg/package.dsv'
[183.992s] INFO:colcon.colcon_core.shell:Creating package script '/home/kk/kk_ws/src/kk_driver_package/install/kk_driver_msg/share/kk_driver_msg/package.sh'
[183.997s] INFO:colcon.colcon_core.shell:Creating package script '/home/kk/kk_ws/src/kk_driver_package/install/kk_driver_msg/share/kk_driver_msg/package.bash'
[184.001s] INFO:colcon.colcon_core.shell:Creating package script '/home/kk/kk_ws/src/kk_driver_package/install/kk_driver_msg/share/kk_driver_msg/package.zsh'
[184.004s] Level 1:colcon.colcon_core.environment:create_file_with_runtime_dependencies(/home/kk/kk_ws/src/kk_driver_package/install/kk_driver_msg/share/colcon-core/packages/kk_driver_msg)
[184.011s] Level 1:colcon.colcon_core.environment:create_environment_scripts_only(kk_driver_msg)
[184.014s] Level 1:colcon.colcon_core.environment:checking '/home/kk/kk_ws/src/kk_driver_package/install/kk_driver_msg' for CMake module files
[184.027s] Level 1:colcon.colcon_core.environment:checking '/home/kk/kk_ws/src/kk_driver_package/install/kk_driver_msg' for CMake config files
[184.039s] Level 1:colcon.colcon_core.shell:create_environment_hook('kk_driver_msg', 'cmake_prefix_path')
[184.041s] INFO:colcon.colcon_core.shell:Creating environment hook '/home/kk/kk_ws/src/kk_driver_package/install/kk_driver_msg/share/kk_driver_msg/hook/cmake_prefix_path.ps1'
[184.046s] INFO:colcon.colcon_core.shell:Creating environment descriptor '/home/kk/kk_ws/src/kk_driver_package/install/kk_driver_msg/share/kk_driver_msg/hook/cmake_prefix_path.dsv'
[184.050s] INFO:colcon.colcon_core.shell:Creating environment hook '/home/kk/kk_ws/src/kk_driver_package/install/kk_driver_msg/share/kk_driver_msg/hook/cmake_prefix_path.sh'
[184.057s] Level 1:colcon.colcon_core.environment:checking '/home/kk/kk_ws/src/kk_driver_package/install/kk_driver_msg/lib'
[184.058s] Level 1:colcon.colcon_core.shell:create_environment_hook('kk_driver_msg', 'ld_library_path_lib')
[184.060s] INFO:colcon.colcon_core.shell:Creating environment hook '/home/kk/kk_ws/src/kk_driver_package/install/kk_driver_msg/share/kk_driver_msg/hook/ld_library_path_lib.ps1'
[184.065s] INFO:colcon.colcon_core.shell:Creating environment descriptor '/home/kk/kk_ws/src/kk_driver_package/install/kk_driver_msg/share/kk_driver_msg/hook/ld_library_path_lib.dsv'
[184.069s] INFO:colcon.colcon_core.shell:Creating environment hook '/home/kk/kk_ws/src/kk_driver_package/install/kk_driver_msg/share/kk_driver_msg/hook/ld_library_path_lib.sh'
[184.073s] Level 1:colcon.colcon_core.environment:checking '/home/kk/kk_ws/src/kk_driver_package/install/kk_driver_msg/bin'
[184.074s] Level 1:colcon.colcon_core.environment:checking '/home/kk/kk_ws/src/kk_driver_package/install/kk_driver_msg/lib/pkgconfig/kk_driver_msg.pc'
[184.076s] Level 1:colcon.colcon_core.environment:checking '/home/kk/kk_ws/src/kk_driver_package/install/kk_driver_msg/lib/python3.10/site-packages'
[184.078s] Level 1:colcon.colcon_core.environment:checking '/home/kk/kk_ws/src/kk_driver_package/install/kk_driver_msg/bin'
[184.082s] INFO:colcon.colcon_core.shell:Creating package script '/home/kk/kk_ws/src/kk_driver_package/install/kk_driver_msg/share/kk_driver_msg/package.ps1'
[184.089s] INFO:colcon.colcon_core.shell:Creating package descriptor '/home/kk/kk_ws/src/kk_driver_package/install/kk_driver_msg/share/kk_driver_msg/package.dsv'
[184.096s] INFO:colcon.colcon_core.shell:Creating package script '/home/kk/kk_ws/src/kk_driver_package/install/kk_driver_msg/share/kk_driver_msg/package.sh'
[184.101s] INFO:colcon.colcon_core.shell:Creating package script '/home/kk/kk_ws/src/kk_driver_package/install/kk_driver_msg/share/kk_driver_msg/package.bash'
[184.106s] INFO:colcon.colcon_core.shell:Creating package script '/home/kk/kk_ws/src/kk_driver_package/install/kk_driver_msg/share/kk_driver_msg/package.zsh'
[184.111s] Level 1:colcon.colcon_core.environment:create_file_with_runtime_dependencies(/home/kk/kk_ws/src/kk_driver_package/install/kk_driver_msg/share/colcon-core/packages/kk_driver_msg)
[184.115s] INFO:colcon.colcon_ros.task.ament_cmake.build:Building ROS package in '/home/kk/kk_ws/src/kk_driver_package/kk_driver' with build type 'ament_cmake'
[184.115s] INFO:colcon.colcon_cmake.task.cmake.build:Building CMake package in '/home/kk/kk_ws/src/kk_driver_package/kk_driver'
[184.116s] INFO:colcon.colcon_core.shell:Skip shell extension 'powershell' for command environment: Not usable outside of PowerShell
[184.117s] DEBUG:colcon.colcon_core.shell:Skip shell extension 'dsv' for command environment
[184.138s] INFO:colcon.colcon_ros.task.ament_python.build:Building ROS package in '/home/kk/kk_ws/src/kk_driver_package/kk_receiver' with build type 'ament_python'
[184.138s] Level 1:colcon.colcon_core.shell:create_environment_hook('kk_receiver', 'ament_prefix_path')
[184.140s] INFO:colcon.colcon_core.shell:Creating environment hook '/home/kk/kk_ws/src/kk_driver_package/install/kk_receiver/share/kk_receiver/hook/ament_prefix_path.ps1'
[184.143s] INFO:colcon.colcon_core.shell:Creating environment descriptor '/home/kk/kk_ws/src/kk_driver_package/install/kk_receiver/share/kk_receiver/hook/ament_prefix_path.dsv'
[184.145s] INFO:colcon.colcon_core.shell:Creating environment hook '/home/kk/kk_ws/src/kk_driver_package/install/kk_receiver/share/kk_receiver/hook/ament_prefix_path.sh'
[184.148s] INFO:colcon.colcon_core.shell:Skip shell extension 'powershell' for command environment: Not usable outside of PowerShell
[184.149s] DEBUG:colcon.colcon_core.shell:Skip shell extension 'dsv' for command environment
[184.186s] DEBUG:colcon.colcon_core.event_handler.log_command:Invoking command in '/home/kk/kk_ws/src/kk_driver_package/build/kk_driver': AMENT_PREFIX_PATH=/home/kk/kk_ws/src/kk_driver_package/install/kk_driver_msg:${AMENT_PREFIX_PATH} CMAKE_PREFIX_PATH=/home/kk/kk_ws/src/kk_driver_package/install/kk_driver_msg:/home/kk/kk_ws/install/kk_driver:/home/kk/kk_ws/install/kk_driver_msg:/home/kk/kk_ws/install/kk_simulator:/home/kk/kk_ws/install/kk_receiver:/home/kk/kk_ws/install/core_camera:/opt/ros/humble LD_LIBRARY_PATH=/home/kk/kk_ws/src/kk_driver_package/install/kk_driver_msg/lib:${LD_LIBRARY_PATH} PYTHONPATH=/home/kk/kk_ws/src/kk_driver_package/install/kk_driver_msg/local/lib/python3.10/dist-packages:${PYTHONPATH} /usr/bin/cmake /home/kk/kk_ws/src/kk_driver_package/kk_driver -DCMAKE_INSTALL_PREFIX=/home/kk/kk_ws/src/kk_driver_package/install/kk_driver
[187.618s] INFO:colcon.colcon_core.task.python.build:Building Python package in '/home/kk/kk_ws/src/kk_driver_package/kk_receiver'
[187.620s] INFO:colcon.colcon_core.shell:Skip shell extension 'powershell' for command environment: Not usable outside of PowerShell
[187.621s] DEBUG:colcon.colcon_core.shell:Skip shell extension 'dsv' for command environment
[192.342s] DEBUG:colcon.colcon_core.event_handler.log_command:Invoking command in '/home/kk/kk_ws/src/kk_driver_package/kk_receiver': AMENT_PREFIX_PATH=/home/kk/kk_ws/src/kk_driver_package/install/kk_driver_msg:${AMENT_PREFIX_PATH} CMAKE_PREFIX_PATH=/home/kk/kk_ws/src/kk_driver_package/install/kk_driver_msg:${CMAKE_PREFIX_PATH} LD_LIBRARY_PATH=/home/kk/kk_ws/src/kk_driver_package/install/kk_driver_msg/lib:${LD_LIBRARY_PATH} PYTHONPATH=/home/kk/kk_ws/src/kk_driver_package/build/kk_receiver/prefix_override:/usr/lib/python3/dist-packages/colcon_core/task/python/colcon_distutils_commands:/home/kk/kk_ws/src/kk_driver_package/install/kk_receiver/lib/python3.10/site-packages:/home/kk/kk_ws/src/kk_driver_package/install/kk_driver_msg/local/lib/python3.10/dist-packages:${PYTHONPATH} /usr/bin/python3 -W ignore:setup.py install is deprecated -W ignore:easy_install command is deprecated setup.py egg_info --egg-base ../build/kk_receiver build --build-base /home/kk/kk_ws/src/kk_driver_package/build/kk_receiver/build install --record /home/kk/kk_ws/src/kk_driver_package/build/kk_receiver/install.log --single-version-externally-managed install_data
[195.997s] Level 1:colcon.colcon_core.environment:checking '/home/kk/kk_ws/src/kk_driver_package/install/kk_receiver' for CMake module files
[196.002s] DEBUG:colcon.colcon_core.event_handler.log_command:Invoked command in '/home/kk/kk_ws/src/kk_driver_package/kk_receiver' returned '0': AMENT_PREFIX_PATH=/home/kk/kk_ws/src/kk_driver_package/install/kk_driver_msg:${AMENT_PREFIX_PATH} CMAKE_PREFIX_PATH=/home/kk/kk_ws/src/kk_driver_package/install/kk_driver_msg:${CMAKE_PREFIX_PATH} LD_LIBRARY_PATH=/home/kk/kk_ws/src/kk_driver_package/install/kk_driver_msg/lib:${LD_LIBRARY_PATH} PYTHONPATH=/home/kk/kk_ws/src/kk_driver_package/build/kk_receiver/prefix_override:/usr/lib/python3/dist-packages/colcon_core/task/python/colcon_distutils_commands:/home/kk/kk_ws/src/kk_driver_package/install/kk_receiver/lib/python3.10/site-packages:/home/kk/kk_ws/src/kk_driver_package/install/kk_driver_msg/local/lib/python3.10/dist-packages:${PYTHONPATH} /usr/bin/python3 -W ignore:setup.py install is deprecated -W ignore:easy_install command is deprecated setup.py egg_info --egg-base ../build/kk_receiver build --build-base /home/kk/kk_ws/src/kk_driver_package/build/kk_receiver/build install --record /home/kk/kk_ws/src/kk_driver_package/build/kk_receiver/install.log --single-version-externally-managed install_data
[196.008s] Level 1:colcon.colcon_core.environment:checking '/home/kk/kk_ws/src/kk_driver_package/install/kk_receiver' for CMake config files
[196.016s] Level 1:colcon.colcon_core.environment:checking '/home/kk/kk_ws/src/kk_driver_package/install/kk_receiver/lib'
[196.018s] Level 1:colcon.colcon_core.environment:checking '/home/kk/kk_ws/src/kk_driver_package/install/kk_receiver/bin'
[196.018s] Level 1:colcon.colcon_core.environment:checking '/home/kk/kk_ws/src/kk_driver_package/install/kk_receiver/lib/pkgconfig/kk_receiver.pc'
[196.021s] Level 1:colcon.colcon_core.environment:checking '/home/kk/kk_ws/src/kk_driver_package/install/kk_receiver/lib/python3.10/site-packages'
[196.022s] Level 1:colcon.colcon_core.shell:create_environment_hook('kk_receiver', 'pythonpath')
[196.024s] INFO:colcon.colcon_core.shell:Creating environment hook '/home/kk/kk_ws/src/kk_driver_package/install/kk_receiver/share/kk_receiver/hook/pythonpath.ps1'
[196.029s] INFO:colcon.colcon_core.shell:Creating environment descriptor '/home/kk/kk_ws/src/kk_driver_package/install/kk_receiver/share/kk_receiver/hook/pythonpath.dsv'
[196.032s] INFO:colcon.colcon_core.shell:Creating environment hook '/home/kk/kk_ws/src/kk_driver_package/install/kk_receiver/share/kk_receiver/hook/pythonpath.sh'
[196.039s] Level 1:colcon.colcon_core.environment:checking '/home/kk/kk_ws/src/kk_driver_package/install/kk_receiver/bin'
[196.040s] Level 1:colcon.colcon_core.environment:create_environment_scripts_only(kk_receiver)
[196.044s] INFO:colcon.colcon_core.shell:Creating package script '/home/kk/kk_ws/src/kk_driver_package/install/kk_receiver/share/kk_receiver/package.ps1'
[196.049s] INFO:colcon.colcon_core.shell:Creating package descriptor '/home/kk/kk_ws/src/kk_driver_package/install/kk_receiver/share/kk_receiver/package.dsv'
[196.055s] INFO:colcon.colcon_core.shell:Creating package script '/home/kk/kk_ws/src/kk_driver_package/install/kk_receiver/share/kk_receiver/package.sh'
[196.060s] INFO:colcon.colcon_core.shell:Creating package script '/home/kk/kk_ws/src/kk_driver_package/install/kk_receiver/share/kk_receiver/package.bash'
[196.065s] INFO:colcon.colcon_core.shell:Creating package script '/home/kk/kk_ws/src/kk_driver_package/install/kk_receiver/share/kk_receiver/package.zsh'
[196.069s] Level 1:colcon.colcon_core.environment:create_file_with_runtime_dependencies(/home/kk/kk_ws/src/kk_driver_package/install/kk_receiver/share/colcon-core/packages/kk_receiver)
[200.140s] DEBUG:colcon.colcon_core.event_handler.log_command:Invoked command in '/home/kk/kk_ws/src/kk_driver_package/build/kk_driver' returned '0': AMENT_PREFIX_PATH=/home/kk/kk_ws/src/kk_driver_package/install/kk_driver_msg:${AMENT_PREFIX_PATH} CMAKE_PREFIX_PATH=/home/kk/kk_ws/src/kk_driver_package/install/kk_driver_msg:/home/kk/kk_ws/install/kk_driver:/home/kk/kk_ws/install/kk_driver_msg:/home/kk/kk_ws/install/kk_simulator:/home/kk/kk_ws/install/kk_receiver:/home/kk/kk_ws/install/core_camera:/opt/ros/humble LD_LIBRARY_PATH=/home/kk/kk_ws/src/kk_driver_package/install/kk_driver_msg/lib:${LD_LIBRARY_PATH} PYTHONPATH=/home/kk/kk_ws/src/kk_driver_package/install/kk_driver_msg/local/lib/python3.10/dist-packages:${PYTHONPATH} /usr/bin/cmake /home/kk/kk_ws/src/kk_driver_package/kk_driver -DCMAKE_INSTALL_PREFIX=/home/kk/kk_ws/src/kk_driver_package/install/kk_driver
[200.162s] DEBUG:colcon.colcon_core.event_handler.log_command:Invoking command in '/home/kk/kk_ws/src/kk_driver_package/build/kk_driver': AMENT_PREFIX_PATH=/home/kk/kk_ws/src/kk_driver_package/install/kk_driver_msg:${AMENT_PREFIX_PATH} CMAKE_PREFIX_PATH=/home/kk/kk_ws/src/kk_driver_package/install/kk_driver_msg:/home/kk/kk_ws/install/kk_driver:/home/kk/kk_ws/install/kk_driver_msg:/home/kk/kk_ws/install/kk_simulator:/home/kk/kk_ws/install/kk_receiver:/home/kk/kk_ws/install/core_camera:/opt/ros/humble LD_LIBRARY_PATH=/home/kk/kk_ws/src/kk_driver_package/install/kk_driver_msg/lib:${LD_LIBRARY_PATH} PYTHONPATH=/home/kk/kk_ws/src/kk_driver_package/install/kk_driver_msg/local/lib/python3.10/dist-packages:${PYTHONPATH} /usr/bin/cmake --build /home/kk/kk_ws/src/kk_driver_package/build/kk_driver -- -j4 -l4
[254.151s] DEBUG:colcon.colcon_core.event_handler.log_command:Invoked command in '/home/kk/kk_ws/src/kk_driver_package/build/kk_driver' returned '2': AMENT_PREFIX_PATH=/home/kk/kk_ws/src/kk_driver_package/install/kk_driver_msg:${AMENT_PREFIX_PATH} CMAKE_PREFIX_PATH=/home/kk/kk_ws/src/kk_driver_package/install/kk_driver_msg:/home/kk/kk_ws/install/kk_driver:/home/kk/kk_ws/install/kk_driver_msg:/home/kk/kk_ws/install/kk_simulator:/home/kk/kk_ws/install/kk_receiver:/home/kk/kk_ws/install/core_camera:/opt/ros/humble LD_LIBRARY_PATH=/home/kk/kk_ws/src/kk_driver_package/install/kk_driver_msg/lib:${LD_LIBRARY_PATH} PYTHONPATH=/home/kk/kk_ws/src/kk_driver_package/install/kk_driver_msg/local/lib/python3.10/dist-packages:${PYTHONPATH} /usr/bin/cmake --build /home/kk/kk_ws/src/kk_driver_package/build/kk_driver -- -j4 -l4
[254.158s] Level 1:colcon.colcon_core.environment:create_environment_scripts_only(kk_driver)
[254.161s] Level 1:colcon.colcon_core.environment:checking '/home/kk/kk_ws/src/kk_driver_package/install/kk_driver' for CMake module files
[254.166s] Level 1:colcon.colcon_core.environment:checking '/home/kk/kk_ws/src/kk_driver_package/install/kk_driver' for CMake config files
[254.168s] Level 1:colcon.colcon_core.environment:checking '/home/kk/kk_ws/src/kk_driver_package/install/kk_driver/bin'
[254.169s] Level 1:colcon.colcon_core.environment:checking '/home/kk/kk_ws/src/kk_driver_package/install/kk_driver/lib/pkgconfig/kk_driver.pc'
[254.171s] Level 1:colcon.colcon_core.environment:checking '/home/kk/kk_ws/src/kk_driver_package/install/kk_driver/lib/python3.10/site-packages'
[254.174s] Level 1:colcon.colcon_core.environment:checking '/home/kk/kk_ws/src/kk_driver_package/install/kk_driver/bin'
[254.177s] INFO:colcon.colcon_core.shell:Creating package script '/home/kk/kk_ws/src/kk_driver_package/install/kk_driver/share/kk_driver/package.ps1'
[254.184s] INFO:colcon.colcon_core.shell:Creating package descriptor '/home/kk/kk_ws/src/kk_driver_package/install/kk_driver/share/kk_driver/package.dsv'
[254.190s] INFO:colcon.colcon_core.shell:Creating package script '/home/kk/kk_ws/src/kk_driver_package/install/kk_driver/share/kk_driver/package.sh'
[254.196s] INFO:colcon.colcon_core.shell:Creating package script '/home/kk/kk_ws/src/kk_driver_package/install/kk_driver/share/kk_driver/package.bash'
[254.201s] INFO:colcon.colcon_core.shell:Creating package script '/home/kk/kk_ws/src/kk_driver_package/install/kk_driver/share/kk_driver/package.zsh'
[254.206s] Level 1:colcon.colcon_core.environment:create_file_with_runtime_dependencies(/home/kk/kk_ws/src/kk_driver_package/install/kk_driver/share/colcon-core/packages/kk_driver)
[254.222s] DEBUG:colcon.colcon_parallel_executor.executor.parallel:closing loop
[254.226s] DEBUG:colcon.colcon_parallel_executor.executor.parallel:loop closed
[254.226s] DEBUG:colcon.colcon_parallel_executor.executor.parallel:run_until_complete finished with '2'
[254.227s] DEBUG:colcon.colcon_core.event_reactor:joining thread
[254.287s] INFO:colcon.colcon_core.plugin_system:Skipping extension 'colcon_notification.desktop_notification.notify_send': Could not find 'notify-send'
[254.288s] INFO:colcon.colcon_core.plugin_system:Skipping extension 'colcon_notification.desktop_notification.terminal_notifier': Not used on non-Darwin systems
[254.289s] INFO:colcon.colcon_core.plugin_system:Skipping extension 'colcon_notification.desktop_notification.win32': Not used on non-Windows systems
[254.289s] INFO:colcon.colcon_notification.desktop_notification:Sending desktop notification using 'notify2'
[254.297s] DEBUG:colcon.colcon_notification.desktop_notification.notify2:Failed to initialize notify2: org.freedesktop.DBus.Error.ServiceUnknown: The name org.freedesktop.Notifications was not provided by any .service files
[254.298s] DEBUG:colcon.colcon_core.event_reactor:joined thread
[254.301s] INFO:colcon.colcon_core.shell:Creating prefix script '/home/kk/kk_ws/src/kk_driver_package/install/local_setup.ps1'
[254.310s] INFO:colcon.colcon_core.shell:Creating prefix util module '/home/kk/kk_ws/src/kk_driver_package/install/_local_setup_util_ps1.py'
[254.325s] INFO:colcon.colcon_core.shell:Creating prefix chain script '/home/kk/kk_ws/src/kk_driver_package/install/setup.ps1'
[254.340s] INFO:colcon.colcon_core.shell:Creating prefix script '/home/kk/kk_ws/src/kk_driver_package/install/local_setup.sh'
[254.346s] INFO:colcon.colcon_core.shell:Creating prefix util module '/home/kk/kk_ws/src/kk_driver_package/install/_local_setup_util_sh.py'
[254.353s] INFO:colcon.colcon_core.shell:Creating prefix chain script '/home/kk/kk_ws/src/kk_driver_package/install/setup.sh'
[254.368s] INFO:colcon.colcon_core.shell:Creating prefix script '/home/kk/kk_ws/src/kk_driver_package/install/local_setup.bash'
[254.375s] INFO:colcon.colcon_core.shell:Creating prefix chain script '/home/kk/kk_ws/src/kk_driver_package/install/setup.bash'
[254.390s] INFO:colcon.colcon_core.shell:Creating prefix script '/home/kk/kk_ws/src/kk_driver_package/install/local_setup.zsh'
[254.395s] INFO:colcon.colcon_core.shell:Creating prefix chain script '/home/kk/kk_ws/src/kk_driver_package/install/setup.zsh'
