[0.220s] Invoking command in '/home/kk/kk_ws/src/kk_driver_package/build/kk_driver': AMENT_PREFIX_PATH=/home/kk/kk_ws/src/kk_driver_package/install/kk_driver_msg:${AMENT_PREFIX_PATH} CMAKE_PREFIX_PATH=/home/kk/kk_ws/src/kk_driver_package/install/kk_driver_msg:/home/kk/kk_ws/install/kk_driver:/home/kk/kk_ws/install/kk_driver_msg:/home/kk/kk_ws/install/kk_simulator:/home/kk/kk_ws/install/kk_receiver:/home/kk/kk_ws/install/core_camera:/opt/ros/humble LD_LIBRARY_PATH=/home/kk/kk_ws/src/kk_driver_package/install/kk_driver_msg/lib:${LD_LIBRARY_PATH} PYTHONPATH=/home/kk/kk_ws/src/kk_driver_package/install/kk_driver_msg/local/lib/python3.10/dist-packages:${PYTHONPATH} /usr/bin/cmake --build /home/kk/kk_ws/src/kk_driver_package/build/kk_driver -- -j4 -l4
[0.880s] [100%] Built target kk_driver
[3.941s] Invoked command in '/home/kk/kk_ws/src/kk_driver_package/build/kk_driver' returned '0': AMENT_PREFIX_PATH=/home/kk/kk_ws/src/kk_driver_package/install/kk_driver_msg:${AMENT_PREFIX_PATH} CMAKE_PREFIX_PATH=/home/kk/kk_ws/src/kk_driver_package/install/kk_driver_msg:/home/kk/kk_ws/install/kk_driver:/home/kk/kk_ws/install/kk_driver_msg:/home/kk/kk_ws/install/kk_simulator:/home/kk/kk_ws/install/kk_receiver:/home/kk/kk_ws/install/core_camera:/opt/ros/humble LD_LIBRARY_PATH=/home/kk/kk_ws/src/kk_driver_package/install/kk_driver_msg/lib:${LD_LIBRARY_PATH} PYTHONPATH=/home/kk/kk_ws/src/kk_driver_package/install/kk_driver_msg/local/lib/python3.10/dist-packages:${PYTHONPATH} /usr/bin/cmake --build /home/kk/kk_ws/src/kk_driver_package/build/kk_driver -- -j4 -l4
[3.960s] Invoking command in '/home/kk/kk_ws/src/kk_driver_package/build/kk_driver': AMENT_PREFIX_PATH=/home/kk/kk_ws/src/kk_driver_package/install/kk_driver_msg:${AMENT_PREFIX_PATH} CMAKE_PREFIX_PATH=/home/kk/kk_ws/src/kk_driver_package/install/kk_driver_msg:/home/kk/kk_ws/install/kk_driver:/home/kk/kk_ws/install/kk_driver_msg:/home/kk/kk_ws/install/kk_simulator:/home/kk/kk_ws/install/kk_receiver:/home/kk/kk_ws/install/core_camera:/opt/ros/humble LD_LIBRARY_PATH=/home/kk/kk_ws/src/kk_driver_package/install/kk_driver_msg/lib:${LD_LIBRARY_PATH} PYTHONPATH=/home/kk/kk_ws/src/kk_driver_package/install/kk_driver_msg/local/lib/python3.10/dist-packages:${PYTHONPATH} /usr/bin/cmake --install /home/kk/kk_ws/src/kk_driver_package/build/kk_driver
[4.057s] -- Install configuration: ""
[4.058s] -- Up-to-date: /home/kk/kk_ws/src/kk_driver_package/install/kk_driver/lib/kk_driver/kk_driver
[4.063s] -- Up-to-date: /home/kk/kk_ws/src/kk_driver_package/install/kk_driver/share/ament_index/resource_index/package_run_dependencies/kk_driver
[4.066s] -- Up-to-date: /home/kk/kk_ws/src/kk_driver_package/install/kk_driver/share/ament_index/resource_index/parent_prefix_path/kk_driver
[4.068s] -- Up-to-date: /home/kk/kk_ws/src/kk_driver_package/install/kk_driver/share/kk_driver/environment/ament_prefix_path.sh
[4.070s] -- Up-to-date: /home/kk/kk_ws/src/kk_driver_package/install/kk_driver/share/kk_driver/environment/ament_prefix_path.dsv
[4.072s] -- Up-to-date: /home/kk/kk_ws/src/kk_driver_package/install/kk_driver/share/kk_driver/environment/path.sh
[4.074s] -- Up-to-date: /home/kk/kk_ws/src/kk_driver_package/install/kk_driver/share/kk_driver/environment/path.dsv
[4.076s] -- Up-to-date: /home/kk/kk_ws/src/kk_driver_package/install/kk_driver/share/kk_driver/local_setup.bash
[4.077s] -- Up-to-date: /home/kk/kk_ws/src/kk_driver_package/install/kk_driver/share/kk_driver/local_setup.sh
[4.078s] -- Up-to-date: /home/kk/kk_ws/src/kk_driver_package/install/kk_driver/share/kk_driver/local_setup.zsh
[4.079s] -- Up-to-date: /home/kk/kk_ws/src/kk_driver_package/install/kk_driver/share/kk_driver/local_setup.dsv
[4.081s] -- Installing: /home/kk/kk_ws/src/kk_driver_package/install/kk_driver/share/kk_driver/package.dsv
[4.097s] -- Up-to-date: /home/kk/kk_ws/src/kk_driver_package/install/kk_driver/share/ament_index/resource_index/packages/kk_driver
[4.111s] -- Up-to-date: /home/kk/kk_ws/src/kk_driver_package/install/kk_driver/share/kk_driver/cmake/kk_driverConfig.cmake
[4.112s] -- Up-to-date: /home/kk/kk_ws/src/kk_driver_package/install/kk_driver/share/kk_driver/cmake/kk_driverConfig-version.cmake
[4.130s] -- Up-to-date: /home/kk/kk_ws/src/kk_driver_package/install/kk_driver/share/kk_driver/package.xml
[4.132s] Invoked command in '/home/kk/kk_ws/src/kk_driver_package/build/kk_driver' returned '0': AMENT_PREFIX_PATH=/home/kk/kk_ws/src/kk_driver_package/install/kk_driver_msg:${AMENT_PREFIX_PATH} CMAKE_PREFIX_PATH=/home/kk/kk_ws/src/kk_driver_package/install/kk_driver_msg:/home/kk/kk_ws/install/kk_driver:/home/kk/kk_ws/install/kk_driver_msg:/home/kk/kk_ws/install/kk_simulator:/home/kk/kk_ws/install/kk_receiver:/home/kk/kk_ws/install/core_camera:/opt/ros/humble LD_LIBRARY_PATH=/home/kk/kk_ws/src/kk_driver_package/install/kk_driver_msg/lib:${LD_LIBRARY_PATH} PYTHONPATH=/home/kk/kk_ws/src/kk_driver_package/install/kk_driver_msg/local/lib/python3.10/dist-packages:${PYTHONPATH} /usr/bin/cmake --install /home/kk/kk_ws/src/kk_driver_package/build/kk_driver
