running egg_info
writing ../build/kk_simulator/kk_simulator.egg-info/PKG-INFO
writing dependency_links to ../build/kk_simulator/kk_simulator.egg-info/dependency_links.txt
writing entry points to ../build/kk_simulator/kk_simulator.egg-info/entry_points.txt
writing requirements to ../build/kk_simulator/kk_simulator.egg-info/requires.txt
writing top-level names to ../build/kk_simulator/kk_simulator.egg-info/top_level.txt
reading manifest file '../build/kk_simulator/kk_simulator.egg-info/SOURCES.txt'
writing manifest file '../build/kk_simulator/kk_simulator.egg-info/SOURCES.txt'
running build
running build_py
copying kk_simulator/gm6020.py -> /home/kk/kk_ws/src/kk_driver_package/build/kk_simulator/build/lib/kk_simulator
running install
running install_lib
copying /home/kk/kk_ws/src/kk_driver_package/build/kk_simulator/build/lib/kk_simulator/gm6020.py -> /home/kk/kk_ws/src/kk_driver_package/install/kk_simulator/lib/python3.10/site-packages/kk_simulator
byte-compiling /home/kk/kk_ws/src/kk_driver_package/install/kk_simulator/lib/python3.10/site-packages/kk_simulator/gm6020.py to gm6020.cpython-310.pyc
running install_data
running install_egg_info
removing '/home/kk/kk_ws/src/kk_driver_package/install/kk_simulator/lib/python3.10/site-packages/kk_simulator-0.0.0-py3.10.egg-info' (and everything under it)
Copying ../build/kk_simulator/kk_simulator.egg-info to /home/kk/kk_ws/src/kk_driver_package/install/kk_simulator/lib/python3.10/site-packages/kk_simulator-0.0.0-py3.10.egg-info
running install_scripts
Installing gm6020 script to /home/kk/kk_ws/src/kk_driver_package/install/kk_simulator/lib/kk_simulator
Installing servo script to /home/kk/kk_ws/src/kk_driver_package/install/kk_simulator/lib/kk_simulator
writing list of installed files to '/home/kk/kk_ws/src/kk_driver_package/build/kk_simulator/install.log'
