[0.668s] DEBUG:colcon:Command line arguments: ['/usr/bin/colcon', 'build']
[0.669s] DEBUG:colcon:Parsed command line arguments: Namespace(log_base=None, log_level=None, verb_name='build', build_base='build', install_base='install', merge_install=False, symlink_install=False, test_result_base=None, continue_on_error=False, executor='parallel', parallel_workers=4, event_handlers=None, ignore_user_meta=False, metas=['./colcon.meta'], base_paths=['.'], packages_ignore=None, packages_ignore_regex=None, paths=None, packages_up_to=None, packages_up_to_regex=None, packages_above=None, packages_above_and_dependencies=None, packages_above_depth=None, packages_select_by_dep=None, packages_skip_by_dep=None, packages_skip_up_to=None, packages_select_build_failed=False, packages_skip_build_finished=False, packages_select_test_failures=False, packages_skip_test_passed=False, packages_select=None, packages_skip=None, packages_select_regex=None, packages_skip_regex=None, packages_start=None, packages_end=None, allow_overriding=[], cmake_args=None, cmake_target=None, cmake_target_skip_unavailable=False, cmake_clean_cache=False, cmake_clean_first=False, cmake_force_configure=False, ament_cmake_args=None, catkin_cmake_args=None, catkin_skip_building_tests=False, verb_parser=<colcon_defaults.argument_parser.defaults.DefaultArgumentsDecorator object at 0xffff891c3d90>, verb_extension=<colcon_core.verb.build.BuildVerb object at 0xffff892fd240>, main=<bound method BuildVerb.main of <colcon_core.verb.build.BuildVerb object at 0xffff892fd240>>)
[2.949s] Level 1:colcon.colcon_core.package_discovery:discover_packages(colcon_meta) check parameters
[2.950s] Level 1:colcon.colcon_core.package_discovery:discover_packages(recursive) check parameters
[2.950s] Level 1:colcon.colcon_core.package_discovery:discover_packages(ignore) check parameters
[2.951s] Level 1:colcon.colcon_core.package_discovery:discover_packages(path) check parameters
[2.951s] Level 1:colcon.colcon_core.package_discovery:discover_packages(colcon_meta) discover
[2.952s] Level 1:colcon.colcon_core.package_discovery:discover_packages(recursive) discover
[2.952s] INFO:colcon.colcon_core.package_discovery:Crawling recursively for packages in '/home/kk/kk_ws/src/kk_driver_package'
[2.953s] Level 1:colcon.colcon_core.package_identification:_identify(.) by extensions ['ignore', 'ignore_ament_install']
[2.954s] Level 1:colcon.colcon_core.package_identification:_identify(.) by extension 'ignore'
[2.955s] Level 1:colcon.colcon_core.package_identification:_identify(.) by extension 'ignore_ament_install'
[2.955s] Level 1:colcon.colcon_core.package_identification:_identify(.) by extensions ['colcon_pkg']
[2.956s] Level 1:colcon.colcon_core.package_identification:_identify(.) by extension 'colcon_pkg'
[2.956s] Level 1:colcon.colcon_core.package_identification:_identify(.) by extensions ['colcon_meta']
[2.957s] Level 1:colcon.colcon_core.package_identification:_identify(.) by extension 'colcon_meta'
[2.957s] Level 1:colcon.colcon_core.package_identification:_identify(.) by extensions ['ros']
[2.958s] Level 1:colcon.colcon_core.package_identification:_identify(.) by extension 'ros'
[3.078s] Level 1:colcon.colcon_core.package_identification:_identify(.) by extensions ['cmake', 'python']
[3.078s] Level 1:colcon.colcon_core.package_identification:_identify(.) by extension 'cmake'
[3.079s] Level 1:colcon.colcon_core.package_identification:_identify(.) by extension 'python'
[3.079s] Level 1:colcon.colcon_core.package_identification:_identify(.) by extensions ['python_setup_py']
[3.080s] Level 1:colcon.colcon_core.package_identification:_identify(.) by extension 'python_setup_py'
[3.081s] Level 1:colcon.colcon_core.package_identification:_identify(build) by extensions ['ignore', 'ignore_ament_install']
[3.082s] Level 1:colcon.colcon_core.package_identification:_identify(build) by extension 'ignore'
[3.082s] Level 1:colcon.colcon_core.package_identification:_identify(build) ignored
[3.084s] Level 1:colcon.colcon_core.package_identification:_identify(install) by extensions ['ignore', 'ignore_ament_install']
[3.085s] Level 1:colcon.colcon_core.package_identification:_identify(install) by extension 'ignore'
[3.086s] Level 1:colcon.colcon_core.package_identification:_identify(install) ignored
[3.087s] Level 1:colcon.colcon_core.package_identification:_identify(kk_driver) by extensions ['ignore', 'ignore_ament_install']
[3.088s] Level 1:colcon.colcon_core.package_identification:_identify(kk_driver) by extension 'ignore'
[3.089s] Level 1:colcon.colcon_core.package_identification:_identify(kk_driver) by extension 'ignore_ament_install'
[3.090s] Level 1:colcon.colcon_core.package_identification:_identify(kk_driver) by extensions ['colcon_pkg']
[3.090s] Level 1:colcon.colcon_core.package_identification:_identify(kk_driver) by extension 'colcon_pkg'
[3.091s] Level 1:colcon.colcon_core.package_identification:_identify(kk_driver) by extensions ['colcon_meta']
[3.091s] Level 1:colcon.colcon_core.package_identification:_identify(kk_driver) by extension 'colcon_meta'
[3.092s] Level 1:colcon.colcon_core.package_identification:_identify(kk_driver) by extensions ['ros']
[3.092s] Level 1:colcon.colcon_core.package_identification:_identify(kk_driver) by extension 'ros'
[3.114s] DEBUG:colcon.colcon_core.package_identification:Package 'kk_driver' with type 'ros.ament_cmake' and name 'kk_driver'
[3.116s] Level 1:colcon.colcon_core.package_identification:_identify(kk_driver_msg) by extensions ['ignore', 'ignore_ament_install']
[3.117s] Level 1:colcon.colcon_core.package_identification:_identify(kk_driver_msg) by extension 'ignore'
[3.118s] Level 1:colcon.colcon_core.package_identification:_identify(kk_driver_msg) by extension 'ignore_ament_install'
[3.118s] Level 1:colcon.colcon_core.package_identification:_identify(kk_driver_msg) by extensions ['colcon_pkg']
[3.119s] Level 1:colcon.colcon_core.package_identification:_identify(kk_driver_msg) by extension 'colcon_pkg'
[3.119s] Level 1:colcon.colcon_core.package_identification:_identify(kk_driver_msg) by extensions ['colcon_meta']
[3.120s] Level 1:colcon.colcon_core.package_identification:_identify(kk_driver_msg) by extension 'colcon_meta'
[3.120s] Level 1:colcon.colcon_core.package_identification:_identify(kk_driver_msg) by extensions ['ros']
[3.120s] Level 1:colcon.colcon_core.package_identification:_identify(kk_driver_msg) by extension 'ros'
[3.126s] DEBUG:colcon.colcon_core.package_identification:Package 'kk_driver_msg' with type 'ros.ament_cmake' and name 'kk_driver_msg'
[3.128s] Level 1:colcon.colcon_core.package_identification:_identify(kk_receiver) by extensions ['ignore', 'ignore_ament_install']
[3.129s] Level 1:colcon.colcon_core.package_identification:_identify(kk_receiver) by extension 'ignore'
[3.129s] Level 1:colcon.colcon_core.package_identification:_identify(kk_receiver) by extension 'ignore_ament_install'
[3.130s] Level 1:colcon.colcon_core.package_identification:_identify(kk_receiver) by extensions ['colcon_pkg']
[3.130s] Level 1:colcon.colcon_core.package_identification:_identify(kk_receiver) by extension 'colcon_pkg'
[3.131s] Level 1:colcon.colcon_core.package_identification:_identify(kk_receiver) by extensions ['colcon_meta']
[3.131s] Level 1:colcon.colcon_core.package_identification:_identify(kk_receiver) by extension 'colcon_meta'
[3.132s] Level 1:colcon.colcon_core.package_identification:_identify(kk_receiver) by extensions ['ros']
[3.132s] Level 1:colcon.colcon_core.package_identification:_identify(kk_receiver) by extension 'ros'
[3.138s] DEBUG:colcon.colcon_core.package_identification:Package 'kk_receiver' with type 'ros.ament_python' and name 'kk_receiver'
[3.139s] Level 1:colcon.colcon_core.package_identification:_identify(kk_simulator) by extensions ['ignore', 'ignore_ament_install']
[3.140s] Level 1:colcon.colcon_core.package_identification:_identify(kk_simulator) by extension 'ignore'
[3.140s] Level 1:colcon.colcon_core.package_identification:_identify(kk_simulator) by extension 'ignore_ament_install'
[3.141s] Level 1:colcon.colcon_core.package_identification:_identify(kk_simulator) by extensions ['colcon_pkg']
[3.142s] Level 1:colcon.colcon_core.package_identification:_identify(kk_simulator) by extension 'colcon_pkg'
[3.142s] Level 1:colcon.colcon_core.package_identification:_identify(kk_simulator) by extensions ['colcon_meta']
[3.142s] Level 1:colcon.colcon_core.package_identification:_identify(kk_simulator) by extension 'colcon_meta'
[3.143s] Level 1:colcon.colcon_core.package_identification:_identify(kk_simulator) by extensions ['ros']
[3.143s] Level 1:colcon.colcon_core.package_identification:_identify(kk_simulator) by extension 'ros'
[3.149s] DEBUG:colcon.colcon_core.package_identification:Package 'kk_simulator' with type 'ros.ament_python' and name 'kk_simulator'
[3.151s] Level 1:colcon.colcon_core.package_identification:_identify(log) by extensions ['ignore', 'ignore_ament_install']
[3.152s] Level 1:colcon.colcon_core.package_identification:_identify(log) by extension 'ignore'
[3.152s] Level 1:colcon.colcon_core.package_identification:_identify(log) ignored
[3.153s] Level 1:colcon.colcon_core.package_discovery:discover_packages(recursive) using defaults
[3.153s] Level 1:colcon.colcon_core.package_discovery:discover_packages(ignore) discover
[3.154s] Level 1:colcon.colcon_core.package_discovery:discover_packages(ignore) using defaults
[3.154s] Level 1:colcon.colcon_core.package_discovery:discover_packages(path) discover
[3.154s] Level 1:colcon.colcon_core.package_discovery:discover_packages(path) using defaults
[3.369s] Level 1:colcon.colcon_core.package_discovery:discover_packages(prefix_path) check parameters
[3.370s] Level 1:colcon.colcon_core.package_discovery:discover_packages(prefix_path) discover
[3.394s] DEBUG:colcon.colcon_installed_package_information.package_discovery:Found 6 installed packages in /home/kk/kk_ws/install
[3.420s] DEBUG:colcon.colcon_installed_package_information.package_discovery:Found 271 installed packages in /opt/ros/humble
[3.501s] Level 1:colcon.colcon_core.package_discovery:discover_packages(prefix_path) using defaults
[3.718s] Level 5:colcon.colcon_core.verb:set package 'kk_driver_msg' build argument 'cmake_args' from command line to 'None'
[3.718s] Level 5:colcon.colcon_core.verb:set package 'kk_driver_msg' build argument 'cmake_target' from command line to 'None'
[3.719s] Level 5:colcon.colcon_core.verb:set package 'kk_driver_msg' build argument 'cmake_target_skip_unavailable' from command line to 'False'
[3.719s] Level 5:colcon.colcon_core.verb:set package 'kk_driver_msg' build argument 'cmake_clean_cache' from command line to 'False'
[3.719s] Level 5:colcon.colcon_core.verb:set package 'kk_driver_msg' build argument 'cmake_clean_first' from command line to 'False'
[3.719s] Level 5:colcon.colcon_core.verb:set package 'kk_driver_msg' build argument 'cmake_force_configure' from command line to 'False'
[3.719s] Level 5:colcon.colcon_core.verb:set package 'kk_driver_msg' build argument 'ament_cmake_args' from command line to 'None'
[3.719s] Level 5:colcon.colcon_core.verb:set package 'kk_driver_msg' build argument 'catkin_cmake_args' from command line to 'None'
[3.719s] Level 5:colcon.colcon_core.verb:set package 'kk_driver_msg' build argument 'catkin_skip_building_tests' from command line to 'False'
[3.719s] DEBUG:colcon.colcon_core.verb:Building package 'kk_driver_msg' with the following arguments: {'ament_cmake_args': None, 'build_base': '/home/kk/kk_ws/src/kk_driver_package/build/kk_driver_msg', 'catkin_cmake_args': None, 'catkin_skip_building_tests': False, 'cmake_args': None, 'cmake_clean_cache': False, 'cmake_clean_first': False, 'cmake_force_configure': False, 'cmake_target': None, 'cmake_target_skip_unavailable': False, 'install_base': '/home/kk/kk_ws/src/kk_driver_package/install/kk_driver_msg', 'merge_install': False, 'path': '/home/kk/kk_ws/src/kk_driver_package/kk_driver_msg', 'symlink_install': False, 'test_result_base': None}
[3.721s] Level 5:colcon.colcon_core.verb:set package 'kk_simulator' build argument 'cmake_args' from command line to 'None'
[3.721s] Level 5:colcon.colcon_core.verb:set package 'kk_simulator' build argument 'cmake_target' from command line to 'None'
[3.721s] Level 5:colcon.colcon_core.verb:set package 'kk_simulator' build argument 'cmake_target_skip_unavailable' from command line to 'False'
[3.721s] Level 5:colcon.colcon_core.verb:set package 'kk_simulator' build argument 'cmake_clean_cache' from command line to 'False'
[3.722s] Level 5:colcon.colcon_core.verb:set package 'kk_simulator' build argument 'cmake_clean_first' from command line to 'False'
[3.722s] Level 5:colcon.colcon_core.verb:set package 'kk_simulator' build argument 'cmake_force_configure' from command line to 'False'
[3.722s] Level 5:colcon.colcon_core.verb:set package 'kk_simulator' build argument 'ament_cmake_args' from command line to 'None'
[3.722s] Level 5:colcon.colcon_core.verb:set package 'kk_simulator' build argument 'catkin_cmake_args' from command line to 'None'
[3.722s] Level 5:colcon.colcon_core.verb:set package 'kk_simulator' build argument 'catkin_skip_building_tests' from command line to 'False'
[3.722s] DEBUG:colcon.colcon_core.verb:Building package 'kk_simulator' with the following arguments: {'ament_cmake_args': None, 'build_base': '/home/kk/kk_ws/src/kk_driver_package/build/kk_simulator', 'catkin_cmake_args': None, 'catkin_skip_building_tests': False, 'cmake_args': None, 'cmake_clean_cache': False, 'cmake_clean_first': False, 'cmake_force_configure': False, 'cmake_target': None, 'cmake_target_skip_unavailable': False, 'install_base': '/home/kk/kk_ws/src/kk_driver_package/install/kk_simulator', 'merge_install': False, 'path': '/home/kk/kk_ws/src/kk_driver_package/kk_simulator', 'symlink_install': False, 'test_result_base': None}
[3.724s] Level 5:colcon.colcon_core.verb:set package 'kk_driver' build argument 'cmake_args' from command line to 'None'
[3.724s] Level 5:colcon.colcon_core.verb:set package 'kk_driver' build argument 'cmake_target' from command line to 'None'
[3.724s] Level 5:colcon.colcon_core.verb:set package 'kk_driver' build argument 'cmake_target_skip_unavailable' from command line to 'False'
[3.724s] Level 5:colcon.colcon_core.verb:set package 'kk_driver' build argument 'cmake_clean_cache' from command line to 'False'
[3.724s] Level 5:colcon.colcon_core.verb:set package 'kk_driver' build argument 'cmake_clean_first' from command line to 'False'
[3.724s] Level 5:colcon.colcon_core.verb:set package 'kk_driver' build argument 'cmake_force_configure' from command line to 'False'
[3.724s] Level 5:colcon.colcon_core.verb:set package 'kk_driver' build argument 'ament_cmake_args' from command line to 'None'
[3.724s] Level 5:colcon.colcon_core.verb:set package 'kk_driver' build argument 'catkin_cmake_args' from command line to 'None'
[3.725s] Level 5:colcon.colcon_core.verb:set package 'kk_driver' build argument 'catkin_skip_building_tests' from command line to 'False'
[3.725s] DEBUG:colcon.colcon_core.verb:Building package 'kk_driver' with the following arguments: {'ament_cmake_args': None, 'build_base': '/home/kk/kk_ws/src/kk_driver_package/build/kk_driver', 'catkin_cmake_args': None, 'catkin_skip_building_tests': False, 'cmake_args': None, 'cmake_clean_cache': False, 'cmake_clean_first': False, 'cmake_force_configure': False, 'cmake_target': None, 'cmake_target_skip_unavailable': False, 'install_base': '/home/kk/kk_ws/src/kk_driver_package/install/kk_driver', 'merge_install': False, 'path': '/home/kk/kk_ws/src/kk_driver_package/kk_driver', 'symlink_install': False, 'test_result_base': None}
[3.726s] Level 5:colcon.colcon_core.verb:set package 'kk_receiver' build argument 'cmake_args' from command line to 'None'
[3.727s] Level 5:colcon.colcon_core.verb:set package 'kk_receiver' build argument 'cmake_target' from command line to 'None'
[3.727s] Level 5:colcon.colcon_core.verb:set package 'kk_receiver' build argument 'cmake_target_skip_unavailable' from command line to 'False'
[3.727s] Level 5:colcon.colcon_core.verb:set package 'kk_receiver' build argument 'cmake_clean_cache' from command line to 'False'
[3.727s] Level 5:colcon.colcon_core.verb:set package 'kk_receiver' build argument 'cmake_clean_first' from command line to 'False'
[3.727s] Level 5:colcon.colcon_core.verb:set package 'kk_receiver' build argument 'cmake_force_configure' from command line to 'False'
[3.727s] Level 5:colcon.colcon_core.verb:set package 'kk_receiver' build argument 'ament_cmake_args' from command line to 'None'
[3.727s] Level 5:colcon.colcon_core.verb:set package 'kk_receiver' build argument 'catkin_cmake_args' from command line to 'None'
[3.727s] Level 5:colcon.colcon_core.verb:set package 'kk_receiver' build argument 'catkin_skip_building_tests' from command line to 'False'
[3.727s] DEBUG:colcon.colcon_core.verb:Building package 'kk_receiver' with the following arguments: {'ament_cmake_args': None, 'build_base': '/home/kk/kk_ws/src/kk_driver_package/build/kk_receiver', 'catkin_cmake_args': None, 'catkin_skip_building_tests': False, 'cmake_args': None, 'cmake_clean_cache': False, 'cmake_clean_first': False, 'cmake_force_configure': False, 'cmake_target': None, 'cmake_target_skip_unavailable': False, 'install_base': '/home/kk/kk_ws/src/kk_driver_package/install/kk_receiver', 'merge_install': False, 'path': '/home/kk/kk_ws/src/kk_driver_package/kk_receiver', 'symlink_install': False, 'test_result_base': None}
[3.728s] INFO:colcon.colcon_core.executor:Executing jobs using 'parallel' executor
[3.731s] DEBUG:colcon.colcon_parallel_executor.executor.parallel:run_until_complete
[3.732s] INFO:colcon.colcon_ros.task.ament_cmake.build:Building ROS package in '/home/kk/kk_ws/src/kk_driver_package/kk_driver_msg' with build type 'ament_cmake'
[3.733s] INFO:colcon.colcon_cmake.task.cmake.build:Building CMake package in '/home/kk/kk_ws/src/kk_driver_package/kk_driver_msg'
[3.743s] INFO:colcon.colcon_core.plugin_system:Skipping extension 'colcon_core.shell.bat': Not used on non-Windows systems
[3.744s] INFO:colcon.colcon_core.shell:Skip shell extension 'powershell' for command environment: Not usable outside of PowerShell
[3.744s] DEBUG:colcon.colcon_core.shell:Skip shell extension 'dsv' for command environment
[3.764s] INFO:colcon.colcon_ros.task.ament_python.build:Building ROS package in '/home/kk/kk_ws/src/kk_driver_package/kk_simulator' with build type 'ament_python'
[3.765s] Level 1:colcon.colcon_core.shell:create_environment_hook('kk_simulator', 'ament_prefix_path')
[3.766s] INFO:colcon.colcon_core.shell:Creating environment hook '/home/kk/kk_ws/src/kk_driver_package/install/kk_simulator/share/kk_simulator/hook/ament_prefix_path.ps1'
[3.770s] INFO:colcon.colcon_core.shell:Creating environment descriptor '/home/kk/kk_ws/src/kk_driver_package/install/kk_simulator/share/kk_simulator/hook/ament_prefix_path.dsv'
[3.777s] INFO:colcon.colcon_core.shell:Creating environment hook '/home/kk/kk_ws/src/kk_driver_package/install/kk_simulator/share/kk_simulator/hook/ament_prefix_path.sh'
[3.786s] INFO:colcon.colcon_core.shell:Skip shell extension 'powershell' for command environment: Not usable outside of PowerShell
[3.787s] DEBUG:colcon.colcon_core.shell:Skip shell extension 'dsv' for command environment
[3.880s] DEBUG:colcon.colcon_core.event_handler.log_command:Invoking command in '/home/kk/kk_ws/src/kk_driver_package/build/kk_driver_msg': CMAKE_PREFIX_PATH=${CMAKE_PREFIX_PATH}:/home/kk/kk_ws/install/kk_simulator:/home/kk/kk_ws/install/kk_receiver:/home/kk/kk_ws/install/core_camera:/opt/ros/humble /usr/bin/cmake --build /home/kk/kk_ws/src/kk_driver_package/build/kk_driver_msg -- -j4 -l4
[8.104s] INFO:colcon.colcon_core.task.python.build:Building Python package in '/home/kk/kk_ws/src/kk_driver_package/kk_simulator'
[8.107s] INFO:colcon.colcon_core.shell:Skip shell extension 'powershell' for command environment: Not usable outside of PowerShell
[8.108s] DEBUG:colcon.colcon_core.shell:Skip shell extension 'dsv' for command environment
[9.641s] DEBUG:colcon.colcon_core.event_handler.log_command:Invoked command in '/home/kk/kk_ws/src/kk_driver_package/build/kk_driver_msg' returned '0': CMAKE_PREFIX_PATH=${CMAKE_PREFIX_PATH}:/home/kk/kk_ws/install/kk_simulator:/home/kk/kk_ws/install/kk_receiver:/home/kk/kk_ws/install/core_camera:/opt/ros/humble /usr/bin/cmake --build /home/kk/kk_ws/src/kk_driver_package/build/kk_driver_msg -- -j4 -l4
[9.682s] DEBUG:colcon.colcon_core.event_handler.log_command:Invoking command in '/home/kk/kk_ws/src/kk_driver_package/build/kk_driver_msg': CMAKE_PREFIX_PATH=${CMAKE_PREFIX_PATH}:/home/kk/kk_ws/install/kk_simulator:/home/kk/kk_ws/install/kk_receiver:/home/kk/kk_ws/install/core_camera:/opt/ros/humble /usr/bin/cmake --install /home/kk/kk_ws/src/kk_driver_package/build/kk_driver_msg
[10.956s] Level 1:colcon.colcon_core.environment:create_environment_scripts_only(kk_driver_msg)
[10.963s] DEBUG:colcon.colcon_core.event_handler.log_command:Invoked command in '/home/kk/kk_ws/src/kk_driver_package/build/kk_driver_msg' returned '0': CMAKE_PREFIX_PATH=${CMAKE_PREFIX_PATH}:/home/kk/kk_ws/install/kk_simulator:/home/kk/kk_ws/install/kk_receiver:/home/kk/kk_ws/install/core_camera:/opt/ros/humble /usr/bin/cmake --install /home/kk/kk_ws/src/kk_driver_package/build/kk_driver_msg
[10.998s] Level 1:colcon.colcon_core.environment:checking '/home/kk/kk_ws/src/kk_driver_package/install/kk_driver_msg' for CMake module files
[11.011s] Level 1:colcon.colcon_core.environment:checking '/home/kk/kk_ws/src/kk_driver_package/install/kk_driver_msg' for CMake config files
[11.023s] Level 1:colcon.colcon_core.shell:create_environment_hook('kk_driver_msg', 'cmake_prefix_path')
[11.026s] INFO:colcon.colcon_core.shell:Creating environment hook '/home/kk/kk_ws/src/kk_driver_package/install/kk_driver_msg/share/kk_driver_msg/hook/cmake_prefix_path.ps1'
[11.031s] INFO:colcon.colcon_core.shell:Creating environment descriptor '/home/kk/kk_ws/src/kk_driver_package/install/kk_driver_msg/share/kk_driver_msg/hook/cmake_prefix_path.dsv'
[11.036s] INFO:colcon.colcon_core.shell:Creating environment hook '/home/kk/kk_ws/src/kk_driver_package/install/kk_driver_msg/share/kk_driver_msg/hook/cmake_prefix_path.sh'
[11.044s] Level 1:colcon.colcon_core.environment:checking '/home/kk/kk_ws/src/kk_driver_package/install/kk_driver_msg/lib'
[11.047s] Level 1:colcon.colcon_core.shell:create_environment_hook('kk_driver_msg', 'ld_library_path_lib')
[11.050s] INFO:colcon.colcon_core.shell:Creating environment hook '/home/kk/kk_ws/src/kk_driver_package/install/kk_driver_msg/share/kk_driver_msg/hook/ld_library_path_lib.ps1'
[11.058s] INFO:colcon.colcon_core.shell:Creating environment descriptor '/home/kk/kk_ws/src/kk_driver_package/install/kk_driver_msg/share/kk_driver_msg/hook/ld_library_path_lib.dsv'
[11.062s] INFO:colcon.colcon_core.shell:Creating environment hook '/home/kk/kk_ws/src/kk_driver_package/install/kk_driver_msg/share/kk_driver_msg/hook/ld_library_path_lib.sh'
[11.068s] Level 1:colcon.colcon_core.environment:checking '/home/kk/kk_ws/src/kk_driver_package/install/kk_driver_msg/bin'
[11.071s] Level 1:colcon.colcon_core.environment:checking '/home/kk/kk_ws/src/kk_driver_package/install/kk_driver_msg/lib/pkgconfig/kk_driver_msg.pc'
[11.074s] Level 1:colcon.colcon_core.environment:checking '/home/kk/kk_ws/src/kk_driver_package/install/kk_driver_msg/lib/python3.10/site-packages'
[11.077s] Level 1:colcon.colcon_core.environment:checking '/home/kk/kk_ws/src/kk_driver_package/install/kk_driver_msg/bin'
[11.083s] INFO:colcon.colcon_core.shell:Creating package script '/home/kk/kk_ws/src/kk_driver_package/install/kk_driver_msg/share/kk_driver_msg/package.ps1'
[11.096s] INFO:colcon.colcon_core.shell:Creating package descriptor '/home/kk/kk_ws/src/kk_driver_package/install/kk_driver_msg/share/kk_driver_msg/package.dsv'
[11.104s] INFO:colcon.colcon_core.shell:Creating package script '/home/kk/kk_ws/src/kk_driver_package/install/kk_driver_msg/share/kk_driver_msg/package.sh'
[11.114s] INFO:colcon.colcon_core.shell:Creating package script '/home/kk/kk_ws/src/kk_driver_package/install/kk_driver_msg/share/kk_driver_msg/package.bash'
[11.125s] INFO:colcon.colcon_core.shell:Creating package script '/home/kk/kk_ws/src/kk_driver_package/install/kk_driver_msg/share/kk_driver_msg/package.zsh'
[11.138s] Level 1:colcon.colcon_core.environment:create_file_with_runtime_dependencies(/home/kk/kk_ws/src/kk_driver_package/install/kk_driver_msg/share/colcon-core/packages/kk_driver_msg)
[11.150s] Level 1:colcon.colcon_core.environment:create_environment_scripts_only(kk_driver_msg)
[11.154s] Level 1:colcon.colcon_core.environment:checking '/home/kk/kk_ws/src/kk_driver_package/install/kk_driver_msg' for CMake module files
[11.168s] Level 1:colcon.colcon_core.environment:checking '/home/kk/kk_ws/src/kk_driver_package/install/kk_driver_msg' for CMake config files
[11.181s] Level 1:colcon.colcon_core.shell:create_environment_hook('kk_driver_msg', 'cmake_prefix_path')
[11.184s] INFO:colcon.colcon_core.shell:Creating environment hook '/home/kk/kk_ws/src/kk_driver_package/install/kk_driver_msg/share/kk_driver_msg/hook/cmake_prefix_path.ps1'
[11.189s] INFO:colcon.colcon_core.shell:Creating environment descriptor '/home/kk/kk_ws/src/kk_driver_package/install/kk_driver_msg/share/kk_driver_msg/hook/cmake_prefix_path.dsv'
[11.193s] INFO:colcon.colcon_core.shell:Creating environment hook '/home/kk/kk_ws/src/kk_driver_package/install/kk_driver_msg/share/kk_driver_msg/hook/cmake_prefix_path.sh'
[11.200s] Level 1:colcon.colcon_core.environment:checking '/home/kk/kk_ws/src/kk_driver_package/install/kk_driver_msg/lib'
[11.202s] Level 1:colcon.colcon_core.shell:create_environment_hook('kk_driver_msg', 'ld_library_path_lib')
[11.204s] INFO:colcon.colcon_core.shell:Creating environment hook '/home/kk/kk_ws/src/kk_driver_package/install/kk_driver_msg/share/kk_driver_msg/hook/ld_library_path_lib.ps1'
[11.209s] INFO:colcon.colcon_core.shell:Creating environment descriptor '/home/kk/kk_ws/src/kk_driver_package/install/kk_driver_msg/share/kk_driver_msg/hook/ld_library_path_lib.dsv'
[11.214s] INFO:colcon.colcon_core.shell:Creating environment hook '/home/kk/kk_ws/src/kk_driver_package/install/kk_driver_msg/share/kk_driver_msg/hook/ld_library_path_lib.sh'
[11.219s] Level 1:colcon.colcon_core.environment:checking '/home/kk/kk_ws/src/kk_driver_package/install/kk_driver_msg/bin'
[11.220s] Level 1:colcon.colcon_core.environment:checking '/home/kk/kk_ws/src/kk_driver_package/install/kk_driver_msg/lib/pkgconfig/kk_driver_msg.pc'
[11.223s] Level 1:colcon.colcon_core.environment:checking '/home/kk/kk_ws/src/kk_driver_package/install/kk_driver_msg/lib/python3.10/site-packages'
[11.226s] Level 1:colcon.colcon_core.environment:checking '/home/kk/kk_ws/src/kk_driver_package/install/kk_driver_msg/bin'
[11.230s] INFO:colcon.colcon_core.shell:Creating package script '/home/kk/kk_ws/src/kk_driver_package/install/kk_driver_msg/share/kk_driver_msg/package.ps1'
[11.236s] INFO:colcon.colcon_core.shell:Creating package descriptor '/home/kk/kk_ws/src/kk_driver_package/install/kk_driver_msg/share/kk_driver_msg/package.dsv'
[11.243s] INFO:colcon.colcon_core.shell:Creating package script '/home/kk/kk_ws/src/kk_driver_package/install/kk_driver_msg/share/kk_driver_msg/package.sh'
[11.249s] INFO:colcon.colcon_core.shell:Creating package script '/home/kk/kk_ws/src/kk_driver_package/install/kk_driver_msg/share/kk_driver_msg/package.bash'
[11.254s] INFO:colcon.colcon_core.shell:Creating package script '/home/kk/kk_ws/src/kk_driver_package/install/kk_driver_msg/share/kk_driver_msg/package.zsh'
[11.259s] Level 1:colcon.colcon_core.environment:create_file_with_runtime_dependencies(/home/kk/kk_ws/src/kk_driver_package/install/kk_driver_msg/share/colcon-core/packages/kk_driver_msg)
[11.265s] INFO:colcon.colcon_ros.task.ament_cmake.build:Building ROS package in '/home/kk/kk_ws/src/kk_driver_package/kk_driver' with build type 'ament_cmake'
[11.267s] INFO:colcon.colcon_cmake.task.cmake.build:Building CMake package in '/home/kk/kk_ws/src/kk_driver_package/kk_driver'
[11.269s] INFO:colcon.colcon_core.shell:Skip shell extension 'powershell' for command environment: Not usable outside of PowerShell
[11.270s] DEBUG:colcon.colcon_core.shell:Skip shell extension 'dsv' for command environment
[11.329s] INFO:colcon.colcon_ros.task.ament_python.build:Building ROS package in '/home/kk/kk_ws/src/kk_driver_package/kk_receiver' with build type 'ament_python'
[11.332s] Level 1:colcon.colcon_core.shell:create_environment_hook('kk_receiver', 'ament_prefix_path')
[11.334s] INFO:colcon.colcon_core.shell:Creating environment hook '/home/kk/kk_ws/src/kk_driver_package/install/kk_receiver/share/kk_receiver/hook/ament_prefix_path.ps1'
[11.340s] INFO:colcon.colcon_core.shell:Creating environment descriptor '/home/kk/kk_ws/src/kk_driver_package/install/kk_receiver/share/kk_receiver/hook/ament_prefix_path.dsv'
[11.346s] INFO:colcon.colcon_core.shell:Creating environment hook '/home/kk/kk_ws/src/kk_driver_package/install/kk_receiver/share/kk_receiver/hook/ament_prefix_path.sh'
[11.354s] INFO:colcon.colcon_core.shell:Skip shell extension 'powershell' for command environment: Not usable outside of PowerShell
[11.355s] DEBUG:colcon.colcon_core.shell:Skip shell extension 'dsv' for command environment
[11.479s] DEBUG:colcon.colcon_core.event_handler.log_command:Invoking command in '/home/kk/kk_ws/src/kk_driver_package/build/kk_driver': AMENT_PREFIX_PATH=/home/kk/kk_ws/src/kk_driver_package/install/kk_driver_msg:${AMENT_PREFIX_PATH} CMAKE_PREFIX_PATH=/home/kk/kk_ws/src/kk_driver_package/install/kk_driver_msg:/home/kk/kk_ws/install/kk_driver:/home/kk/kk_ws/install/kk_driver_msg:/home/kk/kk_ws/install/kk_simulator:/home/kk/kk_ws/install/kk_receiver:/home/kk/kk_ws/install/core_camera:/opt/ros/humble LD_LIBRARY_PATH=/home/kk/kk_ws/src/kk_driver_package/install/kk_driver_msg/lib:${LD_LIBRARY_PATH} PYTHONPATH=/home/kk/kk_ws/src/kk_driver_package/install/kk_driver_msg/local/lib/python3.10/dist-packages:${PYTHONPATH} /usr/bin/cmake --build /home/kk/kk_ws/src/kk_driver_package/build/kk_driver -- -j4 -l4
[15.213s] INFO:colcon.colcon_core.task.python.build:Building Python package in '/home/kk/kk_ws/src/kk_driver_package/kk_receiver'
[15.216s] INFO:colcon.colcon_core.shell:Skip shell extension 'powershell' for command environment: Not usable outside of PowerShell
[15.217s] DEBUG:colcon.colcon_core.shell:Skip shell extension 'dsv' for command environment
[15.304s] DEBUG:colcon.colcon_core.event_handler.log_command:Invoking command in '/home/kk/kk_ws/src/kk_driver_package/kk_simulator': PYTHONPATH=/home/kk/kk_ws/src/kk_driver_package/build/kk_simulator/prefix_override:/usr/lib/python3/dist-packages/colcon_core/task/python/colcon_distutils_commands:/home/kk/kk_ws/src/kk_driver_package/install/kk_simulator/lib/python3.10/site-packages:${PYTHONPATH} /usr/bin/python3 -W ignore:setup.py install is deprecated -W ignore:easy_install command is deprecated setup.py egg_info --egg-base ../build/kk_simulator build --build-base /home/kk/kk_ws/src/kk_driver_package/build/kk_simulator/build install --record /home/kk/kk_ws/src/kk_driver_package/build/kk_simulator/install.log --single-version-externally-managed install_data
[15.313s] DEBUG:colcon.colcon_core.event_handler.log_command:Invoked command in '/home/kk/kk_ws/src/kk_driver_package/build/kk_driver' returned '0': AMENT_PREFIX_PATH=/home/kk/kk_ws/src/kk_driver_package/install/kk_driver_msg:${AMENT_PREFIX_PATH} CMAKE_PREFIX_PATH=/home/kk/kk_ws/src/kk_driver_package/install/kk_driver_msg:/home/kk/kk_ws/install/kk_driver:/home/kk/kk_ws/install/kk_driver_msg:/home/kk/kk_ws/install/kk_simulator:/home/kk/kk_ws/install/kk_receiver:/home/kk/kk_ws/install/core_camera:/opt/ros/humble LD_LIBRARY_PATH=/home/kk/kk_ws/src/kk_driver_package/install/kk_driver_msg/lib:${LD_LIBRARY_PATH} PYTHONPATH=/home/kk/kk_ws/src/kk_driver_package/install/kk_driver_msg/local/lib/python3.10/dist-packages:${PYTHONPATH} /usr/bin/cmake --build /home/kk/kk_ws/src/kk_driver_package/build/kk_driver -- -j4 -l4
[15.331s] DEBUG:colcon.colcon_core.event_handler.log_command:Invoking command in '/home/kk/kk_ws/src/kk_driver_package/build/kk_driver': AMENT_PREFIX_PATH=/home/kk/kk_ws/src/kk_driver_package/install/kk_driver_msg:${AMENT_PREFIX_PATH} CMAKE_PREFIX_PATH=/home/kk/kk_ws/src/kk_driver_package/install/kk_driver_msg:/home/kk/kk_ws/install/kk_driver:/home/kk/kk_ws/install/kk_driver_msg:/home/kk/kk_ws/install/kk_simulator:/home/kk/kk_ws/install/kk_receiver:/home/kk/kk_ws/install/core_camera:/opt/ros/humble LD_LIBRARY_PATH=/home/kk/kk_ws/src/kk_driver_package/install/kk_driver_msg/lib:${LD_LIBRARY_PATH} PYTHONPATH=/home/kk/kk_ws/src/kk_driver_package/install/kk_driver_msg/local/lib/python3.10/dist-packages:${PYTHONPATH} /usr/bin/cmake --install /home/kk/kk_ws/src/kk_driver_package/build/kk_driver
[15.481s] Level 1:colcon.colcon_core.environment:create_environment_scripts_only(kk_driver)
[15.484s] Level 1:colcon.colcon_core.environment:checking '/home/kk/kk_ws/src/kk_driver_package/install/kk_driver' for CMake module files
[15.492s] DEBUG:colcon.colcon_core.event_handler.log_command:Invoked command in '/home/kk/kk_ws/src/kk_driver_package/build/kk_driver' returned '0': AMENT_PREFIX_PATH=/home/kk/kk_ws/src/kk_driver_package/install/kk_driver_msg:${AMENT_PREFIX_PATH} CMAKE_PREFIX_PATH=/home/kk/kk_ws/src/kk_driver_package/install/kk_driver_msg:/home/kk/kk_ws/install/kk_driver:/home/kk/kk_ws/install/kk_driver_msg:/home/kk/kk_ws/install/kk_simulator:/home/kk/kk_ws/install/kk_receiver:/home/kk/kk_ws/install/core_camera:/opt/ros/humble LD_LIBRARY_PATH=/home/kk/kk_ws/src/kk_driver_package/install/kk_driver_msg/lib:${LD_LIBRARY_PATH} PYTHONPATH=/home/kk/kk_ws/src/kk_driver_package/install/kk_driver_msg/local/lib/python3.10/dist-packages:${PYTHONPATH} /usr/bin/cmake --install /home/kk/kk_ws/src/kk_driver_package/build/kk_driver
[15.499s] Level 1:colcon.colcon_core.environment:checking '/home/kk/kk_ws/src/kk_driver_package/install/kk_driver' for CMake config files
[15.503s] Level 1:colcon.colcon_core.shell:create_environment_hook('kk_driver', 'cmake_prefix_path')
[15.506s] INFO:colcon.colcon_core.shell:Creating environment hook '/home/kk/kk_ws/src/kk_driver_package/install/kk_driver/share/kk_driver/hook/cmake_prefix_path.ps1'
[15.518s] INFO:colcon.colcon_core.shell:Creating environment descriptor '/home/kk/kk_ws/src/kk_driver_package/install/kk_driver/share/kk_driver/hook/cmake_prefix_path.dsv'
[15.523s] INFO:colcon.colcon_core.shell:Creating environment hook '/home/kk/kk_ws/src/kk_driver_package/install/kk_driver/share/kk_driver/hook/cmake_prefix_path.sh'
[15.530s] Level 1:colcon.colcon_core.environment:checking '/home/kk/kk_ws/src/kk_driver_package/install/kk_driver/lib'
[15.532s] Level 1:colcon.colcon_core.environment:checking '/home/kk/kk_ws/src/kk_driver_package/install/kk_driver/bin'
[15.533s] Level 1:colcon.colcon_core.environment:checking '/home/kk/kk_ws/src/kk_driver_package/install/kk_driver/lib/pkgconfig/kk_driver.pc'
[15.536s] Level 1:colcon.colcon_core.environment:checking '/home/kk/kk_ws/src/kk_driver_package/install/kk_driver/lib/python3.10/site-packages'
[15.539s] Level 1:colcon.colcon_core.environment:checking '/home/kk/kk_ws/src/kk_driver_package/install/kk_driver/bin'
[15.543s] INFO:colcon.colcon_core.shell:Creating package script '/home/kk/kk_ws/src/kk_driver_package/install/kk_driver/share/kk_driver/package.ps1'
[15.550s] INFO:colcon.colcon_core.shell:Creating package descriptor '/home/kk/kk_ws/src/kk_driver_package/install/kk_driver/share/kk_driver/package.dsv'
[15.555s] INFO:colcon.colcon_core.shell:Creating package script '/home/kk/kk_ws/src/kk_driver_package/install/kk_driver/share/kk_driver/package.sh'
[15.560s] INFO:colcon.colcon_core.shell:Creating package script '/home/kk/kk_ws/src/kk_driver_package/install/kk_driver/share/kk_driver/package.bash'
[15.566s] INFO:colcon.colcon_core.shell:Creating package script '/home/kk/kk_ws/src/kk_driver_package/install/kk_driver/share/kk_driver/package.zsh'
[15.571s] Level 1:colcon.colcon_core.environment:create_file_with_runtime_dependencies(/home/kk/kk_ws/src/kk_driver_package/install/kk_driver/share/colcon-core/packages/kk_driver)
[15.581s] Level 1:colcon.colcon_core.environment:create_environment_scripts_only(kk_driver)
[15.584s] Level 1:colcon.colcon_core.environment:checking '/home/kk/kk_ws/src/kk_driver_package/install/kk_driver' for CMake module files
[15.594s] Level 1:colcon.colcon_core.environment:checking '/home/kk/kk_ws/src/kk_driver_package/install/kk_driver' for CMake config files
[15.600s] Level 1:colcon.colcon_core.shell:create_environment_hook('kk_driver', 'cmake_prefix_path')
[15.603s] INFO:colcon.colcon_core.shell:Creating environment hook '/home/kk/kk_ws/src/kk_driver_package/install/kk_driver/share/kk_driver/hook/cmake_prefix_path.ps1'
[15.610s] INFO:colcon.colcon_core.shell:Creating environment descriptor '/home/kk/kk_ws/src/kk_driver_package/install/kk_driver/share/kk_driver/hook/cmake_prefix_path.dsv'
[15.622s] INFO:colcon.colcon_core.shell:Creating environment hook '/home/kk/kk_ws/src/kk_driver_package/install/kk_driver/share/kk_driver/hook/cmake_prefix_path.sh'
[15.631s] Level 1:colcon.colcon_core.environment:checking '/home/kk/kk_ws/src/kk_driver_package/install/kk_driver/lib'
[15.634s] Level 1:colcon.colcon_core.environment:checking '/home/kk/kk_ws/src/kk_driver_package/install/kk_driver/bin'
[15.636s] Level 1:colcon.colcon_core.environment:checking '/home/kk/kk_ws/src/kk_driver_package/install/kk_driver/lib/pkgconfig/kk_driver.pc'
[15.640s] Level 1:colcon.colcon_core.environment:checking '/home/kk/kk_ws/src/kk_driver_package/install/kk_driver/lib/python3.10/site-packages'
[15.644s] Level 1:colcon.colcon_core.environment:checking '/home/kk/kk_ws/src/kk_driver_package/install/kk_driver/bin'
[15.648s] INFO:colcon.colcon_core.shell:Creating package script '/home/kk/kk_ws/src/kk_driver_package/install/kk_driver/share/kk_driver/package.ps1'
[15.656s] INFO:colcon.colcon_core.shell:Creating package descriptor '/home/kk/kk_ws/src/kk_driver_package/install/kk_driver/share/kk_driver/package.dsv'
[15.664s] INFO:colcon.colcon_core.shell:Creating package script '/home/kk/kk_ws/src/kk_driver_package/install/kk_driver/share/kk_driver/package.sh'
[15.671s] INFO:colcon.colcon_core.shell:Creating package script '/home/kk/kk_ws/src/kk_driver_package/install/kk_driver/share/kk_driver/package.bash'
[15.678s] INFO:colcon.colcon_core.shell:Creating package script '/home/kk/kk_ws/src/kk_driver_package/install/kk_driver/share/kk_driver/package.zsh'
[15.687s] Level 1:colcon.colcon_core.environment:create_file_with_runtime_dependencies(/home/kk/kk_ws/src/kk_driver_package/install/kk_driver/share/colcon-core/packages/kk_driver)
[19.446s] Level 1:colcon.colcon_core.environment:checking '/home/kk/kk_ws/src/kk_driver_package/install/kk_simulator' for CMake module files
[19.452s] DEBUG:colcon.colcon_core.event_handler.log_command:Invoked command in '/home/kk/kk_ws/src/kk_driver_package/kk_simulator' returned '0': PYTHONPATH=/home/kk/kk_ws/src/kk_driver_package/build/kk_simulator/prefix_override:/usr/lib/python3/dist-packages/colcon_core/task/python/colcon_distutils_commands:/home/kk/kk_ws/src/kk_driver_package/install/kk_simulator/lib/python3.10/site-packages:${PYTHONPATH} /usr/bin/python3 -W ignore:setup.py install is deprecated -W ignore:easy_install command is deprecated setup.py egg_info --egg-base ../build/kk_simulator build --build-base /home/kk/kk_ws/src/kk_driver_package/build/kk_simulator/build install --record /home/kk/kk_ws/src/kk_driver_package/build/kk_simulator/install.log --single-version-externally-managed install_data
[19.457s] Level 1:colcon.colcon_core.environment:checking '/home/kk/kk_ws/src/kk_driver_package/install/kk_simulator' for CMake config files
[19.468s] Level 1:colcon.colcon_core.environment:checking '/home/kk/kk_ws/src/kk_driver_package/install/kk_simulator/lib'
[19.470s] Level 1:colcon.colcon_core.environment:checking '/home/kk/kk_ws/src/kk_driver_package/install/kk_simulator/bin'
[19.471s] Level 1:colcon.colcon_core.environment:checking '/home/kk/kk_ws/src/kk_driver_package/install/kk_simulator/lib/pkgconfig/kk_simulator.pc'
[19.474s] Level 1:colcon.colcon_core.environment:checking '/home/kk/kk_ws/src/kk_driver_package/install/kk_simulator/lib/python3.10/site-packages'
[19.475s] Level 1:colcon.colcon_core.shell:create_environment_hook('kk_simulator', 'pythonpath')
[19.478s] INFO:colcon.colcon_core.shell:Creating environment hook '/home/kk/kk_ws/src/kk_driver_package/install/kk_simulator/share/kk_simulator/hook/pythonpath.ps1'
[19.483s] INFO:colcon.colcon_core.shell:Creating environment descriptor '/home/kk/kk_ws/src/kk_driver_package/install/kk_simulator/share/kk_simulator/hook/pythonpath.dsv'
[19.488s] INFO:colcon.colcon_core.shell:Creating environment hook '/home/kk/kk_ws/src/kk_driver_package/install/kk_simulator/share/kk_simulator/hook/pythonpath.sh'
[19.496s] Level 1:colcon.colcon_core.environment:checking '/home/kk/kk_ws/src/kk_driver_package/install/kk_simulator/bin'
[19.498s] Level 1:colcon.colcon_core.environment:create_environment_scripts_only(kk_simulator)
[19.501s] INFO:colcon.colcon_core.shell:Creating package script '/home/kk/kk_ws/src/kk_driver_package/install/kk_simulator/share/kk_simulator/package.ps1'
[19.509s] INFO:colcon.colcon_core.shell:Creating package descriptor '/home/kk/kk_ws/src/kk_driver_package/install/kk_simulator/share/kk_simulator/package.dsv'
[19.516s] INFO:colcon.colcon_core.shell:Creating package script '/home/kk/kk_ws/src/kk_driver_package/install/kk_simulator/share/kk_simulator/package.sh'
[19.523s] INFO:colcon.colcon_core.shell:Creating package script '/home/kk/kk_ws/src/kk_driver_package/install/kk_simulator/share/kk_simulator/package.bash'
[19.533s] INFO:colcon.colcon_core.shell:Creating package script '/home/kk/kk_ws/src/kk_driver_package/install/kk_simulator/share/kk_simulator/package.zsh'
[19.538s] Level 1:colcon.colcon_core.environment:create_file_with_runtime_dependencies(/home/kk/kk_ws/src/kk_driver_package/install/kk_simulator/share/colcon-core/packages/kk_simulator)
[20.273s] DEBUG:colcon.colcon_core.event_handler.log_command:Invoking command in '/home/kk/kk_ws/src/kk_driver_package/kk_receiver': AMENT_PREFIX_PATH=/home/kk/kk_ws/src/kk_driver_package/install/kk_driver_msg:${AMENT_PREFIX_PATH} CMAKE_PREFIX_PATH=/home/kk/kk_ws/src/kk_driver_package/install/kk_driver_msg:${CMAKE_PREFIX_PATH} LD_LIBRARY_PATH=/home/kk/kk_ws/src/kk_driver_package/install/kk_driver_msg/lib:${LD_LIBRARY_PATH} PYTHONPATH=/home/kk/kk_ws/src/kk_driver_package/build/kk_receiver/prefix_override:/usr/lib/python3/dist-packages/colcon_core/task/python/colcon_distutils_commands:/home/kk/kk_ws/src/kk_driver_package/install/kk_receiver/lib/python3.10/site-packages:/home/kk/kk_ws/src/kk_driver_package/install/kk_driver_msg/local/lib/python3.10/dist-packages:${PYTHONPATH} /usr/bin/python3 -W ignore:setup.py install is deprecated -W ignore:easy_install command is deprecated setup.py egg_info --egg-base ../build/kk_receiver build --build-base /home/kk/kk_ws/src/kk_driver_package/build/kk_receiver/build install --record /home/kk/kk_ws/src/kk_driver_package/build/kk_receiver/install.log --single-version-externally-managed install_data
[24.168s] Level 1:colcon.colcon_core.environment:checking '/home/kk/kk_ws/src/kk_driver_package/install/kk_receiver' for CMake module files
[24.171s] DEBUG:colcon.colcon_core.event_handler.log_command:Invoked command in '/home/kk/kk_ws/src/kk_driver_package/kk_receiver' returned '0': AMENT_PREFIX_PATH=/home/kk/kk_ws/src/kk_driver_package/install/kk_driver_msg:${AMENT_PREFIX_PATH} CMAKE_PREFIX_PATH=/home/kk/kk_ws/src/kk_driver_package/install/kk_driver_msg:${CMAKE_PREFIX_PATH} LD_LIBRARY_PATH=/home/kk/kk_ws/src/kk_driver_package/install/kk_driver_msg/lib:${LD_LIBRARY_PATH} PYTHONPATH=/home/kk/kk_ws/src/kk_driver_package/build/kk_receiver/prefix_override:/usr/lib/python3/dist-packages/colcon_core/task/python/colcon_distutils_commands:/home/kk/kk_ws/src/kk_driver_package/install/kk_receiver/lib/python3.10/site-packages:/home/kk/kk_ws/src/kk_driver_package/install/kk_driver_msg/local/lib/python3.10/dist-packages:${PYTHONPATH} /usr/bin/python3 -W ignore:setup.py install is deprecated -W ignore:easy_install command is deprecated setup.py egg_info --egg-base ../build/kk_receiver build --build-base /home/kk/kk_ws/src/kk_driver_package/build/kk_receiver/build install --record /home/kk/kk_ws/src/kk_driver_package/build/kk_receiver/install.log --single-version-externally-managed install_data
[24.180s] Level 1:colcon.colcon_core.environment:checking '/home/kk/kk_ws/src/kk_driver_package/install/kk_receiver' for CMake config files
[24.189s] Level 1:colcon.colcon_core.environment:checking '/home/kk/kk_ws/src/kk_driver_package/install/kk_receiver/lib'
[24.190s] Level 1:colcon.colcon_core.environment:checking '/home/kk/kk_ws/src/kk_driver_package/install/kk_receiver/bin'
[24.191s] Level 1:colcon.colcon_core.environment:checking '/home/kk/kk_ws/src/kk_driver_package/install/kk_receiver/lib/pkgconfig/kk_receiver.pc'
[24.194s] Level 1:colcon.colcon_core.environment:checking '/home/kk/kk_ws/src/kk_driver_package/install/kk_receiver/lib/python3.10/site-packages'
[24.195s] Level 1:colcon.colcon_core.shell:create_environment_hook('kk_receiver', 'pythonpath')
[24.197s] INFO:colcon.colcon_core.shell:Creating environment hook '/home/kk/kk_ws/src/kk_driver_package/install/kk_receiver/share/kk_receiver/hook/pythonpath.ps1'
[24.204s] INFO:colcon.colcon_core.shell:Creating environment descriptor '/home/kk/kk_ws/src/kk_driver_package/install/kk_receiver/share/kk_receiver/hook/pythonpath.dsv'
[24.209s] INFO:colcon.colcon_core.shell:Creating environment hook '/home/kk/kk_ws/src/kk_driver_package/install/kk_receiver/share/kk_receiver/hook/pythonpath.sh'
[24.217s] Level 1:colcon.colcon_core.environment:checking '/home/kk/kk_ws/src/kk_driver_package/install/kk_receiver/bin'
[24.218s] Level 1:colcon.colcon_core.environment:create_environment_scripts_only(kk_receiver)
[24.222s] INFO:colcon.colcon_core.shell:Creating package script '/home/kk/kk_ws/src/kk_driver_package/install/kk_receiver/share/kk_receiver/package.ps1'
[24.229s] INFO:colcon.colcon_core.shell:Creating package descriptor '/home/kk/kk_ws/src/kk_driver_package/install/kk_receiver/share/kk_receiver/package.dsv'
[24.235s] INFO:colcon.colcon_core.shell:Creating package script '/home/kk/kk_ws/src/kk_driver_package/install/kk_receiver/share/kk_receiver/package.sh'
[24.241s] INFO:colcon.colcon_core.shell:Creating package script '/home/kk/kk_ws/src/kk_driver_package/install/kk_receiver/share/kk_receiver/package.bash'
[24.246s] INFO:colcon.colcon_core.shell:Creating package script '/home/kk/kk_ws/src/kk_driver_package/install/kk_receiver/share/kk_receiver/package.zsh'
[24.251s] Level 1:colcon.colcon_core.environment:create_file_with_runtime_dependencies(/home/kk/kk_ws/src/kk_driver_package/install/kk_receiver/share/colcon-core/packages/kk_receiver)
[24.254s] DEBUG:colcon.colcon_parallel_executor.executor.parallel:closing loop
[24.257s] DEBUG:colcon.colcon_parallel_executor.executor.parallel:loop closed
[24.261s] DEBUG:colcon.colcon_parallel_executor.executor.parallel:run_until_complete finished with '0'
[24.262s] DEBUG:colcon.colcon_core.event_reactor:joining thread
[24.334s] INFO:colcon.colcon_core.plugin_system:Skipping extension 'colcon_notification.desktop_notification.notify_send': Could not find 'notify-send'
[24.335s] INFO:colcon.colcon_core.plugin_system:Skipping extension 'colcon_notification.desktop_notification.terminal_notifier': Not used on non-Darwin systems
[24.336s] INFO:colcon.colcon_core.plugin_system:Skipping extension 'colcon_notification.desktop_notification.win32': Not used on non-Windows systems
[24.336s] INFO:colcon.colcon_notification.desktop_notification:Sending desktop notification using 'notify2'
[24.345s] DEBUG:colcon.colcon_notification.desktop_notification.notify2:Failed to initialize notify2: org.freedesktop.DBus.Error.ServiceUnknown: The name org.freedesktop.Notifications was not provided by any .service files
[24.346s] DEBUG:colcon.colcon_core.event_reactor:joined thread
[24.348s] INFO:colcon.colcon_core.shell:Creating prefix script '/home/kk/kk_ws/src/kk_driver_package/install/local_setup.ps1'
[24.358s] INFO:colcon.colcon_core.shell:Creating prefix util module '/home/kk/kk_ws/src/kk_driver_package/install/_local_setup_util_ps1.py'
[24.374s] INFO:colcon.colcon_core.shell:Creating prefix chain script '/home/kk/kk_ws/src/kk_driver_package/install/setup.ps1'
[24.389s] INFO:colcon.colcon_core.shell:Creating prefix script '/home/kk/kk_ws/src/kk_driver_package/install/local_setup.sh'
[24.395s] INFO:colcon.colcon_core.shell:Creating prefix util module '/home/kk/kk_ws/src/kk_driver_package/install/_local_setup_util_sh.py'
[24.403s] INFO:colcon.colcon_core.shell:Creating prefix chain script '/home/kk/kk_ws/src/kk_driver_package/install/setup.sh'
[24.420s] INFO:colcon.colcon_core.shell:Creating prefix script '/home/kk/kk_ws/src/kk_driver_package/install/local_setup.bash'
[24.428s] INFO:colcon.colcon_core.shell:Creating prefix chain script '/home/kk/kk_ws/src/kk_driver_package/install/setup.bash'
[24.444s] INFO:colcon.colcon_core.shell:Creating prefix script '/home/kk/kk_ws/src/kk_driver_package/install/local_setup.zsh'
[24.450s] INFO:colcon.colcon_core.shell:Creating prefix chain script '/home/kk/kk_ws/src/kk_driver_package/install/setup.zsh'
