[0.229s] Invoking command in '/home/kk/kk_ws/src/kk_driver_package/build/kk_driver_msg': CMAKE_PREFIX_PATH=${CMAKE_PREFIX_PATH}:/home/kk/kk_ws/install/kk_simulator:/home/kk/kk_ws/install/kk_receiver:/home/kk/kk_ws/install/core_camera:/opt/ros/humble /usr/bin/cmake --build /home/kk/kk_ws/src/kk_driver_package/build/kk_driver_msg -- -j4 -l4
[1.067s] [ 12%] Built target kk_driver_msg__rosidl_generator_c
[1.145s] [ 12%] Built target kk_driver_msg__cpp
[1.339s] [ 12%] Built target ament_cmake_python_copy_kk_driver_msg
[1.583s] [ 24%] Built target kk_driver_msg__rosidl_typesupport_fastrtps_c
[1.607s] [ 36%] Built target kk_driver_msg__rosidl_typesupport_introspection_c
[1.722s] [ 48%] Built target kk_driver_msg__rosidl_typesupport_c
[1.819s] [ 60%] Built target kk_driver_msg__rosidl_typesupport_fastrtps_cpp
[2.129s] [ 72%] Built target kk_driver_msg__rosidl_typesupport_introspection_cpp
[2.311s] [ 84%] Built target kk_driver_msg__rosidl_typesupport_cpp
[2.587s] [ 84%] Built target kk_driver_msg
[2.902s] [ 85%] Built target kk_driver_msg__py
[3.332s] [ 96%] Built target kk_driver_msg__rosidl_generator_py
[3.750s] [ 97%] Built target kk_driver_msg__rosidl_typesupport_c__pyext
[3.785s] [ 98%] Built target kk_driver_msg__rosidl_typesupport_fastrtps_c__pyext
[3.813s] [100%] Built target kk_driver_msg__rosidl_typesupport_introspection_c__pyext
[5.834s] running egg_info
[5.845s] writing kk_driver_msg.egg-info/PKG-INFO
[5.858s] writing dependency_links to kk_driver_msg.egg-info/dependency_links.txt
[5.859s] writing top-level names to kk_driver_msg.egg-info/top_level.txt
[5.891s] reading manifest file 'kk_driver_msg.egg-info/SOURCES.txt'
[5.906s] writing manifest file 'kk_driver_msg.egg-info/SOURCES.txt'
[6.217s] [100%] Built target ament_cmake_python_build_kk_driver_msg_egg
[6.359s] Invoked command in '/home/kk/kk_ws/src/kk_driver_package/build/kk_driver_msg' returned '0': CMAKE_PREFIX_PATH=${CMAKE_PREFIX_PATH}:/home/kk/kk_ws/install/kk_simulator:/home/kk/kk_ws/install/kk_receiver:/home/kk/kk_ws/install/core_camera:/opt/ros/humble /usr/bin/cmake --build /home/kk/kk_ws/src/kk_driver_package/build/kk_driver_msg -- -j4 -l4
[6.457s] Invoking command in '/home/kk/kk_ws/src/kk_driver_package/build/kk_driver_msg': CMAKE_PREFIX_PATH=${CMAKE_PREFIX_PATH}:/home/kk/kk_ws/install/kk_simulator:/home/kk/kk_ws/install/kk_receiver:/home/kk/kk_ws/install/core_camera:/opt/ros/humble /usr/bin/cmake --install /home/kk/kk_ws/src/kk_driver_package/build/kk_driver_msg
[6.569s] -- Install configuration: ""
[6.575s] -- Up-to-date: /home/kk/kk_ws/src/kk_driver_package/install/kk_driver_msg/share/ament_index/resource_index/rosidl_interfaces/kk_driver_msg
[6.580s] -- Up-to-date: /home/kk/kk_ws/src/kk_driver_package/install/kk_driver_msg/include/kk_driver_msg/kk_driver_msg
[6.586s] -- Up-to-date: /home/kk/kk_ws/src/kk_driver_package/install/kk_driver_msg/include/kk_driver_msg/kk_driver_msg/msg
[6.591s] -- Up-to-date: /home/kk/kk_ws/src/kk_driver_package/install/kk_driver_msg/include/kk_driver_msg/kk_driver_msg/msg/key_ctrl.h
[6.601s] -- Up-to-date: /home/kk/kk_ws/src/kk_driver_package/install/kk_driver_msg/include/kk_driver_msg/kk_driver_msg/msg/core.h
[6.608s] -- Up-to-date: /home/kk/kk_ws/src/kk_driver_package/install/kk_driver_msg/include/kk_driver_msg/kk_driver_msg/msg/mouse_ctrl.h
[6.616s] -- Up-to-date: /home/kk/kk_ws/src/kk_driver_package/install/kk_driver_msg/include/kk_driver_msg/kk_driver_msg/msg/pwm_cmd.h
[6.626s] -- Up-to-date: /home/kk/kk_ws/src/kk_driver_package/install/kk_driver_msg/include/kk_driver_msg/kk_driver_msg/msg/c610_cmd.h
[6.631s] -- Up-to-date: /home/kk/kk_ws/src/kk_driver_package/install/kk_driver_msg/include/kk_driver_msg/kk_driver_msg/msg/bldc_cmd.h
[6.636s] -- Up-to-date: /home/kk/kk_ws/src/kk_driver_package/install/kk_driver_msg/include/kk_driver_msg/kk_driver_msg/msg/camera_cmd.h
[6.643s] -- Up-to-date: /home/kk/kk_ws/src/kk_driver_package/install/kk_driver_msg/include/kk_driver_msg/kk_driver_msg/msg/epb_cmd.h
[6.651s] -- Up-to-date: /home/kk/kk_ws/src/kk_driver_package/install/kk_driver_msg/include/kk_driver_msg/kk_driver_msg/msg/motor_cmd.h
[6.653s] -- Up-to-date: /home/kk/kk_ws/src/kk_driver_package/install/kk_driver_msg/include/kk_driver_msg/kk_driver_msg/msg/epb_status.h
[6.656s] -- Up-to-date: /home/kk/kk_ws/src/kk_driver_package/install/kk_driver_msg/include/kk_driver_msg/kk_driver_msg/msg/encoder.h
[6.657s] -- Up-to-date: /home/kk/kk_ws/src/kk_driver_package/install/kk_driver_msg/include/kk_driver_msg/kk_driver_msg/msg/rosidl_generator_c__visibility_control.h
[6.659s] -- Up-to-date: /home/kk/kk_ws/src/kk_driver_package/install/kk_driver_msg/include/kk_driver_msg/kk_driver_msg/msg/gm6020_cmd.h
[6.661s] -- Up-to-date: /home/kk/kk_ws/src/kk_driver_package/install/kk_driver_msg/include/kk_driver_msg/kk_driver_msg/msg/detail
[6.662s] -- Up-to-date: /home/kk/kk_ws/src/kk_driver_package/install/kk_driver_msg/include/kk_driver_msg/kk_driver_msg/msg/detail/pwm_cmd__functions.c
[6.663s] -- Up-to-date: /home/kk/kk_ws/src/kk_driver_package/install/kk_driver_msg/include/kk_driver_msg/kk_driver_msg/msg/detail/c610_cmd__type_support.h
[6.664s] -- Up-to-date: /home/kk/kk_ws/src/kk_driver_package/install/kk_driver_msg/include/kk_driver_msg/kk_driver_msg/msg/detail/gm6020_cmd__struct.h
[6.667s] -- Up-to-date: /home/kk/kk_ws/src/kk_driver_package/install/kk_driver_msg/include/kk_driver_msg/kk_driver_msg/msg/detail/camera_cmd__type_support.h
[6.669s] -- Up-to-date: /home/kk/kk_ws/src/kk_driver_package/install/kk_driver_msg/include/kk_driver_msg/kk_driver_msg/msg/detail/gm6020_cmd__type_support.h
[6.672s] -- Up-to-date: /home/kk/kk_ws/src/kk_driver_package/install/kk_driver_msg/include/kk_driver_msg/kk_driver_msg/msg/detail/bldc_cmd__type_support.h
[6.674s] -- Up-to-date: /home/kk/kk_ws/src/kk_driver_package/install/kk_driver_msg/include/kk_driver_msg/kk_driver_msg/msg/detail/pwm_cmd__type_support.h
[6.676s] -- Up-to-date: /home/kk/kk_ws/src/kk_driver_package/install/kk_driver_msg/include/kk_driver_msg/kk_driver_msg/msg/detail/camera_cmd__struct.h
[6.678s] -- Up-to-date: /home/kk/kk_ws/src/kk_driver_package/install/kk_driver_msg/include/kk_driver_msg/kk_driver_msg/msg/detail/epb_cmd__functions.c
[6.680s] -- Up-to-date: /home/kk/kk_ws/src/kk_driver_package/install/kk_driver_msg/include/kk_driver_msg/kk_driver_msg/msg/detail/c610_cmd__struct.h
[6.682s] -- Up-to-date: /home/kk/kk_ws/src/kk_driver_package/install/kk_driver_msg/include/kk_driver_msg/kk_driver_msg/msg/detail/core__type_support.h
[6.685s] -- Up-to-date: /home/kk/kk_ws/src/kk_driver_package/install/kk_driver_msg/include/kk_driver_msg/kk_driver_msg/msg/detail/gm6020_status__struct.h
[6.687s] -- Up-to-date: /home/kk/kk_ws/src/kk_driver_package/install/kk_driver_msg/include/kk_driver_msg/kk_driver_msg/msg/detail/mouse_ctrl__functions.c
[6.690s] -- Up-to-date: /home/kk/kk_ws/src/kk_driver_package/install/kk_driver_msg/include/kk_driver_msg/kk_driver_msg/msg/detail/encoder__functions.c
[6.693s] -- Up-to-date: /home/kk/kk_ws/src/kk_driver_package/install/kk_driver_msg/include/kk_driver_msg/kk_driver_msg/msg/detail/c610_status__functions.c
[6.696s] -- Up-to-date: /home/kk/kk_ws/src/kk_driver_package/install/kk_driver_msg/include/kk_driver_msg/kk_driver_msg/msg/detail/key_ctrl__functions.c
[6.700s] -- Up-to-date: /home/kk/kk_ws/src/kk_driver_package/install/kk_driver_msg/include/kk_driver_msg/kk_driver_msg/msg/detail/motor_cmd__type_support.h
[6.701s] -- Up-to-date: /home/kk/kk_ws/src/kk_driver_package/install/kk_driver_msg/include/kk_driver_msg/kk_driver_msg/msg/detail/core__struct.h
[6.704s] -- Up-to-date: /home/kk/kk_ws/src/kk_driver_package/install/kk_driver_msg/include/kk_driver_msg/kk_driver_msg/msg/detail/epb_status__struct.h
[6.706s] -- Up-to-date: /home/kk/kk_ws/src/kk_driver_package/install/kk_driver_msg/include/kk_driver_msg/kk_driver_msg/msg/detail/motor_cmd__functions.h
[6.708s] -- Up-to-date: /home/kk/kk_ws/src/kk_driver_package/install/kk_driver_msg/include/kk_driver_msg/kk_driver_msg/msg/detail/pwm_status__struct.h
[6.711s] -- Up-to-date: /home/kk/kk_ws/src/kk_driver_package/install/kk_driver_msg/include/kk_driver_msg/kk_driver_msg/msg/detail/core__functions.h
[6.714s] -- Up-to-date: /home/kk/kk_ws/src/kk_driver_package/install/kk_driver_msg/include/kk_driver_msg/kk_driver_msg/msg/detail/pwm_status__functions.c
[6.719s] -- Up-to-date: /home/kk/kk_ws/src/kk_driver_package/install/kk_driver_msg/include/kk_driver_msg/kk_driver_msg/msg/detail/c610_status__functions.h
[6.723s] -- Up-to-date: /home/kk/kk_ws/src/kk_driver_package/install/kk_driver_msg/include/kk_driver_msg/kk_driver_msg/msg/detail/gm6020_status__type_support.h
[6.727s] -- Up-to-date: /home/kk/kk_ws/src/kk_driver_package/install/kk_driver_msg/include/kk_driver_msg/kk_driver_msg/msg/detail/key_ctrl__type_support.h
[6.732s] -- Up-to-date: /home/kk/kk_ws/src/kk_driver_package/install/kk_driver_msg/include/kk_driver_msg/kk_driver_msg/msg/detail/pwm_cmd__functions.h
[6.739s] -- Up-to-date: /home/kk/kk_ws/src/kk_driver_package/install/kk_driver_msg/include/kk_driver_msg/kk_driver_msg/msg/detail/encoder__type_support.h
[6.752s] -- Up-to-date: /home/kk/kk_ws/src/kk_driver_package/install/kk_driver_msg/include/kk_driver_msg/kk_driver_msg/msg/detail/mouse_ctrl__type_support.h
[6.763s] -- Up-to-date: /home/kk/kk_ws/src/kk_driver_package/install/kk_driver_msg/include/kk_driver_msg/kk_driver_msg/msg/detail/motor_cmd__functions.c
[6.766s] -- Up-to-date: /home/kk/kk_ws/src/kk_driver_package/install/kk_driver_msg/include/kk_driver_msg/kk_driver_msg/msg/detail/c610_cmd__functions.c
[6.770s] -- Up-to-date: /home/kk/kk_ws/src/kk_driver_package/install/kk_driver_msg/include/kk_driver_msg/kk_driver_msg/msg/detail/pwm_status__functions.h
[6.778s] -- Up-to-date: /home/kk/kk_ws/src/kk_driver_package/install/kk_driver_msg/include/kk_driver_msg/kk_driver_msg/msg/detail/gm6020_cmd__functions.h
[6.784s] -- Up-to-date: /home/kk/kk_ws/src/kk_driver_package/install/kk_driver_msg/include/kk_driver_msg/kk_driver_msg/msg/detail/camera_cmd__functions.h
[6.791s] -- Up-to-date: /home/kk/kk_ws/src/kk_driver_package/install/kk_driver_msg/include/kk_driver_msg/kk_driver_msg/msg/detail/c610_cmd__functions.h
[6.797s] -- Up-to-date: /home/kk/kk_ws/src/kk_driver_package/install/kk_driver_msg/include/kk_driver_msg/kk_driver_msg/msg/detail/gm6020_status__functions.h
[6.802s] -- Up-to-date: /home/kk/kk_ws/src/kk_driver_package/install/kk_driver_msg/include/kk_driver_msg/kk_driver_msg/msg/detail/epb_status__type_support.h
[6.809s] -- Up-to-date: /home/kk/kk_ws/src/kk_driver_package/install/kk_driver_msg/include/kk_driver_msg/kk_driver_msg/msg/detail/c610_status__struct.h
[6.814s] -- Up-to-date: /home/kk/kk_ws/src/kk_driver_package/install/kk_driver_msg/include/kk_driver_msg/kk_driver_msg/msg/detail/pwm_status__type_support.h
[6.822s] -- Up-to-date: /home/kk/kk_ws/src/kk_driver_package/install/kk_driver_msg/include/kk_driver_msg/kk_driver_msg/msg/detail/mouse_ctrl__struct.h
[6.828s] -- Up-to-date: /home/kk/kk_ws/src/kk_driver_package/install/kk_driver_msg/include/kk_driver_msg/kk_driver_msg/msg/detail/core__functions.c
[6.840s] -- Up-to-date: /home/kk/kk_ws/src/kk_driver_package/install/kk_driver_msg/include/kk_driver_msg/kk_driver_msg/msg/detail/bldc_cmd__functions.c
[6.857s] -- Up-to-date: /home/kk/kk_ws/src/kk_driver_package/install/kk_driver_msg/include/kk_driver_msg/kk_driver_msg/msg/detail/motor_cmd__struct.h
[6.860s] -- Up-to-date: /home/kk/kk_ws/src/kk_driver_package/install/kk_driver_msg/include/kk_driver_msg/kk_driver_msg/msg/detail/epb_status__functions.h
[6.865s] -- Up-to-date: /home/kk/kk_ws/src/kk_driver_package/install/kk_driver_msg/include/kk_driver_msg/kk_driver_msg/msg/detail/key_ctrl__struct.h
[6.870s] -- Up-to-date: /home/kk/kk_ws/src/kk_driver_package/install/kk_driver_msg/include/kk_driver_msg/kk_driver_msg/msg/detail/epb_cmd__struct.h
[6.874s] -- Up-to-date: /home/kk/kk_ws/src/kk_driver_package/install/kk_driver_msg/include/kk_driver_msg/kk_driver_msg/msg/detail/mouse_ctrl__functions.h
[6.875s] -- Up-to-date: /home/kk/kk_ws/src/kk_driver_package/install/kk_driver_msg/include/kk_driver_msg/kk_driver_msg/msg/detail/encoder__functions.h
[6.876s] -- Up-to-date: /home/kk/kk_ws/src/kk_driver_package/install/kk_driver_msg/include/kk_driver_msg/kk_driver_msg/msg/detail/epb_status__functions.c
[6.887s] -- Up-to-date: /home/kk/kk_ws/src/kk_driver_package/install/kk_driver_msg/include/kk_driver_msg/kk_driver_msg/msg/detail/camera_cmd__functions.c
[6.888s] -- Up-to-date: /home/kk/kk_ws/src/kk_driver_package/install/kk_driver_msg/include/kk_driver_msg/kk_driver_msg/msg/detail/bldc_cmd__functions.h
[6.893s] -- Up-to-date: /home/kk/kk_ws/src/kk_driver_package/install/kk_driver_msg/include/kk_driver_msg/kk_driver_msg/msg/detail/pwm_cmd__struct.h
[6.895s] -- Up-to-date: /home/kk/kk_ws/src/kk_driver_package/install/kk_driver_msg/include/kk_driver_msg/kk_driver_msg/msg/detail/key_ctrl__functions.h
[6.904s] -- Up-to-date: /home/kk/kk_ws/src/kk_driver_package/install/kk_driver_msg/include/kk_driver_msg/kk_driver_msg/msg/detail/epb_cmd__functions.h
[6.906s] -- Up-to-date: /home/kk/kk_ws/src/kk_driver_package/install/kk_driver_msg/include/kk_driver_msg/kk_driver_msg/msg/detail/gm6020_cmd__functions.c
[6.907s] -- Up-to-date: /home/kk/kk_ws/src/kk_driver_package/install/kk_driver_msg/include/kk_driver_msg/kk_driver_msg/msg/detail/epb_cmd__type_support.h
[6.909s] -- Up-to-date: /home/kk/kk_ws/src/kk_driver_package/install/kk_driver_msg/include/kk_driver_msg/kk_driver_msg/msg/detail/encoder__struct.h
[6.910s] -- Up-to-date: /home/kk/kk_ws/src/kk_driver_package/install/kk_driver_msg/include/kk_driver_msg/kk_driver_msg/msg/detail/c610_status__type_support.h
[6.912s] -- Up-to-date: /home/kk/kk_ws/src/kk_driver_package/install/kk_driver_msg/include/kk_driver_msg/kk_driver_msg/msg/detail/gm6020_status__functions.c
[6.915s] -- Up-to-date: /home/kk/kk_ws/src/kk_driver_package/install/kk_driver_msg/include/kk_driver_msg/kk_driver_msg/msg/detail/bldc_cmd__struct.h
[6.923s] -- Up-to-date: /home/kk/kk_ws/src/kk_driver_package/install/kk_driver_msg/include/kk_driver_msg/kk_driver_msg/msg/pwm_status.h
[6.925s] -- Up-to-date: /home/kk/kk_ws/src/kk_driver_package/install/kk_driver_msg/include/kk_driver_msg/kk_driver_msg/msg/c610_status.h
[6.926s] -- Up-to-date: /home/kk/kk_ws/src/kk_driver_package/install/kk_driver_msg/include/kk_driver_msg/kk_driver_msg/msg/gm6020_status.h
[6.927s] -- Up-to-date: /home/kk/kk_ws/src/kk_driver_package/install/kk_driver_msg/share/kk_driver_msg/environment/library_path.sh
[6.928s] -- Up-to-date: /home/kk/kk_ws/src/kk_driver_package/install/kk_driver_msg/share/kk_driver_msg/environment/library_path.dsv
[6.929s] -- Up-to-date: /home/kk/kk_ws/src/kk_driver_package/install/kk_driver_msg/lib/libkk_driver_msg__rosidl_generator_c.so
[6.930s] -- Up-to-date: /home/kk/kk_ws/src/kk_driver_package/install/kk_driver_msg/include/kk_driver_msg/kk_driver_msg
[6.931s] -- Up-to-date: /home/kk/kk_ws/src/kk_driver_package/install/kk_driver_msg/include/kk_driver_msg/kk_driver_msg/msg
[6.935s] -- Up-to-date: /home/kk/kk_ws/src/kk_driver_package/install/kk_driver_msg/include/kk_driver_msg/kk_driver_msg/msg/rosidl_typesupport_fastrtps_c__visibility_control.h
[6.945s] -- Up-to-date: /home/kk/kk_ws/src/kk_driver_package/install/kk_driver_msg/include/kk_driver_msg/kk_driver_msg/msg/detail
[6.947s] -- Up-to-date: /home/kk/kk_ws/src/kk_driver_package/install/kk_driver_msg/include/kk_driver_msg/kk_driver_msg/msg/detail/epb_status__rosidl_typesupport_fastrtps_c.h
[6.948s] -- Up-to-date: /home/kk/kk_ws/src/kk_driver_package/install/kk_driver_msg/include/kk_driver_msg/kk_driver_msg/msg/detail/gm6020_status__rosidl_typesupport_fastrtps_c.h
[6.950s] -- Up-to-date: /home/kk/kk_ws/src/kk_driver_package/install/kk_driver_msg/include/kk_driver_msg/kk_driver_msg/msg/detail/c610_status__rosidl_typesupport_fastrtps_c.h
[6.951s] -- Up-to-date: /home/kk/kk_ws/src/kk_driver_package/install/kk_driver_msg/include/kk_driver_msg/kk_driver_msg/msg/detail/key_ctrl__rosidl_typesupport_fastrtps_c.h
[6.957s] -- Up-to-date: /home/kk/kk_ws/src/kk_driver_package/install/kk_driver_msg/include/kk_driver_msg/kk_driver_msg/msg/detail/encoder__rosidl_typesupport_fastrtps_c.h
[6.958s] -- Up-to-date: /home/kk/kk_ws/src/kk_driver_package/install/kk_driver_msg/include/kk_driver_msg/kk_driver_msg/msg/detail/bldc_cmd__rosidl_typesupport_fastrtps_c.h
[6.969s] -- Up-to-date: /home/kk/kk_ws/src/kk_driver_package/install/kk_driver_msg/include/kk_driver_msg/kk_driver_msg/msg/detail/motor_cmd__rosidl_typesupport_fastrtps_c.h
[6.971s] -- Up-to-date: /home/kk/kk_ws/src/kk_driver_package/install/kk_driver_msg/include/kk_driver_msg/kk_driver_msg/msg/detail/core__rosidl_typesupport_fastrtps_c.h
[6.972s] -- Up-to-date: /home/kk/kk_ws/src/kk_driver_package/install/kk_driver_msg/include/kk_driver_msg/kk_driver_msg/msg/detail/pwm_cmd__rosidl_typesupport_fastrtps_c.h
[6.974s] -- Up-to-date: /home/kk/kk_ws/src/kk_driver_package/install/kk_driver_msg/include/kk_driver_msg/kk_driver_msg/msg/detail/gm6020_cmd__rosidl_typesupport_fastrtps_c.h
[6.980s] -- Up-to-date: /home/kk/kk_ws/src/kk_driver_package/install/kk_driver_msg/include/kk_driver_msg/kk_driver_msg/msg/detail/mouse_ctrl__rosidl_typesupport_fastrtps_c.h
[6.982s] -- Up-to-date: /home/kk/kk_ws/src/kk_driver_package/install/kk_driver_msg/include/kk_driver_msg/kk_driver_msg/msg/detail/c610_cmd__rosidl_typesupport_fastrtps_c.h
[6.985s] -- Up-to-date: /home/kk/kk_ws/src/kk_driver_package/install/kk_driver_msg/include/kk_driver_msg/kk_driver_msg/msg/detail/epb_cmd__rosidl_typesupport_fastrtps_c.h
[6.988s] -- Up-to-date: /home/kk/kk_ws/src/kk_driver_package/install/kk_driver_msg/include/kk_driver_msg/kk_driver_msg/msg/detail/camera_cmd__rosidl_typesupport_fastrtps_c.h
[6.993s] -- Up-to-date: /home/kk/kk_ws/src/kk_driver_package/install/kk_driver_msg/include/kk_driver_msg/kk_driver_msg/msg/detail/pwm_status__rosidl_typesupport_fastrtps_c.h
[7.004s] -- Up-to-date: /home/kk/kk_ws/src/kk_driver_package/install/kk_driver_msg/lib/libkk_driver_msg__rosidl_typesupport_fastrtps_c.so
[7.006s] -- Up-to-date: /home/kk/kk_ws/src/kk_driver_package/install/kk_driver_msg/include/kk_driver_msg/kk_driver_msg
[7.008s] -- Up-to-date: /home/kk/kk_ws/src/kk_driver_package/install/kk_driver_msg/include/kk_driver_msg/kk_driver_msg/msg
[7.009s] -- Up-to-date: /home/kk/kk_ws/src/kk_driver_package/install/kk_driver_msg/include/kk_driver_msg/kk_driver_msg/msg/detail
[7.011s] -- Up-to-date: /home/kk/kk_ws/src/kk_driver_package/install/kk_driver_msg/include/kk_driver_msg/kk_driver_msg/msg/detail/c610_cmd__type_support.c
[7.012s] -- Up-to-date: /home/kk/kk_ws/src/kk_driver_package/install/kk_driver_msg/include/kk_driver_msg/kk_driver_msg/msg/detail/mouse_ctrl__rosidl_typesupport_introspection_c.h
[7.014s] -- Up-to-date: /home/kk/kk_ws/src/kk_driver_package/install/kk_driver_msg/include/kk_driver_msg/kk_driver_msg/msg/detail/core__type_support.c
[7.015s] -- Up-to-date: /home/kk/kk_ws/src/kk_driver_package/install/kk_driver_msg/include/kk_driver_msg/kk_driver_msg/msg/detail/pwm_cmd__rosidl_typesupport_introspection_c.h
[7.017s] -- Up-to-date: /home/kk/kk_ws/src/kk_driver_package/install/kk_driver_msg/include/kk_driver_msg/kk_driver_msg/msg/detail/gm6020_status__rosidl_typesupport_introspection_c.h
[7.018s] -- Up-to-date: /home/kk/kk_ws/src/kk_driver_package/install/kk_driver_msg/include/kk_driver_msg/kk_driver_msg/msg/detail/epb_status__type_support.c
[7.019s] -- Up-to-date: /home/kk/kk_ws/src/kk_driver_package/install/kk_driver_msg/include/kk_driver_msg/kk_driver_msg/msg/detail/gm6020_cmd__rosidl_typesupport_introspection_c.h
[7.021s] -- Up-to-date: /home/kk/kk_ws/src/kk_driver_package/install/kk_driver_msg/include/kk_driver_msg/kk_driver_msg/msg/detail/pwm_cmd__type_support.c
[7.022s] -- Up-to-date: /home/kk/kk_ws/src/kk_driver_package/install/kk_driver_msg/include/kk_driver_msg/kk_driver_msg/msg/detail/key_ctrl__rosidl_typesupport_introspection_c.h
[7.023s] -- Up-to-date: /home/kk/kk_ws/src/kk_driver_package/install/kk_driver_msg/include/kk_driver_msg/kk_driver_msg/msg/detail/c610_status__type_support.c
[7.025s] -- Up-to-date: /home/kk/kk_ws/src/kk_driver_package/install/kk_driver_msg/include/kk_driver_msg/kk_driver_msg/msg/detail/bldc_cmd__rosidl_typesupport_introspection_c.h
[7.027s] -- Up-to-date: /home/kk/kk_ws/src/kk_driver_package/install/kk_driver_msg/include/kk_driver_msg/kk_driver_msg/msg/detail/camera_cmd__type_support.c
[7.028s] -- Up-to-date: /home/kk/kk_ws/src/kk_driver_package/install/kk_driver_msg/include/kk_driver_msg/kk_driver_msg/msg/detail/epb_cmd__rosidl_typesupport_introspection_c.h
[7.029s] -- Up-to-date: /home/kk/kk_ws/src/kk_driver_package/install/kk_driver_msg/include/kk_driver_msg/kk_driver_msg/msg/detail/camera_cmd__rosidl_typesupport_introspection_c.h
[7.030s] -- Up-to-date: /home/kk/kk_ws/src/kk_driver_package/install/kk_driver_msg/include/kk_driver_msg/kk_driver_msg/msg/detail/gm6020_status__type_support.c
[7.031s] -- Up-to-date: /home/kk/kk_ws/src/kk_driver_package/install/kk_driver_msg/include/kk_driver_msg/kk_driver_msg/msg/detail/encoder__rosidl_typesupport_introspection_c.h
[7.033s] -- Up-to-date: /home/kk/kk_ws/src/kk_driver_package/install/kk_driver_msg/include/kk_driver_msg/kk_driver_msg/msg/detail/motor_cmd__rosidl_typesupport_introspection_c.h
[7.034s] -- Up-to-date: /home/kk/kk_ws/src/kk_driver_package/install/kk_driver_msg/include/kk_driver_msg/kk_driver_msg/msg/detail/encoder__type_support.c
[7.035s] -- Up-to-date: /home/kk/kk_ws/src/kk_driver_package/install/kk_driver_msg/include/kk_driver_msg/kk_driver_msg/msg/detail/c610_status__rosidl_typesupport_introspection_c.h
[7.050s] -- Up-to-date: /home/kk/kk_ws/src/kk_driver_package/install/kk_driver_msg/include/kk_driver_msg/kk_driver_msg/msg/detail/c610_cmd__rosidl_typesupport_introspection_c.h
[7.051s] -- Up-to-date: /home/kk/kk_ws/src/kk_driver_package/install/kk_driver_msg/include/kk_driver_msg/kk_driver_msg/msg/detail/pwm_status__rosidl_typesupport_introspection_c.h
[7.052s] -- Up-to-date: /home/kk/kk_ws/src/kk_driver_package/install/kk_driver_msg/include/kk_driver_msg/kk_driver_msg/msg/detail/epb_status__rosidl_typesupport_introspection_c.h
[7.053s] -- Up-to-date: /home/kk/kk_ws/src/kk_driver_package/install/kk_driver_msg/include/kk_driver_msg/kk_driver_msg/msg/detail/pwm_status__type_support.c
[7.061s] -- Up-to-date: /home/kk/kk_ws/src/kk_driver_package/install/kk_driver_msg/include/kk_driver_msg/kk_driver_msg/msg/detail/core__rosidl_typesupport_introspection_c.h
[7.063s] -- Up-to-date: /home/kk/kk_ws/src/kk_driver_package/install/kk_driver_msg/include/kk_driver_msg/kk_driver_msg/msg/detail/motor_cmd__type_support.c
[7.064s] -- Up-to-date: /home/kk/kk_ws/src/kk_driver_package/install/kk_driver_msg/include/kk_driver_msg/kk_driver_msg/msg/detail/epb_cmd__type_support.c
[7.066s] -- Up-to-date: /home/kk/kk_ws/src/kk_driver_package/install/kk_driver_msg/include/kk_driver_msg/kk_driver_msg/msg/detail/gm6020_cmd__type_support.c
[7.067s] -- Up-to-date: /home/kk/kk_ws/src/kk_driver_package/install/kk_driver_msg/include/kk_driver_msg/kk_driver_msg/msg/detail/key_ctrl__type_support.c
[7.068s] -- Up-to-date: /home/kk/kk_ws/src/kk_driver_package/install/kk_driver_msg/include/kk_driver_msg/kk_driver_msg/msg/detail/bldc_cmd__type_support.c
[7.069s] -- Up-to-date: /home/kk/kk_ws/src/kk_driver_package/install/kk_driver_msg/include/kk_driver_msg/kk_driver_msg/msg/detail/mouse_ctrl__type_support.c
[7.070s] -- Up-to-date: /home/kk/kk_ws/src/kk_driver_package/install/kk_driver_msg/include/kk_driver_msg/kk_driver_msg/msg/rosidl_typesupport_introspection_c__visibility_control.h
[7.071s] -- Up-to-date: /home/kk/kk_ws/src/kk_driver_package/install/kk_driver_msg/lib/libkk_driver_msg__rosidl_typesupport_introspection_c.so
[7.085s] -- Up-to-date: /home/kk/kk_ws/src/kk_driver_package/install/kk_driver_msg/lib/libkk_driver_msg__rosidl_typesupport_c.so
[7.086s] -- Up-to-date: /home/kk/kk_ws/src/kk_driver_package/install/kk_driver_msg/include/kk_driver_msg/kk_driver_msg
[7.088s] -- Up-to-date: /home/kk/kk_ws/src/kk_driver_package/install/kk_driver_msg/include/kk_driver_msg/kk_driver_msg/msg
[7.089s] -- Up-to-date: /home/kk/kk_ws/src/kk_driver_package/install/kk_driver_msg/include/kk_driver_msg/kk_driver_msg/msg/pwm_cmd.hpp
[7.091s] -- Up-to-date: /home/kk/kk_ws/src/kk_driver_package/install/kk_driver_msg/include/kk_driver_msg/kk_driver_msg/msg/gm6020_status.hpp
[7.092s] -- Up-to-date: /home/kk/kk_ws/src/kk_driver_package/install/kk_driver_msg/include/kk_driver_msg/kk_driver_msg/msg/core.hpp
[7.093s] -- Up-to-date: /home/kk/kk_ws/src/kk_driver_package/install/kk_driver_msg/include/kk_driver_msg/kk_driver_msg/msg/pwm_status.hpp
[7.095s] -- Up-to-date: /home/kk/kk_ws/src/kk_driver_package/install/kk_driver_msg/include/kk_driver_msg/kk_driver_msg/msg/encoder.hpp
[7.111s] -- Up-to-date: /home/kk/kk_ws/src/kk_driver_package/install/kk_driver_msg/include/kk_driver_msg/kk_driver_msg/msg/motor_cmd.hpp
[7.113s] -- Up-to-date: /home/kk/kk_ws/src/kk_driver_package/install/kk_driver_msg/include/kk_driver_msg/kk_driver_msg/msg/key_ctrl.hpp
[7.115s] -- Up-to-date: /home/kk/kk_ws/src/kk_driver_package/install/kk_driver_msg/include/kk_driver_msg/kk_driver_msg/msg/c610_cmd.hpp
[7.116s] -- Up-to-date: /home/kk/kk_ws/src/kk_driver_package/install/kk_driver_msg/include/kk_driver_msg/kk_driver_msg/msg/bldc_cmd.hpp
[7.117s] -- Up-to-date: /home/kk/kk_ws/src/kk_driver_package/install/kk_driver_msg/include/kk_driver_msg/kk_driver_msg/msg/c610_status.hpp
[7.118s] -- Up-to-date: /home/kk/kk_ws/src/kk_driver_package/install/kk_driver_msg/include/kk_driver_msg/kk_driver_msg/msg/camera_cmd.hpp
[7.120s] -- Up-to-date: /home/kk/kk_ws/src/kk_driver_package/install/kk_driver_msg/include/kk_driver_msg/kk_driver_msg/msg/epb_status.hpp
[7.121s] -- Up-to-date: /home/kk/kk_ws/src/kk_driver_package/install/kk_driver_msg/include/kk_driver_msg/kk_driver_msg/msg/detail
[7.123s] -- Up-to-date: /home/kk/kk_ws/src/kk_driver_package/install/kk_driver_msg/include/kk_driver_msg/kk_driver_msg/msg/detail/core__builder.hpp
[7.132s] -- Up-to-date: /home/kk/kk_ws/src/kk_driver_package/install/kk_driver_msg/include/kk_driver_msg/kk_driver_msg/msg/detail/core__type_support.hpp
[7.133s] -- Up-to-date: /home/kk/kk_ws/src/kk_driver_package/install/kk_driver_msg/include/kk_driver_msg/kk_driver_msg/msg/detail/bldc_cmd__builder.hpp
[7.134s] -- Up-to-date: /home/kk/kk_ws/src/kk_driver_package/install/kk_driver_msg/include/kk_driver_msg/kk_driver_msg/msg/detail/c610_status__builder.hpp
[7.135s] -- Up-to-date: /home/kk/kk_ws/src/kk_driver_package/install/kk_driver_msg/include/kk_driver_msg/kk_driver_msg/msg/detail/gm6020_cmd__struct.hpp
[7.137s] -- Up-to-date: /home/kk/kk_ws/src/kk_driver_package/install/kk_driver_msg/include/kk_driver_msg/kk_driver_msg/msg/detail/pwm_status__builder.hpp
[7.138s] -- Up-to-date: /home/kk/kk_ws/src/kk_driver_package/install/kk_driver_msg/include/kk_driver_msg/kk_driver_msg/msg/detail/camera_cmd__struct.hpp
[7.139s] -- Up-to-date: /home/kk/kk_ws/src/kk_driver_package/install/kk_driver_msg/include/kk_driver_msg/kk_driver_msg/msg/detail/pwm_status__traits.hpp
[7.141s] -- Up-to-date: /home/kk/kk_ws/src/kk_driver_package/install/kk_driver_msg/include/kk_driver_msg/kk_driver_msg/msg/detail/core__struct.hpp
[7.142s] -- Up-to-date: /home/kk/kk_ws/src/kk_driver_package/install/kk_driver_msg/include/kk_driver_msg/kk_driver_msg/msg/detail/encoder__builder.hpp
[7.143s] -- Up-to-date: /home/kk/kk_ws/src/kk_driver_package/install/kk_driver_msg/include/kk_driver_msg/kk_driver_msg/msg/detail/key_ctrl__builder.hpp
[7.145s] -- Up-to-date: /home/kk/kk_ws/src/kk_driver_package/install/kk_driver_msg/include/kk_driver_msg/kk_driver_msg/msg/detail/gm6020_status__traits.hpp
[7.146s] -- Up-to-date: /home/kk/kk_ws/src/kk_driver_package/install/kk_driver_msg/include/kk_driver_msg/kk_driver_msg/msg/detail/epb_cmd__type_support.hpp
[7.147s] -- Up-to-date: /home/kk/kk_ws/src/kk_driver_package/install/kk_driver_msg/include/kk_driver_msg/kk_driver_msg/msg/detail/gm6020_cmd__type_support.hpp
[7.149s] -- Up-to-date: /home/kk/kk_ws/src/kk_driver_package/install/kk_driver_msg/include/kk_driver_msg/kk_driver_msg/msg/detail/c610_cmd__struct.hpp
[7.151s] -- Up-to-date: /home/kk/kk_ws/src/kk_driver_package/install/kk_driver_msg/include/kk_driver_msg/kk_driver_msg/msg/detail/gm6020_cmd__traits.hpp
[7.152s] -- Up-to-date: /home/kk/kk_ws/src/kk_driver_package/install/kk_driver_msg/include/kk_driver_msg/kk_driver_msg/msg/detail/gm6020_status__type_support.hpp
[7.153s] -- Up-to-date: /home/kk/kk_ws/src/kk_driver_package/install/kk_driver_msg/include/kk_driver_msg/kk_driver_msg/msg/detail/encoder__type_support.hpp
[7.155s] -- Up-to-date: /home/kk/kk_ws/src/kk_driver_package/install/kk_driver_msg/include/kk_driver_msg/kk_driver_msg/msg/detail/epb_status__struct.hpp
[7.156s] -- Up-to-date: /home/kk/kk_ws/src/kk_driver_package/install/kk_driver_msg/include/kk_driver_msg/kk_driver_msg/msg/detail/core__traits.hpp
[7.158s] -- Up-to-date: /home/kk/kk_ws/src/kk_driver_package/install/kk_driver_msg/include/kk_driver_msg/kk_driver_msg/msg/detail/c610_cmd__builder.hpp
[7.159s] -- Up-to-date: /home/kk/kk_ws/src/kk_driver_package/install/kk_driver_msg/include/kk_driver_msg/kk_driver_msg/msg/detail/gm6020_status__struct.hpp
[7.161s] -- Up-to-date: /home/kk/kk_ws/src/kk_driver_package/install/kk_driver_msg/include/kk_driver_msg/kk_driver_msg/msg/detail/pwm_status__struct.hpp
[7.162s] -- Up-to-date: /home/kk/kk_ws/src/kk_driver_package/install/kk_driver_msg/include/kk_driver_msg/kk_driver_msg/msg/detail/motor_cmd__struct.hpp
[7.164s] -- Up-to-date: /home/kk/kk_ws/src/kk_driver_package/install/kk_driver_msg/include/kk_driver_msg/kk_driver_msg/msg/detail/motor_cmd__traits.hpp
[7.165s] -- Up-to-date: /home/kk/kk_ws/src/kk_driver_package/install/kk_driver_msg/include/kk_driver_msg/kk_driver_msg/msg/detail/epb_cmd__traits.hpp
[7.166s] -- Up-to-date: /home/kk/kk_ws/src/kk_driver_package/install/kk_driver_msg/include/kk_driver_msg/kk_driver_msg/msg/detail/epb_status__traits.hpp
[7.168s] -- Up-to-date: /home/kk/kk_ws/src/kk_driver_package/install/kk_driver_msg/include/kk_driver_msg/kk_driver_msg/msg/detail/bldc_cmd__traits.hpp
[7.169s] -- Up-to-date: /home/kk/kk_ws/src/kk_driver_package/install/kk_driver_msg/include/kk_driver_msg/kk_driver_msg/msg/detail/key_ctrl__traits.hpp
[7.170s] -- Up-to-date: /home/kk/kk_ws/src/kk_driver_package/install/kk_driver_msg/include/kk_driver_msg/kk_driver_msg/msg/detail/camera_cmd__type_support.hpp
[7.171s] -- Up-to-date: /home/kk/kk_ws/src/kk_driver_package/install/kk_driver_msg/include/kk_driver_msg/kk_driver_msg/msg/detail/mouse_ctrl__traits.hpp
[7.173s] -- Up-to-date: /home/kk/kk_ws/src/kk_driver_package/install/kk_driver_msg/include/kk_driver_msg/kk_driver_msg/msg/detail/epb_status__builder.hpp
[7.176s] -- Up-to-date: /home/kk/kk_ws/src/kk_driver_package/install/kk_driver_msg/include/kk_driver_msg/kk_driver_msg/msg/detail/c610_status__type_support.hpp
[7.177s] -- Up-to-date: /home/kk/kk_ws/src/kk_driver_package/install/kk_driver_msg/include/kk_driver_msg/kk_driver_msg/msg/detail/camera_cmd__builder.hpp
[7.178s] -- Up-to-date: /home/kk/kk_ws/src/kk_driver_package/install/kk_driver_msg/include/kk_driver_msg/kk_driver_msg/msg/detail/c610_cmd__traits.hpp
[7.179s] -- Up-to-date: /home/kk/kk_ws/src/kk_driver_package/install/kk_driver_msg/include/kk_driver_msg/kk_driver_msg/msg/detail/key_ctrl__type_support.hpp
[7.180s] -- Up-to-date: /home/kk/kk_ws/src/kk_driver_package/install/kk_driver_msg/include/kk_driver_msg/kk_driver_msg/msg/detail/camera_cmd__traits.hpp
[7.182s] -- Up-to-date: /home/kk/kk_ws/src/kk_driver_package/install/kk_driver_msg/include/kk_driver_msg/kk_driver_msg/msg/detail/pwm_cmd__struct.hpp
[7.184s] -- Up-to-date: /home/kk/kk_ws/src/kk_driver_package/install/kk_driver_msg/include/kk_driver_msg/kk_driver_msg/msg/detail/gm6020_status__builder.hpp
[7.185s] -- Up-to-date: /home/kk/kk_ws/src/kk_driver_package/install/kk_driver_msg/include/kk_driver_msg/kk_driver_msg/msg/detail/encoder__struct.hpp
[7.187s] -- Up-to-date: /home/kk/kk_ws/src/kk_driver_package/install/kk_driver_msg/include/kk_driver_msg/kk_driver_msg/msg/detail/epb_status__type_support.hpp
[7.189s] -- Up-to-date: /home/kk/kk_ws/src/kk_driver_package/install/kk_driver_msg/include/kk_driver_msg/kk_driver_msg/msg/detail/bldc_cmd__type_support.hpp
[7.190s] -- Up-to-date: /home/kk/kk_ws/src/kk_driver_package/install/kk_driver_msg/include/kk_driver_msg/kk_driver_msg/msg/detail/pwm_cmd__traits.hpp
[7.191s] -- Up-to-date: /home/kk/kk_ws/src/kk_driver_package/install/kk_driver_msg/include/kk_driver_msg/kk_driver_msg/msg/detail/motor_cmd__builder.hpp
[7.201s] -- Up-to-date: /home/kk/kk_ws/src/kk_driver_package/install/kk_driver_msg/include/kk_driver_msg/kk_driver_msg/msg/detail/motor_cmd__type_support.hpp
[7.202s] -- Up-to-date: /home/kk/kk_ws/src/kk_driver_package/install/kk_driver_msg/include/kk_driver_msg/kk_driver_msg/msg/detail/c610_status__traits.hpp
[7.204s] -- Up-to-date: /home/kk/kk_ws/src/kk_driver_package/install/kk_driver_msg/include/kk_driver_msg/kk_driver_msg/msg/detail/epb_cmd__struct.hpp
[7.205s] -- Up-to-date: /home/kk/kk_ws/src/kk_driver_package/install/kk_driver_msg/include/kk_driver_msg/kk_driver_msg/msg/detail/bldc_cmd__struct.hpp
[7.207s] -- Up-to-date: /home/kk/kk_ws/src/kk_driver_package/install/kk_driver_msg/include/kk_driver_msg/kk_driver_msg/msg/detail/c610_cmd__type_support.hpp
[7.220s] -- Up-to-date: /home/kk/kk_ws/src/kk_driver_package/install/kk_driver_msg/include/kk_driver_msg/kk_driver_msg/msg/detail/epb_cmd__builder.hpp
[7.222s] -- Up-to-date: /home/kk/kk_ws/src/kk_driver_package/install/kk_driver_msg/include/kk_driver_msg/kk_driver_msg/msg/detail/key_ctrl__struct.hpp
[7.223s] -- Up-to-date: /home/kk/kk_ws/src/kk_driver_package/install/kk_driver_msg/include/kk_driver_msg/kk_driver_msg/msg/detail/pwm_cmd__builder.hpp
[7.224s] -- Up-to-date: /home/kk/kk_ws/src/kk_driver_package/install/kk_driver_msg/include/kk_driver_msg/kk_driver_msg/msg/detail/mouse_ctrl__struct.hpp
[7.225s] -- Up-to-date: /home/kk/kk_ws/src/kk_driver_package/install/kk_driver_msg/include/kk_driver_msg/kk_driver_msg/msg/detail/pwm_status__type_support.hpp
[7.226s] -- Up-to-date: /home/kk/kk_ws/src/kk_driver_package/install/kk_driver_msg/include/kk_driver_msg/kk_driver_msg/msg/detail/pwm_cmd__type_support.hpp
[7.227s] -- Up-to-date: /home/kk/kk_ws/src/kk_driver_package/install/kk_driver_msg/include/kk_driver_msg/kk_driver_msg/msg/detail/mouse_ctrl__type_support.hpp
[7.240s] -- Up-to-date: /home/kk/kk_ws/src/kk_driver_package/install/kk_driver_msg/include/kk_driver_msg/kk_driver_msg/msg/detail/encoder__traits.hpp
[7.242s] -- Up-to-date: /home/kk/kk_ws/src/kk_driver_package/install/kk_driver_msg/include/kk_driver_msg/kk_driver_msg/msg/detail/gm6020_cmd__builder.hpp
[7.243s] -- Up-to-date: /home/kk/kk_ws/src/kk_driver_package/install/kk_driver_msg/include/kk_driver_msg/kk_driver_msg/msg/detail/mouse_ctrl__builder.hpp
[7.244s] -- Up-to-date: /home/kk/kk_ws/src/kk_driver_package/install/kk_driver_msg/include/kk_driver_msg/kk_driver_msg/msg/detail/c610_status__struct.hpp
[7.245s] -- Up-to-date: /home/kk/kk_ws/src/kk_driver_package/install/kk_driver_msg/include/kk_driver_msg/kk_driver_msg/msg/rosidl_generator_cpp__visibility_control.hpp
[7.246s] -- Up-to-date: /home/kk/kk_ws/src/kk_driver_package/install/kk_driver_msg/include/kk_driver_msg/kk_driver_msg/msg/mouse_ctrl.hpp
[7.247s] -- Up-to-date: /home/kk/kk_ws/src/kk_driver_package/install/kk_driver_msg/include/kk_driver_msg/kk_driver_msg/msg/epb_cmd.hpp
[7.248s] -- Up-to-date: /home/kk/kk_ws/src/kk_driver_package/install/kk_driver_msg/include/kk_driver_msg/kk_driver_msg/msg/gm6020_cmd.hpp
[7.250s] -- Up-to-date: /home/kk/kk_ws/src/kk_driver_package/install/kk_driver_msg/include/kk_driver_msg/kk_driver_msg
[7.253s] -- Up-to-date: /home/kk/kk_ws/src/kk_driver_package/install/kk_driver_msg/include/kk_driver_msg/kk_driver_msg/msg
[7.255s] -- Up-to-date: /home/kk/kk_ws/src/kk_driver_package/install/kk_driver_msg/include/kk_driver_msg/kk_driver_msg/msg/rosidl_typesupport_fastrtps_cpp__visibility_control.h
[7.256s] -- Up-to-date: /home/kk/kk_ws/src/kk_driver_package/install/kk_driver_msg/include/kk_driver_msg/kk_driver_msg/msg/detail
[7.261s] -- Up-to-date: /home/kk/kk_ws/src/kk_driver_package/install/kk_driver_msg/include/kk_driver_msg/kk_driver_msg/msg/detail/dds_fastrtps
[7.262s] -- Up-to-date: /home/kk/kk_ws/src/kk_driver_package/install/kk_driver_msg/include/kk_driver_msg/kk_driver_msg/msg/detail/bldc_cmd__rosidl_typesupport_fastrtps_cpp.hpp
[7.263s] -- Up-to-date: /home/kk/kk_ws/src/kk_driver_package/install/kk_driver_msg/include/kk_driver_msg/kk_driver_msg/msg/detail/pwm_cmd__rosidl_typesupport_fastrtps_cpp.hpp
[7.265s] -- Up-to-date: /home/kk/kk_ws/src/kk_driver_package/install/kk_driver_msg/include/kk_driver_msg/kk_driver_msg/msg/detail/key_ctrl__rosidl_typesupport_fastrtps_cpp.hpp
[7.266s] -- Up-to-date: /home/kk/kk_ws/src/kk_driver_package/install/kk_driver_msg/include/kk_driver_msg/kk_driver_msg/msg/detail/core__rosidl_typesupport_fastrtps_cpp.hpp
[7.268s] -- Up-to-date: /home/kk/kk_ws/src/kk_driver_package/install/kk_driver_msg/include/kk_driver_msg/kk_driver_msg/msg/detail/gm6020_status__rosidl_typesupport_fastrtps_cpp.hpp
[7.269s] -- Up-to-date: /home/kk/kk_ws/src/kk_driver_package/install/kk_driver_msg/include/kk_driver_msg/kk_driver_msg/msg/detail/c610_cmd__rosidl_typesupport_fastrtps_cpp.hpp
[7.270s] -- Up-to-date: /home/kk/kk_ws/src/kk_driver_package/install/kk_driver_msg/include/kk_driver_msg/kk_driver_msg/msg/detail/c610_status__rosidl_typesupport_fastrtps_cpp.hpp
[7.271s] -- Up-to-date: /home/kk/kk_ws/src/kk_driver_package/install/kk_driver_msg/include/kk_driver_msg/kk_driver_msg/msg/detail/encoder__rosidl_typesupport_fastrtps_cpp.hpp
[7.273s] -- Up-to-date: /home/kk/kk_ws/src/kk_driver_package/install/kk_driver_msg/include/kk_driver_msg/kk_driver_msg/msg/detail/mouse_ctrl__rosidl_typesupport_fastrtps_cpp.hpp
[7.274s] -- Up-to-date: /home/kk/kk_ws/src/kk_driver_package/install/kk_driver_msg/include/kk_driver_msg/kk_driver_msg/msg/detail/camera_cmd__rosidl_typesupport_fastrtps_cpp.hpp
[7.276s] -- Up-to-date: /home/kk/kk_ws/src/kk_driver_package/install/kk_driver_msg/include/kk_driver_msg/kk_driver_msg/msg/detail/epb_status__rosidl_typesupport_fastrtps_cpp.hpp
[7.277s] -- Up-to-date: /home/kk/kk_ws/src/kk_driver_package/install/kk_driver_msg/include/kk_driver_msg/kk_driver_msg/msg/detail/pwm_status__rosidl_typesupport_fastrtps_cpp.hpp
[7.278s] -- Up-to-date: /home/kk/kk_ws/src/kk_driver_package/install/kk_driver_msg/include/kk_driver_msg/kk_driver_msg/msg/detail/gm6020_cmd__rosidl_typesupport_fastrtps_cpp.hpp
[7.280s] -- Up-to-date: /home/kk/kk_ws/src/kk_driver_package/install/kk_driver_msg/include/kk_driver_msg/kk_driver_msg/msg/detail/epb_cmd__rosidl_typesupport_fastrtps_cpp.hpp
[7.296s] -- Up-to-date: /home/kk/kk_ws/src/kk_driver_package/install/kk_driver_msg/include/kk_driver_msg/kk_driver_msg/msg/detail/motor_cmd__rosidl_typesupport_fastrtps_cpp.hpp
[7.297s] -- Up-to-date: /home/kk/kk_ws/src/kk_driver_package/install/kk_driver_msg/lib/libkk_driver_msg__rosidl_typesupport_fastrtps_cpp.so
[7.298s] -- Up-to-date: /home/kk/kk_ws/src/kk_driver_package/install/kk_driver_msg/include/kk_driver_msg/kk_driver_msg
[7.299s] -- Up-to-date: /home/kk/kk_ws/src/kk_driver_package/install/kk_driver_msg/include/kk_driver_msg/kk_driver_msg/msg
[7.302s] -- Up-to-date: /home/kk/kk_ws/src/kk_driver_package/install/kk_driver_msg/include/kk_driver_msg/kk_driver_msg/msg/detail
[7.303s] -- Up-to-date: /home/kk/kk_ws/src/kk_driver_package/install/kk_driver_msg/include/kk_driver_msg/kk_driver_msg/msg/detail/key_ctrl__rosidl_typesupport_introspection_cpp.hpp
[7.304s] -- Up-to-date: /home/kk/kk_ws/src/kk_driver_package/install/kk_driver_msg/include/kk_driver_msg/kk_driver_msg/msg/detail/pwm_cmd__rosidl_typesupport_introspection_cpp.hpp
[7.305s] -- Up-to-date: /home/kk/kk_ws/src/kk_driver_package/install/kk_driver_msg/include/kk_driver_msg/kk_driver_msg/msg/detail/key_ctrl__type_support.cpp
[7.306s] -- Up-to-date: /home/kk/kk_ws/src/kk_driver_package/install/kk_driver_msg/include/kk_driver_msg/kk_driver_msg/msg/detail/pwm_status__type_support.cpp
[7.307s] -- Up-to-date: /home/kk/kk_ws/src/kk_driver_package/install/kk_driver_msg/include/kk_driver_msg/kk_driver_msg/msg/detail/gm6020_status__rosidl_typesupport_introspection_cpp.hpp
[7.313s] -- Up-to-date: /home/kk/kk_ws/src/kk_driver_package/install/kk_driver_msg/include/kk_driver_msg/kk_driver_msg/msg/detail/gm6020_status__type_support.cpp
[7.314s] -- Up-to-date: /home/kk/kk_ws/src/kk_driver_package/install/kk_driver_msg/include/kk_driver_msg/kk_driver_msg/msg/detail/pwm_status__rosidl_typesupport_introspection_cpp.hpp
[7.315s] -- Up-to-date: /home/kk/kk_ws/src/kk_driver_package/install/kk_driver_msg/include/kk_driver_msg/kk_driver_msg/msg/detail/c610_cmd__type_support.cpp
[7.316s] -- Up-to-date: /home/kk/kk_ws/src/kk_driver_package/install/kk_driver_msg/include/kk_driver_msg/kk_driver_msg/msg/detail/c610_cmd__rosidl_typesupport_introspection_cpp.hpp
[7.318s] -- Up-to-date: /home/kk/kk_ws/src/kk_driver_package/install/kk_driver_msg/include/kk_driver_msg/kk_driver_msg/msg/detail/motor_cmd__type_support.cpp
[7.319s] -- Up-to-date: /home/kk/kk_ws/src/kk_driver_package/install/kk_driver_msg/include/kk_driver_msg/kk_driver_msg/msg/detail/c610_status__type_support.cpp
[7.328s] -- Up-to-date: /home/kk/kk_ws/src/kk_driver_package/install/kk_driver_msg/include/kk_driver_msg/kk_driver_msg/msg/detail/encoder__type_support.cpp
[7.330s] -- Up-to-date: /home/kk/kk_ws/src/kk_driver_package/install/kk_driver_msg/include/kk_driver_msg/kk_driver_msg/msg/detail/c610_status__rosidl_typesupport_introspection_cpp.hpp
[7.331s] -- Up-to-date: /home/kk/kk_ws/src/kk_driver_package/install/kk_driver_msg/include/kk_driver_msg/kk_driver_msg/msg/detail/gm6020_cmd__type_support.cpp
[7.344s] -- Up-to-date: /home/kk/kk_ws/src/kk_driver_package/install/kk_driver_msg/include/kk_driver_msg/kk_driver_msg/msg/detail/mouse_ctrl__rosidl_typesupport_introspection_cpp.hpp
[7.346s] -- Up-to-date: /home/kk/kk_ws/src/kk_driver_package/install/kk_driver_msg/include/kk_driver_msg/kk_driver_msg/msg/detail/pwm_cmd__type_support.cpp
[7.347s] -- Up-to-date: /home/kk/kk_ws/src/kk_driver_package/install/kk_driver_msg/include/kk_driver_msg/kk_driver_msg/msg/detail/bldc_cmd__type_support.cpp
[7.348s] -- Up-to-date: /home/kk/kk_ws/src/kk_driver_package/install/kk_driver_msg/include/kk_driver_msg/kk_driver_msg/msg/detail/core__rosidl_typesupport_introspection_cpp.hpp
[7.350s] -- Up-to-date: /home/kk/kk_ws/src/kk_driver_package/install/kk_driver_msg/include/kk_driver_msg/kk_driver_msg/msg/detail/camera_cmd__type_support.cpp
[7.354s] -- Up-to-date: /home/kk/kk_ws/src/kk_driver_package/install/kk_driver_msg/include/kk_driver_msg/kk_driver_msg/msg/detail/gm6020_cmd__rosidl_typesupport_introspection_cpp.hpp
[7.355s] -- Up-to-date: /home/kk/kk_ws/src/kk_driver_package/install/kk_driver_msg/include/kk_driver_msg/kk_driver_msg/msg/detail/epb_cmd__type_support.cpp
[7.364s] -- Up-to-date: /home/kk/kk_ws/src/kk_driver_package/install/kk_driver_msg/include/kk_driver_msg/kk_driver_msg/msg/detail/motor_cmd__rosidl_typesupport_introspection_cpp.hpp
[7.366s] -- Up-to-date: /home/kk/kk_ws/src/kk_driver_package/install/kk_driver_msg/include/kk_driver_msg/kk_driver_msg/msg/detail/mouse_ctrl__type_support.cpp
[7.367s] -- Up-to-date: /home/kk/kk_ws/src/kk_driver_package/install/kk_driver_msg/include/kk_driver_msg/kk_driver_msg/msg/detail/camera_cmd__rosidl_typesupport_introspection_cpp.hpp
[7.377s] -- Up-to-date: /home/kk/kk_ws/src/kk_driver_package/install/kk_driver_msg/include/kk_driver_msg/kk_driver_msg/msg/detail/core__type_support.cpp
[7.379s] -- Up-to-date: /home/kk/kk_ws/src/kk_driver_package/install/kk_driver_msg/include/kk_driver_msg/kk_driver_msg/msg/detail/epb_status__rosidl_typesupport_introspection_cpp.hpp
[7.380s] -- Up-to-date: /home/kk/kk_ws/src/kk_driver_package/install/kk_driver_msg/include/kk_driver_msg/kk_driver_msg/msg/detail/epb_cmd__rosidl_typesupport_introspection_cpp.hpp
[7.381s] -- Up-to-date: /home/kk/kk_ws/src/kk_driver_package/install/kk_driver_msg/include/kk_driver_msg/kk_driver_msg/msg/detail/epb_status__type_support.cpp
[7.382s] -- Up-to-date: /home/kk/kk_ws/src/kk_driver_package/install/kk_driver_msg/include/kk_driver_msg/kk_driver_msg/msg/detail/encoder__rosidl_typesupport_introspection_cpp.hpp
[7.383s] -- Up-to-date: /home/kk/kk_ws/src/kk_driver_package/install/kk_driver_msg/include/kk_driver_msg/kk_driver_msg/msg/detail/bldc_cmd__rosidl_typesupport_introspection_cpp.hpp
[7.393s] -- Up-to-date: /home/kk/kk_ws/src/kk_driver_package/install/kk_driver_msg/lib/libkk_driver_msg__rosidl_typesupport_introspection_cpp.so
[7.394s] -- Up-to-date: /home/kk/kk_ws/src/kk_driver_package/install/kk_driver_msg/lib/libkk_driver_msg__rosidl_typesupport_cpp.so
[7.395s] -- Up-to-date: /home/kk/kk_ws/src/kk_driver_package/install/kk_driver_msg/share/kk_driver_msg/environment/pythonpath.sh
[7.397s] -- Up-to-date: /home/kk/kk_ws/src/kk_driver_package/install/kk_driver_msg/share/kk_driver_msg/environment/pythonpath.dsv
[7.398s] -- Up-to-date: /home/kk/kk_ws/src/kk_driver_package/install/kk_driver_msg/local/lib/python3.10/dist-packages/kk_driver_msg-0.0.1-py3.10.egg-info
[7.399s] -- Installing: /home/kk/kk_ws/src/kk_driver_package/install/kk_driver_msg/local/lib/python3.10/dist-packages/kk_driver_msg-0.0.1-py3.10.egg-info/PKG-INFO
[7.404s] -- Installing: /home/kk/kk_ws/src/kk_driver_package/install/kk_driver_msg/local/lib/python3.10/dist-packages/kk_driver_msg-0.0.1-py3.10.egg-info/top_level.txt
[7.406s] -- Installing: /home/kk/kk_ws/src/kk_driver_package/install/kk_driver_msg/local/lib/python3.10/dist-packages/kk_driver_msg-0.0.1-py3.10.egg-info/SOURCES.txt
[7.407s] -- Installing: /home/kk/kk_ws/src/kk_driver_package/install/kk_driver_msg/local/lib/python3.10/dist-packages/kk_driver_msg-0.0.1-py3.10.egg-info/dependency_links.txt
[7.408s] -- Up-to-date: /home/kk/kk_ws/src/kk_driver_package/install/kk_driver_msg/local/lib/python3.10/dist-packages/kk_driver_msg
[7.409s] -- Up-to-date: /home/kk/kk_ws/src/kk_driver_package/install/kk_driver_msg/local/lib/python3.10/dist-packages/kk_driver_msg/__init__.py
[7.410s] -- Up-to-date: /home/kk/kk_ws/src/kk_driver_package/install/kk_driver_msg/local/lib/python3.10/dist-packages/kk_driver_msg/kk_driver_msg_s__rosidl_typesupport_introspection_c.cpython-310-aarch64-linux-gnu.so
[7.411s] -- Up-to-date: /home/kk/kk_ws/src/kk_driver_package/install/kk_driver_msg/local/lib/python3.10/dist-packages/kk_driver_msg/libkk_driver_msg__rosidl_generator_py.so
[7.425s] -- Up-to-date: /home/kk/kk_ws/src/kk_driver_package/install/kk_driver_msg/local/lib/python3.10/dist-packages/kk_driver_msg/kk_driver_msg_s__rosidl_typesupport_c.cpython-310-aarch64-linux-gnu.so
[7.426s] -- Up-to-date: /home/kk/kk_ws/src/kk_driver_package/install/kk_driver_msg/local/lib/python3.10/dist-packages/kk_driver_msg/_kk_driver_msg_s.ep.rosidl_typesupport_c.c
[7.427s] -- Up-to-date: /home/kk/kk_ws/src/kk_driver_package/install/kk_driver_msg/local/lib/python3.10/dist-packages/kk_driver_msg/kk_driver_msg_s__rosidl_typesupport_fastrtps_c.cpython-310-aarch64-linux-gnu.so
[7.428s] -- Up-to-date: /home/kk/kk_ws/src/kk_driver_package/install/kk_driver_msg/local/lib/python3.10/dist-packages/kk_driver_msg/_kk_driver_msg_s.ep.rosidl_typesupport_introspection_c.c
[7.430s] -- Up-to-date: /home/kk/kk_ws/src/kk_driver_package/install/kk_driver_msg/local/lib/python3.10/dist-packages/kk_driver_msg/msg
[7.431s] -- Up-to-date: /home/kk/kk_ws/src/kk_driver_package/install/kk_driver_msg/local/lib/python3.10/dist-packages/kk_driver_msg/msg/_gm6020_status_s.c
[7.433s] -- Up-to-date: /home/kk/kk_ws/src/kk_driver_package/install/kk_driver_msg/local/lib/python3.10/dist-packages/kk_driver_msg/msg/_c610_status_s.c
[7.434s] -- Up-to-date: /home/kk/kk_ws/src/kk_driver_package/install/kk_driver_msg/local/lib/python3.10/dist-packages/kk_driver_msg/msg/__init__.py
[7.435s] -- Up-to-date: /home/kk/kk_ws/src/kk_driver_package/install/kk_driver_msg/local/lib/python3.10/dist-packages/kk_driver_msg/msg/_encoder.py
[7.436s] -- Up-to-date: /home/kk/kk_ws/src/kk_driver_package/install/kk_driver_msg/local/lib/python3.10/dist-packages/kk_driver_msg/msg/_pwm_cmd.py
[7.437s] -- Up-to-date: /home/kk/kk_ws/src/kk_driver_package/install/kk_driver_msg/local/lib/python3.10/dist-packages/kk_driver_msg/msg/_motor_cmd_s.c
[7.439s] -- Up-to-date: /home/kk/kk_ws/src/kk_driver_package/install/kk_driver_msg/local/lib/python3.10/dist-packages/kk_driver_msg/msg/_key_ctrl_s.c
[7.440s] -- Up-to-date: /home/kk/kk_ws/src/kk_driver_package/install/kk_driver_msg/local/lib/python3.10/dist-packages/kk_driver_msg/msg/_c610_cmd.py
[7.455s] -- Up-to-date: /home/kk/kk_ws/src/kk_driver_package/install/kk_driver_msg/local/lib/python3.10/dist-packages/kk_driver_msg/msg/_pwm_status.py
[7.457s] -- Up-to-date: /home/kk/kk_ws/src/kk_driver_package/install/kk_driver_msg/local/lib/python3.10/dist-packages/kk_driver_msg/msg/_epb_cmd_s.c
[7.458s] -- Up-to-date: /home/kk/kk_ws/src/kk_driver_package/install/kk_driver_msg/local/lib/python3.10/dist-packages/kk_driver_msg/msg/_camera_cmd.py
[7.476s] -- Up-to-date: /home/kk/kk_ws/src/kk_driver_package/install/kk_driver_msg/local/lib/python3.10/dist-packages/kk_driver_msg/msg/_bldc_cmd.py
[7.478s] -- Up-to-date: /home/kk/kk_ws/src/kk_driver_package/install/kk_driver_msg/local/lib/python3.10/dist-packages/kk_driver_msg/msg/_core.py
[7.479s] -- Up-to-date: /home/kk/kk_ws/src/kk_driver_package/install/kk_driver_msg/local/lib/python3.10/dist-packages/kk_driver_msg/msg/_encoder_s.c
[7.480s] -- Up-to-date: /home/kk/kk_ws/src/kk_driver_package/install/kk_driver_msg/local/lib/python3.10/dist-packages/kk_driver_msg/msg/_epb_status.py
[7.481s] -- Up-to-date: /home/kk/kk_ws/src/kk_driver_package/install/kk_driver_msg/local/lib/python3.10/dist-packages/kk_driver_msg/msg/_core_s.c
[7.483s] -- Up-to-date: /home/kk/kk_ws/src/kk_driver_package/install/kk_driver_msg/local/lib/python3.10/dist-packages/kk_driver_msg/msg/_gm6020_status.py
[7.485s] -- Up-to-date: /home/kk/kk_ws/src/kk_driver_package/install/kk_driver_msg/local/lib/python3.10/dist-packages/kk_driver_msg/msg/_gm6020_cmd.py
[7.486s] -- Up-to-date: /home/kk/kk_ws/src/kk_driver_package/install/kk_driver_msg/local/lib/python3.10/dist-packages/kk_driver_msg/msg/_motor_cmd.py
[7.487s] -- Up-to-date: /home/kk/kk_ws/src/kk_driver_package/install/kk_driver_msg/local/lib/python3.10/dist-packages/kk_driver_msg/msg/_mouse_ctrl.py
[7.489s] -- Up-to-date: /home/kk/kk_ws/src/kk_driver_package/install/kk_driver_msg/local/lib/python3.10/dist-packages/kk_driver_msg/msg/_epb_cmd.py
[7.490s] -- Up-to-date: /home/kk/kk_ws/src/kk_driver_package/install/kk_driver_msg/local/lib/python3.10/dist-packages/kk_driver_msg/msg/_mouse_ctrl_s.c
[7.491s] -- Up-to-date: /home/kk/kk_ws/src/kk_driver_package/install/kk_driver_msg/local/lib/python3.10/dist-packages/kk_driver_msg/msg/_c610_status.py
[7.492s] -- Up-to-date: /home/kk/kk_ws/src/kk_driver_package/install/kk_driver_msg/local/lib/python3.10/dist-packages/kk_driver_msg/msg/_camera_cmd_s.c
[7.493s] -- Up-to-date: /home/kk/kk_ws/src/kk_driver_package/install/kk_driver_msg/local/lib/python3.10/dist-packages/kk_driver_msg/msg/_key_ctrl.py
[7.494s] -- Up-to-date: /home/kk/kk_ws/src/kk_driver_package/install/kk_driver_msg/local/lib/python3.10/dist-packages/kk_driver_msg/msg/_epb_status_s.c
[7.495s] -- Up-to-date: /home/kk/kk_ws/src/kk_driver_package/install/kk_driver_msg/local/lib/python3.10/dist-packages/kk_driver_msg/msg/_pwm_status_s.c
[7.518s] -- Up-to-date: /home/kk/kk_ws/src/kk_driver_package/install/kk_driver_msg/local/lib/python3.10/dist-packages/kk_driver_msg/msg/_bldc_cmd_s.c
[7.522s] -- Up-to-date: /home/kk/kk_ws/src/kk_driver_package/install/kk_driver_msg/local/lib/python3.10/dist-packages/kk_driver_msg/msg/_gm6020_cmd_s.c
[7.523s] -- Up-to-date: /home/kk/kk_ws/src/kk_driver_package/install/kk_driver_msg/local/lib/python3.10/dist-packages/kk_driver_msg/msg/_c610_cmd_s.c
[7.525s] -- Up-to-date: /home/kk/kk_ws/src/kk_driver_package/install/kk_driver_msg/local/lib/python3.10/dist-packages/kk_driver_msg/msg/_pwm_cmd_s.c
[7.526s] -- Up-to-date: /home/kk/kk_ws/src/kk_driver_package/install/kk_driver_msg/local/lib/python3.10/dist-packages/kk_driver_msg/_kk_driver_msg_s.ep.rosidl_typesupport_fastrtps_c.c
[7.663s] Listing '/home/kk/kk_ws/src/kk_driver_package/install/kk_driver_msg/local/lib/python3.10/dist-packages/kk_driver_msg'...
[7.665s] Listing '/home/kk/kk_ws/src/kk_driver_package/install/kk_driver_msg/local/lib/python3.10/dist-packages/kk_driver_msg/msg'...
[7.725s] -- Up-to-date: /home/kk/kk_ws/src/kk_driver_package/install/kk_driver_msg/local/lib/python3.10/dist-packages/kk_driver_msg/kk_driver_msg_s__rosidl_typesupport_fastrtps_c.cpython-310-aarch64-linux-gnu.so
[7.733s] -- Up-to-date: /home/kk/kk_ws/src/kk_driver_package/install/kk_driver_msg/local/lib/python3.10/dist-packages/kk_driver_msg/kk_driver_msg_s__rosidl_typesupport_introspection_c.cpython-310-aarch64-linux-gnu.so
[7.741s] -- Up-to-date: /home/kk/kk_ws/src/kk_driver_package/install/kk_driver_msg/local/lib/python3.10/dist-packages/kk_driver_msg/kk_driver_msg_s__rosidl_typesupport_c.cpython-310-aarch64-linux-gnu.so
[7.753s] -- Up-to-date: /home/kk/kk_ws/src/kk_driver_package/install/kk_driver_msg/lib/libkk_driver_msg__rosidl_generator_py.so
[7.755s] -- Up-to-date: /home/kk/kk_ws/src/kk_driver_package/install/kk_driver_msg/share/kk_driver_msg/msg/EpbCmd.idl
[7.760s] -- Up-to-date: /home/kk/kk_ws/src/kk_driver_package/install/kk_driver_msg/share/kk_driver_msg/msg/PwmCmd.idl
[7.763s] -- Up-to-date: /home/kk/kk_ws/src/kk_driver_package/install/kk_driver_msg/share/kk_driver_msg/msg/MotorCmd.idl
[7.772s] -- Up-to-date: /home/kk/kk_ws/src/kk_driver_package/install/kk_driver_msg/share/kk_driver_msg/msg/BldcCmd.idl
[7.774s] -- Up-to-date: /home/kk/kk_ws/src/kk_driver_package/install/kk_driver_msg/share/kk_driver_msg/msg/C610Cmd.idl
[7.776s] -- Up-to-date: /home/kk/kk_ws/src/kk_driver_package/install/kk_driver_msg/share/kk_driver_msg/msg/C610Status.idl
[7.777s] -- Up-to-date: /home/kk/kk_ws/src/kk_driver_package/install/kk_driver_msg/share/kk_driver_msg/msg/Gm6020Cmd.idl
[7.789s] -- Up-to-date: /home/kk/kk_ws/src/kk_driver_package/install/kk_driver_msg/share/kk_driver_msg/msg/Gm6020Status.idl
[7.791s] -- Up-to-date: /home/kk/kk_ws/src/kk_driver_package/install/kk_driver_msg/share/kk_driver_msg/msg/EpbStatus.idl
[7.792s] -- Up-to-date: /home/kk/kk_ws/src/kk_driver_package/install/kk_driver_msg/share/kk_driver_msg/msg/PwmStatus.idl
[7.794s] -- Up-to-date: /home/kk/kk_ws/src/kk_driver_package/install/kk_driver_msg/share/kk_driver_msg/msg/Encoder.idl
[7.795s] -- Up-to-date: /home/kk/kk_ws/src/kk_driver_package/install/kk_driver_msg/share/kk_driver_msg/msg/KeyCtrl.idl
[7.797s] -- Up-to-date: /home/kk/kk_ws/src/kk_driver_package/install/kk_driver_msg/share/kk_driver_msg/msg/Core.idl
[7.808s] -- Up-to-date: /home/kk/kk_ws/src/kk_driver_package/install/kk_driver_msg/share/kk_driver_msg/msg/CameraCmd.idl
[7.810s] -- Up-to-date: /home/kk/kk_ws/src/kk_driver_package/install/kk_driver_msg/share/kk_driver_msg/msg/MouseCtrl.idl
[7.811s] -- Up-to-date: /home/kk/kk_ws/src/kk_driver_package/install/kk_driver_msg/share/kk_driver_msg/msg/EpbCmd.msg
[7.813s] -- Up-to-date: /home/kk/kk_ws/src/kk_driver_package/install/kk_driver_msg/share/kk_driver_msg/msg/PwmCmd.msg
[7.815s] -- Up-to-date: /home/kk/kk_ws/src/kk_driver_package/install/kk_driver_msg/share/kk_driver_msg/msg/MotorCmd.msg
[7.816s] -- Up-to-date: /home/kk/kk_ws/src/kk_driver_package/install/kk_driver_msg/share/kk_driver_msg/msg/BldcCmd.msg
[7.825s] -- Up-to-date: /home/kk/kk_ws/src/kk_driver_package/install/kk_driver_msg/share/kk_driver_msg/msg/C610Cmd.msg
[7.826s] -- Up-to-date: /home/kk/kk_ws/src/kk_driver_package/install/kk_driver_msg/share/kk_driver_msg/msg/C610Status.msg
[7.828s] -- Up-to-date: /home/kk/kk_ws/src/kk_driver_package/install/kk_driver_msg/share/kk_driver_msg/msg/Gm6020Cmd.msg
[7.830s] -- Up-to-date: /home/kk/kk_ws/src/kk_driver_package/install/kk_driver_msg/share/kk_driver_msg/msg/Gm6020Status.msg
[7.831s] -- Up-to-date: /home/kk/kk_ws/src/kk_driver_package/install/kk_driver_msg/share/kk_driver_msg/msg/EpbStatus.msg
[7.839s] -- Up-to-date: /home/kk/kk_ws/src/kk_driver_package/install/kk_driver_msg/share/kk_driver_msg/msg/PwmStatus.msg
[7.841s] -- Up-to-date: /home/kk/kk_ws/src/kk_driver_package/install/kk_driver_msg/share/kk_driver_msg/msg/Encoder.msg
[7.843s] -- Up-to-date: /home/kk/kk_ws/src/kk_driver_package/install/kk_driver_msg/share/kk_driver_msg/msg/KeyCtrl.msg
[7.844s] -- Up-to-date: /home/kk/kk_ws/src/kk_driver_package/install/kk_driver_msg/share/kk_driver_msg/msg/Core.msg
[7.845s] -- Up-to-date: /home/kk/kk_ws/src/kk_driver_package/install/kk_driver_msg/share/kk_driver_msg/msg/CameraCmd.msg
[7.847s] -- Up-to-date: /home/kk/kk_ws/src/kk_driver_package/install/kk_driver_msg/share/kk_driver_msg/msg/MouseCtrl.msg
[7.849s] -- Up-to-date: /home/kk/kk_ws/src/kk_driver_package/install/kk_driver_msg/share/ament_index/resource_index/package_run_dependencies/kk_driver_msg
[7.851s] -- Up-to-date: /home/kk/kk_ws/src/kk_driver_package/install/kk_driver_msg/share/ament_index/resource_index/parent_prefix_path/kk_driver_msg
[7.853s] -- Up-to-date: /home/kk/kk_ws/src/kk_driver_package/install/kk_driver_msg/share/kk_driver_msg/environment/ament_prefix_path.sh
[7.854s] -- Up-to-date: /home/kk/kk_ws/src/kk_driver_package/install/kk_driver_msg/share/kk_driver_msg/environment/ament_prefix_path.dsv
[7.856s] -- Up-to-date: /home/kk/kk_ws/src/kk_driver_package/install/kk_driver_msg/share/kk_driver_msg/environment/path.sh
[7.859s] -- Up-to-date: /home/kk/kk_ws/src/kk_driver_package/install/kk_driver_msg/share/kk_driver_msg/environment/path.dsv
[7.861s] -- Up-to-date: /home/kk/kk_ws/src/kk_driver_package/install/kk_driver_msg/share/kk_driver_msg/local_setup.bash
[7.863s] -- Up-to-date: /home/kk/kk_ws/src/kk_driver_package/install/kk_driver_msg/share/kk_driver_msg/local_setup.sh
[7.865s] -- Up-to-date: /home/kk/kk_ws/src/kk_driver_package/install/kk_driver_msg/share/kk_driver_msg/local_setup.zsh
[7.867s] -- Up-to-date: /home/kk/kk_ws/src/kk_driver_package/install/kk_driver_msg/share/kk_driver_msg/local_setup.dsv
[7.868s] -- Installing: /home/kk/kk_ws/src/kk_driver_package/install/kk_driver_msg/share/kk_driver_msg/package.dsv
[7.870s] -- Up-to-date: /home/kk/kk_ws/src/kk_driver_package/install/kk_driver_msg/share/ament_index/resource_index/packages/kk_driver_msg
[7.873s] -- Up-to-date: /home/kk/kk_ws/src/kk_driver_package/install/kk_driver_msg/share/kk_driver_msg/cmake/export_kk_driver_msg__rosidl_generator_cExport.cmake
[7.874s] -- Up-to-date: /home/kk/kk_ws/src/kk_driver_package/install/kk_driver_msg/share/kk_driver_msg/cmake/export_kk_driver_msg__rosidl_generator_cExport-noconfig.cmake
[7.875s] -- Up-to-date: /home/kk/kk_ws/src/kk_driver_package/install/kk_driver_msg/share/kk_driver_msg/cmake/export_kk_driver_msg__rosidl_typesupport_fastrtps_cExport.cmake
[7.877s] -- Up-to-date: /home/kk/kk_ws/src/kk_driver_package/install/kk_driver_msg/share/kk_driver_msg/cmake/export_kk_driver_msg__rosidl_typesupport_fastrtps_cExport-noconfig.cmake
[7.879s] -- Up-to-date: /home/kk/kk_ws/src/kk_driver_package/install/kk_driver_msg/share/kk_driver_msg/cmake/kk_driver_msg__rosidl_typesupport_introspection_cExport.cmake
[7.881s] -- Up-to-date: /home/kk/kk_ws/src/kk_driver_package/install/kk_driver_msg/share/kk_driver_msg/cmake/kk_driver_msg__rosidl_typesupport_introspection_cExport-noconfig.cmake
[7.882s] -- Up-to-date: /home/kk/kk_ws/src/kk_driver_package/install/kk_driver_msg/share/kk_driver_msg/cmake/kk_driver_msg__rosidl_typesupport_cExport.cmake
[7.883s] -- Up-to-date: /home/kk/kk_ws/src/kk_driver_package/install/kk_driver_msg/share/kk_driver_msg/cmake/kk_driver_msg__rosidl_typesupport_cExport-noconfig.cmake
[7.884s] -- Up-to-date: /home/kk/kk_ws/src/kk_driver_package/install/kk_driver_msg/share/kk_driver_msg/cmake/export_kk_driver_msg__rosidl_generator_cppExport.cmake
[7.886s] -- Up-to-date: /home/kk/kk_ws/src/kk_driver_package/install/kk_driver_msg/share/kk_driver_msg/cmake/export_kk_driver_msg__rosidl_typesupport_fastrtps_cppExport.cmake
[7.888s] -- Up-to-date: /home/kk/kk_ws/src/kk_driver_package/install/kk_driver_msg/share/kk_driver_msg/cmake/export_kk_driver_msg__rosidl_typesupport_fastrtps_cppExport-noconfig.cmake
[7.889s] -- Up-to-date: /home/kk/kk_ws/src/kk_driver_package/install/kk_driver_msg/share/kk_driver_msg/cmake/kk_driver_msg__rosidl_typesupport_introspection_cppExport.cmake
[7.891s] -- Up-to-date: /home/kk/kk_ws/src/kk_driver_package/install/kk_driver_msg/share/kk_driver_msg/cmake/kk_driver_msg__rosidl_typesupport_introspection_cppExport-noconfig.cmake
[7.892s] -- Up-to-date: /home/kk/kk_ws/src/kk_driver_package/install/kk_driver_msg/share/kk_driver_msg/cmake/kk_driver_msg__rosidl_typesupport_cppExport.cmake
[7.894s] -- Up-to-date: /home/kk/kk_ws/src/kk_driver_package/install/kk_driver_msg/share/kk_driver_msg/cmake/kk_driver_msg__rosidl_typesupport_cppExport-noconfig.cmake
[7.896s] -- Up-to-date: /home/kk/kk_ws/src/kk_driver_package/install/kk_driver_msg/share/kk_driver_msg/cmake/export_kk_driver_msg__rosidl_generator_pyExport.cmake
[7.898s] -- Up-to-date: /home/kk/kk_ws/src/kk_driver_package/install/kk_driver_msg/share/kk_driver_msg/cmake/export_kk_driver_msg__rosidl_generator_pyExport-noconfig.cmake
[7.900s] -- Up-to-date: /home/kk/kk_ws/src/kk_driver_package/install/kk_driver_msg/share/kk_driver_msg/cmake/rosidl_cmake-extras.cmake
[7.902s] -- Up-to-date: /home/kk/kk_ws/src/kk_driver_package/install/kk_driver_msg/share/kk_driver_msg/cmake/ament_cmake_export_include_directories-extras.cmake
[7.904s] -- Up-to-date: /home/kk/kk_ws/src/kk_driver_package/install/kk_driver_msg/share/kk_driver_msg/cmake/ament_cmake_export_libraries-extras.cmake
[7.906s] -- Up-to-date: /home/kk/kk_ws/src/kk_driver_package/install/kk_driver_msg/share/kk_driver_msg/cmake/ament_cmake_export_targets-extras.cmake
[7.908s] -- Up-to-date: /home/kk/kk_ws/src/kk_driver_package/install/kk_driver_msg/share/kk_driver_msg/cmake/rosidl_cmake_export_typesupport_targets-extras.cmake
[7.910s] -- Up-to-date: /home/kk/kk_ws/src/kk_driver_package/install/kk_driver_msg/share/kk_driver_msg/cmake/ament_cmake_export_dependencies-extras.cmake
[7.912s] -- Up-to-date: /home/kk/kk_ws/src/kk_driver_package/install/kk_driver_msg/share/kk_driver_msg/cmake/rosidl_cmake_export_typesupport_libraries-extras.cmake
[7.913s] -- Up-to-date: /home/kk/kk_ws/src/kk_driver_package/install/kk_driver_msg/share/kk_driver_msg/cmake/kk_driver_msgConfig.cmake
[7.914s] -- Up-to-date: /home/kk/kk_ws/src/kk_driver_package/install/kk_driver_msg/share/kk_driver_msg/cmake/kk_driver_msgConfig-version.cmake
[7.916s] -- Up-to-date: /home/kk/kk_ws/src/kk_driver_package/install/kk_driver_msg/share/kk_driver_msg/package.xml
[7.944s] Invoked command in '/home/kk/kk_ws/src/kk_driver_package/build/kk_driver_msg' returned '0': CMAKE_PREFIX_PATH=${CMAKE_PREFIX_PATH}:/home/kk/kk_ws/install/kk_simulator:/home/kk/kk_ws/install/kk_receiver:/home/kk/kk_ws/install/core_camera:/opt/ros/humble /usr/bin/cmake --install /home/kk/kk_ws/src/kk_driver_package/build/kk_driver_msg
