[11.538s] Invoking command in '/home/kk/kk_ws/src/kk_driver_package/kk_simulator': PYTHONPATH=/home/kk/kk_ws/src/kk_driver_package/build/kk_simulator/prefix_override:/usr/lib/python3/dist-packages/colcon_core/task/python/colcon_distutils_commands:/home/kk/kk_ws/src/kk_driver_package/install/kk_simulator/lib/python3.10/site-packages:${PYTHONPATH} /usr/bin/python3 -W ignore:setup.py install is deprecated -W ignore:easy_install command is deprecated setup.py egg_info --egg-base ../build/kk_simulator build --build-base /home/kk/kk_ws/src/kk_driver_package/build/kk_simulator/build install --record /home/kk/kk_ws/src/kk_driver_package/build/kk_simulator/install.log --single-version-externally-managed install_data
[14.955s] running egg_info
[14.968s] writing ../build/kk_simulator/kk_simulator.egg-info/PKG-INFO
[14.973s] writing dependency_links to ../build/kk_simulator/kk_simulator.egg-info/dependency_links.txt
[14.978s] writing entry points to ../build/kk_simulator/kk_simulator.egg-info/entry_points.txt
[14.982s] writing requirements to ../build/kk_simulator/kk_simulator.egg-info/requires.txt
[14.986s] writing top-level names to ../build/kk_simulator/kk_simulator.egg-info/top_level.txt
[15.012s] reading manifest file '../build/kk_simulator/kk_simulator.egg-info/SOURCES.txt'
[15.026s] writing manifest file '../build/kk_simulator/kk_simulator.egg-info/SOURCES.txt'
[15.030s] running build
[15.032s] running build_py
[15.040s] copying kk_simulator/gm6020.py -> /home/kk/kk_ws/src/kk_driver_package/build/kk_simulator/build/lib/kk_simulator
[15.046s] running install
[15.052s] running install_lib
[15.065s] copying /home/kk/kk_ws/src/kk_driver_package/build/kk_simulator/build/lib/kk_simulator/gm6020.py -> /home/kk/kk_ws/src/kk_driver_package/install/kk_simulator/lib/python3.10/site-packages/kk_simulator
[15.079s] byte-compiling /home/kk/kk_ws/src/kk_driver_package/install/kk_simulator/lib/python3.10/site-packages/kk_simulator/gm6020.py to gm6020.cpython-310.pyc
[15.094s] running install_data
[15.105s] running install_egg_info
[15.136s] removing '/home/kk/kk_ws/src/kk_driver_package/install/kk_simulator/lib/python3.10/site-packages/kk_simulator-0.0.0-py3.10.egg-info' (and everything under it)
[15.150s] Copying ../build/kk_simulator/kk_simulator.egg-info to /home/kk/kk_ws/src/kk_driver_package/install/kk_simulator/lib/python3.10/site-packages/kk_simulator-0.0.0-py3.10.egg-info
[15.180s] running install_scripts
[15.429s] Installing gm6020 script to /home/kk/kk_ws/src/kk_driver_package/install/kk_simulator/lib/kk_simulator
[15.436s] Installing servo script to /home/kk/kk_ws/src/kk_driver_package/install/kk_simulator/lib/kk_simulator
[15.442s] writing list of installed files to '/home/kk/kk_ws/src/kk_driver_package/build/kk_simulator/install.log'
[15.686s] Invoked command in '/home/kk/kk_ws/src/kk_driver_package/kk_simulator' returned '0': PYTHONPATH=/home/kk/kk_ws/src/kk_driver_package/build/kk_simulator/prefix_override:/usr/lib/python3/dist-packages/colcon_core/task/python/colcon_distutils_commands:/home/kk/kk_ws/src/kk_driver_package/install/kk_simulator/lib/python3.10/site-packages:${PYTHONPATH} /usr/bin/python3 -W ignore:setup.py install is deprecated -W ignore:easy_install command is deprecated setup.py egg_info --egg-base ../build/kk_simulator build --build-base /home/kk/kk_ws/src/kk_driver_package/build/kk_simulator/build install --record /home/kk/kk_ws/src/kk_driver_package/build/kk_simulator/install.log --single-version-externally-managed install_data
