[1.284s] DEBUG:colcon:Command line arguments: ['/usr/bin/colcon', 'build']
[1.285s] DEBUG:colcon:Parsed command line arguments: Namespace(log_base=None, log_level=None, verb_name='build', build_base='build', install_base='install', merge_install=False, symlink_install=False, test_result_base=None, continue_on_error=False, executor='parallel', parallel_workers=4, event_handlers=None, ignore_user_meta=False, metas=['./colcon.meta'], base_paths=['.'], packages_ignore=None, packages_ignore_regex=None, paths=None, packages_up_to=None, packages_up_to_regex=None, packages_above=None, packages_above_and_dependencies=None, packages_above_depth=None, packages_select_by_dep=None, packages_skip_by_dep=None, packages_skip_up_to=None, packages_select_build_failed=False, packages_skip_build_finished=False, packages_select_test_failures=False, packages_skip_test_passed=False, packages_select=None, packages_skip=None, packages_select_regex=None, packages_skip_regex=None, packages_start=None, packages_end=None, allow_overriding=[], cmake_args=None, cmake_target=None, cmake_target_skip_unavailable=False, cmake_clean_cache=False, cmake_clean_first=False, cmake_force_configure=False, ament_cmake_args=None, catkin_cmake_args=None, catkin_skip_building_tests=False, verb_parser=<colcon_defaults.argument_parser.defaults.DefaultArgumentsDecorator object at 0xffffb15cfd90>, verb_extension=<colcon_core.verb.build.BuildVerb object at 0xffffb1709240>, main=<bound method BuildVerb.main of <colcon_core.verb.build.BuildVerb object at 0xffffb1709240>>)
[3.551s] Level 1:colcon.colcon_core.package_discovery:discover_packages(colcon_meta) check parameters
[3.553s] Level 1:colcon.colcon_core.package_discovery:discover_packages(recursive) check parameters
[3.553s] Level 1:colcon.colcon_core.package_discovery:discover_packages(ignore) check parameters
[3.554s] Level 1:colcon.colcon_core.package_discovery:discover_packages(path) check parameters
[3.554s] Level 1:colcon.colcon_core.package_discovery:discover_packages(colcon_meta) discover
[3.555s] Level 1:colcon.colcon_core.package_discovery:discover_packages(recursive) discover
[3.556s] INFO:colcon.colcon_core.package_discovery:Crawling recursively for packages in '/home/kk/kk_ws/src/kk_driver_package'
[3.557s] Level 1:colcon.colcon_core.package_identification:_identify(.) by extensions ['ignore', 'ignore_ament_install']
[3.558s] Level 1:colcon.colcon_core.package_identification:_identify(.) by extension 'ignore'
[3.559s] Level 1:colcon.colcon_core.package_identification:_identify(.) by extension 'ignore_ament_install'
[3.559s] Level 1:colcon.colcon_core.package_identification:_identify(.) by extensions ['colcon_pkg']
[3.560s] Level 1:colcon.colcon_core.package_identification:_identify(.) by extension 'colcon_pkg'
[3.560s] Level 1:colcon.colcon_core.package_identification:_identify(.) by extensions ['colcon_meta']
[3.561s] Level 1:colcon.colcon_core.package_identification:_identify(.) by extension 'colcon_meta'
[3.561s] Level 1:colcon.colcon_core.package_identification:_identify(.) by extensions ['ros']
[3.561s] Level 1:colcon.colcon_core.package_identification:_identify(.) by extension 'ros'
[3.689s] Level 1:colcon.colcon_core.package_identification:_identify(.) by extensions ['cmake', 'python']
[3.690s] Level 1:colcon.colcon_core.package_identification:_identify(.) by extension 'cmake'
[3.691s] Level 1:colcon.colcon_core.package_identification:_identify(.) by extension 'python'
[3.692s] Level 1:colcon.colcon_core.package_identification:_identify(.) by extensions ['python_setup_py']
[3.692s] Level 1:colcon.colcon_core.package_identification:_identify(.) by extension 'python_setup_py'
[3.694s] Level 1:colcon.colcon_core.package_identification:_identify(build) by extensions ['ignore', 'ignore_ament_install']
[3.695s] Level 1:colcon.colcon_core.package_identification:_identify(build) by extension 'ignore'
[3.696s] Level 1:colcon.colcon_core.package_identification:_identify(build) ignored
[3.697s] Level 1:colcon.colcon_core.package_identification:_identify(install) by extensions ['ignore', 'ignore_ament_install']
[3.698s] Level 1:colcon.colcon_core.package_identification:_identify(install) by extension 'ignore'
[3.699s] Level 1:colcon.colcon_core.package_identification:_identify(install) ignored
[3.700s] Level 1:colcon.colcon_core.package_identification:_identify(kk_driver) by extensions ['ignore', 'ignore_ament_install']
[3.702s] Level 1:colcon.colcon_core.package_identification:_identify(kk_driver) by extension 'ignore'
[3.702s] Level 1:colcon.colcon_core.package_identification:_identify(kk_driver) by extension 'ignore_ament_install'
[3.703s] Level 1:colcon.colcon_core.package_identification:_identify(kk_driver) by extensions ['colcon_pkg']
[3.704s] Level 1:colcon.colcon_core.package_identification:_identify(kk_driver) by extension 'colcon_pkg'
[3.705s] Level 1:colcon.colcon_core.package_identification:_identify(kk_driver) by extensions ['colcon_meta']
[3.706s] Level 1:colcon.colcon_core.package_identification:_identify(kk_driver) by extension 'colcon_meta'
[3.707s] Level 1:colcon.colcon_core.package_identification:_identify(kk_driver) by extensions ['ros']
[3.707s] Level 1:colcon.colcon_core.package_identification:_identify(kk_driver) by extension 'ros'
[3.732s] DEBUG:colcon.colcon_core.package_identification:Package 'kk_driver' with type 'ros.ament_cmake' and name 'kk_driver'
[3.734s] Level 1:colcon.colcon_core.package_identification:_identify(kk_driver_msg) by extensions ['ignore', 'ignore_ament_install']
[3.735s] Level 1:colcon.colcon_core.package_identification:_identify(kk_driver_msg) by extension 'ignore'
[3.736s] Level 1:colcon.colcon_core.package_identification:_identify(kk_driver_msg) by extension 'ignore_ament_install'
[3.736s] Level 1:colcon.colcon_core.package_identification:_identify(kk_driver_msg) by extensions ['colcon_pkg']
[3.737s] Level 1:colcon.colcon_core.package_identification:_identify(kk_driver_msg) by extension 'colcon_pkg'
[3.737s] Level 1:colcon.colcon_core.package_identification:_identify(kk_driver_msg) by extensions ['colcon_meta']
[3.738s] Level 1:colcon.colcon_core.package_identification:_identify(kk_driver_msg) by extension 'colcon_meta'
[3.739s] Level 1:colcon.colcon_core.package_identification:_identify(kk_driver_msg) by extensions ['ros']
[3.739s] Level 1:colcon.colcon_core.package_identification:_identify(kk_driver_msg) by extension 'ros'
[3.745s] DEBUG:colcon.colcon_core.package_identification:Package 'kk_driver_msg' with type 'ros.ament_cmake' and name 'kk_driver_msg'
[3.746s] Level 1:colcon.colcon_core.package_identification:_identify(kk_receiver) by extensions ['ignore', 'ignore_ament_install']
[3.747s] Level 1:colcon.colcon_core.package_identification:_identify(kk_receiver) by extension 'ignore'
[3.748s] Level 1:colcon.colcon_core.package_identification:_identify(kk_receiver) by extension 'ignore_ament_install'
[3.749s] Level 1:colcon.colcon_core.package_identification:_identify(kk_receiver) by extensions ['colcon_pkg']
[3.749s] Level 1:colcon.colcon_core.package_identification:_identify(kk_receiver) by extension 'colcon_pkg'
[3.750s] Level 1:colcon.colcon_core.package_identification:_identify(kk_receiver) by extensions ['colcon_meta']
[3.750s] Level 1:colcon.colcon_core.package_identification:_identify(kk_receiver) by extension 'colcon_meta'
[3.751s] Level 1:colcon.colcon_core.package_identification:_identify(kk_receiver) by extensions ['ros']
[3.751s] Level 1:colcon.colcon_core.package_identification:_identify(kk_receiver) by extension 'ros'
[3.757s] DEBUG:colcon.colcon_core.package_identification:Package 'kk_receiver' with type 'ros.ament_python' and name 'kk_receiver'
[3.759s] Level 1:colcon.colcon_core.package_identification:_identify(kk_simulator) by extensions ['ignore', 'ignore_ament_install']
[3.760s] Level 1:colcon.colcon_core.package_identification:_identify(kk_simulator) by extension 'ignore'
[3.760s] Level 1:colcon.colcon_core.package_identification:_identify(kk_simulator) by extension 'ignore_ament_install'
[3.761s] Level 1:colcon.colcon_core.package_identification:_identify(kk_simulator) by extensions ['colcon_pkg']
[3.762s] Level 1:colcon.colcon_core.package_identification:_identify(kk_simulator) by extension 'colcon_pkg'
[3.762s] Level 1:colcon.colcon_core.package_identification:_identify(kk_simulator) by extensions ['colcon_meta']
[3.763s] Level 1:colcon.colcon_core.package_identification:_identify(kk_simulator) by extension 'colcon_meta'
[3.764s] Level 1:colcon.colcon_core.package_identification:_identify(kk_simulator) by extensions ['ros']
[3.764s] Level 1:colcon.colcon_core.package_identification:_identify(kk_simulator) by extension 'ros'
[3.770s] DEBUG:colcon.colcon_core.package_identification:Package 'kk_simulator' with type 'ros.ament_python' and name 'kk_simulator'
[3.772s] Level 1:colcon.colcon_core.package_identification:_identify(log) by extensions ['ignore', 'ignore_ament_install']
[3.773s] Level 1:colcon.colcon_core.package_identification:_identify(log) by extension 'ignore'
[3.773s] Level 1:colcon.colcon_core.package_identification:_identify(log) ignored
[3.774s] Level 1:colcon.colcon_core.package_discovery:discover_packages(recursive) using defaults
[3.775s] Level 1:colcon.colcon_core.package_discovery:discover_packages(ignore) discover
[3.775s] Level 1:colcon.colcon_core.package_discovery:discover_packages(ignore) using defaults
[3.775s] Level 1:colcon.colcon_core.package_discovery:discover_packages(path) discover
[3.776s] Level 1:colcon.colcon_core.package_discovery:discover_packages(path) using defaults
[4.013s] Level 1:colcon.colcon_core.package_discovery:discover_packages(prefix_path) check parameters
[4.013s] Level 1:colcon.colcon_core.package_discovery:discover_packages(prefix_path) discover
[4.044s] DEBUG:colcon.colcon_installed_package_information.package_discovery:Found 6 installed packages in /home/kk/kk_ws/install
[4.073s] DEBUG:colcon.colcon_installed_package_information.package_discovery:Found 271 installed packages in /opt/ros/humble
[4.159s] Level 1:colcon.colcon_core.package_discovery:discover_packages(prefix_path) using defaults
[4.708s] Level 5:colcon.colcon_core.verb:set package 'kk_driver_msg' build argument 'cmake_args' from command line to 'None'
[4.709s] Level 5:colcon.colcon_core.verb:set package 'kk_driver_msg' build argument 'cmake_target' from command line to 'None'
[4.709s] Level 5:colcon.colcon_core.verb:set package 'kk_driver_msg' build argument 'cmake_target_skip_unavailable' from command line to 'False'
[4.710s] Level 5:colcon.colcon_core.verb:set package 'kk_driver_msg' build argument 'cmake_clean_cache' from command line to 'False'
[4.710s] Level 5:colcon.colcon_core.verb:set package 'kk_driver_msg' build argument 'cmake_clean_first' from command line to 'False'
[4.711s] Level 5:colcon.colcon_core.verb:set package 'kk_driver_msg' build argument 'cmake_force_configure' from command line to 'False'
[4.711s] Level 5:colcon.colcon_core.verb:set package 'kk_driver_msg' build argument 'ament_cmake_args' from command line to 'None'
[4.711s] Level 5:colcon.colcon_core.verb:set package 'kk_driver_msg' build argument 'catkin_cmake_args' from command line to 'None'
[4.712s] Level 5:colcon.colcon_core.verb:set package 'kk_driver_msg' build argument 'catkin_skip_building_tests' from command line to 'False'
[4.712s] DEBUG:colcon.colcon_core.verb:Building package 'kk_driver_msg' with the following arguments: {'ament_cmake_args': None, 'build_base': '/home/kk/kk_ws/src/kk_driver_package/build/kk_driver_msg', 'catkin_cmake_args': None, 'catkin_skip_building_tests': False, 'cmake_args': None, 'cmake_clean_cache': False, 'cmake_clean_first': False, 'cmake_force_configure': False, 'cmake_target': None, 'cmake_target_skip_unavailable': False, 'install_base': '/home/kk/kk_ws/src/kk_driver_package/install/kk_driver_msg', 'merge_install': False, 'path': '/home/kk/kk_ws/src/kk_driver_package/kk_driver_msg', 'symlink_install': False, 'test_result_base': None}
[4.717s] Level 5:colcon.colcon_core.verb:set package 'kk_simulator' build argument 'cmake_args' from command line to 'None'
[4.717s] Level 5:colcon.colcon_core.verb:set package 'kk_simulator' build argument 'cmake_target' from command line to 'None'
[4.718s] Level 5:colcon.colcon_core.verb:set package 'kk_simulator' build argument 'cmake_target_skip_unavailable' from command line to 'False'
[4.718s] Level 5:colcon.colcon_core.verb:set package 'kk_simulator' build argument 'cmake_clean_cache' from command line to 'False'
[4.719s] Level 5:colcon.colcon_core.verb:set package 'kk_simulator' build argument 'cmake_clean_first' from command line to 'False'
[4.719s] Level 5:colcon.colcon_core.verb:set package 'kk_simulator' build argument 'cmake_force_configure' from command line to 'False'
[4.719s] Level 5:colcon.colcon_core.verb:set package 'kk_simulator' build argument 'ament_cmake_args' from command line to 'None'
[4.720s] Level 5:colcon.colcon_core.verb:set package 'kk_simulator' build argument 'catkin_cmake_args' from command line to 'None'
[4.720s] Level 5:colcon.colcon_core.verb:set package 'kk_simulator' build argument 'catkin_skip_building_tests' from command line to 'False'
[4.721s] DEBUG:colcon.colcon_core.verb:Building package 'kk_simulator' with the following arguments: {'ament_cmake_args': None, 'build_base': '/home/kk/kk_ws/src/kk_driver_package/build/kk_simulator', 'catkin_cmake_args': None, 'catkin_skip_building_tests': False, 'cmake_args': None, 'cmake_clean_cache': False, 'cmake_clean_first': False, 'cmake_force_configure': False, 'cmake_target': None, 'cmake_target_skip_unavailable': False, 'install_base': '/home/kk/kk_ws/src/kk_driver_package/install/kk_simulator', 'merge_install': False, 'path': '/home/kk/kk_ws/src/kk_driver_package/kk_simulator', 'symlink_install': False, 'test_result_base': None}
[4.725s] Level 5:colcon.colcon_core.verb:set package 'kk_driver' build argument 'cmake_args' from command line to 'None'
[4.726s] Level 5:colcon.colcon_core.verb:set package 'kk_driver' build argument 'cmake_target' from command line to 'None'
[4.726s] Level 5:colcon.colcon_core.verb:set package 'kk_driver' build argument 'cmake_target_skip_unavailable' from command line to 'False'
[4.727s] Level 5:colcon.colcon_core.verb:set package 'kk_driver' build argument 'cmake_clean_cache' from command line to 'False'
[4.727s] Level 5:colcon.colcon_core.verb:set package 'kk_driver' build argument 'cmake_clean_first' from command line to 'False'
[4.727s] Level 5:colcon.colcon_core.verb:set package 'kk_driver' build argument 'cmake_force_configure' from command line to 'False'
[4.728s] Level 5:colcon.colcon_core.verb:set package 'kk_driver' build argument 'ament_cmake_args' from command line to 'None'
[4.728s] Level 5:colcon.colcon_core.verb:set package 'kk_driver' build argument 'catkin_cmake_args' from command line to 'None'
[4.728s] Level 5:colcon.colcon_core.verb:set package 'kk_driver' build argument 'catkin_skip_building_tests' from command line to 'False'
[4.729s] DEBUG:colcon.colcon_core.verb:Building package 'kk_driver' with the following arguments: {'ament_cmake_args': None, 'build_base': '/home/kk/kk_ws/src/kk_driver_package/build/kk_driver', 'catkin_cmake_args': None, 'catkin_skip_building_tests': False, 'cmake_args': None, 'cmake_clean_cache': False, 'cmake_clean_first': False, 'cmake_force_configure': False, 'cmake_target': None, 'cmake_target_skip_unavailable': False, 'install_base': '/home/kk/kk_ws/src/kk_driver_package/install/kk_driver', 'merge_install': False, 'path': '/home/kk/kk_ws/src/kk_driver_package/kk_driver', 'symlink_install': False, 'test_result_base': None}
[4.733s] Level 5:colcon.colcon_core.verb:set package 'kk_receiver' build argument 'cmake_args' from command line to 'None'
[4.734s] Level 5:colcon.colcon_core.verb:set package 'kk_receiver' build argument 'cmake_target' from command line to 'None'
[4.734s] Level 5:colcon.colcon_core.verb:set package 'kk_receiver' build argument 'cmake_target_skip_unavailable' from command line to 'False'
[4.735s] Level 5:colcon.colcon_core.verb:set package 'kk_receiver' build argument 'cmake_clean_cache' from command line to 'False'
[4.735s] Level 5:colcon.colcon_core.verb:set package 'kk_receiver' build argument 'cmake_clean_first' from command line to 'False'
[4.735s] Level 5:colcon.colcon_core.verb:set package 'kk_receiver' build argument 'cmake_force_configure' from command line to 'False'
[4.736s] Level 5:colcon.colcon_core.verb:set package 'kk_receiver' build argument 'ament_cmake_args' from command line to 'None'
[4.736s] Level 5:colcon.colcon_core.verb:set package 'kk_receiver' build argument 'catkin_cmake_args' from command line to 'None'
[4.737s] Level 5:colcon.colcon_core.verb:set package 'kk_receiver' build argument 'catkin_skip_building_tests' from command line to 'False'
[4.737s] DEBUG:colcon.colcon_core.verb:Building package 'kk_receiver' with the following arguments: {'ament_cmake_args': None, 'build_base': '/home/kk/kk_ws/src/kk_driver_package/build/kk_receiver', 'catkin_cmake_args': None, 'catkin_skip_building_tests': False, 'cmake_args': None, 'cmake_clean_cache': False, 'cmake_clean_first': False, 'cmake_force_configure': False, 'cmake_target': None, 'cmake_target_skip_unavailable': False, 'install_base': '/home/kk/kk_ws/src/kk_driver_package/install/kk_receiver', 'merge_install': False, 'path': '/home/kk/kk_ws/src/kk_driver_package/kk_receiver', 'symlink_install': False, 'test_result_base': None}
[4.739s] INFO:colcon.colcon_core.executor:Executing jobs using 'parallel' executor
[4.747s] DEBUG:colcon.colcon_parallel_executor.executor.parallel:run_until_complete
[4.749s] INFO:colcon.colcon_ros.task.ament_cmake.build:Building ROS package in '/home/kk/kk_ws/src/kk_driver_package/kk_driver_msg' with build type 'ament_cmake'
[4.752s] INFO:colcon.colcon_cmake.task.cmake.build:Building CMake package in '/home/kk/kk_ws/src/kk_driver_package/kk_driver_msg'
[4.785s] INFO:colcon.colcon_core.plugin_system:Skipping extension 'colcon_core.shell.bat': Not used on non-Windows systems
[4.787s] INFO:colcon.colcon_core.shell:Skip shell extension 'powershell' for command environment: Not usable outside of PowerShell
[4.788s] DEBUG:colcon.colcon_core.shell:Skip shell extension 'dsv' for command environment
[4.849s] INFO:colcon.colcon_ros.task.ament_python.build:Building ROS package in '/home/kk/kk_ws/src/kk_driver_package/kk_simulator' with build type 'ament_python'
[4.851s] Level 1:colcon.colcon_core.shell:create_environment_hook('kk_simulator', 'ament_prefix_path')
[4.855s] INFO:colcon.colcon_core.shell:Creating environment hook '/home/kk/kk_ws/src/kk_driver_package/install/kk_simulator/share/kk_simulator/hook/ament_prefix_path.ps1'
[4.863s] INFO:colcon.colcon_core.shell:Creating environment descriptor '/home/kk/kk_ws/src/kk_driver_package/install/kk_simulator/share/kk_simulator/hook/ament_prefix_path.dsv'
[4.869s] INFO:colcon.colcon_core.shell:Creating environment hook '/home/kk/kk_ws/src/kk_driver_package/install/kk_simulator/share/kk_simulator/hook/ament_prefix_path.sh'
[4.879s] INFO:colcon.colcon_core.shell:Skip shell extension 'powershell' for command environment: Not usable outside of PowerShell
[4.880s] DEBUG:colcon.colcon_core.shell:Skip shell extension 'dsv' for command environment
[4.979s] DEBUG:colcon.colcon_core.event_handler.log_command:Invoking command in '/home/kk/kk_ws/src/kk_driver_package/build/kk_driver_msg': CMAKE_PREFIX_PATH=${CMAKE_PREFIX_PATH}:/home/kk/kk_ws/install/kk_simulator:/home/kk/kk_ws/install/kk_receiver:/home/kk/kk_ws/install/core_camera:/opt/ros/humble /usr/bin/cmake --build /home/kk/kk_ws/src/kk_driver_package/build/kk_driver_msg -- -j4 -l4
[10.524s] INFO:colcon.colcon_core.task.python.build:Building Python package in '/home/kk/kk_ws/src/kk_driver_package/kk_simulator'
[10.527s] INFO:colcon.colcon_core.shell:Skip shell extension 'powershell' for command environment: Not usable outside of PowerShell
[10.528s] DEBUG:colcon.colcon_core.shell:Skip shell extension 'dsv' for command environment
[12.605s] DEBUG:colcon.colcon_core.event_handler.log_command:Invoked command in '/home/kk/kk_ws/src/kk_driver_package/build/kk_driver_msg' returned '0': CMAKE_PREFIX_PATH=${CMAKE_PREFIX_PATH}:/home/kk/kk_ws/install/kk_simulator:/home/kk/kk_ws/install/kk_receiver:/home/kk/kk_ws/install/core_camera:/opt/ros/humble /usr/bin/cmake --build /home/kk/kk_ws/src/kk_driver_package/build/kk_driver_msg -- -j4 -l4
[12.701s] DEBUG:colcon.colcon_core.event_handler.log_command:Invoking command in '/home/kk/kk_ws/src/kk_driver_package/build/kk_driver_msg': CMAKE_PREFIX_PATH=${CMAKE_PREFIX_PATH}:/home/kk/kk_ws/install/kk_simulator:/home/kk/kk_ws/install/kk_receiver:/home/kk/kk_ws/install/core_camera:/opt/ros/humble /usr/bin/cmake --install /home/kk/kk_ws/src/kk_driver_package/build/kk_driver_msg
[14.196s] Level 1:colcon.colcon_core.environment:create_environment_scripts_only(kk_driver_msg)
[14.321s] Level 1:colcon.colcon_core.environment:checking '/home/kk/kk_ws/src/kk_driver_package/install/kk_driver_msg' for CMake module files
[14.353s] Level 1:colcon.colcon_core.environment:checking '/home/kk/kk_ws/src/kk_driver_package/install/kk_driver_msg' for CMake config files
[14.415s] Level 1:colcon.colcon_core.shell:create_environment_hook('kk_driver_msg', 'cmake_prefix_path')
[14.417s] INFO:colcon.colcon_core.shell:Creating environment hook '/home/kk/kk_ws/src/kk_driver_package/install/kk_driver_msg/share/kk_driver_msg/hook/cmake_prefix_path.ps1'
[14.432s] DEBUG:colcon.colcon_core.event_handler.log_command:Invoked command in '/home/kk/kk_ws/src/kk_driver_package/build/kk_driver_msg' returned '0': CMAKE_PREFIX_PATH=${CMAKE_PREFIX_PATH}:/home/kk/kk_ws/install/kk_simulator:/home/kk/kk_ws/install/kk_receiver:/home/kk/kk_ws/install/core_camera:/opt/ros/humble /usr/bin/cmake --install /home/kk/kk_ws/src/kk_driver_package/build/kk_driver_msg
[14.434s] INFO:colcon.colcon_core.shell:Creating environment descriptor '/home/kk/kk_ws/src/kk_driver_package/install/kk_driver_msg/share/kk_driver_msg/hook/cmake_prefix_path.dsv'
[14.447s] INFO:colcon.colcon_core.shell:Creating environment hook '/home/kk/kk_ws/src/kk_driver_package/install/kk_driver_msg/share/kk_driver_msg/hook/cmake_prefix_path.sh'
[14.461s] Level 1:colcon.colcon_core.environment:checking '/home/kk/kk_ws/src/kk_driver_package/install/kk_driver_msg/lib'
[14.469s] Level 1:colcon.colcon_core.shell:create_environment_hook('kk_driver_msg', 'ld_library_path_lib')
[14.472s] INFO:colcon.colcon_core.shell:Creating environment hook '/home/kk/kk_ws/src/kk_driver_package/install/kk_driver_msg/share/kk_driver_msg/hook/ld_library_path_lib.ps1'
[14.478s] INFO:colcon.colcon_core.shell:Creating environment descriptor '/home/kk/kk_ws/src/kk_driver_package/install/kk_driver_msg/share/kk_driver_msg/hook/ld_library_path_lib.dsv'
[14.488s] INFO:colcon.colcon_core.shell:Creating environment hook '/home/kk/kk_ws/src/kk_driver_package/install/kk_driver_msg/share/kk_driver_msg/hook/ld_library_path_lib.sh'
[14.494s] Level 1:colcon.colcon_core.environment:checking '/home/kk/kk_ws/src/kk_driver_package/install/kk_driver_msg/bin'
[14.495s] Level 1:colcon.colcon_core.environment:checking '/home/kk/kk_ws/src/kk_driver_package/install/kk_driver_msg/lib/pkgconfig/kk_driver_msg.pc'
[14.498s] Level 1:colcon.colcon_core.environment:checking '/home/kk/kk_ws/src/kk_driver_package/install/kk_driver_msg/lib/python3.10/site-packages'
[14.501s] Level 1:colcon.colcon_core.environment:checking '/home/kk/kk_ws/src/kk_driver_package/install/kk_driver_msg/bin'
[14.505s] INFO:colcon.colcon_core.shell:Creating package script '/home/kk/kk_ws/src/kk_driver_package/install/kk_driver_msg/share/kk_driver_msg/package.ps1'
[14.516s] INFO:colcon.colcon_core.shell:Creating package descriptor '/home/kk/kk_ws/src/kk_driver_package/install/kk_driver_msg/share/kk_driver_msg/package.dsv'
[14.527s] INFO:colcon.colcon_core.shell:Creating package script '/home/kk/kk_ws/src/kk_driver_package/install/kk_driver_msg/share/kk_driver_msg/package.sh'
[14.538s] INFO:colcon.colcon_core.shell:Creating package script '/home/kk/kk_ws/src/kk_driver_package/install/kk_driver_msg/share/kk_driver_msg/package.bash'
[14.548s] INFO:colcon.colcon_core.shell:Creating package script '/home/kk/kk_ws/src/kk_driver_package/install/kk_driver_msg/share/kk_driver_msg/package.zsh'
[14.557s] Level 1:colcon.colcon_core.environment:create_file_with_runtime_dependencies(/home/kk/kk_ws/src/kk_driver_package/install/kk_driver_msg/share/colcon-core/packages/kk_driver_msg)
[14.568s] Level 1:colcon.colcon_core.environment:create_environment_scripts_only(kk_driver_msg)
[14.571s] Level 1:colcon.colcon_core.environment:checking '/home/kk/kk_ws/src/kk_driver_package/install/kk_driver_msg' for CMake module files
[14.585s] Level 1:colcon.colcon_core.environment:checking '/home/kk/kk_ws/src/kk_driver_package/install/kk_driver_msg' for CMake config files
[14.597s] Level 1:colcon.colcon_core.shell:create_environment_hook('kk_driver_msg', 'cmake_prefix_path')
[14.600s] INFO:colcon.colcon_core.shell:Creating environment hook '/home/kk/kk_ws/src/kk_driver_package/install/kk_driver_msg/share/kk_driver_msg/hook/cmake_prefix_path.ps1'
[14.605s] INFO:colcon.colcon_core.shell:Creating environment descriptor '/home/kk/kk_ws/src/kk_driver_package/install/kk_driver_msg/share/kk_driver_msg/hook/cmake_prefix_path.dsv'
[14.611s] INFO:colcon.colcon_core.shell:Creating environment hook '/home/kk/kk_ws/src/kk_driver_package/install/kk_driver_msg/share/kk_driver_msg/hook/cmake_prefix_path.sh'
[14.624s] Level 1:colcon.colcon_core.environment:checking '/home/kk/kk_ws/src/kk_driver_package/install/kk_driver_msg/lib'
[14.625s] Level 1:colcon.colcon_core.shell:create_environment_hook('kk_driver_msg', 'ld_library_path_lib')
[14.628s] INFO:colcon.colcon_core.shell:Creating environment hook '/home/kk/kk_ws/src/kk_driver_package/install/kk_driver_msg/share/kk_driver_msg/hook/ld_library_path_lib.ps1'
[14.634s] INFO:colcon.colcon_core.shell:Creating environment descriptor '/home/kk/kk_ws/src/kk_driver_package/install/kk_driver_msg/share/kk_driver_msg/hook/ld_library_path_lib.dsv'
[14.639s] INFO:colcon.colcon_core.shell:Creating environment hook '/home/kk/kk_ws/src/kk_driver_package/install/kk_driver_msg/share/kk_driver_msg/hook/ld_library_path_lib.sh'
[14.645s] Level 1:colcon.colcon_core.environment:checking '/home/kk/kk_ws/src/kk_driver_package/install/kk_driver_msg/bin'
[14.646s] Level 1:colcon.colcon_core.environment:checking '/home/kk/kk_ws/src/kk_driver_package/install/kk_driver_msg/lib/pkgconfig/kk_driver_msg.pc'
[14.649s] Level 1:colcon.colcon_core.environment:checking '/home/kk/kk_ws/src/kk_driver_package/install/kk_driver_msg/lib/python3.10/site-packages'
[14.653s] Level 1:colcon.colcon_core.environment:checking '/home/kk/kk_ws/src/kk_driver_package/install/kk_driver_msg/bin'
[14.658s] INFO:colcon.colcon_core.shell:Creating package script '/home/kk/kk_ws/src/kk_driver_package/install/kk_driver_msg/share/kk_driver_msg/package.ps1'
[14.670s] INFO:colcon.colcon_core.shell:Creating package descriptor '/home/kk/kk_ws/src/kk_driver_package/install/kk_driver_msg/share/kk_driver_msg/package.dsv'
[14.687s] INFO:colcon.colcon_core.shell:Creating package script '/home/kk/kk_ws/src/kk_driver_package/install/kk_driver_msg/share/kk_driver_msg/package.sh'
[14.726s] INFO:colcon.colcon_core.shell:Creating package script '/home/kk/kk_ws/src/kk_driver_package/install/kk_driver_msg/share/kk_driver_msg/package.bash'
[14.757s] INFO:colcon.colcon_core.shell:Creating package script '/home/kk/kk_ws/src/kk_driver_package/install/kk_driver_msg/share/kk_driver_msg/package.zsh'
[14.774s] Level 1:colcon.colcon_core.environment:create_file_with_runtime_dependencies(/home/kk/kk_ws/src/kk_driver_package/install/kk_driver_msg/share/colcon-core/packages/kk_driver_msg)
[14.788s] INFO:colcon.colcon_ros.task.ament_cmake.build:Building ROS package in '/home/kk/kk_ws/src/kk_driver_package/kk_driver' with build type 'ament_cmake'
[14.798s] INFO:colcon.colcon_cmake.task.cmake.build:Building CMake package in '/home/kk/kk_ws/src/kk_driver_package/kk_driver'
[14.802s] INFO:colcon.colcon_core.shell:Skip shell extension 'powershell' for command environment: Not usable outside of PowerShell
[14.807s] DEBUG:colcon.colcon_core.shell:Skip shell extension 'dsv' for command environment
[14.951s] INFO:colcon.colcon_ros.task.ament_python.build:Building ROS package in '/home/kk/kk_ws/src/kk_driver_package/kk_receiver' with build type 'ament_python'
[14.952s] Level 1:colcon.colcon_core.shell:create_environment_hook('kk_receiver', 'ament_prefix_path')
[14.957s] INFO:colcon.colcon_core.shell:Creating environment hook '/home/kk/kk_ws/src/kk_driver_package/install/kk_receiver/share/kk_receiver/hook/ament_prefix_path.ps1'
[14.976s] INFO:colcon.colcon_core.shell:Creating environment descriptor '/home/kk/kk_ws/src/kk_driver_package/install/kk_receiver/share/kk_receiver/hook/ament_prefix_path.dsv'
[14.984s] INFO:colcon.colcon_core.shell:Creating environment hook '/home/kk/kk_ws/src/kk_driver_package/install/kk_receiver/share/kk_receiver/hook/ament_prefix_path.sh'
[14.992s] INFO:colcon.colcon_core.shell:Skip shell extension 'powershell' for command environment: Not usable outside of PowerShell
[14.993s] DEBUG:colcon.colcon_core.shell:Skip shell extension 'dsv' for command environment
[15.218s] DEBUG:colcon.colcon_core.event_handler.log_command:Invoking command in '/home/kk/kk_ws/src/kk_driver_package/build/kk_driver': AMENT_PREFIX_PATH=/home/kk/kk_ws/src/kk_driver_package/install/kk_driver_msg:${AMENT_PREFIX_PATH} CMAKE_PREFIX_PATH=/home/kk/kk_ws/src/kk_driver_package/install/kk_driver_msg:/home/kk/kk_ws/install/kk_driver:/home/kk/kk_ws/install/kk_driver_msg:/home/kk/kk_ws/install/kk_simulator:/home/kk/kk_ws/install/kk_receiver:/home/kk/kk_ws/install/core_camera:/opt/ros/humble LD_LIBRARY_PATH=/home/kk/kk_ws/src/kk_driver_package/install/kk_driver_msg/lib:${LD_LIBRARY_PATH} PYTHONPATH=/home/kk/kk_ws/src/kk_driver_package/install/kk_driver_msg/local/lib/python3.10/dist-packages:${PYTHONPATH} /usr/bin/cmake --build /home/kk/kk_ws/src/kk_driver_package/build/kk_driver -- -j4 -l4
[19.730s] INFO:colcon.colcon_core.task.python.build:Building Python package in '/home/kk/kk_ws/src/kk_driver_package/kk_receiver'
[19.731s] INFO:colcon.colcon_core.shell:Skip shell extension 'powershell' for command environment: Not usable outside of PowerShell
[19.732s] DEBUG:colcon.colcon_core.shell:Skip shell extension 'dsv' for command environment
[19.761s] DEBUG:colcon.colcon_core.event_handler.log_command:Invoked command in '/home/kk/kk_ws/src/kk_driver_package/build/kk_driver' returned '0': AMENT_PREFIX_PATH=/home/kk/kk_ws/src/kk_driver_package/install/kk_driver_msg:${AMENT_PREFIX_PATH} CMAKE_PREFIX_PATH=/home/kk/kk_ws/src/kk_driver_package/install/kk_driver_msg:/home/kk/kk_ws/install/kk_driver:/home/kk/kk_ws/install/kk_driver_msg:/home/kk/kk_ws/install/kk_simulator:/home/kk/kk_ws/install/kk_receiver:/home/kk/kk_ws/install/core_camera:/opt/ros/humble LD_LIBRARY_PATH=/home/kk/kk_ws/src/kk_driver_package/install/kk_driver_msg/lib:${LD_LIBRARY_PATH} PYTHONPATH=/home/kk/kk_ws/src/kk_driver_package/install/kk_driver_msg/local/lib/python3.10/dist-packages:${PYTHONPATH} /usr/bin/cmake --build /home/kk/kk_ws/src/kk_driver_package/build/kk_driver -- -j4 -l4
[19.770s] DEBUG:colcon.colcon_core.event_handler.log_command:Invoking command in '/home/kk/kk_ws/src/kk_driver_package/build/kk_driver': AMENT_PREFIX_PATH=/home/kk/kk_ws/src/kk_driver_package/install/kk_driver_msg:${AMENT_PREFIX_PATH} CMAKE_PREFIX_PATH=/home/kk/kk_ws/src/kk_driver_package/install/kk_driver_msg:/home/kk/kk_ws/install/kk_driver:/home/kk/kk_ws/install/kk_driver_msg:/home/kk/kk_ws/install/kk_simulator:/home/kk/kk_ws/install/kk_receiver:/home/kk/kk_ws/install/core_camera:/opt/ros/humble LD_LIBRARY_PATH=/home/kk/kk_ws/src/kk_driver_package/install/kk_driver_msg/lib:${LD_LIBRARY_PATH} PYTHONPATH=/home/kk/kk_ws/src/kk_driver_package/install/kk_driver_msg/local/lib/python3.10/dist-packages:${PYTHONPATH} /usr/bin/cmake --install /home/kk/kk_ws/src/kk_driver_package/build/kk_driver
[19.808s] DEBUG:colcon.colcon_core.event_handler.log_command:Invoking command in '/home/kk/kk_ws/src/kk_driver_package/kk_simulator': PYTHONPATH=/home/kk/kk_ws/src/kk_driver_package/build/kk_simulator/prefix_override:/usr/lib/python3/dist-packages/colcon_core/task/python/colcon_distutils_commands:/home/kk/kk_ws/src/kk_driver_package/install/kk_simulator/lib/python3.10/site-packages:${PYTHONPATH} /usr/bin/python3 -W ignore:setup.py install is deprecated -W ignore:easy_install command is deprecated setup.py egg_info --egg-base ../build/kk_simulator build --build-base /home/kk/kk_ws/src/kk_driver_package/build/kk_simulator/build install --record /home/kk/kk_ws/src/kk_driver_package/build/kk_simulator/install.log --single-version-externally-managed install_data
[19.923s] Level 1:colcon.colcon_core.environment:create_environment_scripts_only(kk_driver)
[19.926s] Level 1:colcon.colcon_core.environment:checking '/home/kk/kk_ws/src/kk_driver_package/install/kk_driver' for CMake module files
[19.953s] Level 1:colcon.colcon_core.environment:checking '/home/kk/kk_ws/src/kk_driver_package/install/kk_driver' for CMake config files
[19.955s] DEBUG:colcon.colcon_core.event_handler.log_command:Invoked command in '/home/kk/kk_ws/src/kk_driver_package/build/kk_driver' returned '0': AMENT_PREFIX_PATH=/home/kk/kk_ws/src/kk_driver_package/install/kk_driver_msg:${AMENT_PREFIX_PATH} CMAKE_PREFIX_PATH=/home/kk/kk_ws/src/kk_driver_package/install/kk_driver_msg:/home/kk/kk_ws/install/kk_driver:/home/kk/kk_ws/install/kk_driver_msg:/home/kk/kk_ws/install/kk_simulator:/home/kk/kk_ws/install/kk_receiver:/home/kk/kk_ws/install/core_camera:/opt/ros/humble LD_LIBRARY_PATH=/home/kk/kk_ws/src/kk_driver_package/install/kk_driver_msg/lib:${LD_LIBRARY_PATH} PYTHONPATH=/home/kk/kk_ws/src/kk_driver_package/install/kk_driver_msg/local/lib/python3.10/dist-packages:${PYTHONPATH} /usr/bin/cmake --install /home/kk/kk_ws/src/kk_driver_package/build/kk_driver
[19.961s] Level 1:colcon.colcon_core.shell:create_environment_hook('kk_driver', 'cmake_prefix_path')
[19.964s] INFO:colcon.colcon_core.shell:Creating environment hook '/home/kk/kk_ws/src/kk_driver_package/install/kk_driver/share/kk_driver/hook/cmake_prefix_path.ps1'
[19.970s] INFO:colcon.colcon_core.shell:Creating environment descriptor '/home/kk/kk_ws/src/kk_driver_package/install/kk_driver/share/kk_driver/hook/cmake_prefix_path.dsv'
[19.975s] INFO:colcon.colcon_core.shell:Creating environment hook '/home/kk/kk_ws/src/kk_driver_package/install/kk_driver/share/kk_driver/hook/cmake_prefix_path.sh'
[19.985s] Level 1:colcon.colcon_core.environment:checking '/home/kk/kk_ws/src/kk_driver_package/install/kk_driver/lib'
[19.986s] Level 1:colcon.colcon_core.environment:checking '/home/kk/kk_ws/src/kk_driver_package/install/kk_driver/bin'
[19.988s] Level 1:colcon.colcon_core.environment:checking '/home/kk/kk_ws/src/kk_driver_package/install/kk_driver/lib/pkgconfig/kk_driver.pc'
[19.991s] Level 1:colcon.colcon_core.environment:checking '/home/kk/kk_ws/src/kk_driver_package/install/kk_driver/lib/python3.10/site-packages'
[19.994s] Level 1:colcon.colcon_core.environment:checking '/home/kk/kk_ws/src/kk_driver_package/install/kk_driver/bin'
[19.998s] INFO:colcon.colcon_core.shell:Creating package script '/home/kk/kk_ws/src/kk_driver_package/install/kk_driver/share/kk_driver/package.ps1'
[20.004s] INFO:colcon.colcon_core.shell:Creating package descriptor '/home/kk/kk_ws/src/kk_driver_package/install/kk_driver/share/kk_driver/package.dsv'
[20.011s] INFO:colcon.colcon_core.shell:Creating package script '/home/kk/kk_ws/src/kk_driver_package/install/kk_driver/share/kk_driver/package.sh'
[20.017s] INFO:colcon.colcon_core.shell:Creating package script '/home/kk/kk_ws/src/kk_driver_package/install/kk_driver/share/kk_driver/package.bash'
[20.023s] INFO:colcon.colcon_core.shell:Creating package script '/home/kk/kk_ws/src/kk_driver_package/install/kk_driver/share/kk_driver/package.zsh'
[20.028s] Level 1:colcon.colcon_core.environment:create_file_with_runtime_dependencies(/home/kk/kk_ws/src/kk_driver_package/install/kk_driver/share/colcon-core/packages/kk_driver)
[20.038s] Level 1:colcon.colcon_core.environment:create_environment_scripts_only(kk_driver)
[20.041s] Level 1:colcon.colcon_core.environment:checking '/home/kk/kk_ws/src/kk_driver_package/install/kk_driver' for CMake module files
[20.051s] Level 1:colcon.colcon_core.environment:checking '/home/kk/kk_ws/src/kk_driver_package/install/kk_driver' for CMake config files
[20.056s] Level 1:colcon.colcon_core.shell:create_environment_hook('kk_driver', 'cmake_prefix_path')
[20.059s] INFO:colcon.colcon_core.shell:Creating environment hook '/home/kk/kk_ws/src/kk_driver_package/install/kk_driver/share/kk_driver/hook/cmake_prefix_path.ps1'
[20.065s] INFO:colcon.colcon_core.shell:Creating environment descriptor '/home/kk/kk_ws/src/kk_driver_package/install/kk_driver/share/kk_driver/hook/cmake_prefix_path.dsv'
[20.072s] INFO:colcon.colcon_core.shell:Creating environment hook '/home/kk/kk_ws/src/kk_driver_package/install/kk_driver/share/kk_driver/hook/cmake_prefix_path.sh'
[20.080s] Level 1:colcon.colcon_core.environment:checking '/home/kk/kk_ws/src/kk_driver_package/install/kk_driver/lib'
[20.081s] Level 1:colcon.colcon_core.environment:checking '/home/kk/kk_ws/src/kk_driver_package/install/kk_driver/bin'
[20.082s] Level 1:colcon.colcon_core.environment:checking '/home/kk/kk_ws/src/kk_driver_package/install/kk_driver/lib/pkgconfig/kk_driver.pc'
[20.085s] Level 1:colcon.colcon_core.environment:checking '/home/kk/kk_ws/src/kk_driver_package/install/kk_driver/lib/python3.10/site-packages'
[20.089s] Level 1:colcon.colcon_core.environment:checking '/home/kk/kk_ws/src/kk_driver_package/install/kk_driver/bin'
[20.092s] INFO:colcon.colcon_core.shell:Creating package script '/home/kk/kk_ws/src/kk_driver_package/install/kk_driver/share/kk_driver/package.ps1'
[20.100s] INFO:colcon.colcon_core.shell:Creating package descriptor '/home/kk/kk_ws/src/kk_driver_package/install/kk_driver/share/kk_driver/package.dsv'
[20.107s] INFO:colcon.colcon_core.shell:Creating package script '/home/kk/kk_ws/src/kk_driver_package/install/kk_driver/share/kk_driver/package.sh'
[20.113s] INFO:colcon.colcon_core.shell:Creating package script '/home/kk/kk_ws/src/kk_driver_package/install/kk_driver/share/kk_driver/package.bash'
[20.119s] INFO:colcon.colcon_core.shell:Creating package script '/home/kk/kk_ws/src/kk_driver_package/install/kk_driver/share/kk_driver/package.zsh'
[20.126s] Level 1:colcon.colcon_core.environment:create_file_with_runtime_dependencies(/home/kk/kk_ws/src/kk_driver_package/install/kk_driver/share/colcon-core/packages/kk_driver)
[23.975s] Level 1:colcon.colcon_core.environment:checking '/home/kk/kk_ws/src/kk_driver_package/install/kk_simulator' for CMake module files
[23.981s] DEBUG:colcon.colcon_core.event_handler.log_command:Invoked command in '/home/kk/kk_ws/src/kk_driver_package/kk_simulator' returned '0': PYTHONPATH=/home/kk/kk_ws/src/kk_driver_package/build/kk_simulator/prefix_override:/usr/lib/python3/dist-packages/colcon_core/task/python/colcon_distutils_commands:/home/kk/kk_ws/src/kk_driver_package/install/kk_simulator/lib/python3.10/site-packages:${PYTHONPATH} /usr/bin/python3 -W ignore:setup.py install is deprecated -W ignore:easy_install command is deprecated setup.py egg_info --egg-base ../build/kk_simulator build --build-base /home/kk/kk_ws/src/kk_driver_package/build/kk_simulator/build install --record /home/kk/kk_ws/src/kk_driver_package/build/kk_simulator/install.log --single-version-externally-managed install_data
[23.986s] Level 1:colcon.colcon_core.environment:checking '/home/kk/kk_ws/src/kk_driver_package/install/kk_simulator' for CMake config files
[23.998s] Level 1:colcon.colcon_core.environment:checking '/home/kk/kk_ws/src/kk_driver_package/install/kk_simulator/lib'
[23.999s] Level 1:colcon.colcon_core.environment:checking '/home/kk/kk_ws/src/kk_driver_package/install/kk_simulator/bin'
[24.000s] Level 1:colcon.colcon_core.environment:checking '/home/kk/kk_ws/src/kk_driver_package/install/kk_simulator/lib/pkgconfig/kk_simulator.pc'
[24.002s] Level 1:colcon.colcon_core.environment:checking '/home/kk/kk_ws/src/kk_driver_package/install/kk_simulator/lib/python3.10/site-packages'
[24.003s] Level 1:colcon.colcon_core.shell:create_environment_hook('kk_simulator', 'pythonpath')
[24.005s] INFO:colcon.colcon_core.shell:Creating environment hook '/home/kk/kk_ws/src/kk_driver_package/install/kk_simulator/share/kk_simulator/hook/pythonpath.ps1'
[24.010s] INFO:colcon.colcon_core.shell:Creating environment descriptor '/home/kk/kk_ws/src/kk_driver_package/install/kk_simulator/share/kk_simulator/hook/pythonpath.dsv'
[24.016s] INFO:colcon.colcon_core.shell:Creating environment hook '/home/kk/kk_ws/src/kk_driver_package/install/kk_simulator/share/kk_simulator/hook/pythonpath.sh'
[24.023s] Level 1:colcon.colcon_core.environment:checking '/home/kk/kk_ws/src/kk_driver_package/install/kk_simulator/bin'
[24.024s] Level 1:colcon.colcon_core.environment:create_environment_scripts_only(kk_simulator)
[24.027s] INFO:colcon.colcon_core.shell:Creating package script '/home/kk/kk_ws/src/kk_driver_package/install/kk_simulator/share/kk_simulator/package.ps1'
[24.033s] INFO:colcon.colcon_core.shell:Creating package descriptor '/home/kk/kk_ws/src/kk_driver_package/install/kk_simulator/share/kk_simulator/package.dsv'
[24.040s] INFO:colcon.colcon_core.shell:Creating package script '/home/kk/kk_ws/src/kk_driver_package/install/kk_simulator/share/kk_simulator/package.sh'
[24.046s] INFO:colcon.colcon_core.shell:Creating package script '/home/kk/kk_ws/src/kk_driver_package/install/kk_simulator/share/kk_simulator/package.bash'
[24.051s] INFO:colcon.colcon_core.shell:Creating package script '/home/kk/kk_ws/src/kk_driver_package/install/kk_simulator/share/kk_simulator/package.zsh'
[24.055s] Level 1:colcon.colcon_core.environment:create_file_with_runtime_dependencies(/home/kk/kk_ws/src/kk_driver_package/install/kk_simulator/share/colcon-core/packages/kk_simulator)
[24.801s] DEBUG:colcon.colcon_core.event_handler.log_command:Invoking command in '/home/kk/kk_ws/src/kk_driver_package/kk_receiver': AMENT_PREFIX_PATH=/home/kk/kk_ws/src/kk_driver_package/install/kk_driver_msg:${AMENT_PREFIX_PATH} CMAKE_PREFIX_PATH=/home/kk/kk_ws/src/kk_driver_package/install/kk_driver_msg:${CMAKE_PREFIX_PATH} LD_LIBRARY_PATH=/home/kk/kk_ws/src/kk_driver_package/install/kk_driver_msg/lib:${LD_LIBRARY_PATH} PYTHONPATH=/home/kk/kk_ws/src/kk_driver_package/build/kk_receiver/prefix_override:/usr/lib/python3/dist-packages/colcon_core/task/python/colcon_distutils_commands:/home/kk/kk_ws/src/kk_driver_package/install/kk_receiver/lib/python3.10/site-packages:/home/kk/kk_ws/src/kk_driver_package/install/kk_driver_msg/local/lib/python3.10/dist-packages:${PYTHONPATH} /usr/bin/python3 -W ignore:setup.py install is deprecated -W ignore:easy_install command is deprecated setup.py egg_info --egg-base ../build/kk_receiver build --build-base /home/kk/kk_ws/src/kk_driver_package/build/kk_receiver/build install --record /home/kk/kk_ws/src/kk_driver_package/build/kk_receiver/install.log --single-version-externally-managed install_data
[28.562s] Level 1:colcon.colcon_core.environment:checking '/home/kk/kk_ws/src/kk_driver_package/install/kk_receiver' for CMake module files
[28.564s] DEBUG:colcon.colcon_core.event_handler.log_command:Invoked command in '/home/kk/kk_ws/src/kk_driver_package/kk_receiver' returned '0': AMENT_PREFIX_PATH=/home/kk/kk_ws/src/kk_driver_package/install/kk_driver_msg:${AMENT_PREFIX_PATH} CMAKE_PREFIX_PATH=/home/kk/kk_ws/src/kk_driver_package/install/kk_driver_msg:${CMAKE_PREFIX_PATH} LD_LIBRARY_PATH=/home/kk/kk_ws/src/kk_driver_package/install/kk_driver_msg/lib:${LD_LIBRARY_PATH} PYTHONPATH=/home/kk/kk_ws/src/kk_driver_package/build/kk_receiver/prefix_override:/usr/lib/python3/dist-packages/colcon_core/task/python/colcon_distutils_commands:/home/kk/kk_ws/src/kk_driver_package/install/kk_receiver/lib/python3.10/site-packages:/home/kk/kk_ws/src/kk_driver_package/install/kk_driver_msg/local/lib/python3.10/dist-packages:${PYTHONPATH} /usr/bin/python3 -W ignore:setup.py install is deprecated -W ignore:easy_install command is deprecated setup.py egg_info --egg-base ../build/kk_receiver build --build-base /home/kk/kk_ws/src/kk_driver_package/build/kk_receiver/build install --record /home/kk/kk_ws/src/kk_driver_package/build/kk_receiver/install.log --single-version-externally-managed install_data
[28.566s] Level 1:colcon.colcon_core.environment:checking '/home/kk/kk_ws/src/kk_driver_package/install/kk_receiver' for CMake config files
[28.570s] Level 1:colcon.colcon_core.environment:checking '/home/kk/kk_ws/src/kk_driver_package/install/kk_receiver/lib'
[28.571s] Level 1:colcon.colcon_core.environment:checking '/home/kk/kk_ws/src/kk_driver_package/install/kk_receiver/bin'
[28.571s] Level 1:colcon.colcon_core.environment:checking '/home/kk/kk_ws/src/kk_driver_package/install/kk_receiver/lib/pkgconfig/kk_receiver.pc'
[28.572s] Level 1:colcon.colcon_core.environment:checking '/home/kk/kk_ws/src/kk_driver_package/install/kk_receiver/lib/python3.10/site-packages'
[28.572s] Level 1:colcon.colcon_core.shell:create_environment_hook('kk_receiver', 'pythonpath')
[28.573s] INFO:colcon.colcon_core.shell:Creating environment hook '/home/kk/kk_ws/src/kk_driver_package/install/kk_receiver/share/kk_receiver/hook/pythonpath.ps1'
[28.576s] INFO:colcon.colcon_core.shell:Creating environment descriptor '/home/kk/kk_ws/src/kk_driver_package/install/kk_receiver/share/kk_receiver/hook/pythonpath.dsv'
[28.578s] INFO:colcon.colcon_core.shell:Creating environment hook '/home/kk/kk_ws/src/kk_driver_package/install/kk_receiver/share/kk_receiver/hook/pythonpath.sh'
[28.581s] Level 1:colcon.colcon_core.environment:checking '/home/kk/kk_ws/src/kk_driver_package/install/kk_receiver/bin'
[28.581s] Level 1:colcon.colcon_core.environment:create_environment_scripts_only(kk_receiver)
[28.583s] INFO:colcon.colcon_core.shell:Creating package script '/home/kk/kk_ws/src/kk_driver_package/install/kk_receiver/share/kk_receiver/package.ps1'
[28.586s] INFO:colcon.colcon_core.shell:Creating package descriptor '/home/kk/kk_ws/src/kk_driver_package/install/kk_receiver/share/kk_receiver/package.dsv'
[28.589s] INFO:colcon.colcon_core.shell:Creating package script '/home/kk/kk_ws/src/kk_driver_package/install/kk_receiver/share/kk_receiver/package.sh'
[28.594s] INFO:colcon.colcon_core.shell:Creating package script '/home/kk/kk_ws/src/kk_driver_package/install/kk_receiver/share/kk_receiver/package.bash'
[28.600s] INFO:colcon.colcon_core.shell:Creating package script '/home/kk/kk_ws/src/kk_driver_package/install/kk_receiver/share/kk_receiver/package.zsh'
[28.606s] Level 1:colcon.colcon_core.environment:create_file_with_runtime_dependencies(/home/kk/kk_ws/src/kk_driver_package/install/kk_receiver/share/colcon-core/packages/kk_receiver)
[28.609s] DEBUG:colcon.colcon_parallel_executor.executor.parallel:closing loop
[28.613s] DEBUG:colcon.colcon_parallel_executor.executor.parallel:loop closed
[28.614s] DEBUG:colcon.colcon_parallel_executor.executor.parallel:run_until_complete finished with '0'
[28.615s] DEBUG:colcon.colcon_core.event_reactor:joining thread
[28.668s] INFO:colcon.colcon_core.plugin_system:Skipping extension 'colcon_notification.desktop_notification.notify_send': Could not find 'notify-send'
[28.670s] INFO:colcon.colcon_core.plugin_system:Skipping extension 'colcon_notification.desktop_notification.terminal_notifier': Not used on non-Darwin systems
[28.671s] INFO:colcon.colcon_core.plugin_system:Skipping extension 'colcon_notification.desktop_notification.win32': Not used on non-Windows systems
[28.671s] INFO:colcon.colcon_notification.desktop_notification:Sending desktop notification using 'notify2'
[28.679s] DEBUG:colcon.colcon_notification.desktop_notification.notify2:Failed to initialize notify2: org.freedesktop.DBus.Error.ServiceUnknown: The name org.freedesktop.Notifications was not provided by any .service files
[28.679s] DEBUG:colcon.colcon_core.event_reactor:joined thread
[28.682s] INFO:colcon.colcon_core.shell:Creating prefix script '/home/kk/kk_ws/src/kk_driver_package/install/local_setup.ps1'
[28.693s] INFO:colcon.colcon_core.shell:Creating prefix util module '/home/kk/kk_ws/src/kk_driver_package/install/_local_setup_util_ps1.py'
[28.708s] INFO:colcon.colcon_core.shell:Creating prefix chain script '/home/kk/kk_ws/src/kk_driver_package/install/setup.ps1'
[28.723s] INFO:colcon.colcon_core.shell:Creating prefix script '/home/kk/kk_ws/src/kk_driver_package/install/local_setup.sh'
[28.729s] INFO:colcon.colcon_core.shell:Creating prefix util module '/home/kk/kk_ws/src/kk_driver_package/install/_local_setup_util_sh.py'
[28.736s] INFO:colcon.colcon_core.shell:Creating prefix chain script '/home/kk/kk_ws/src/kk_driver_package/install/setup.sh'
[28.752s] INFO:colcon.colcon_core.shell:Creating prefix script '/home/kk/kk_ws/src/kk_driver_package/install/local_setup.bash'
[28.758s] INFO:colcon.colcon_core.shell:Creating prefix chain script '/home/kk/kk_ws/src/kk_driver_package/install/setup.bash'
[28.774s] INFO:colcon.colcon_core.shell:Creating prefix script '/home/kk/kk_ws/src/kk_driver_package/install/local_setup.zsh'
[28.780s] INFO:colcon.colcon_core.shell:Creating prefix chain script '/home/kk/kk_ws/src/kk_driver_package/install/setup.zsh'
