[0.185s] Invoking command in '/home/kk/kk_ws/src/kk_driver_package/build/kk_driver': AMENT_PREFIX_PATH=/home/kk/kk_ws/src/kk_driver_package/install/kk_driver_msg:${AMENT_PREFIX_PATH} CMAKE_PREFIX_PATH=/home/kk/kk_ws/src/kk_driver_package/install/kk_driver_msg:/home/kk/kk_ws/install/kk_driver:/home/kk/kk_ws/install/kk_driver_msg:/home/kk/kk_ws/install/kk_simulator:/home/kk/kk_ws/install/kk_receiver:/home/kk/kk_ws/install/core_camera:/opt/ros/humble LD_LIBRARY_PATH=/home/kk/kk_ws/src/kk_driver_package/install/kk_driver_msg/lib:${LD_LIBRARY_PATH} PYTHONPATH=/home/kk/kk_ws/src/kk_driver_package/install/kk_driver_msg/local/lib/python3.10/dist-packages:${PYTHONPATH} /usr/bin/cmake --build /home/kk/kk_ws/src/kk_driver_package/build/kk_driver -- -j4 -l4
[0.785s] [100%] Built target kk_driver
[3.714s] Invoked command in '/home/kk/kk_ws/src/kk_driver_package/build/kk_driver' returned '0': AMENT_PREFIX_PATH=/home/kk/kk_ws/src/kk_driver_package/install/kk_driver_msg:${AMENT_PREFIX_PATH} CMAKE_PREFIX_PATH=/home/kk/kk_ws/src/kk_driver_package/install/kk_driver_msg:/home/kk/kk_ws/install/kk_driver:/home/kk/kk_ws/install/kk_driver_msg:/home/kk/kk_ws/install/kk_simulator:/home/kk/kk_ws/install/kk_receiver:/home/kk/kk_ws/install/core_camera:/opt/ros/humble LD_LIBRARY_PATH=/home/kk/kk_ws/src/kk_driver_package/install/kk_driver_msg/lib:${LD_LIBRARY_PATH} PYTHONPATH=/home/kk/kk_ws/src/kk_driver_package/install/kk_driver_msg/local/lib/python3.10/dist-packages:${PYTHONPATH} /usr/bin/cmake --build /home/kk/kk_ws/src/kk_driver_package/build/kk_driver -- -j4 -l4
[3.740s] Invoking command in '/home/kk/kk_ws/src/kk_driver_package/build/kk_driver': AMENT_PREFIX_PATH=/home/kk/kk_ws/src/kk_driver_package/install/kk_driver_msg:${AMENT_PREFIX_PATH} CMAKE_PREFIX_PATH=/home/kk/kk_ws/src/kk_driver_package/install/kk_driver_msg:/home/kk/kk_ws/install/kk_driver:/home/kk/kk_ws/install/kk_driver_msg:/home/kk/kk_ws/install/kk_simulator:/home/kk/kk_ws/install/kk_receiver:/home/kk/kk_ws/install/core_camera:/opt/ros/humble LD_LIBRARY_PATH=/home/kk/kk_ws/src/kk_driver_package/install/kk_driver_msg/lib:${LD_LIBRARY_PATH} PYTHONPATH=/home/kk/kk_ws/src/kk_driver_package/install/kk_driver_msg/local/lib/python3.10/dist-packages:${PYTHONPATH} /usr/bin/cmake --install /home/kk/kk_ws/src/kk_driver_package/build/kk_driver
[3.821s] -- Install configuration: ""
[3.826s] -- Up-to-date: /home/kk/kk_ws/src/kk_driver_package/install/kk_driver/lib/kk_driver/kk_driver
[3.831s] -- Up-to-date: /home/kk/kk_ws/src/kk_driver_package/install/kk_driver/share/ament_index/resource_index/package_run_dependencies/kk_driver
[3.833s] -- Up-to-date: /home/kk/kk_ws/src/kk_driver_package/install/kk_driver/share/ament_index/resource_index/parent_prefix_path/kk_driver
[3.835s] -- Up-to-date: /home/kk/kk_ws/src/kk_driver_package/install/kk_driver/share/kk_driver/environment/ament_prefix_path.sh
[3.838s] -- Up-to-date: /home/kk/kk_ws/src/kk_driver_package/install/kk_driver/share/kk_driver/environment/ament_prefix_path.dsv
[3.840s] -- Up-to-date: /home/kk/kk_ws/src/kk_driver_package/install/kk_driver/share/kk_driver/environment/path.sh
[3.841s] -- Up-to-date: /home/kk/kk_ws/src/kk_driver_package/install/kk_driver/share/kk_driver/environment/path.dsv
[3.843s] -- Up-to-date: /home/kk/kk_ws/src/kk_driver_package/install/kk_driver/share/kk_driver/local_setup.bash
[3.854s] -- Up-to-date: /home/kk/kk_ws/src/kk_driver_package/install/kk_driver/share/kk_driver/local_setup.sh
[3.856s] -- Up-to-date: /home/kk/kk_ws/src/kk_driver_package/install/kk_driver/share/kk_driver/local_setup.zsh
[3.857s] -- Up-to-date: /home/kk/kk_ws/src/kk_driver_package/install/kk_driver/share/kk_driver/local_setup.dsv
[3.859s] -- Installing: /home/kk/kk_ws/src/kk_driver_package/install/kk_driver/share/kk_driver/package.dsv
[3.860s] -- Up-to-date: /home/kk/kk_ws/src/kk_driver_package/install/kk_driver/share/ament_index/resource_index/packages/kk_driver
[3.864s] -- Up-to-date: /home/kk/kk_ws/src/kk_driver_package/install/kk_driver/share/kk_driver/cmake/kk_driverConfig.cmake
[3.874s] -- Up-to-date: /home/kk/kk_ws/src/kk_driver_package/install/kk_driver/share/kk_driver/cmake/kk_driverConfig-version.cmake
[3.876s] -- Up-to-date: /home/kk/kk_ws/src/kk_driver_package/install/kk_driver/share/kk_driver/package.xml
[3.879s] Invoked command in '/home/kk/kk_ws/src/kk_driver_package/build/kk_driver' returned '0': AMENT_PREFIX_PATH=/home/kk/kk_ws/src/kk_driver_package/install/kk_driver_msg:${AMENT_PREFIX_PATH} CMAKE_PREFIX_PATH=/home/kk/kk_ws/src/kk_driver_package/install/kk_driver_msg:/home/kk/kk_ws/install/kk_driver:/home/kk/kk_ws/install/kk_driver_msg:/home/kk/kk_ws/install/kk_simulator:/home/kk/kk_ws/install/kk_receiver:/home/kk/kk_ws/install/core_camera:/opt/ros/humble LD_LIBRARY_PATH=/home/kk/kk_ws/src/kk_driver_package/install/kk_driver_msg/lib:${LD_LIBRARY_PATH} PYTHONPATH=/home/kk/kk_ws/src/kk_driver_package/install/kk_driver_msg/local/lib/python3.10/dist-packages:${PYTHONPATH} /usr/bin/cmake --install /home/kk/kk_ws/src/kk_driver_package/build/kk_driver
