[0.247s] Invoking command in '/home/kk/kk_ws/src/kk_driver_package/build/kk_driver_msg': CMAKE_PREFIX_PATH=${CMAKE_PREFIX_PATH}:/home/kk/kk_ws/install/kk_simulator:/home/kk/kk_ws/install/kk_receiver:/home/kk/kk_ws/install/core_camera:/opt/ros/humble /usr/bin/cmake --build /home/kk/kk_ws/src/kk_driver_package/build/kk_driver_msg -- -j4 -l4
[1.044s] [  0%] Built target kk_driver_msg__cpp
[1.163s] [ 12%] Built target kk_driver_msg__rosidl_generator_c
[1.313s] [ 12%] Built target ament_cmake_python_copy_kk_driver_msg
[1.663s] [ 24%] Built target kk_driver_msg__rosidl_typesupport_cpp
[1.761s] [ 36%] Built target kk_driver_msg__rosidl_typesupport_fastrtps_cpp
[1.820s] [ 48%] Built target kk_driver_msg__rosidl_typesupport_introspection_cpp
[1.949s] [ 60%] Built target kk_driver_msg__rosidl_typesupport_fastrtps_c
[2.114s] [ 72%] Built target kk_driver_msg__rosidl_typesupport_introspection_c
[2.136s] [ 84%] Built target kk_driver_msg__rosidl_typesupport_c
[2.425s] [ 84%] Built target kk_driver_msg
[2.710s] [ 85%] Built target kk_driver_msg__py
[3.075s] [ 96%] Built target kk_driver_msg__rosidl_generator_py
[3.592s] [ 97%] Built target kk_driver_msg__rosidl_typesupport_c__pyext
[3.618s] [ 98%] Built target kk_driver_msg__rosidl_typesupport_fastrtps_c__pyext
[3.663s] [100%] Built target kk_driver_msg__rosidl_typesupport_introspection_c__pyext
[6.000s] running egg_info
[6.012s] writing kk_driver_msg.egg-info/PKG-INFO
[6.015s] writing dependency_links to kk_driver_msg.egg-info/dependency_links.txt
[6.018s] writing top-level names to kk_driver_msg.egg-info/top_level.txt
[6.047s] reading manifest file 'kk_driver_msg.egg-info/SOURCES.txt'
[6.057s] writing manifest file 'kk_driver_msg.egg-info/SOURCES.txt'
[6.423s] [100%] Built target ament_cmake_python_build_kk_driver_msg_egg
[6.573s] Invoked command in '/home/kk/kk_ws/src/kk_driver_package/build/kk_driver_msg' returned '0': CMAKE_PREFIX_PATH=${CMAKE_PREFIX_PATH}:/home/kk/kk_ws/install/kk_simulator:/home/kk/kk_ws/install/kk_receiver:/home/kk/kk_ws/install/core_camera:/opt/ros/humble /usr/bin/cmake --build /home/kk/kk_ws/src/kk_driver_package/build/kk_driver_msg -- -j4 -l4
[6.679s] Invoking command in '/home/kk/kk_ws/src/kk_driver_package/build/kk_driver_msg': CMAKE_PREFIX_PATH=${CMAKE_PREFIX_PATH}:/home/kk/kk_ws/install/kk_simulator:/home/kk/kk_ws/install/kk_receiver:/home/kk/kk_ws/install/core_camera:/opt/ros/humble /usr/bin/cmake --install /home/kk/kk_ws/src/kk_driver_package/build/kk_driver_msg
[6.789s] -- Install configuration: ""
[6.793s] -- Up-to-date: /home/kk/kk_ws/src/kk_driver_package/install/kk_driver_msg/share/ament_index/resource_index/rosidl_interfaces/kk_driver_msg
[6.796s] -- Up-to-date: /home/kk/kk_ws/src/kk_driver_package/install/kk_driver_msg/include/kk_driver_msg/kk_driver_msg
[6.803s] -- Up-to-date: /home/kk/kk_ws/src/kk_driver_package/install/kk_driver_msg/include/kk_driver_msg/kk_driver_msg/msg
[6.808s] -- Up-to-date: /home/kk/kk_ws/src/kk_driver_package/install/kk_driver_msg/include/kk_driver_msg/kk_driver_msg/msg/key_ctrl.h
[6.811s] -- Up-to-date: /home/kk/kk_ws/src/kk_driver_package/install/kk_driver_msg/include/kk_driver_msg/kk_driver_msg/msg/core.h
[6.814s] -- Up-to-date: /home/kk/kk_ws/src/kk_driver_package/install/kk_driver_msg/include/kk_driver_msg/kk_driver_msg/msg/mouse_ctrl.h
[6.816s] -- Up-to-date: /home/kk/kk_ws/src/kk_driver_package/install/kk_driver_msg/include/kk_driver_msg/kk_driver_msg/msg/pwm_cmd.h
[6.819s] -- Up-to-date: /home/kk/kk_ws/src/kk_driver_package/install/kk_driver_msg/include/kk_driver_msg/kk_driver_msg/msg/c610_cmd.h
[6.822s] -- Up-to-date: /home/kk/kk_ws/src/kk_driver_package/install/kk_driver_msg/include/kk_driver_msg/kk_driver_msg/msg/bldc_cmd.h
[6.825s] -- Up-to-date: /home/kk/kk_ws/src/kk_driver_package/install/kk_driver_msg/include/kk_driver_msg/kk_driver_msg/msg/camera_cmd.h
[6.828s] -- Up-to-date: /home/kk/kk_ws/src/kk_driver_package/install/kk_driver_msg/include/kk_driver_msg/kk_driver_msg/msg/epb_cmd.h
[6.833s] -- Up-to-date: /home/kk/kk_ws/src/kk_driver_package/install/kk_driver_msg/include/kk_driver_msg/kk_driver_msg/msg/motor_cmd.h
[6.841s] -- Up-to-date: /home/kk/kk_ws/src/kk_driver_package/install/kk_driver_msg/include/kk_driver_msg/kk_driver_msg/msg/epb_status.h
[6.842s] -- Up-to-date: /home/kk/kk_ws/src/kk_driver_package/install/kk_driver_msg/include/kk_driver_msg/kk_driver_msg/msg/encoder.h
[6.844s] -- Up-to-date: /home/kk/kk_ws/src/kk_driver_package/install/kk_driver_msg/include/kk_driver_msg/kk_driver_msg/msg/rosidl_generator_c__visibility_control.h
[6.845s] -- Up-to-date: /home/kk/kk_ws/src/kk_driver_package/install/kk_driver_msg/include/kk_driver_msg/kk_driver_msg/msg/gm6020_cmd.h
[6.847s] -- Up-to-date: /home/kk/kk_ws/src/kk_driver_package/install/kk_driver_msg/include/kk_driver_msg/kk_driver_msg/msg/detail
[6.852s] -- Up-to-date: /home/kk/kk_ws/src/kk_driver_package/install/kk_driver_msg/include/kk_driver_msg/kk_driver_msg/msg/detail/pwm_cmd__functions.c
[6.856s] -- Up-to-date: /home/kk/kk_ws/src/kk_driver_package/install/kk_driver_msg/include/kk_driver_msg/kk_driver_msg/msg/detail/c610_cmd__type_support.h
[6.859s] -- Up-to-date: /home/kk/kk_ws/src/kk_driver_package/install/kk_driver_msg/include/kk_driver_msg/kk_driver_msg/msg/detail/gm6020_cmd__struct.h
[6.862s] -- Up-to-date: /home/kk/kk_ws/src/kk_driver_package/install/kk_driver_msg/include/kk_driver_msg/kk_driver_msg/msg/detail/camera_cmd__type_support.h
[6.865s] -- Up-to-date: /home/kk/kk_ws/src/kk_driver_package/install/kk_driver_msg/include/kk_driver_msg/kk_driver_msg/msg/detail/gm6020_cmd__type_support.h
[6.870s] -- Up-to-date: /home/kk/kk_ws/src/kk_driver_package/install/kk_driver_msg/include/kk_driver_msg/kk_driver_msg/msg/detail/bldc_cmd__type_support.h
[6.874s] -- Up-to-date: /home/kk/kk_ws/src/kk_driver_package/install/kk_driver_msg/include/kk_driver_msg/kk_driver_msg/msg/detail/pwm_cmd__type_support.h
[6.877s] -- Up-to-date: /home/kk/kk_ws/src/kk_driver_package/install/kk_driver_msg/include/kk_driver_msg/kk_driver_msg/msg/detail/camera_cmd__struct.h
[6.878s] -- Up-to-date: /home/kk/kk_ws/src/kk_driver_package/install/kk_driver_msg/include/kk_driver_msg/kk_driver_msg/msg/detail/epb_cmd__functions.c
[6.879s] -- Up-to-date: /home/kk/kk_ws/src/kk_driver_package/install/kk_driver_msg/include/kk_driver_msg/kk_driver_msg/msg/detail/c610_cmd__struct.h
[6.886s] -- Up-to-date: /home/kk/kk_ws/src/kk_driver_package/install/kk_driver_msg/include/kk_driver_msg/kk_driver_msg/msg/detail/core__type_support.h
[6.887s] -- Up-to-date: /home/kk/kk_ws/src/kk_driver_package/install/kk_driver_msg/include/kk_driver_msg/kk_driver_msg/msg/detail/gm6020_status__struct.h
[6.888s] -- Up-to-date: /home/kk/kk_ws/src/kk_driver_package/install/kk_driver_msg/include/kk_driver_msg/kk_driver_msg/msg/detail/mouse_ctrl__functions.c
[6.889s] -- Up-to-date: /home/kk/kk_ws/src/kk_driver_package/install/kk_driver_msg/include/kk_driver_msg/kk_driver_msg/msg/detail/encoder__functions.c
[6.907s] -- Up-to-date: /home/kk/kk_ws/src/kk_driver_package/install/kk_driver_msg/include/kk_driver_msg/kk_driver_msg/msg/detail/c610_status__functions.c
[6.908s] -- Up-to-date: /home/kk/kk_ws/src/kk_driver_package/install/kk_driver_msg/include/kk_driver_msg/kk_driver_msg/msg/detail/key_ctrl__functions.c
[6.910s] -- Up-to-date: /home/kk/kk_ws/src/kk_driver_package/install/kk_driver_msg/include/kk_driver_msg/kk_driver_msg/msg/detail/motor_cmd__type_support.h
[6.911s] -- Up-to-date: /home/kk/kk_ws/src/kk_driver_package/install/kk_driver_msg/include/kk_driver_msg/kk_driver_msg/msg/detail/core__struct.h
[6.912s] -- Up-to-date: /home/kk/kk_ws/src/kk_driver_package/install/kk_driver_msg/include/kk_driver_msg/kk_driver_msg/msg/detail/epb_status__struct.h
[6.913s] -- Up-to-date: /home/kk/kk_ws/src/kk_driver_package/install/kk_driver_msg/include/kk_driver_msg/kk_driver_msg/msg/detail/motor_cmd__functions.h
[6.923s] -- Up-to-date: /home/kk/kk_ws/src/kk_driver_package/install/kk_driver_msg/include/kk_driver_msg/kk_driver_msg/msg/detail/pwm_status__struct.h
[6.925s] -- Up-to-date: /home/kk/kk_ws/src/kk_driver_package/install/kk_driver_msg/include/kk_driver_msg/kk_driver_msg/msg/detail/core__functions.h
[6.926s] -- Up-to-date: /home/kk/kk_ws/src/kk_driver_package/install/kk_driver_msg/include/kk_driver_msg/kk_driver_msg/msg/detail/pwm_status__functions.c
[6.927s] -- Up-to-date: /home/kk/kk_ws/src/kk_driver_package/install/kk_driver_msg/include/kk_driver_msg/kk_driver_msg/msg/detail/c610_status__functions.h
[6.929s] -- Up-to-date: /home/kk/kk_ws/src/kk_driver_package/install/kk_driver_msg/include/kk_driver_msg/kk_driver_msg/msg/detail/gm6020_status__type_support.h
[6.939s] -- Up-to-date: /home/kk/kk_ws/src/kk_driver_package/install/kk_driver_msg/include/kk_driver_msg/kk_driver_msg/msg/detail/key_ctrl__type_support.h
[6.940s] -- Up-to-date: /home/kk/kk_ws/src/kk_driver_package/install/kk_driver_msg/include/kk_driver_msg/kk_driver_msg/msg/detail/pwm_cmd__functions.h
[6.942s] -- Up-to-date: /home/kk/kk_ws/src/kk_driver_package/install/kk_driver_msg/include/kk_driver_msg/kk_driver_msg/msg/detail/encoder__type_support.h
[6.943s] -- Up-to-date: /home/kk/kk_ws/src/kk_driver_package/install/kk_driver_msg/include/kk_driver_msg/kk_driver_msg/msg/detail/mouse_ctrl__type_support.h
[6.944s] -- Up-to-date: /home/kk/kk_ws/src/kk_driver_package/install/kk_driver_msg/include/kk_driver_msg/kk_driver_msg/msg/detail/motor_cmd__functions.c
[6.945s] -- Up-to-date: /home/kk/kk_ws/src/kk_driver_package/install/kk_driver_msg/include/kk_driver_msg/kk_driver_msg/msg/detail/c610_cmd__functions.c
[6.947s] -- Up-to-date: /home/kk/kk_ws/src/kk_driver_package/install/kk_driver_msg/include/kk_driver_msg/kk_driver_msg/msg/detail/pwm_status__functions.h
[6.959s] -- Up-to-date: /home/kk/kk_ws/src/kk_driver_package/install/kk_driver_msg/include/kk_driver_msg/kk_driver_msg/msg/detail/gm6020_cmd__functions.h
[6.960s] -- Up-to-date: /home/kk/kk_ws/src/kk_driver_package/install/kk_driver_msg/include/kk_driver_msg/kk_driver_msg/msg/detail/camera_cmd__functions.h
[6.961s] -- Up-to-date: /home/kk/kk_ws/src/kk_driver_package/install/kk_driver_msg/include/kk_driver_msg/kk_driver_msg/msg/detail/c610_cmd__functions.h
[6.963s] -- Up-to-date: /home/kk/kk_ws/src/kk_driver_package/install/kk_driver_msg/include/kk_driver_msg/kk_driver_msg/msg/detail/gm6020_status__functions.h
[6.964s] -- Up-to-date: /home/kk/kk_ws/src/kk_driver_package/install/kk_driver_msg/include/kk_driver_msg/kk_driver_msg/msg/detail/epb_status__type_support.h
[6.965s] -- Up-to-date: /home/kk/kk_ws/src/kk_driver_package/install/kk_driver_msg/include/kk_driver_msg/kk_driver_msg/msg/detail/c610_status__struct.h
[6.967s] -- Up-to-date: /home/kk/kk_ws/src/kk_driver_package/install/kk_driver_msg/include/kk_driver_msg/kk_driver_msg/msg/detail/pwm_status__type_support.h
[6.979s] -- Up-to-date: /home/kk/kk_ws/src/kk_driver_package/install/kk_driver_msg/include/kk_driver_msg/kk_driver_msg/msg/detail/mouse_ctrl__struct.h
[6.980s] -- Up-to-date: /home/kk/kk_ws/src/kk_driver_package/install/kk_driver_msg/include/kk_driver_msg/kk_driver_msg/msg/detail/core__functions.c
[6.982s] -- Up-to-date: /home/kk/kk_ws/src/kk_driver_package/install/kk_driver_msg/include/kk_driver_msg/kk_driver_msg/msg/detail/bldc_cmd__functions.c
[6.983s] -- Up-to-date: /home/kk/kk_ws/src/kk_driver_package/install/kk_driver_msg/include/kk_driver_msg/kk_driver_msg/msg/detail/motor_cmd__struct.h
[6.984s] -- Up-to-date: /home/kk/kk_ws/src/kk_driver_package/install/kk_driver_msg/include/kk_driver_msg/kk_driver_msg/msg/detail/epb_status__functions.h
[6.986s] -- Up-to-date: /home/kk/kk_ws/src/kk_driver_package/install/kk_driver_msg/include/kk_driver_msg/kk_driver_msg/msg/detail/key_ctrl__struct.h
[6.987s] -- Up-to-date: /home/kk/kk_ws/src/kk_driver_package/install/kk_driver_msg/include/kk_driver_msg/kk_driver_msg/msg/detail/epb_cmd__struct.h
[6.999s] -- Up-to-date: /home/kk/kk_ws/src/kk_driver_package/install/kk_driver_msg/include/kk_driver_msg/kk_driver_msg/msg/detail/mouse_ctrl__functions.h
[7.001s] -- Up-to-date: /home/kk/kk_ws/src/kk_driver_package/install/kk_driver_msg/include/kk_driver_msg/kk_driver_msg/msg/detail/encoder__functions.h
[7.002s] -- Up-to-date: /home/kk/kk_ws/src/kk_driver_package/install/kk_driver_msg/include/kk_driver_msg/kk_driver_msg/msg/detail/epb_status__functions.c
[7.004s] -- Up-to-date: /home/kk/kk_ws/src/kk_driver_package/install/kk_driver_msg/include/kk_driver_msg/kk_driver_msg/msg/detail/camera_cmd__functions.c
[7.005s] -- Up-to-date: /home/kk/kk_ws/src/kk_driver_package/install/kk_driver_msg/include/kk_driver_msg/kk_driver_msg/msg/detail/bldc_cmd__functions.h
[7.007s] -- Up-to-date: /home/kk/kk_ws/src/kk_driver_package/install/kk_driver_msg/include/kk_driver_msg/kk_driver_msg/msg/detail/pwm_cmd__struct.h
[7.015s] -- Up-to-date: /home/kk/kk_ws/src/kk_driver_package/install/kk_driver_msg/include/kk_driver_msg/kk_driver_msg/msg/detail/key_ctrl__functions.h
[7.016s] -- Up-to-date: /home/kk/kk_ws/src/kk_driver_package/install/kk_driver_msg/include/kk_driver_msg/kk_driver_msg/msg/detail/epb_cmd__functions.h
[7.017s] -- Up-to-date: /home/kk/kk_ws/src/kk_driver_package/install/kk_driver_msg/include/kk_driver_msg/kk_driver_msg/msg/detail/gm6020_cmd__functions.c
[7.019s] -- Up-to-date: /home/kk/kk_ws/src/kk_driver_package/install/kk_driver_msg/include/kk_driver_msg/kk_driver_msg/msg/detail/epb_cmd__type_support.h
[7.020s] -- Up-to-date: /home/kk/kk_ws/src/kk_driver_package/install/kk_driver_msg/include/kk_driver_msg/kk_driver_msg/msg/detail/encoder__struct.h
[7.021s] -- Up-to-date: /home/kk/kk_ws/src/kk_driver_package/install/kk_driver_msg/include/kk_driver_msg/kk_driver_msg/msg/detail/c610_status__type_support.h
[7.022s] -- Up-to-date: /home/kk/kk_ws/src/kk_driver_package/install/kk_driver_msg/include/kk_driver_msg/kk_driver_msg/msg/detail/gm6020_status__functions.c
[7.031s] -- Up-to-date: /home/kk/kk_ws/src/kk_driver_package/install/kk_driver_msg/include/kk_driver_msg/kk_driver_msg/msg/detail/bldc_cmd__struct.h
[7.034s] -- Up-to-date: /home/kk/kk_ws/src/kk_driver_package/install/kk_driver_msg/include/kk_driver_msg/kk_driver_msg/msg/pwm_status.h
[7.035s] -- Up-to-date: /home/kk/kk_ws/src/kk_driver_package/install/kk_driver_msg/include/kk_driver_msg/kk_driver_msg/msg/c610_status.h
[7.047s] -- Up-to-date: /home/kk/kk_ws/src/kk_driver_package/install/kk_driver_msg/include/kk_driver_msg/kk_driver_msg/msg/gm6020_status.h
[7.048s] -- Up-to-date: /home/kk/kk_ws/src/kk_driver_package/install/kk_driver_msg/share/kk_driver_msg/environment/library_path.sh
[7.050s] -- Up-to-date: /home/kk/kk_ws/src/kk_driver_package/install/kk_driver_msg/share/kk_driver_msg/environment/library_path.dsv
[7.051s] -- Up-to-date: /home/kk/kk_ws/src/kk_driver_package/install/kk_driver_msg/lib/libkk_driver_msg__rosidl_generator_c.so
[7.053s] -- Up-to-date: /home/kk/kk_ws/src/kk_driver_package/install/kk_driver_msg/include/kk_driver_msg/kk_driver_msg
[7.054s] -- Up-to-date: /home/kk/kk_ws/src/kk_driver_package/install/kk_driver_msg/include/kk_driver_msg/kk_driver_msg/msg
[7.056s] -- Up-to-date: /home/kk/kk_ws/src/kk_driver_package/install/kk_driver_msg/include/kk_driver_msg/kk_driver_msg/msg/rosidl_typesupport_fastrtps_c__visibility_control.h
[7.057s] -- Up-to-date: /home/kk/kk_ws/src/kk_driver_package/install/kk_driver_msg/include/kk_driver_msg/kk_driver_msg/msg/detail
[7.060s] -- Up-to-date: /home/kk/kk_ws/src/kk_driver_package/install/kk_driver_msg/include/kk_driver_msg/kk_driver_msg/msg/detail/epb_status__rosidl_typesupport_fastrtps_c.h
[7.062s] -- Up-to-date: /home/kk/kk_ws/src/kk_driver_package/install/kk_driver_msg/include/kk_driver_msg/kk_driver_msg/msg/detail/gm6020_status__rosidl_typesupport_fastrtps_c.h
[7.064s] -- Up-to-date: /home/kk/kk_ws/src/kk_driver_package/install/kk_driver_msg/include/kk_driver_msg/kk_driver_msg/msg/detail/c610_status__rosidl_typesupport_fastrtps_c.h
[7.067s] -- Up-to-date: /home/kk/kk_ws/src/kk_driver_package/install/kk_driver_msg/include/kk_driver_msg/kk_driver_msg/msg/detail/key_ctrl__rosidl_typesupport_fastrtps_c.h
[7.069s] -- Up-to-date: /home/kk/kk_ws/src/kk_driver_package/install/kk_driver_msg/include/kk_driver_msg/kk_driver_msg/msg/detail/encoder__rosidl_typesupport_fastrtps_c.h
[7.071s] -- Up-to-date: /home/kk/kk_ws/src/kk_driver_package/install/kk_driver_msg/include/kk_driver_msg/kk_driver_msg/msg/detail/bldc_cmd__rosidl_typesupport_fastrtps_c.h
[7.072s] -- Up-to-date: /home/kk/kk_ws/src/kk_driver_package/install/kk_driver_msg/include/kk_driver_msg/kk_driver_msg/msg/detail/motor_cmd__rosidl_typesupport_fastrtps_c.h
[7.073s] -- Up-to-date: /home/kk/kk_ws/src/kk_driver_package/install/kk_driver_msg/include/kk_driver_msg/kk_driver_msg/msg/detail/core__rosidl_typesupport_fastrtps_c.h
[7.075s] -- Up-to-date: /home/kk/kk_ws/src/kk_driver_package/install/kk_driver_msg/include/kk_driver_msg/kk_driver_msg/msg/detail/pwm_cmd__rosidl_typesupport_fastrtps_c.h
[7.076s] -- Up-to-date: /home/kk/kk_ws/src/kk_driver_package/install/kk_driver_msg/include/kk_driver_msg/kk_driver_msg/msg/detail/gm6020_cmd__rosidl_typesupport_fastrtps_c.h
[7.077s] -- Up-to-date: /home/kk/kk_ws/src/kk_driver_package/install/kk_driver_msg/include/kk_driver_msg/kk_driver_msg/msg/detail/mouse_ctrl__rosidl_typesupport_fastrtps_c.h
[7.078s] -- Up-to-date: /home/kk/kk_ws/src/kk_driver_package/install/kk_driver_msg/include/kk_driver_msg/kk_driver_msg/msg/detail/c610_cmd__rosidl_typesupport_fastrtps_c.h
[7.079s] -- Up-to-date: /home/kk/kk_ws/src/kk_driver_package/install/kk_driver_msg/include/kk_driver_msg/kk_driver_msg/msg/detail/epb_cmd__rosidl_typesupport_fastrtps_c.h
[7.081s] -- Up-to-date: /home/kk/kk_ws/src/kk_driver_package/install/kk_driver_msg/include/kk_driver_msg/kk_driver_msg/msg/detail/camera_cmd__rosidl_typesupport_fastrtps_c.h
[7.082s] -- Up-to-date: /home/kk/kk_ws/src/kk_driver_package/install/kk_driver_msg/include/kk_driver_msg/kk_driver_msg/msg/detail/pwm_status__rosidl_typesupport_fastrtps_c.h
[7.083s] -- Up-to-date: /home/kk/kk_ws/src/kk_driver_package/install/kk_driver_msg/lib/libkk_driver_msg__rosidl_typesupport_fastrtps_c.so
[7.084s] -- Up-to-date: /home/kk/kk_ws/src/kk_driver_package/install/kk_driver_msg/include/kk_driver_msg/kk_driver_msg
[7.085s] -- Up-to-date: /home/kk/kk_ws/src/kk_driver_package/install/kk_driver_msg/include/kk_driver_msg/kk_driver_msg/msg
[7.087s] -- Up-to-date: /home/kk/kk_ws/src/kk_driver_package/install/kk_driver_msg/include/kk_driver_msg/kk_driver_msg/msg/detail
[7.090s] -- Up-to-date: /home/kk/kk_ws/src/kk_driver_package/install/kk_driver_msg/include/kk_driver_msg/kk_driver_msg/msg/detail/c610_cmd__type_support.c
[7.092s] -- Up-to-date: /home/kk/kk_ws/src/kk_driver_package/install/kk_driver_msg/include/kk_driver_msg/kk_driver_msg/msg/detail/mouse_ctrl__rosidl_typesupport_introspection_c.h
[7.094s] -- Up-to-date: /home/kk/kk_ws/src/kk_driver_package/install/kk_driver_msg/include/kk_driver_msg/kk_driver_msg/msg/detail/core__type_support.c
[7.097s] -- Up-to-date: /home/kk/kk_ws/src/kk_driver_package/install/kk_driver_msg/include/kk_driver_msg/kk_driver_msg/msg/detail/pwm_cmd__rosidl_typesupport_introspection_c.h
[7.098s] -- Up-to-date: /home/kk/kk_ws/src/kk_driver_package/install/kk_driver_msg/include/kk_driver_msg/kk_driver_msg/msg/detail/gm6020_status__rosidl_typesupport_introspection_c.h
[7.099s] -- Up-to-date: /home/kk/kk_ws/src/kk_driver_package/install/kk_driver_msg/include/kk_driver_msg/kk_driver_msg/msg/detail/epb_status__type_support.c
[7.100s] -- Up-to-date: /home/kk/kk_ws/src/kk_driver_package/install/kk_driver_msg/include/kk_driver_msg/kk_driver_msg/msg/detail/gm6020_cmd__rosidl_typesupport_introspection_c.h
[7.101s] -- Up-to-date: /home/kk/kk_ws/src/kk_driver_package/install/kk_driver_msg/include/kk_driver_msg/kk_driver_msg/msg/detail/pwm_cmd__type_support.c
[7.103s] -- Up-to-date: /home/kk/kk_ws/src/kk_driver_package/install/kk_driver_msg/include/kk_driver_msg/kk_driver_msg/msg/detail/key_ctrl__rosidl_typesupport_introspection_c.h
[7.104s] -- Up-to-date: /home/kk/kk_ws/src/kk_driver_package/install/kk_driver_msg/include/kk_driver_msg/kk_driver_msg/msg/detail/c610_status__type_support.c
[7.106s] -- Up-to-date: /home/kk/kk_ws/src/kk_driver_package/install/kk_driver_msg/include/kk_driver_msg/kk_driver_msg/msg/detail/bldc_cmd__rosidl_typesupport_introspection_c.h
[7.109s] -- Up-to-date: /home/kk/kk_ws/src/kk_driver_package/install/kk_driver_msg/include/kk_driver_msg/kk_driver_msg/msg/detail/camera_cmd__type_support.c
[7.111s] -- Up-to-date: /home/kk/kk_ws/src/kk_driver_package/install/kk_driver_msg/include/kk_driver_msg/kk_driver_msg/msg/detail/epb_cmd__rosidl_typesupport_introspection_c.h
[7.113s] -- Up-to-date: /home/kk/kk_ws/src/kk_driver_package/install/kk_driver_msg/include/kk_driver_msg/kk_driver_msg/msg/detail/camera_cmd__rosidl_typesupport_introspection_c.h
[7.115s] -- Up-to-date: /home/kk/kk_ws/src/kk_driver_package/install/kk_driver_msg/include/kk_driver_msg/kk_driver_msg/msg/detail/gm6020_status__type_support.c
[7.118s] -- Up-to-date: /home/kk/kk_ws/src/kk_driver_package/install/kk_driver_msg/include/kk_driver_msg/kk_driver_msg/msg/detail/encoder__rosidl_typesupport_introspection_c.h
[7.119s] -- Up-to-date: /home/kk/kk_ws/src/kk_driver_package/install/kk_driver_msg/include/kk_driver_msg/kk_driver_msg/msg/detail/motor_cmd__rosidl_typesupport_introspection_c.h
[7.122s] -- Up-to-date: /home/kk/kk_ws/src/kk_driver_package/install/kk_driver_msg/include/kk_driver_msg/kk_driver_msg/msg/detail/encoder__type_support.c
[7.124s] -- Up-to-date: /home/kk/kk_ws/src/kk_driver_package/install/kk_driver_msg/include/kk_driver_msg/kk_driver_msg/msg/detail/c610_status__rosidl_typesupport_introspection_c.h
[7.126s] -- Up-to-date: /home/kk/kk_ws/src/kk_driver_package/install/kk_driver_msg/include/kk_driver_msg/kk_driver_msg/msg/detail/c610_cmd__rosidl_typesupport_introspection_c.h
[7.128s] -- Up-to-date: /home/kk/kk_ws/src/kk_driver_package/install/kk_driver_msg/include/kk_driver_msg/kk_driver_msg/msg/detail/pwm_status__rosidl_typesupport_introspection_c.h
[7.130s] -- Up-to-date: /home/kk/kk_ws/src/kk_driver_package/install/kk_driver_msg/include/kk_driver_msg/kk_driver_msg/msg/detail/epb_status__rosidl_typesupport_introspection_c.h
[7.132s] -- Up-to-date: /home/kk/kk_ws/src/kk_driver_package/install/kk_driver_msg/include/kk_driver_msg/kk_driver_msg/msg/detail/pwm_status__type_support.c
[7.135s] -- Up-to-date: /home/kk/kk_ws/src/kk_driver_package/install/kk_driver_msg/include/kk_driver_msg/kk_driver_msg/msg/detail/core__rosidl_typesupport_introspection_c.h
[7.137s] -- Up-to-date: /home/kk/kk_ws/src/kk_driver_package/install/kk_driver_msg/include/kk_driver_msg/kk_driver_msg/msg/detail/motor_cmd__type_support.c
[7.139s] -- Up-to-date: /home/kk/kk_ws/src/kk_driver_package/install/kk_driver_msg/include/kk_driver_msg/kk_driver_msg/msg/detail/epb_cmd__type_support.c
[7.141s] -- Up-to-date: /home/kk/kk_ws/src/kk_driver_package/install/kk_driver_msg/include/kk_driver_msg/kk_driver_msg/msg/detail/gm6020_cmd__type_support.c
[7.143s] -- Up-to-date: /home/kk/kk_ws/src/kk_driver_package/install/kk_driver_msg/include/kk_driver_msg/kk_driver_msg/msg/detail/key_ctrl__type_support.c
[7.146s] -- Up-to-date: /home/kk/kk_ws/src/kk_driver_package/install/kk_driver_msg/include/kk_driver_msg/kk_driver_msg/msg/detail/bldc_cmd__type_support.c
[7.147s] -- Up-to-date: /home/kk/kk_ws/src/kk_driver_package/install/kk_driver_msg/include/kk_driver_msg/kk_driver_msg/msg/detail/mouse_ctrl__type_support.c
[7.149s] -- Up-to-date: /home/kk/kk_ws/src/kk_driver_package/install/kk_driver_msg/include/kk_driver_msg/kk_driver_msg/msg/rosidl_typesupport_introspection_c__visibility_control.h
[7.151s] -- Up-to-date: /home/kk/kk_ws/src/kk_driver_package/install/kk_driver_msg/lib/libkk_driver_msg__rosidl_typesupport_introspection_c.so
[7.153s] -- Up-to-date: /home/kk/kk_ws/src/kk_driver_package/install/kk_driver_msg/lib/libkk_driver_msg__rosidl_typesupport_c.so
[7.155s] -- Up-to-date: /home/kk/kk_ws/src/kk_driver_package/install/kk_driver_msg/include/kk_driver_msg/kk_driver_msg
[7.157s] -- Up-to-date: /home/kk/kk_ws/src/kk_driver_package/install/kk_driver_msg/include/kk_driver_msg/kk_driver_msg/msg
[7.159s] -- Up-to-date: /home/kk/kk_ws/src/kk_driver_package/install/kk_driver_msg/include/kk_driver_msg/kk_driver_msg/msg/pwm_cmd.hpp
[7.161s] -- Up-to-date: /home/kk/kk_ws/src/kk_driver_package/install/kk_driver_msg/include/kk_driver_msg/kk_driver_msg/msg/gm6020_status.hpp
[7.163s] -- Up-to-date: /home/kk/kk_ws/src/kk_driver_package/install/kk_driver_msg/include/kk_driver_msg/kk_driver_msg/msg/core.hpp
[7.165s] -- Up-to-date: /home/kk/kk_ws/src/kk_driver_package/install/kk_driver_msg/include/kk_driver_msg/kk_driver_msg/msg/pwm_status.hpp
[7.168s] -- Up-to-date: /home/kk/kk_ws/src/kk_driver_package/install/kk_driver_msg/include/kk_driver_msg/kk_driver_msg/msg/encoder.hpp
[7.169s] -- Up-to-date: /home/kk/kk_ws/src/kk_driver_package/install/kk_driver_msg/include/kk_driver_msg/kk_driver_msg/msg/motor_cmd.hpp
[7.171s] -- Up-to-date: /home/kk/kk_ws/src/kk_driver_package/install/kk_driver_msg/include/kk_driver_msg/kk_driver_msg/msg/key_ctrl.hpp
[7.173s] -- Up-to-date: /home/kk/kk_ws/src/kk_driver_package/install/kk_driver_msg/include/kk_driver_msg/kk_driver_msg/msg/c610_cmd.hpp
[7.175s] -- Up-to-date: /home/kk/kk_ws/src/kk_driver_package/install/kk_driver_msg/include/kk_driver_msg/kk_driver_msg/msg/bldc_cmd.hpp
[7.176s] -- Up-to-date: /home/kk/kk_ws/src/kk_driver_package/install/kk_driver_msg/include/kk_driver_msg/kk_driver_msg/msg/c610_status.hpp
[7.177s] -- Up-to-date: /home/kk/kk_ws/src/kk_driver_package/install/kk_driver_msg/include/kk_driver_msg/kk_driver_msg/msg/camera_cmd.hpp
[7.179s] -- Up-to-date: /home/kk/kk_ws/src/kk_driver_package/install/kk_driver_msg/include/kk_driver_msg/kk_driver_msg/msg/epb_status.hpp
[7.181s] -- Up-to-date: /home/kk/kk_ws/src/kk_driver_package/install/kk_driver_msg/include/kk_driver_msg/kk_driver_msg/msg/detail
[7.183s] -- Up-to-date: /home/kk/kk_ws/src/kk_driver_package/install/kk_driver_msg/include/kk_driver_msg/kk_driver_msg/msg/detail/core__builder.hpp
[7.185s] -- Up-to-date: /home/kk/kk_ws/src/kk_driver_package/install/kk_driver_msg/include/kk_driver_msg/kk_driver_msg/msg/detail/core__type_support.hpp
[7.186s] -- Up-to-date: /home/kk/kk_ws/src/kk_driver_package/install/kk_driver_msg/include/kk_driver_msg/kk_driver_msg/msg/detail/bldc_cmd__builder.hpp
[7.188s] -- Up-to-date: /home/kk/kk_ws/src/kk_driver_package/install/kk_driver_msg/include/kk_driver_msg/kk_driver_msg/msg/detail/c610_status__builder.hpp
[7.190s] -- Up-to-date: /home/kk/kk_ws/src/kk_driver_package/install/kk_driver_msg/include/kk_driver_msg/kk_driver_msg/msg/detail/gm6020_cmd__struct.hpp
[7.191s] -- Up-to-date: /home/kk/kk_ws/src/kk_driver_package/install/kk_driver_msg/include/kk_driver_msg/kk_driver_msg/msg/detail/pwm_status__builder.hpp
[7.193s] -- Up-to-date: /home/kk/kk_ws/src/kk_driver_package/install/kk_driver_msg/include/kk_driver_msg/kk_driver_msg/msg/detail/camera_cmd__struct.hpp
[7.195s] -- Up-to-date: /home/kk/kk_ws/src/kk_driver_package/install/kk_driver_msg/include/kk_driver_msg/kk_driver_msg/msg/detail/pwm_status__traits.hpp
[7.196s] -- Up-to-date: /home/kk/kk_ws/src/kk_driver_package/install/kk_driver_msg/include/kk_driver_msg/kk_driver_msg/msg/detail/core__struct.hpp
[7.197s] -- Up-to-date: /home/kk/kk_ws/src/kk_driver_package/install/kk_driver_msg/include/kk_driver_msg/kk_driver_msg/msg/detail/encoder__builder.hpp
[7.199s] -- Up-to-date: /home/kk/kk_ws/src/kk_driver_package/install/kk_driver_msg/include/kk_driver_msg/kk_driver_msg/msg/detail/key_ctrl__builder.hpp
[7.200s] -- Up-to-date: /home/kk/kk_ws/src/kk_driver_package/install/kk_driver_msg/include/kk_driver_msg/kk_driver_msg/msg/detail/gm6020_status__traits.hpp
[7.201s] -- Up-to-date: /home/kk/kk_ws/src/kk_driver_package/install/kk_driver_msg/include/kk_driver_msg/kk_driver_msg/msg/detail/epb_cmd__type_support.hpp
[7.202s] -- Up-to-date: /home/kk/kk_ws/src/kk_driver_package/install/kk_driver_msg/include/kk_driver_msg/kk_driver_msg/msg/detail/gm6020_cmd__type_support.hpp
[7.204s] -- Up-to-date: /home/kk/kk_ws/src/kk_driver_package/install/kk_driver_msg/include/kk_driver_msg/kk_driver_msg/msg/detail/c610_cmd__struct.hpp
[7.205s] -- Up-to-date: /home/kk/kk_ws/src/kk_driver_package/install/kk_driver_msg/include/kk_driver_msg/kk_driver_msg/msg/detail/gm6020_cmd__traits.hpp
[7.206s] -- Up-to-date: /home/kk/kk_ws/src/kk_driver_package/install/kk_driver_msg/include/kk_driver_msg/kk_driver_msg/msg/detail/gm6020_status__type_support.hpp
[7.208s] -- Up-to-date: /home/kk/kk_ws/src/kk_driver_package/install/kk_driver_msg/include/kk_driver_msg/kk_driver_msg/msg/detail/encoder__type_support.hpp
[7.209s] -- Up-to-date: /home/kk/kk_ws/src/kk_driver_package/install/kk_driver_msg/include/kk_driver_msg/kk_driver_msg/msg/detail/epb_status__struct.hpp
[7.211s] -- Up-to-date: /home/kk/kk_ws/src/kk_driver_package/install/kk_driver_msg/include/kk_driver_msg/kk_driver_msg/msg/detail/core__traits.hpp
[7.212s] -- Up-to-date: /home/kk/kk_ws/src/kk_driver_package/install/kk_driver_msg/include/kk_driver_msg/kk_driver_msg/msg/detail/c610_cmd__builder.hpp
[7.214s] -- Up-to-date: /home/kk/kk_ws/src/kk_driver_package/install/kk_driver_msg/include/kk_driver_msg/kk_driver_msg/msg/detail/gm6020_status__struct.hpp
[7.216s] -- Up-to-date: /home/kk/kk_ws/src/kk_driver_package/install/kk_driver_msg/include/kk_driver_msg/kk_driver_msg/msg/detail/pwm_status__struct.hpp
[7.218s] -- Up-to-date: /home/kk/kk_ws/src/kk_driver_package/install/kk_driver_msg/include/kk_driver_msg/kk_driver_msg/msg/detail/motor_cmd__struct.hpp
[7.220s] -- Up-to-date: /home/kk/kk_ws/src/kk_driver_package/install/kk_driver_msg/include/kk_driver_msg/kk_driver_msg/msg/detail/motor_cmd__traits.hpp
[7.221s] -- Up-to-date: /home/kk/kk_ws/src/kk_driver_package/install/kk_driver_msg/include/kk_driver_msg/kk_driver_msg/msg/detail/epb_cmd__traits.hpp
[7.224s] -- Up-to-date: /home/kk/kk_ws/src/kk_driver_package/install/kk_driver_msg/include/kk_driver_msg/kk_driver_msg/msg/detail/epb_status__traits.hpp
[7.225s] -- Up-to-date: /home/kk/kk_ws/src/kk_driver_package/install/kk_driver_msg/include/kk_driver_msg/kk_driver_msg/msg/detail/bldc_cmd__traits.hpp
[7.227s] -- Up-to-date: /home/kk/kk_ws/src/kk_driver_package/install/kk_driver_msg/include/kk_driver_msg/kk_driver_msg/msg/detail/key_ctrl__traits.hpp
[7.229s] -- Up-to-date: /home/kk/kk_ws/src/kk_driver_package/install/kk_driver_msg/include/kk_driver_msg/kk_driver_msg/msg/detail/camera_cmd__type_support.hpp
[7.231s] -- Up-to-date: /home/kk/kk_ws/src/kk_driver_package/install/kk_driver_msg/include/kk_driver_msg/kk_driver_msg/msg/detail/mouse_ctrl__traits.hpp
[7.233s] -- Up-to-date: /home/kk/kk_ws/src/kk_driver_package/install/kk_driver_msg/include/kk_driver_msg/kk_driver_msg/msg/detail/epb_status__builder.hpp
[7.239s] -- Up-to-date: /home/kk/kk_ws/src/kk_driver_package/install/kk_driver_msg/include/kk_driver_msg/kk_driver_msg/msg/detail/c610_status__type_support.hpp
[7.241s] -- Up-to-date: /home/kk/kk_ws/src/kk_driver_package/install/kk_driver_msg/include/kk_driver_msg/kk_driver_msg/msg/detail/camera_cmd__builder.hpp
[7.245s] -- Up-to-date: /home/kk/kk_ws/src/kk_driver_package/install/kk_driver_msg/include/kk_driver_msg/kk_driver_msg/msg/detail/c610_cmd__traits.hpp
[7.247s] -- Up-to-date: /home/kk/kk_ws/src/kk_driver_package/install/kk_driver_msg/include/kk_driver_msg/kk_driver_msg/msg/detail/key_ctrl__type_support.hpp
[7.248s] -- Up-to-date: /home/kk/kk_ws/src/kk_driver_package/install/kk_driver_msg/include/kk_driver_msg/kk_driver_msg/msg/detail/camera_cmd__traits.hpp
[7.250s] -- Up-to-date: /home/kk/kk_ws/src/kk_driver_package/install/kk_driver_msg/include/kk_driver_msg/kk_driver_msg/msg/detail/pwm_cmd__struct.hpp
[7.251s] -- Up-to-date: /home/kk/kk_ws/src/kk_driver_package/install/kk_driver_msg/include/kk_driver_msg/kk_driver_msg/msg/detail/gm6020_status__builder.hpp
[7.252s] -- Up-to-date: /home/kk/kk_ws/src/kk_driver_package/install/kk_driver_msg/include/kk_driver_msg/kk_driver_msg/msg/detail/encoder__struct.hpp
[7.253s] -- Up-to-date: /home/kk/kk_ws/src/kk_driver_package/install/kk_driver_msg/include/kk_driver_msg/kk_driver_msg/msg/detail/epb_status__type_support.hpp
[7.254s] -- Up-to-date: /home/kk/kk_ws/src/kk_driver_package/install/kk_driver_msg/include/kk_driver_msg/kk_driver_msg/msg/detail/bldc_cmd__type_support.hpp
[7.255s] -- Up-to-date: /home/kk/kk_ws/src/kk_driver_package/install/kk_driver_msg/include/kk_driver_msg/kk_driver_msg/msg/detail/pwm_cmd__traits.hpp
[7.257s] -- Up-to-date: /home/kk/kk_ws/src/kk_driver_package/install/kk_driver_msg/include/kk_driver_msg/kk_driver_msg/msg/detail/motor_cmd__builder.hpp
[7.258s] -- Up-to-date: /home/kk/kk_ws/src/kk_driver_package/install/kk_driver_msg/include/kk_driver_msg/kk_driver_msg/msg/detail/motor_cmd__type_support.hpp
[7.260s] -- Up-to-date: /home/kk/kk_ws/src/kk_driver_package/install/kk_driver_msg/include/kk_driver_msg/kk_driver_msg/msg/detail/c610_status__traits.hpp
[7.261s] -- Up-to-date: /home/kk/kk_ws/src/kk_driver_package/install/kk_driver_msg/include/kk_driver_msg/kk_driver_msg/msg/detail/epb_cmd__struct.hpp
[7.263s] -- Up-to-date: /home/kk/kk_ws/src/kk_driver_package/install/kk_driver_msg/include/kk_driver_msg/kk_driver_msg/msg/detail/bldc_cmd__struct.hpp
[7.265s] -- Up-to-date: /home/kk/kk_ws/src/kk_driver_package/install/kk_driver_msg/include/kk_driver_msg/kk_driver_msg/msg/detail/c610_cmd__type_support.hpp
[7.266s] -- Up-to-date: /home/kk/kk_ws/src/kk_driver_package/install/kk_driver_msg/include/kk_driver_msg/kk_driver_msg/msg/detail/epb_cmd__builder.hpp
[7.267s] -- Up-to-date: /home/kk/kk_ws/src/kk_driver_package/install/kk_driver_msg/include/kk_driver_msg/kk_driver_msg/msg/detail/key_ctrl__struct.hpp
[7.269s] -- Up-to-date: /home/kk/kk_ws/src/kk_driver_package/install/kk_driver_msg/include/kk_driver_msg/kk_driver_msg/msg/detail/pwm_cmd__builder.hpp
[7.270s] -- Up-to-date: /home/kk/kk_ws/src/kk_driver_package/install/kk_driver_msg/include/kk_driver_msg/kk_driver_msg/msg/detail/mouse_ctrl__struct.hpp
[7.271s] -- Up-to-date: /home/kk/kk_ws/src/kk_driver_package/install/kk_driver_msg/include/kk_driver_msg/kk_driver_msg/msg/detail/pwm_status__type_support.hpp
[7.272s] -- Up-to-date: /home/kk/kk_ws/src/kk_driver_package/install/kk_driver_msg/include/kk_driver_msg/kk_driver_msg/msg/detail/pwm_cmd__type_support.hpp
[7.274s] -- Up-to-date: /home/kk/kk_ws/src/kk_driver_package/install/kk_driver_msg/include/kk_driver_msg/kk_driver_msg/msg/detail/mouse_ctrl__type_support.hpp
[7.275s] -- Up-to-date: /home/kk/kk_ws/src/kk_driver_package/install/kk_driver_msg/include/kk_driver_msg/kk_driver_msg/msg/detail/encoder__traits.hpp
[7.276s] -- Up-to-date: /home/kk/kk_ws/src/kk_driver_package/install/kk_driver_msg/include/kk_driver_msg/kk_driver_msg/msg/detail/gm6020_cmd__builder.hpp
[7.277s] -- Up-to-date: /home/kk/kk_ws/src/kk_driver_package/install/kk_driver_msg/include/kk_driver_msg/kk_driver_msg/msg/detail/mouse_ctrl__builder.hpp
[7.279s] -- Up-to-date: /home/kk/kk_ws/src/kk_driver_package/install/kk_driver_msg/include/kk_driver_msg/kk_driver_msg/msg/detail/c610_status__struct.hpp
[7.280s] -- Up-to-date: /home/kk/kk_ws/src/kk_driver_package/install/kk_driver_msg/include/kk_driver_msg/kk_driver_msg/msg/rosidl_generator_cpp__visibility_control.hpp
[7.282s] -- Up-to-date: /home/kk/kk_ws/src/kk_driver_package/install/kk_driver_msg/include/kk_driver_msg/kk_driver_msg/msg/mouse_ctrl.hpp
[7.284s] -- Up-to-date: /home/kk/kk_ws/src/kk_driver_package/install/kk_driver_msg/include/kk_driver_msg/kk_driver_msg/msg/epb_cmd.hpp
[7.287s] -- Up-to-date: /home/kk/kk_ws/src/kk_driver_package/install/kk_driver_msg/include/kk_driver_msg/kk_driver_msg/msg/gm6020_cmd.hpp
[7.289s] -- Up-to-date: /home/kk/kk_ws/src/kk_driver_package/install/kk_driver_msg/include/kk_driver_msg/kk_driver_msg
[7.290s] -- Up-to-date: /home/kk/kk_ws/src/kk_driver_package/install/kk_driver_msg/include/kk_driver_msg/kk_driver_msg/msg
[7.292s] -- Up-to-date: /home/kk/kk_ws/src/kk_driver_package/install/kk_driver_msg/include/kk_driver_msg/kk_driver_msg/msg/rosidl_typesupport_fastrtps_cpp__visibility_control.h
[7.294s] -- Up-to-date: /home/kk/kk_ws/src/kk_driver_package/install/kk_driver_msg/include/kk_driver_msg/kk_driver_msg/msg/detail
[7.297s] -- Up-to-date: /home/kk/kk_ws/src/kk_driver_package/install/kk_driver_msg/include/kk_driver_msg/kk_driver_msg/msg/detail/dds_fastrtps
[7.300s] -- Up-to-date: /home/kk/kk_ws/src/kk_driver_package/install/kk_driver_msg/include/kk_driver_msg/kk_driver_msg/msg/detail/bldc_cmd__rosidl_typesupport_fastrtps_cpp.hpp
[7.301s] -- Up-to-date: /home/kk/kk_ws/src/kk_driver_package/install/kk_driver_msg/include/kk_driver_msg/kk_driver_msg/msg/detail/pwm_cmd__rosidl_typesupport_fastrtps_cpp.hpp
[7.302s] -- Up-to-date: /home/kk/kk_ws/src/kk_driver_package/install/kk_driver_msg/include/kk_driver_msg/kk_driver_msg/msg/detail/key_ctrl__rosidl_typesupport_fastrtps_cpp.hpp
[7.304s] -- Up-to-date: /home/kk/kk_ws/src/kk_driver_package/install/kk_driver_msg/include/kk_driver_msg/kk_driver_msg/msg/detail/core__rosidl_typesupport_fastrtps_cpp.hpp
[7.307s] -- Up-to-date: /home/kk/kk_ws/src/kk_driver_package/install/kk_driver_msg/include/kk_driver_msg/kk_driver_msg/msg/detail/gm6020_status__rosidl_typesupport_fastrtps_cpp.hpp
[7.309s] -- Up-to-date: /home/kk/kk_ws/src/kk_driver_package/install/kk_driver_msg/include/kk_driver_msg/kk_driver_msg/msg/detail/c610_cmd__rosidl_typesupport_fastrtps_cpp.hpp
[7.310s] -- Up-to-date: /home/kk/kk_ws/src/kk_driver_package/install/kk_driver_msg/include/kk_driver_msg/kk_driver_msg/msg/detail/c610_status__rosidl_typesupport_fastrtps_cpp.hpp
[7.314s] -- Up-to-date: /home/kk/kk_ws/src/kk_driver_package/install/kk_driver_msg/include/kk_driver_msg/kk_driver_msg/msg/detail/encoder__rosidl_typesupport_fastrtps_cpp.hpp
[7.316s] -- Up-to-date: /home/kk/kk_ws/src/kk_driver_package/install/kk_driver_msg/include/kk_driver_msg/kk_driver_msg/msg/detail/mouse_ctrl__rosidl_typesupport_fastrtps_cpp.hpp
[7.319s] -- Up-to-date: /home/kk/kk_ws/src/kk_driver_package/install/kk_driver_msg/include/kk_driver_msg/kk_driver_msg/msg/detail/camera_cmd__rosidl_typesupport_fastrtps_cpp.hpp
[7.321s] -- Up-to-date: /home/kk/kk_ws/src/kk_driver_package/install/kk_driver_msg/include/kk_driver_msg/kk_driver_msg/msg/detail/epb_status__rosidl_typesupport_fastrtps_cpp.hpp
[7.323s] -- Up-to-date: /home/kk/kk_ws/src/kk_driver_package/install/kk_driver_msg/include/kk_driver_msg/kk_driver_msg/msg/detail/pwm_status__rosidl_typesupport_fastrtps_cpp.hpp
[7.324s] -- Up-to-date: /home/kk/kk_ws/src/kk_driver_package/install/kk_driver_msg/include/kk_driver_msg/kk_driver_msg/msg/detail/gm6020_cmd__rosidl_typesupport_fastrtps_cpp.hpp
[7.325s] -- Up-to-date: /home/kk/kk_ws/src/kk_driver_package/install/kk_driver_msg/include/kk_driver_msg/kk_driver_msg/msg/detail/epb_cmd__rosidl_typesupport_fastrtps_cpp.hpp
[7.326s] -- Up-to-date: /home/kk/kk_ws/src/kk_driver_package/install/kk_driver_msg/include/kk_driver_msg/kk_driver_msg/msg/detail/motor_cmd__rosidl_typesupport_fastrtps_cpp.hpp
[7.328s] -- Up-to-date: /home/kk/kk_ws/src/kk_driver_package/install/kk_driver_msg/lib/libkk_driver_msg__rosidl_typesupport_fastrtps_cpp.so
[7.328s] -- Up-to-date: /home/kk/kk_ws/src/kk_driver_package/install/kk_driver_msg/include/kk_driver_msg/kk_driver_msg
[7.329s] -- Up-to-date: /home/kk/kk_ws/src/kk_driver_package/install/kk_driver_msg/include/kk_driver_msg/kk_driver_msg/msg
[7.331s] -- Up-to-date: /home/kk/kk_ws/src/kk_driver_package/install/kk_driver_msg/include/kk_driver_msg/kk_driver_msg/msg/detail
[7.332s] -- Up-to-date: /home/kk/kk_ws/src/kk_driver_package/install/kk_driver_msg/include/kk_driver_msg/kk_driver_msg/msg/detail/key_ctrl__rosidl_typesupport_introspection_cpp.hpp
[7.333s] -- Up-to-date: /home/kk/kk_ws/src/kk_driver_package/install/kk_driver_msg/include/kk_driver_msg/kk_driver_msg/msg/detail/pwm_cmd__rosidl_typesupport_introspection_cpp.hpp
[7.334s] -- Up-to-date: /home/kk/kk_ws/src/kk_driver_package/install/kk_driver_msg/include/kk_driver_msg/kk_driver_msg/msg/detail/key_ctrl__type_support.cpp
[7.337s] -- Up-to-date: /home/kk/kk_ws/src/kk_driver_package/install/kk_driver_msg/include/kk_driver_msg/kk_driver_msg/msg/detail/pwm_status__type_support.cpp
[7.338s] -- Up-to-date: /home/kk/kk_ws/src/kk_driver_package/install/kk_driver_msg/include/kk_driver_msg/kk_driver_msg/msg/detail/gm6020_status__rosidl_typesupport_introspection_cpp.hpp
[7.339s] -- Up-to-date: /home/kk/kk_ws/src/kk_driver_package/install/kk_driver_msg/include/kk_driver_msg/kk_driver_msg/msg/detail/gm6020_status__type_support.cpp
[7.342s] -- Up-to-date: /home/kk/kk_ws/src/kk_driver_package/install/kk_driver_msg/include/kk_driver_msg/kk_driver_msg/msg/detail/pwm_status__rosidl_typesupport_introspection_cpp.hpp
[7.344s] -- Up-to-date: /home/kk/kk_ws/src/kk_driver_package/install/kk_driver_msg/include/kk_driver_msg/kk_driver_msg/msg/detail/c610_cmd__type_support.cpp
[7.345s] -- Up-to-date: /home/kk/kk_ws/src/kk_driver_package/install/kk_driver_msg/include/kk_driver_msg/kk_driver_msg/msg/detail/c610_cmd__rosidl_typesupport_introspection_cpp.hpp
[7.347s] -- Up-to-date: /home/kk/kk_ws/src/kk_driver_package/install/kk_driver_msg/include/kk_driver_msg/kk_driver_msg/msg/detail/motor_cmd__type_support.cpp
[7.348s] -- Up-to-date: /home/kk/kk_ws/src/kk_driver_package/install/kk_driver_msg/include/kk_driver_msg/kk_driver_msg/msg/detail/c610_status__type_support.cpp
[7.350s] -- Up-to-date: /home/kk/kk_ws/src/kk_driver_package/install/kk_driver_msg/include/kk_driver_msg/kk_driver_msg/msg/detail/encoder__type_support.cpp
[7.351s] -- Up-to-date: /home/kk/kk_ws/src/kk_driver_package/install/kk_driver_msg/include/kk_driver_msg/kk_driver_msg/msg/detail/c610_status__rosidl_typesupport_introspection_cpp.hpp
[7.352s] -- Up-to-date: /home/kk/kk_ws/src/kk_driver_package/install/kk_driver_msg/include/kk_driver_msg/kk_driver_msg/msg/detail/gm6020_cmd__type_support.cpp
[7.353s] -- Up-to-date: /home/kk/kk_ws/src/kk_driver_package/install/kk_driver_msg/include/kk_driver_msg/kk_driver_msg/msg/detail/mouse_ctrl__rosidl_typesupport_introspection_cpp.hpp
[7.354s] -- Up-to-date: /home/kk/kk_ws/src/kk_driver_package/install/kk_driver_msg/include/kk_driver_msg/kk_driver_msg/msg/detail/pwm_cmd__type_support.cpp
[7.355s] -- Up-to-date: /home/kk/kk_ws/src/kk_driver_package/install/kk_driver_msg/include/kk_driver_msg/kk_driver_msg/msg/detail/bldc_cmd__type_support.cpp
[7.356s] -- Up-to-date: /home/kk/kk_ws/src/kk_driver_package/install/kk_driver_msg/include/kk_driver_msg/kk_driver_msg/msg/detail/core__rosidl_typesupport_introspection_cpp.hpp
[7.358s] -- Up-to-date: /home/kk/kk_ws/src/kk_driver_package/install/kk_driver_msg/include/kk_driver_msg/kk_driver_msg/msg/detail/camera_cmd__type_support.cpp
[7.360s] -- Up-to-date: /home/kk/kk_ws/src/kk_driver_package/install/kk_driver_msg/include/kk_driver_msg/kk_driver_msg/msg/detail/gm6020_cmd__rosidl_typesupport_introspection_cpp.hpp
[7.361s] -- Up-to-date: /home/kk/kk_ws/src/kk_driver_package/install/kk_driver_msg/include/kk_driver_msg/kk_driver_msg/msg/detail/epb_cmd__type_support.cpp
[7.362s] -- Up-to-date: /home/kk/kk_ws/src/kk_driver_package/install/kk_driver_msg/include/kk_driver_msg/kk_driver_msg/msg/detail/motor_cmd__rosidl_typesupport_introspection_cpp.hpp
[7.364s] -- Up-to-date: /home/kk/kk_ws/src/kk_driver_package/install/kk_driver_msg/include/kk_driver_msg/kk_driver_msg/msg/detail/mouse_ctrl__type_support.cpp
[7.365s] -- Up-to-date: /home/kk/kk_ws/src/kk_driver_package/install/kk_driver_msg/include/kk_driver_msg/kk_driver_msg/msg/detail/camera_cmd__rosidl_typesupport_introspection_cpp.hpp
[7.366s] -- Up-to-date: /home/kk/kk_ws/src/kk_driver_package/install/kk_driver_msg/include/kk_driver_msg/kk_driver_msg/msg/detail/core__type_support.cpp
[7.367s] -- Up-to-date: /home/kk/kk_ws/src/kk_driver_package/install/kk_driver_msg/include/kk_driver_msg/kk_driver_msg/msg/detail/epb_status__rosidl_typesupport_introspection_cpp.hpp
[7.368s] -- Up-to-date: /home/kk/kk_ws/src/kk_driver_package/install/kk_driver_msg/include/kk_driver_msg/kk_driver_msg/msg/detail/epb_cmd__rosidl_typesupport_introspection_cpp.hpp
[7.370s] -- Up-to-date: /home/kk/kk_ws/src/kk_driver_package/install/kk_driver_msg/include/kk_driver_msg/kk_driver_msg/msg/detail/epb_status__type_support.cpp
[7.372s] -- Up-to-date: /home/kk/kk_ws/src/kk_driver_package/install/kk_driver_msg/include/kk_driver_msg/kk_driver_msg/msg/detail/encoder__rosidl_typesupport_introspection_cpp.hpp
[7.373s] -- Up-to-date: /home/kk/kk_ws/src/kk_driver_package/install/kk_driver_msg/include/kk_driver_msg/kk_driver_msg/msg/detail/bldc_cmd__rosidl_typesupport_introspection_cpp.hpp
[7.374s] -- Up-to-date: /home/kk/kk_ws/src/kk_driver_package/install/kk_driver_msg/lib/libkk_driver_msg__rosidl_typesupport_introspection_cpp.so
[7.375s] -- Up-to-date: /home/kk/kk_ws/src/kk_driver_package/install/kk_driver_msg/lib/libkk_driver_msg__rosidl_typesupport_cpp.so
[7.376s] -- Up-to-date: /home/kk/kk_ws/src/kk_driver_package/install/kk_driver_msg/share/kk_driver_msg/environment/pythonpath.sh
[7.377s] -- Up-to-date: /home/kk/kk_ws/src/kk_driver_package/install/kk_driver_msg/share/kk_driver_msg/environment/pythonpath.dsv
[7.378s] -- Up-to-date: /home/kk/kk_ws/src/kk_driver_package/install/kk_driver_msg/local/lib/python3.10/dist-packages/kk_driver_msg-0.0.1-py3.10.egg-info
[7.379s] -- Installing: /home/kk/kk_ws/src/kk_driver_package/install/kk_driver_msg/local/lib/python3.10/dist-packages/kk_driver_msg-0.0.1-py3.10.egg-info/PKG-INFO
[7.380s] -- Installing: /home/kk/kk_ws/src/kk_driver_package/install/kk_driver_msg/local/lib/python3.10/dist-packages/kk_driver_msg-0.0.1-py3.10.egg-info/top_level.txt
[7.381s] -- Installing: /home/kk/kk_ws/src/kk_driver_package/install/kk_driver_msg/local/lib/python3.10/dist-packages/kk_driver_msg-0.0.1-py3.10.egg-info/SOURCES.txt
[7.382s] -- Installing: /home/kk/kk_ws/src/kk_driver_package/install/kk_driver_msg/local/lib/python3.10/dist-packages/kk_driver_msg-0.0.1-py3.10.egg-info/dependency_links.txt
[7.383s] -- Up-to-date: /home/kk/kk_ws/src/kk_driver_package/install/kk_driver_msg/local/lib/python3.10/dist-packages/kk_driver_msg
[7.383s] -- Up-to-date: /home/kk/kk_ws/src/kk_driver_package/install/kk_driver_msg/local/lib/python3.10/dist-packages/kk_driver_msg/__init__.py
[7.384s] -- Up-to-date: /home/kk/kk_ws/src/kk_driver_package/install/kk_driver_msg/local/lib/python3.10/dist-packages/kk_driver_msg/kk_driver_msg_s__rosidl_typesupport_introspection_c.cpython-310-aarch64-linux-gnu.so
[7.385s] -- Up-to-date: /home/kk/kk_ws/src/kk_driver_package/install/kk_driver_msg/local/lib/python3.10/dist-packages/kk_driver_msg/libkk_driver_msg__rosidl_generator_py.so
[7.386s] -- Up-to-date: /home/kk/kk_ws/src/kk_driver_package/install/kk_driver_msg/local/lib/python3.10/dist-packages/kk_driver_msg/kk_driver_msg_s__rosidl_typesupport_c.cpython-310-aarch64-linux-gnu.so
[7.387s] -- Up-to-date: /home/kk/kk_ws/src/kk_driver_package/install/kk_driver_msg/local/lib/python3.10/dist-packages/kk_driver_msg/_kk_driver_msg_s.ep.rosidl_typesupport_c.c
[7.388s] -- Up-to-date: /home/kk/kk_ws/src/kk_driver_package/install/kk_driver_msg/local/lib/python3.10/dist-packages/kk_driver_msg/kk_driver_msg_s__rosidl_typesupport_fastrtps_c.cpython-310-aarch64-linux-gnu.so
[7.389s] -- Up-to-date: /home/kk/kk_ws/src/kk_driver_package/install/kk_driver_msg/local/lib/python3.10/dist-packages/kk_driver_msg/_kk_driver_msg_s.ep.rosidl_typesupport_introspection_c.c
[7.390s] -- Up-to-date: /home/kk/kk_ws/src/kk_driver_package/install/kk_driver_msg/local/lib/python3.10/dist-packages/kk_driver_msg/msg
[7.391s] -- Up-to-date: /home/kk/kk_ws/src/kk_driver_package/install/kk_driver_msg/local/lib/python3.10/dist-packages/kk_driver_msg/msg/_gm6020_status_s.c
[7.392s] -- Up-to-date: /home/kk/kk_ws/src/kk_driver_package/install/kk_driver_msg/local/lib/python3.10/dist-packages/kk_driver_msg/msg/_c610_status_s.c
[7.393s] -- Up-to-date: /home/kk/kk_ws/src/kk_driver_package/install/kk_driver_msg/local/lib/python3.10/dist-packages/kk_driver_msg/msg/__init__.py
[7.394s] -- Up-to-date: /home/kk/kk_ws/src/kk_driver_package/install/kk_driver_msg/local/lib/python3.10/dist-packages/kk_driver_msg/msg/_encoder.py
[7.395s] -- Up-to-date: /home/kk/kk_ws/src/kk_driver_package/install/kk_driver_msg/local/lib/python3.10/dist-packages/kk_driver_msg/msg/_pwm_cmd.py
[7.396s] -- Up-to-date: /home/kk/kk_ws/src/kk_driver_package/install/kk_driver_msg/local/lib/python3.10/dist-packages/kk_driver_msg/msg/_motor_cmd_s.c
[7.397s] -- Up-to-date: /home/kk/kk_ws/src/kk_driver_package/install/kk_driver_msg/local/lib/python3.10/dist-packages/kk_driver_msg/msg/_key_ctrl_s.c
[7.398s] -- Up-to-date: /home/kk/kk_ws/src/kk_driver_package/install/kk_driver_msg/local/lib/python3.10/dist-packages/kk_driver_msg/msg/_c610_cmd.py
[7.399s] -- Up-to-date: /home/kk/kk_ws/src/kk_driver_package/install/kk_driver_msg/local/lib/python3.10/dist-packages/kk_driver_msg/msg/_pwm_status.py
[7.401s] -- Up-to-date: /home/kk/kk_ws/src/kk_driver_package/install/kk_driver_msg/local/lib/python3.10/dist-packages/kk_driver_msg/msg/_epb_cmd_s.c
[7.402s] -- Up-to-date: /home/kk/kk_ws/src/kk_driver_package/install/kk_driver_msg/local/lib/python3.10/dist-packages/kk_driver_msg/msg/_camera_cmd.py
[7.403s] -- Up-to-date: /home/kk/kk_ws/src/kk_driver_package/install/kk_driver_msg/local/lib/python3.10/dist-packages/kk_driver_msg/msg/_bldc_cmd.py
[7.404s] -- Up-to-date: /home/kk/kk_ws/src/kk_driver_package/install/kk_driver_msg/local/lib/python3.10/dist-packages/kk_driver_msg/msg/_core.py
[7.405s] -- Up-to-date: /home/kk/kk_ws/src/kk_driver_package/install/kk_driver_msg/local/lib/python3.10/dist-packages/kk_driver_msg/msg/_encoder_s.c
[7.406s] -- Up-to-date: /home/kk/kk_ws/src/kk_driver_package/install/kk_driver_msg/local/lib/python3.10/dist-packages/kk_driver_msg/msg/_epb_status.py
[7.408s] -- Up-to-date: /home/kk/kk_ws/src/kk_driver_package/install/kk_driver_msg/local/lib/python3.10/dist-packages/kk_driver_msg/msg/_core_s.c
[7.409s] -- Up-to-date: /home/kk/kk_ws/src/kk_driver_package/install/kk_driver_msg/local/lib/python3.10/dist-packages/kk_driver_msg/msg/_gm6020_status.py
[7.410s] -- Up-to-date: /home/kk/kk_ws/src/kk_driver_package/install/kk_driver_msg/local/lib/python3.10/dist-packages/kk_driver_msg/msg/_gm6020_cmd.py
[7.411s] -- Up-to-date: /home/kk/kk_ws/src/kk_driver_package/install/kk_driver_msg/local/lib/python3.10/dist-packages/kk_driver_msg/msg/_motor_cmd.py
[7.412s] -- Up-to-date: /home/kk/kk_ws/src/kk_driver_package/install/kk_driver_msg/local/lib/python3.10/dist-packages/kk_driver_msg/msg/_mouse_ctrl.py
[7.413s] -- Up-to-date: /home/kk/kk_ws/src/kk_driver_package/install/kk_driver_msg/local/lib/python3.10/dist-packages/kk_driver_msg/msg/_epb_cmd.py
[7.414s] -- Up-to-date: /home/kk/kk_ws/src/kk_driver_package/install/kk_driver_msg/local/lib/python3.10/dist-packages/kk_driver_msg/msg/_mouse_ctrl_s.c
[7.416s] -- Up-to-date: /home/kk/kk_ws/src/kk_driver_package/install/kk_driver_msg/local/lib/python3.10/dist-packages/kk_driver_msg/msg/_c610_status.py
[7.417s] -- Up-to-date: /home/kk/kk_ws/src/kk_driver_package/install/kk_driver_msg/local/lib/python3.10/dist-packages/kk_driver_msg/msg/_camera_cmd_s.c
[7.418s] -- Up-to-date: /home/kk/kk_ws/src/kk_driver_package/install/kk_driver_msg/local/lib/python3.10/dist-packages/kk_driver_msg/msg/_key_ctrl.py
[7.419s] -- Up-to-date: /home/kk/kk_ws/src/kk_driver_package/install/kk_driver_msg/local/lib/python3.10/dist-packages/kk_driver_msg/msg/_epb_status_s.c
[7.420s] -- Up-to-date: /home/kk/kk_ws/src/kk_driver_package/install/kk_driver_msg/local/lib/python3.10/dist-packages/kk_driver_msg/msg/_pwm_status_s.c
[7.421s] -- Up-to-date: /home/kk/kk_ws/src/kk_driver_package/install/kk_driver_msg/local/lib/python3.10/dist-packages/kk_driver_msg/msg/_bldc_cmd_s.c
[7.422s] -- Up-to-date: /home/kk/kk_ws/src/kk_driver_package/install/kk_driver_msg/local/lib/python3.10/dist-packages/kk_driver_msg/msg/_gm6020_cmd_s.c
[7.423s] -- Up-to-date: /home/kk/kk_ws/src/kk_driver_package/install/kk_driver_msg/local/lib/python3.10/dist-packages/kk_driver_msg/msg/_c610_cmd_s.c
[7.424s] -- Up-to-date: /home/kk/kk_ws/src/kk_driver_package/install/kk_driver_msg/local/lib/python3.10/dist-packages/kk_driver_msg/msg/_pwm_cmd_s.c
[7.425s] -- Up-to-date: /home/kk/kk_ws/src/kk_driver_package/install/kk_driver_msg/local/lib/python3.10/dist-packages/kk_driver_msg/_kk_driver_msg_s.ep.rosidl_typesupport_fastrtps_c.c
[7.782s] Listing '/home/kk/kk_ws/src/kk_driver_package/install/kk_driver_msg/local/lib/python3.10/dist-packages/kk_driver_msg'...
[7.784s] Listing '/home/kk/kk_ws/src/kk_driver_package/install/kk_driver_msg/local/lib/python3.10/dist-packages/kk_driver_msg/msg'...
[7.836s] -- Up-to-date: /home/kk/kk_ws/src/kk_driver_package/install/kk_driver_msg/local/lib/python3.10/dist-packages/kk_driver_msg/kk_driver_msg_s__rosidl_typesupport_fastrtps_c.cpython-310-aarch64-linux-gnu.so
[7.845s] -- Up-to-date: /home/kk/kk_ws/src/kk_driver_package/install/kk_driver_msg/local/lib/python3.10/dist-packages/kk_driver_msg/kk_driver_msg_s__rosidl_typesupport_introspection_c.cpython-310-aarch64-linux-gnu.so
[7.853s] -- Up-to-date: /home/kk/kk_ws/src/kk_driver_package/install/kk_driver_msg/local/lib/python3.10/dist-packages/kk_driver_msg/kk_driver_msg_s__rosidl_typesupport_c.cpython-310-aarch64-linux-gnu.so
[7.859s] -- Up-to-date: /home/kk/kk_ws/src/kk_driver_package/install/kk_driver_msg/lib/libkk_driver_msg__rosidl_generator_py.so
[7.863s] -- Up-to-date: /home/kk/kk_ws/src/kk_driver_package/install/kk_driver_msg/share/kk_driver_msg/msg/EpbCmd.idl
[7.866s] -- Up-to-date: /home/kk/kk_ws/src/kk_driver_package/install/kk_driver_msg/share/kk_driver_msg/msg/PwmCmd.idl
[7.870s] -- Up-to-date: /home/kk/kk_ws/src/kk_driver_package/install/kk_driver_msg/share/kk_driver_msg/msg/MotorCmd.idl
[7.873s] -- Up-to-date: /home/kk/kk_ws/src/kk_driver_package/install/kk_driver_msg/share/kk_driver_msg/msg/BldcCmd.idl
[7.875s] -- Up-to-date: /home/kk/kk_ws/src/kk_driver_package/install/kk_driver_msg/share/kk_driver_msg/msg/C610Cmd.idl
[7.877s] -- Up-to-date: /home/kk/kk_ws/src/kk_driver_package/install/kk_driver_msg/share/kk_driver_msg/msg/C610Status.idl
[7.880s] -- Up-to-date: /home/kk/kk_ws/src/kk_driver_package/install/kk_driver_msg/share/kk_driver_msg/msg/Gm6020Cmd.idl
[7.881s] -- Up-to-date: /home/kk/kk_ws/src/kk_driver_package/install/kk_driver_msg/share/kk_driver_msg/msg/Gm6020Status.idl
[7.883s] -- Up-to-date: /home/kk/kk_ws/src/kk_driver_package/install/kk_driver_msg/share/kk_driver_msg/msg/EpbStatus.idl
[7.885s] -- Up-to-date: /home/kk/kk_ws/src/kk_driver_package/install/kk_driver_msg/share/kk_driver_msg/msg/PwmStatus.idl
[7.888s] -- Up-to-date: /home/kk/kk_ws/src/kk_driver_package/install/kk_driver_msg/share/kk_driver_msg/msg/Encoder.idl
[7.891s] -- Up-to-date: /home/kk/kk_ws/src/kk_driver_package/install/kk_driver_msg/share/kk_driver_msg/msg/KeyCtrl.idl
[7.893s] -- Up-to-date: /home/kk/kk_ws/src/kk_driver_package/install/kk_driver_msg/share/kk_driver_msg/msg/Core.idl
[7.897s] -- Up-to-date: /home/kk/kk_ws/src/kk_driver_package/install/kk_driver_msg/share/kk_driver_msg/msg/CameraCmd.idl
[7.900s] -- Up-to-date: /home/kk/kk_ws/src/kk_driver_package/install/kk_driver_msg/share/kk_driver_msg/msg/MouseCtrl.idl
[7.901s] -- Up-to-date: /home/kk/kk_ws/src/kk_driver_package/install/kk_driver_msg/share/kk_driver_msg/msg/EpbCmd.msg
[7.902s] -- Up-to-date: /home/kk/kk_ws/src/kk_driver_package/install/kk_driver_msg/share/kk_driver_msg/msg/PwmCmd.msg
[7.904s] -- Up-to-date: /home/kk/kk_ws/src/kk_driver_package/install/kk_driver_msg/share/kk_driver_msg/msg/MotorCmd.msg
[7.905s] -- Up-to-date: /home/kk/kk_ws/src/kk_driver_package/install/kk_driver_msg/share/kk_driver_msg/msg/BldcCmd.msg
[7.907s] -- Up-to-date: /home/kk/kk_ws/src/kk_driver_package/install/kk_driver_msg/share/kk_driver_msg/msg/C610Cmd.msg
[7.909s] -- Up-to-date: /home/kk/kk_ws/src/kk_driver_package/install/kk_driver_msg/share/kk_driver_msg/msg/C610Status.msg
[7.910s] -- Up-to-date: /home/kk/kk_ws/src/kk_driver_package/install/kk_driver_msg/share/kk_driver_msg/msg/Gm6020Cmd.msg
[7.912s] -- Up-to-date: /home/kk/kk_ws/src/kk_driver_package/install/kk_driver_msg/share/kk_driver_msg/msg/Gm6020Status.msg
[7.914s] -- Up-to-date: /home/kk/kk_ws/src/kk_driver_package/install/kk_driver_msg/share/kk_driver_msg/msg/EpbStatus.msg
[7.918s] -- Up-to-date: /home/kk/kk_ws/src/kk_driver_package/install/kk_driver_msg/share/kk_driver_msg/msg/PwmStatus.msg
[7.923s] -- Up-to-date: /home/kk/kk_ws/src/kk_driver_package/install/kk_driver_msg/share/kk_driver_msg/msg/Encoder.msg
[7.924s] -- Up-to-date: /home/kk/kk_ws/src/kk_driver_package/install/kk_driver_msg/share/kk_driver_msg/msg/KeyCtrl.msg
[7.926s] -- Up-to-date: /home/kk/kk_ws/src/kk_driver_package/install/kk_driver_msg/share/kk_driver_msg/msg/Core.msg
[7.927s] -- Up-to-date: /home/kk/kk_ws/src/kk_driver_package/install/kk_driver_msg/share/kk_driver_msg/msg/CameraCmd.msg
[7.928s] -- Up-to-date: /home/kk/kk_ws/src/kk_driver_package/install/kk_driver_msg/share/kk_driver_msg/msg/MouseCtrl.msg
[7.929s] -- Up-to-date: /home/kk/kk_ws/src/kk_driver_package/install/kk_driver_msg/share/ament_index/resource_index/package_run_dependencies/kk_driver_msg
[7.931s] -- Up-to-date: /home/kk/kk_ws/src/kk_driver_package/install/kk_driver_msg/share/ament_index/resource_index/parent_prefix_path/kk_driver_msg
[7.933s] -- Up-to-date: /home/kk/kk_ws/src/kk_driver_package/install/kk_driver_msg/share/kk_driver_msg/environment/ament_prefix_path.sh
[7.934s] -- Up-to-date: /home/kk/kk_ws/src/kk_driver_package/install/kk_driver_msg/share/kk_driver_msg/environment/ament_prefix_path.dsv
[7.936s] -- Up-to-date: /home/kk/kk_ws/src/kk_driver_package/install/kk_driver_msg/share/kk_driver_msg/environment/path.sh
[7.937s] -- Up-to-date: /home/kk/kk_ws/src/kk_driver_package/install/kk_driver_msg/share/kk_driver_msg/environment/path.dsv
[7.939s] -- Up-to-date: /home/kk/kk_ws/src/kk_driver_package/install/kk_driver_msg/share/kk_driver_msg/local_setup.bash
[7.940s] -- Up-to-date: /home/kk/kk_ws/src/kk_driver_package/install/kk_driver_msg/share/kk_driver_msg/local_setup.sh
[7.941s] -- Up-to-date: /home/kk/kk_ws/src/kk_driver_package/install/kk_driver_msg/share/kk_driver_msg/local_setup.zsh
[7.945s] -- Up-to-date: /home/kk/kk_ws/src/kk_driver_package/install/kk_driver_msg/share/kk_driver_msg/local_setup.dsv
[7.946s] -- Installing: /home/kk/kk_ws/src/kk_driver_package/install/kk_driver_msg/share/kk_driver_msg/package.dsv
[7.951s] -- Up-to-date: /home/kk/kk_ws/src/kk_driver_package/install/kk_driver_msg/share/ament_index/resource_index/packages/kk_driver_msg
[7.953s] -- Up-to-date: /home/kk/kk_ws/src/kk_driver_package/install/kk_driver_msg/share/kk_driver_msg/cmake/export_kk_driver_msg__rosidl_generator_cExport.cmake
[7.955s] -- Up-to-date: /home/kk/kk_ws/src/kk_driver_package/install/kk_driver_msg/share/kk_driver_msg/cmake/export_kk_driver_msg__rosidl_generator_cExport-noconfig.cmake
[7.957s] -- Up-to-date: /home/kk/kk_ws/src/kk_driver_package/install/kk_driver_msg/share/kk_driver_msg/cmake/export_kk_driver_msg__rosidl_typesupport_fastrtps_cExport.cmake
[7.958s] -- Up-to-date: /home/kk/kk_ws/src/kk_driver_package/install/kk_driver_msg/share/kk_driver_msg/cmake/export_kk_driver_msg__rosidl_typesupport_fastrtps_cExport-noconfig.cmake
[7.960s] -- Up-to-date: /home/kk/kk_ws/src/kk_driver_package/install/kk_driver_msg/share/kk_driver_msg/cmake/kk_driver_msg__rosidl_typesupport_introspection_cExport.cmake
[7.962s] -- Up-to-date: /home/kk/kk_ws/src/kk_driver_package/install/kk_driver_msg/share/kk_driver_msg/cmake/kk_driver_msg__rosidl_typesupport_introspection_cExport-noconfig.cmake
[7.964s] -- Up-to-date: /home/kk/kk_ws/src/kk_driver_package/install/kk_driver_msg/share/kk_driver_msg/cmake/kk_driver_msg__rosidl_typesupport_cExport.cmake
[7.966s] -- Up-to-date: /home/kk/kk_ws/src/kk_driver_package/install/kk_driver_msg/share/kk_driver_msg/cmake/kk_driver_msg__rosidl_typesupport_cExport-noconfig.cmake
[7.967s] -- Up-to-date: /home/kk/kk_ws/src/kk_driver_package/install/kk_driver_msg/share/kk_driver_msg/cmake/export_kk_driver_msg__rosidl_generator_cppExport.cmake
[7.969s] -- Up-to-date: /home/kk/kk_ws/src/kk_driver_package/install/kk_driver_msg/share/kk_driver_msg/cmake/export_kk_driver_msg__rosidl_typesupport_fastrtps_cppExport.cmake
[7.972s] -- Up-to-date: /home/kk/kk_ws/src/kk_driver_package/install/kk_driver_msg/share/kk_driver_msg/cmake/export_kk_driver_msg__rosidl_typesupport_fastrtps_cppExport-noconfig.cmake
[7.973s] -- Up-to-date: /home/kk/kk_ws/src/kk_driver_package/install/kk_driver_msg/share/kk_driver_msg/cmake/kk_driver_msg__rosidl_typesupport_introspection_cppExport.cmake
[7.975s] -- Up-to-date: /home/kk/kk_ws/src/kk_driver_package/install/kk_driver_msg/share/kk_driver_msg/cmake/kk_driver_msg__rosidl_typesupport_introspection_cppExport-noconfig.cmake
[7.977s] -- Up-to-date: /home/kk/kk_ws/src/kk_driver_package/install/kk_driver_msg/share/kk_driver_msg/cmake/kk_driver_msg__rosidl_typesupport_cppExport.cmake
[7.979s] -- Up-to-date: /home/kk/kk_ws/src/kk_driver_package/install/kk_driver_msg/share/kk_driver_msg/cmake/kk_driver_msg__rosidl_typesupport_cppExport-noconfig.cmake
[7.980s] -- Up-to-date: /home/kk/kk_ws/src/kk_driver_package/install/kk_driver_msg/share/kk_driver_msg/cmake/export_kk_driver_msg__rosidl_generator_pyExport.cmake
[7.982s] -- Up-to-date: /home/kk/kk_ws/src/kk_driver_package/install/kk_driver_msg/share/kk_driver_msg/cmake/export_kk_driver_msg__rosidl_generator_pyExport-noconfig.cmake
[7.984s] -- Up-to-date: /home/kk/kk_ws/src/kk_driver_package/install/kk_driver_msg/share/kk_driver_msg/cmake/rosidl_cmake-extras.cmake
[7.986s] -- Up-to-date: /home/kk/kk_ws/src/kk_driver_package/install/kk_driver_msg/share/kk_driver_msg/cmake/ament_cmake_export_include_directories-extras.cmake
[7.987s] -- Up-to-date: /home/kk/kk_ws/src/kk_driver_package/install/kk_driver_msg/share/kk_driver_msg/cmake/ament_cmake_export_libraries-extras.cmake
[7.988s] -- Up-to-date: /home/kk/kk_ws/src/kk_driver_package/install/kk_driver_msg/share/kk_driver_msg/cmake/ament_cmake_export_targets-extras.cmake
[7.989s] -- Up-to-date: /home/kk/kk_ws/src/kk_driver_package/install/kk_driver_msg/share/kk_driver_msg/cmake/rosidl_cmake_export_typesupport_targets-extras.cmake
[7.991s] -- Up-to-date: /home/kk/kk_ws/src/kk_driver_package/install/kk_driver_msg/share/kk_driver_msg/cmake/ament_cmake_export_dependencies-extras.cmake
[7.992s] -- Up-to-date: /home/kk/kk_ws/src/kk_driver_package/install/kk_driver_msg/share/kk_driver_msg/cmake/rosidl_cmake_export_typesupport_libraries-extras.cmake
[7.993s] -- Up-to-date: /home/kk/kk_ws/src/kk_driver_package/install/kk_driver_msg/share/kk_driver_msg/cmake/kk_driver_msgConfig.cmake
[7.994s] -- Up-to-date: /home/kk/kk_ws/src/kk_driver_package/install/kk_driver_msg/share/kk_driver_msg/cmake/kk_driver_msgConfig-version.cmake
[7.996s] -- Up-to-date: /home/kk/kk_ws/src/kk_driver_package/install/kk_driver_msg/share/kk_driver_msg/package.xml
[8.013s] Invoked command in '/home/kk/kk_ws/src/kk_driver_package/build/kk_driver_msg' returned '0': CMAKE_PREFIX_PATH=${CMAKE_PREFIX_PATH}:/home/kk/kk_ws/install/kk_simulator:/home/kk/kk_ws/install/kk_receiver:/home/kk/kk_ws/install/core_camera:/opt/ros/humble /usr/bin/cmake --install /home/kk/kk_ws/src/kk_driver_package/build/kk_driver_msg
