running egg_info
creating ../build/kk_simulator/kk_simulator.egg-info
writing ../build/kk_simulator/kk_simulator.egg-info/PKG-INFO
writing dependency_links to ../build/kk_simulator/kk_simulator.egg-info/dependency_links.txt
writing entry points to ../build/kk_simulator/kk_simulator.egg-info/entry_points.txt
writing requirements to ../build/kk_simulator/kk_simulator.egg-info/requires.txt
writing top-level names to ../build/kk_simulator/kk_simulator.egg-info/top_level.txt
writing manifest file '../build/kk_simulator/kk_simulator.egg-info/SOURCES.txt'
reading manifest file '../build/kk_simulator/kk_simulator.egg-info/SOURCES.txt'
writing manifest file '../build/kk_simulator/kk_simulator.egg-info/SOURCES.txt'
running build
running build_py
creating /home/kk/kk_ws/src/kk_driver_package/build/kk_simulator/build
creating /home/kk/kk_ws/src/kk_driver_package/build/kk_simulator/build/lib
creating /home/kk/kk_ws/src/kk_driver_package/build/kk_simulator/build/lib/kk_simulator
copying kk_simulator/__init__.py -> /home/kk/kk_ws/src/kk_driver_package/build/kk_simulator/build/lib/kk_simulator
copying kk_simulator/servo.py -> /home/kk/kk_ws/src/kk_driver_package/build/kk_simulator/build/lib/kk_simulator
copying kk_simulator/gm6020.py -> /home/kk/kk_ws/src/kk_driver_package/build/kk_simulator/build/lib/kk_simulator
running install
running install_lib
creating /home/kk/kk_ws/src/kk_driver_package/install/kk_simulator/lib/python3.10/site-packages/kk_simulator
copying /home/kk/kk_ws/src/kk_driver_package/build/kk_simulator/build/lib/kk_simulator/__init__.py -> /home/kk/kk_ws/src/kk_driver_package/install/kk_simulator/lib/python3.10/site-packages/kk_simulator
copying /home/kk/kk_ws/src/kk_driver_package/build/kk_simulator/build/lib/kk_simulator/servo.py -> /home/kk/kk_ws/src/kk_driver_package/install/kk_simulator/lib/python3.10/site-packages/kk_simulator
copying /home/kk/kk_ws/src/kk_driver_package/build/kk_simulator/build/lib/kk_simulator/gm6020.py -> /home/kk/kk_ws/src/kk_driver_package/install/kk_simulator/lib/python3.10/site-packages/kk_simulator
byte-compiling /home/kk/kk_ws/src/kk_driver_package/install/kk_simulator/lib/python3.10/site-packages/kk_simulator/__init__.py to __init__.cpython-310.pyc
byte-compiling /home/kk/kk_ws/src/kk_driver_package/install/kk_simulator/lib/python3.10/site-packages/kk_simulator/servo.py to servo.cpython-310.pyc
byte-compiling /home/kk/kk_ws/src/kk_driver_package/install/kk_simulator/lib/python3.10/site-packages/kk_simulator/gm6020.py to gm6020.cpython-310.pyc
running install_data
creating /home/kk/kk_ws/src/kk_driver_package/install/kk_simulator/share/ament_index
creating /home/kk/kk_ws/src/kk_driver_package/install/kk_simulator/share/ament_index/resource_index
creating /home/kk/kk_ws/src/kk_driver_package/install/kk_simulator/share/ament_index/resource_index/packages
copying resource/kk_simulator -> /home/kk/kk_ws/src/kk_driver_package/install/kk_simulator/share/ament_index/resource_index/packages
copying package.xml -> /home/kk/kk_ws/src/kk_driver_package/install/kk_simulator/share/kk_simulator
creating /home/kk/kk_ws/src/kk_driver_package/install/kk_simulator/share/kk_simulator/resource
creating /home/kk/kk_ws/src/kk_driver_package/install/kk_simulator/share/kk_simulator/resource/web
copying resource/web/index.html -> /home/kk/kk_ws/src/kk_driver_package/install/kk_simulator/share/kk_simulator/resource/web
running install_egg_info
Copying ../build/kk_simulator/kk_simulator.egg-info to /home/kk/kk_ws/src/kk_driver_package/install/kk_simulator/lib/python3.10/site-packages/kk_simulator-0.0.0-py3.10.egg-info
running install_scripts
Installing gm6020 script to /home/kk/kk_ws/src/kk_driver_package/install/kk_simulator/lib/kk_simulator
Installing servo script to /home/kk/kk_ws/src/kk_driver_package/install/kk_simulator/lib/kk_simulator
writing list of installed files to '/home/kk/kk_ws/src/kk_driver_package/build/kk_simulator/install.log'
