[8.655s] Invoking command in '/home/kk/kk_ws/src/kk_driver_package/kk_simulator': PYTHONPATH=/home/kk/kk_ws/src/kk_driver_package/build/kk_simulator/prefix_override:/usr/lib/python3/dist-packages/colcon_core/task/python/colcon_distutils_commands:/home/kk/kk_ws/src/kk_driver_package/install/kk_simulator/lib/python3.10/site-packages:${PYTHONPATH} /usr/bin/python3 -W ignore:setup.py install is deprecated -W ignore:easy_install command is deprecated setup.py egg_info --egg-base ../build/kk_simulator build --build-base /home/kk/kk_ws/src/kk_driver_package/build/kk_simulator/build install --record /home/kk/kk_ws/src/kk_driver_package/build/kk_simulator/install.log --single-version-externally-managed install_data
[11.629s] running egg_info
[11.635s] creating ../build/kk_simulator/kk_simulator.egg-info
[11.638s] writing ../build/kk_simulator/kk_simulator.egg-info/PKG-INFO
[11.646s] writing dependency_links to ../build/kk_simulator/kk_simulator.egg-info/dependency_links.txt
[11.647s] writing entry points to ../build/kk_simulator/kk_simulator.egg-info/entry_points.txt
[11.649s] writing requirements to ../build/kk_simulator/kk_simulator.egg-info/requires.txt
[11.650s] writing top-level names to ../build/kk_simulator/kk_simulator.egg-info/top_level.txt
[11.651s] writing manifest file '../build/kk_simulator/kk_simulator.egg-info/SOURCES.txt'
[11.664s] reading manifest file '../build/kk_simulator/kk_simulator.egg-info/SOURCES.txt'
[11.673s] writing manifest file '../build/kk_simulator/kk_simulator.egg-info/SOURCES.txt'
[11.675s] running build
[11.679s] running build_py
[11.681s] creating /home/kk/kk_ws/src/kk_driver_package/build/kk_simulator/build
[11.682s] creating /home/kk/kk_ws/src/kk_driver_package/build/kk_simulator/build/lib
[11.683s] creating /home/kk/kk_ws/src/kk_driver_package/build/kk_simulator/build/lib/kk_simulator
[11.684s] copying kk_simulator/__init__.py -> /home/kk/kk_ws/src/kk_driver_package/build/kk_simulator/build/lib/kk_simulator
[11.686s] copying kk_simulator/servo.py -> /home/kk/kk_ws/src/kk_driver_package/build/kk_simulator/build/lib/kk_simulator
[11.687s] copying kk_simulator/gm6020.py -> /home/kk/kk_ws/src/kk_driver_package/build/kk_simulator/build/lib/kk_simulator
[11.688s] running install
[11.690s] running install_lib
[11.697s] creating /home/kk/kk_ws/src/kk_driver_package/install/kk_simulator/lib/python3.10/site-packages/kk_simulator
[11.699s] copying /home/kk/kk_ws/src/kk_driver_package/build/kk_simulator/build/lib/kk_simulator/__init__.py -> /home/kk/kk_ws/src/kk_driver_package/install/kk_simulator/lib/python3.10/site-packages/kk_simulator
[11.700s] copying /home/kk/kk_ws/src/kk_driver_package/build/kk_simulator/build/lib/kk_simulator/servo.py -> /home/kk/kk_ws/src/kk_driver_package/install/kk_simulator/lib/python3.10/site-packages/kk_simulator
[11.702s] copying /home/kk/kk_ws/src/kk_driver_package/build/kk_simulator/build/lib/kk_simulator/gm6020.py -> /home/kk/kk_ws/src/kk_driver_package/install/kk_simulator/lib/python3.10/site-packages/kk_simulator
[11.709s] byte-compiling /home/kk/kk_ws/src/kk_driver_package/install/kk_simulator/lib/python3.10/site-packages/kk_simulator/__init__.py to __init__.cpython-310.pyc
[11.712s] byte-compiling /home/kk/kk_ws/src/kk_driver_package/install/kk_simulator/lib/python3.10/site-packages/kk_simulator/servo.py to servo.cpython-310.pyc
[11.723s] byte-compiling /home/kk/kk_ws/src/kk_driver_package/install/kk_simulator/lib/python3.10/site-packages/kk_simulator/gm6020.py to gm6020.cpython-310.pyc
[11.731s] running install_data
[11.732s] creating /home/kk/kk_ws/src/kk_driver_package/install/kk_simulator/share/ament_index
[11.735s] creating /home/kk/kk_ws/src/kk_driver_package/install/kk_simulator/share/ament_index/resource_index
[11.736s] creating /home/kk/kk_ws/src/kk_driver_package/install/kk_simulator/share/ament_index/resource_index/packages
[11.737s] copying resource/kk_simulator -> /home/kk/kk_ws/src/kk_driver_package/install/kk_simulator/share/ament_index/resource_index/packages
[11.739s] copying package.xml -> /home/kk/kk_ws/src/kk_driver_package/install/kk_simulator/share/kk_simulator
[11.740s] creating /home/kk/kk_ws/src/kk_driver_package/install/kk_simulator/share/kk_simulator/resource
[11.742s] creating /home/kk/kk_ws/src/kk_driver_package/install/kk_simulator/share/kk_simulator/resource/web
[11.743s] copying resource/web/index.html -> /home/kk/kk_ws/src/kk_driver_package/install/kk_simulator/share/kk_simulator/resource/web
[11.744s] running install_egg_info
[11.763s] Copying ../build/kk_simulator/kk_simulator.egg-info to /home/kk/kk_ws/src/kk_driver_package/install/kk_simulator/lib/python3.10/site-packages/kk_simulator-0.0.0-py3.10.egg-info
[11.779s] running install_scripts
[11.999s] Installing gm6020 script to /home/kk/kk_ws/src/kk_driver_package/install/kk_simulator/lib/kk_simulator
[12.001s] Installing servo script to /home/kk/kk_ws/src/kk_driver_package/install/kk_simulator/lib/kk_simulator
[12.004s] writing list of installed files to '/home/kk/kk_ws/src/kk_driver_package/build/kk_simulator/install.log'
[12.236s] Invoked command in '/home/kk/kk_ws/src/kk_driver_package/kk_simulator' returned '0': PYTHONPATH=/home/kk/kk_ws/src/kk_driver_package/build/kk_simulator/prefix_override:/usr/lib/python3/dist-packages/colcon_core/task/python/colcon_distutils_commands:/home/kk/kk_ws/src/kk_driver_package/install/kk_simulator/lib/python3.10/site-packages:${PYTHONPATH} /usr/bin/python3 -W ignore:setup.py install is deprecated -W ignore:easy_install command is deprecated setup.py egg_info --egg-base ../build/kk_simulator build --build-base /home/kk/kk_ws/src/kk_driver_package/build/kk_simulator/build install --record /home/kk/kk_ws/src/kk_driver_package/build/kk_simulator/install.log --single-version-externally-managed install_data
