[0.236s] Invoking command in '/home/kk/kk_ws/src/kk_driver_package/build/kk_driver_msg': CMAKE_PREFIX_PATH=${CMAKE_PREFIX_PATH}:/home/kk/kk_ws/install/kk_simulator:/home/kk/kk_ws/install/kk_receiver:/home/kk/kk_ws/install/core_camera:/opt/ros/humble /usr/bin/cmake --build /home/kk/kk_ws/src/kk_driver_package/build/kk_driver_msg -- -j4 -l4
[0.624s] -- Found ament_cmake: 1.3.11 (/opt/ros/humble/share/ament_cmake/cmake)
[2.470s] -- Found rosidl_default_generators: 1.2.0 (/opt/ros/humble/share/rosidl_default_generators/cmake)
[2.480s] -- Using all available rosidl_typesupport_c: rosidl_typesupport_fastrtps_c;rosidl_typesupport_introspection_c
[2.493s] -- Found rosidl_adapter: 3.1.6 (/opt/ros/humble/share/rosidl_adapter/cmake)
[2.914s] -- Using all available rosidl_typesupport_cpp: rosidl_typesupport_fastrtps_cpp;rosidl_typesupport_introspection_cpp
[7.106s] -- Found ament_cmake_ros: 0.10.0 (/opt/ros/humble/share/ament_cmake_ros/cmake)
[9.684s] -- Using all available rosidl_typesupport_c: rosidl_typesupport_fastrtps_c;rosidl_typesupport_introspection_c
[12.715s] -- Using all available rosidl_typesupport_cpp: rosidl_typesupport_fastrtps_cpp;rosidl_typesupport_introspection_cpp
[13.011s] -- Found python_cmake_module: 0.10.0 (/opt/ros/humble/share/python_cmake_module/cmake)
[13.368s] -- Using PYTHON_EXECUTABLE: /usr/bin/python3
[13.370s] -- Using PYTHON_INCLUDE_DIRS: /usr/include/python3.10
[13.373s] -- Using PYTHON_LIBRARIES: /usr/lib/aarch64-linux-gnu/libpython3.10.so
[13.519s] -- Found ament_lint_auto: 0.12.11 (/opt/ros/humble/share/ament_lint_auto/cmake)
[13.672s] -- Added test 'lint_cmake' to check CMake code style
[13.705s] -- Added test 'xmllint' to check XML markup files
[13.734s] -- Configuring done
[14.459s] -- Generating done
[14.615s] -- Build files have been written to: /home/kk/kk_ws/src/kk_driver_package/build/kk_driver_msg
[14.905s] [  1%] [34m[1mGenerating C code for ROS interfaces[0m
[15.069s] [  1%] [34m[1mGenerating C++ code for ROS interfaces[0m
[15.239s] [  1%] Built target ament_cmake_python_copy_kk_driver_msg
[18.902s] running egg_info
[18.910s] writing kk_driver_msg.egg-info/PKG-INFO
[18.914s] writing dependency_links to kk_driver_msg.egg-info/dependency_links.txt
[18.918s] writing top-level names to kk_driver_msg.egg-info/top_level.txt
[18.944s] reading manifest file 'kk_driver_msg.egg-info/SOURCES.txt'
[18.955s] writing manifest file 'kk_driver_msg.egg-info/SOURCES.txt'
[19.186s] [  1%] Built target ament_cmake_python_build_kk_driver_msg_egg
[28.731s] [  1%] Built target kk_driver_msg__cpp
[28.997s] [  2%] [34m[1mGenerating C++ type support dispatch for ROS interfaces[0m
[29.287s] [  3%] [34m[1mGenerating C++ type support for eProsima Fast-RTPS[0m
[29.465s] [  3%] [34m[1mGenerating C++ introspection for ROS interfaces[0m
[31.458s] [35m[1mConsolidate compiler generated dependencies of target kk_driver_msg__rosidl_generator_c[0m
[31.737s] [  3%] [32mBuilding C object CMakeFiles/kk_driver_msg__rosidl_generator_c.dir/rosidl_generator_c/kk_driver_msg/msg/detail/epb_cmd__functions.c.o[0m
[32.638s] [  4%] [32mBuilding C object CMakeFiles/kk_driver_msg__rosidl_generator_c.dir/rosidl_generator_c/kk_driver_msg/msg/detail/pwm_cmd__functions.c.o[0m
[33.672s] [  5%] [32mBuilding C object CMakeFiles/kk_driver_msg__rosidl_generator_c.dir/rosidl_generator_c/kk_driver_msg/msg/detail/motor_cmd__functions.c.o[0m
[34.597s] [  5%] [32mBuilding C object CMakeFiles/kk_driver_msg__rosidl_generator_c.dir/rosidl_generator_c/kk_driver_msg/msg/detail/bldc_cmd__functions.c.o[0m
[35.352s] [  6%] [32mBuilding C object CMakeFiles/kk_driver_msg__rosidl_generator_c.dir/rosidl_generator_c/kk_driver_msg/msg/detail/c610_cmd__functions.c.o[0m
[36.235s] [  7%] [32mBuilding C object CMakeFiles/kk_driver_msg__rosidl_generator_c.dir/rosidl_generator_c/kk_driver_msg/msg/detail/c610_status__functions.c.o[0m
[37.265s] [  7%] [32mBuilding C object CMakeFiles/kk_driver_msg__rosidl_generator_c.dir/rosidl_generator_c/kk_driver_msg/msg/detail/gm6020_cmd__functions.c.o[0m
[37.999s] [  8%] [32mBuilding C object CMakeFiles/kk_driver_msg__rosidl_generator_c.dir/rosidl_generator_c/kk_driver_msg/msg/detail/gm6020_status__functions.c.o[0m
[38.443s] [35m[1mConsolidate compiler generated dependencies of target kk_driver_msg__rosidl_typesupport_cpp[0m
[38.801s] [  9%] [32mBuilding C object CMakeFiles/kk_driver_msg__rosidl_generator_c.dir/rosidl_generator_c/kk_driver_msg/msg/detail/epb_status__functions.c.o[0m
[38.810s] [ 10%] [32mBuilding CXX object CMakeFiles/kk_driver_msg__rosidl_typesupport_cpp.dir/rosidl_typesupport_cpp/kk_driver_msg/msg/epb_cmd__type_support.cpp.o[0m
[39.596s] [ 11%] [32mBuilding C object CMakeFiles/kk_driver_msg__rosidl_generator_c.dir/rosidl_generator_c/kk_driver_msg/msg/detail/pwm_status__functions.c.o[0m
[40.730s] [ 11%] [32mBuilding C object CMakeFiles/kk_driver_msg__rosidl_generator_c.dir/rosidl_generator_c/kk_driver_msg/msg/detail/encoder__functions.c.o[0m
[41.557s] [ 12%] [32mBuilding C object CMakeFiles/kk_driver_msg__rosidl_generator_c.dir/rosidl_generator_c/kk_driver_msg/msg/detail/key_ctrl__functions.c.o[0m
[42.370s] [ 13%] [32mBuilding C object CMakeFiles/kk_driver_msg__rosidl_generator_c.dir/rosidl_generator_c/kk_driver_msg/msg/detail/core__functions.c.o[0m
[42.753s] [35m[1mConsolidate compiler generated dependencies of target kk_driver_msg__rosidl_typesupport_introspection_cpp[0m
[43.047s] [35m[1mConsolidate compiler generated dependencies of target kk_driver_msg__rosidl_typesupport_fastrtps_cpp[0m
[43.063s] [ 13%] [32mBuilding C object CMakeFiles/kk_driver_msg__rosidl_generator_c.dir/rosidl_generator_c/kk_driver_msg/msg/detail/camera_cmd__functions.c.o[0m
[43.066s] [ 13%] [32mBuilding CXX object CMakeFiles/kk_driver_msg__rosidl_typesupport_cpp.dir/rosidl_typesupport_cpp/kk_driver_msg/msg/pwm_cmd__type_support.cpp.o[0m
[43.092s] [ 14%] [32mBuilding CXX object CMakeFiles/kk_driver_msg__rosidl_typesupport_introspection_cpp.dir/rosidl_typesupport_introspection_cpp/kk_driver_msg/msg/detail/epb_cmd__type_support.cpp.o[0m
[43.463s] [ 15%] [32mBuilding CXX object CMakeFiles/kk_driver_msg__rosidl_typesupport_fastrtps_cpp.dir/rosidl_typesupport_fastrtps_cpp/kk_driver_msg/msg/detail/dds_fastrtps/epb_cmd__type_support.cpp.o[0m
[43.854s] [ 16%] [32mBuilding C object CMakeFiles/kk_driver_msg__rosidl_generator_c.dir/rosidl_generator_c/kk_driver_msg/msg/detail/mouse_ctrl__functions.c.o[0m
[44.534s] [ 17%] [32m[1mLinking C shared library libkk_driver_msg__rosidl_generator_c.so[0m
[45.189s] [ 17%] Built target kk_driver_msg__rosidl_generator_c
[45.438s] [ 18%] [32mBuilding CXX object CMakeFiles/kk_driver_msg__rosidl_typesupport_introspection_cpp.dir/rosidl_typesupport_introspection_cpp/kk_driver_msg/msg/detail/pwm_cmd__type_support.cpp.o[0m
[47.625s] [ 19%] [32mBuilding CXX object CMakeFiles/kk_driver_msg__rosidl_typesupport_cpp.dir/rosidl_typesupport_cpp/kk_driver_msg/msg/motor_cmd__type_support.cpp.o[0m
[48.412s] [ 19%] [32mBuilding CXX object CMakeFiles/kk_driver_msg__rosidl_typesupport_introspection_cpp.dir/rosidl_typesupport_introspection_cpp/kk_driver_msg/msg/detail/motor_cmd__type_support.cpp.o[0m
[50.457s] [ 20%] [32mBuilding CXX object CMakeFiles/kk_driver_msg__rosidl_typesupport_fastrtps_cpp.dir/rosidl_typesupport_fastrtps_cpp/kk_driver_msg/msg/detail/dds_fastrtps/pwm_cmd__type_support.cpp.o[0m
[52.049s] [ 21%] [32mBuilding CXX object CMakeFiles/kk_driver_msg__rosidl_typesupport_cpp.dir/rosidl_typesupport_cpp/kk_driver_msg/msg/bldc_cmd__type_support.cpp.o[0m
[52.350s] [ 22%] [32mBuilding CXX object CMakeFiles/kk_driver_msg__rosidl_typesupport_introspection_cpp.dir/rosidl_typesupport_introspection_cpp/kk_driver_msg/msg/detail/bldc_cmd__type_support.cpp.o[0m
[55.551s] [ 23%] [32mBuilding CXX object CMakeFiles/kk_driver_msg__rosidl_typesupport_introspection_cpp.dir/rosidl_typesupport_introspection_cpp/kk_driver_msg/msg/detail/c610_cmd__type_support.cpp.o[0m
[56.257s] [ 23%] [32mBuilding CXX object CMakeFiles/kk_driver_msg__rosidl_typesupport_cpp.dir/rosidl_typesupport_cpp/kk_driver_msg/msg/c610_cmd__type_support.cpp.o[0m
[58.105s] [ 23%] [32mBuilding CXX object CMakeFiles/kk_driver_msg__rosidl_typesupport_fastrtps_cpp.dir/rosidl_typesupport_fastrtps_cpp/kk_driver_msg/msg/detail/dds_fastrtps/motor_cmd__type_support.cpp.o[0m
[59.550s] [ 24%] [32mBuilding CXX object CMakeFiles/kk_driver_msg__rosidl_typesupport_fastrtps_cpp.dir/rosidl_typesupport_fastrtps_cpp/kk_driver_msg/msg/detail/dds_fastrtps/bldc_cmd__type_support.cpp.o[0m
[60.735s] [ 25%] [32mBuilding CXX object CMakeFiles/kk_driver_msg__rosidl_typesupport_cpp.dir/rosidl_typesupport_cpp/kk_driver_msg/msg/c610_status__type_support.cpp.o[0m
[62.185s] [ 26%] [32mBuilding CXX object CMakeFiles/kk_driver_msg__rosidl_typesupport_introspection_cpp.dir/rosidl_typesupport_introspection_cpp/kk_driver_msg/msg/detail/c610_status__type_support.cpp.o[0m
[64.995s] [ 27%] [32mBuilding CXX object CMakeFiles/kk_driver_msg__rosidl_typesupport_cpp.dir/rosidl_typesupport_cpp/kk_driver_msg/msg/gm6020_cmd__type_support.cpp.o[0m
[65.842s] [ 28%] [32mBuilding CXX object CMakeFiles/kk_driver_msg__rosidl_typesupport_fastrtps_cpp.dir/rosidl_typesupport_fastrtps_cpp/kk_driver_msg/msg/detail/dds_fastrtps/c610_cmd__type_support.cpp.o[0m
[66.844s] [ 29%] [32mBuilding CXX object CMakeFiles/kk_driver_msg__rosidl_typesupport_cpp.dir/rosidl_typesupport_cpp/kk_driver_msg/msg/gm6020_status__type_support.cpp.o[0m
[68.314s] [ 29%] [32mBuilding CXX object CMakeFiles/kk_driver_msg__rosidl_typesupport_introspection_cpp.dir/rosidl_typesupport_introspection_cpp/kk_driver_msg/msg/detail/gm6020_cmd__type_support.cpp.o[0m
[69.604s] [ 29%] [32mBuilding CXX object CMakeFiles/kk_driver_msg__rosidl_typesupport_cpp.dir/rosidl_typesupport_cpp/kk_driver_msg/msg/epb_status__type_support.cpp.o[0m
[71.051s] [ 30%] [32mBuilding CXX object CMakeFiles/kk_driver_msg__rosidl_typesupport_cpp.dir/rosidl_typesupport_cpp/kk_driver_msg/msg/pwm_status__type_support.cpp.o[0m
[73.417s] [ 30%] [32mBuilding CXX object CMakeFiles/kk_driver_msg__rosidl_typesupport_fastrtps_cpp.dir/rosidl_typesupport_fastrtps_cpp/kk_driver_msg/msg/detail/dds_fastrtps/c610_status__type_support.cpp.o[0m
[73.640s] [ 31%] [32mBuilding CXX object CMakeFiles/kk_driver_msg__rosidl_typesupport_cpp.dir/rosidl_typesupport_cpp/kk_driver_msg/msg/encoder__type_support.cpp.o[0m
[75.097s] [ 32%] [32mBuilding CXX object CMakeFiles/kk_driver_msg__rosidl_typesupport_introspection_cpp.dir/rosidl_typesupport_introspection_cpp/kk_driver_msg/msg/detail/gm6020_status__type_support.cpp.o[0m
[76.016s] [ 32%] [32mBuilding CXX object CMakeFiles/kk_driver_msg__rosidl_typesupport_cpp.dir/rosidl_typesupport_cpp/kk_driver_msg/msg/key_ctrl__type_support.cpp.o[0m
[77.826s] [ 33%] [32mBuilding CXX object CMakeFiles/kk_driver_msg__rosidl_typesupport_fastrtps_cpp.dir/rosidl_typesupport_fastrtps_cpp/kk_driver_msg/msg/detail/dds_fastrtps/gm6020_cmd__type_support.cpp.o[0m
[79.897s] [ 34%] [32mBuilding CXX object CMakeFiles/kk_driver_msg__rosidl_typesupport_fastrtps_cpp.dir/rosidl_typesupport_fastrtps_cpp/kk_driver_msg/msg/detail/dds_fastrtps/gm6020_status__type_support.cpp.o[0m
[80.476s] [ 35%] [32mBuilding CXX object CMakeFiles/kk_driver_msg__rosidl_typesupport_cpp.dir/rosidl_typesupport_cpp/kk_driver_msg/msg/core__type_support.cpp.o[0m
[81.666s] [ 36%] [32mBuilding CXX object CMakeFiles/kk_driver_msg__rosidl_typesupport_introspection_cpp.dir/rosidl_typesupport_introspection_cpp/kk_driver_msg/msg/detail/epb_status__type_support.cpp.o[0m
[84.587s] [ 37%] [32mBuilding CXX object CMakeFiles/kk_driver_msg__rosidl_typesupport_cpp.dir/rosidl_typesupport_cpp/kk_driver_msg/msg/camera_cmd__type_support.cpp.o[0m
[85.768s] [ 37%] [32mBuilding CXX object CMakeFiles/kk_driver_msg__rosidl_typesupport_cpp.dir/rosidl_typesupport_cpp/kk_driver_msg/msg/mouse_ctrl__type_support.cpp.o[0m
[86.012s] [ 37%] [32mBuilding CXX object CMakeFiles/kk_driver_msg__rosidl_typesupport_fastrtps_cpp.dir/rosidl_typesupport_fastrtps_cpp/kk_driver_msg/msg/detail/dds_fastrtps/epb_status__type_support.cpp.o[0m
[87.941s] [ 37%] [32mBuilding CXX object CMakeFiles/kk_driver_msg__rosidl_typesupport_introspection_cpp.dir/rosidl_typesupport_introspection_cpp/kk_driver_msg/msg/detail/pwm_status__type_support.cpp.o[0m
[88.985s] [ 38%] [32mBuilding CXX object CMakeFiles/kk_driver_msg__rosidl_typesupport_fastrtps_cpp.dir/rosidl_typesupport_fastrtps_cpp/kk_driver_msg/msg/detail/dds_fastrtps/pwm_status__type_support.cpp.o[0m
[90.169s] [ 39%] [32m[1mLinking CXX shared library libkk_driver_msg__rosidl_typesupport_cpp.so[0m
[91.209s] [ 39%] Built target kk_driver_msg__rosidl_typesupport_cpp
[91.365s] [ 40%] [32mBuilding CXX object CMakeFiles/kk_driver_msg__rosidl_typesupport_introspection_cpp.dir/rosidl_typesupport_introspection_cpp/kk_driver_msg/msg/detail/encoder__type_support.cpp.o[0m
[92.664s] [ 41%] [32mBuilding CXX object CMakeFiles/kk_driver_msg__rosidl_typesupport_introspection_cpp.dir/rosidl_typesupport_introspection_cpp/kk_driver_msg/msg/detail/key_ctrl__type_support.cpp.o[0m
[95.603s] [ 42%] [32mBuilding CXX object CMakeFiles/kk_driver_msg__rosidl_typesupport_fastrtps_cpp.dir/rosidl_typesupport_fastrtps_cpp/kk_driver_msg/msg/detail/dds_fastrtps/encoder__type_support.cpp.o[0m
[97.878s] [ 43%] [32mBuilding CXX object CMakeFiles/kk_driver_msg__rosidl_typesupport_introspection_cpp.dir/rosidl_typesupport_introspection_cpp/kk_driver_msg/msg/detail/camera_cmd__type_support.cpp.o[0m
[98.988s] [ 44%] [34m[1mGenerating C type support for eProsima Fast-RTPS[0m
[99.002s] [ 44%] [32mBuilding CXX object CMakeFiles/kk_driver_msg__rosidl_typesupport_introspection_cpp.dir/rosidl_typesupport_introspection_cpp/kk_driver_msg/msg/detail/core__type_support.cpp.o[0m
[101.252s] [ 45%] [32mBuilding CXX object CMakeFiles/kk_driver_msg__rosidl_typesupport_fastrtps_cpp.dir/rosidl_typesupport_fastrtps_cpp/kk_driver_msg/msg/detail/dds_fastrtps/key_ctrl__type_support.cpp.o[0m
[103.914s] [ 45%] [32mBuilding CXX object CMakeFiles/kk_driver_msg__rosidl_typesupport_fastrtps_cpp.dir/rosidl_typesupport_fastrtps_cpp/kk_driver_msg/msg/detail/dds_fastrtps/core__type_support.cpp.o[0m
[104.749s] [ 46%] [32mBuilding CXX object CMakeFiles/kk_driver_msg__rosidl_typesupport_introspection_cpp.dir/rosidl_typesupport_introspection_cpp/kk_driver_msg/msg/detail/mouse_ctrl__type_support.cpp.o[0m
[107.523s] [ 47%] [34m[1mGenerating C introspection for ROS interfaces[0m
[110.491s] [ 48%] [32mBuilding CXX object CMakeFiles/kk_driver_msg__rosidl_typesupport_fastrtps_cpp.dir/rosidl_typesupport_fastrtps_cpp/kk_driver_msg/msg/detail/dds_fastrtps/camera_cmd__type_support.cpp.o[0m
[110.665s] [ 49%] [32m[1mLinking CXX shared library libkk_driver_msg__rosidl_typesupport_introspection_cpp.so[0m
[112.044s] [ 49%] Built target kk_driver_msg__rosidl_typesupport_introspection_cpp
[112.205s] [ 50%] [32mBuilding CXX object CMakeFiles/kk_driver_msg__rosidl_typesupport_fastrtps_cpp.dir/rosidl_typesupport_fastrtps_cpp/kk_driver_msg/msg/detail/dds_fastrtps/mouse_ctrl__type_support.cpp.o[0m
[113.814s] [35m[1mConsolidate compiler generated dependencies of target kk_driver_msg__rosidl_typesupport_fastrtps_c[0m
[114.352s] [ 51%] [32mBuilding CXX object CMakeFiles/kk_driver_msg__rosidl_typesupport_fastrtps_c.dir/rosidl_typesupport_fastrtps_c/kk_driver_msg/msg/detail/epb_cmd__type_support_c.cpp.o[0m
[117.719s] [ 51%] [32m[1mLinking CXX shared library libkk_driver_msg__rosidl_typesupport_fastrtps_cpp.so[0m
[118.897s] [ 51%] Built target kk_driver_msg__rosidl_typesupport_fastrtps_cpp
[119.320s] [ 51%] [32mBuilding CXX object CMakeFiles/kk_driver_msg__rosidl_typesupport_fastrtps_c.dir/rosidl_typesupport_fastrtps_c/kk_driver_msg/msg/detail/pwm_cmd__type_support_c.cpp.o[0m
[120.280s] [35m[1mConsolidate compiler generated dependencies of target kk_driver_msg__rosidl_typesupport_introspection_c[0m
[120.500s] [ 52%] [32mBuilding C object CMakeFiles/kk_driver_msg__rosidl_typesupport_introspection_c.dir/rosidl_typesupport_introspection_c/kk_driver_msg/msg/detail/epb_cmd__type_support.c.o[0m
[120.958s] [ 52%] [32mBuilding C object CMakeFiles/kk_driver_msg__rosidl_typesupport_introspection_c.dir/rosidl_typesupport_introspection_c/kk_driver_msg/msg/detail/pwm_cmd__type_support.c.o[0m
[121.513s] [ 53%] [32mBuilding C object CMakeFiles/kk_driver_msg__rosidl_typesupport_introspection_c.dir/rosidl_typesupport_introspection_c/kk_driver_msg/msg/detail/motor_cmd__type_support.c.o[0m
[122.096s] [ 54%] [32mBuilding C object CMakeFiles/kk_driver_msg__rosidl_typesupport_introspection_c.dir/rosidl_typesupport_introspection_c/kk_driver_msg/msg/detail/bldc_cmd__type_support.c.o[0m
[122.548s] [ 55%] [32mBuilding C object CMakeFiles/kk_driver_msg__rosidl_typesupport_introspection_c.dir/rosidl_typesupport_introspection_c/kk_driver_msg/msg/detail/c610_cmd__type_support.c.o[0m
[122.999s] [ 55%] [32mBuilding C object CMakeFiles/kk_driver_msg__rosidl_typesupport_introspection_c.dir/rosidl_typesupport_introspection_c/kk_driver_msg/msg/detail/c610_status__type_support.c.o[0m
[123.331s] [ 56%] [32mBuilding CXX object CMakeFiles/kk_driver_msg__rosidl_typesupport_fastrtps_c.dir/rosidl_typesupport_fastrtps_c/kk_driver_msg/msg/detail/motor_cmd__type_support_c.cpp.o[0m
[123.541s] [ 57%] [32mBuilding C object CMakeFiles/kk_driver_msg__rosidl_typesupport_introspection_c.dir/rosidl_typesupport_introspection_c/kk_driver_msg/msg/detail/gm6020_cmd__type_support.c.o[0m
[124.069s] [ 58%] [32mBuilding C object CMakeFiles/kk_driver_msg__rosidl_typesupport_introspection_c.dir/rosidl_typesupport_introspection_c/kk_driver_msg/msg/detail/gm6020_status__type_support.c.o[0m
[124.671s] [ 58%] [32mBuilding C object CMakeFiles/kk_driver_msg__rosidl_typesupport_introspection_c.dir/rosidl_typesupport_introspection_c/kk_driver_msg/msg/detail/epb_status__type_support.c.o[0m
[125.140s] [ 59%] [32mBuilding C object CMakeFiles/kk_driver_msg__rosidl_typesupport_introspection_c.dir/rosidl_typesupport_introspection_c/kk_driver_msg/msg/detail/pwm_status__type_support.c.o[0m
[125.679s] [ 60%] [32mBuilding C object CMakeFiles/kk_driver_msg__rosidl_typesupport_introspection_c.dir/rosidl_typesupport_introspection_c/kk_driver_msg/msg/detail/encoder__type_support.c.o[0m
[126.046s] [ 60%] [32mBuilding C object CMakeFiles/kk_driver_msg__rosidl_typesupport_introspection_c.dir/rosidl_typesupport_introspection_c/kk_driver_msg/msg/detail/key_ctrl__type_support.c.o[0m
[126.536s] [ 61%] [32mBuilding C object CMakeFiles/kk_driver_msg__rosidl_typesupport_introspection_c.dir/rosidl_typesupport_introspection_c/kk_driver_msg/msg/detail/core__type_support.c.o[0m
[127.053s] [ 62%] [32mBuilding C object CMakeFiles/kk_driver_msg__rosidl_typesupport_introspection_c.dir/rosidl_typesupport_introspection_c/kk_driver_msg/msg/detail/camera_cmd__type_support.c.o[0m
[127.445s] [ 63%] [32mBuilding CXX object CMakeFiles/kk_driver_msg__rosidl_typesupport_fastrtps_c.dir/rosidl_typesupport_fastrtps_c/kk_driver_msg/msg/detail/bldc_cmd__type_support_c.cpp.o[0m
[127.502s] [ 64%] [32mBuilding C object CMakeFiles/kk_driver_msg__rosidl_typesupport_introspection_c.dir/rosidl_typesupport_introspection_c/kk_driver_msg/msg/detail/mouse_ctrl__type_support.c.o[0m
[127.942s] [ 64%] [32m[1mLinking C shared library libkk_driver_msg__rosidl_typesupport_introspection_c.so[0m
[128.361s] [ 64%] Built target kk_driver_msg__rosidl_typesupport_introspection_c
[128.477s] [ 65%] [34m[1mGenerating C type support dispatch for ROS interfaces[0m
[129.486s] [ 66%] [32mBuilding CXX object CMakeFiles/kk_driver_msg__rosidl_typesupport_fastrtps_c.dir/rosidl_typesupport_fastrtps_c/kk_driver_msg/msg/detail/c610_status__type_support_c.cpp.o[0m
[131.633s] [ 66%] [32mBuilding CXX object CMakeFiles/kk_driver_msg__rosidl_typesupport_fastrtps_c.dir/rosidl_typesupport_fastrtps_c/kk_driver_msg/msg/detail/c610_cmd__type_support_c.cpp.o[0m
[132.167s] [ 67%] [32mBuilding CXX object CMakeFiles/kk_driver_msg__rosidl_typesupport_fastrtps_c.dir/rosidl_typesupport_fastrtps_c/kk_driver_msg/msg/detail/gm6020_cmd__type_support_c.cpp.o[0m
[134.565s] [ 67%] [32mBuilding CXX object CMakeFiles/kk_driver_msg__rosidl_typesupport_fastrtps_c.dir/rosidl_typesupport_fastrtps_c/kk_driver_msg/msg/detail/gm6020_status__type_support_c.cpp.o[0m
[136.594s] [ 68%] [32mBuilding CXX object CMakeFiles/kk_driver_msg__rosidl_typesupport_fastrtps_c.dir/rosidl_typesupport_fastrtps_c/kk_driver_msg/msg/detail/epb_status__type_support_c.cpp.o[0m
[137.565s] [ 69%] [32mBuilding CXX object CMakeFiles/kk_driver_msg__rosidl_typesupport_fastrtps_c.dir/rosidl_typesupport_fastrtps_c/kk_driver_msg/msg/detail/pwm_status__type_support_c.cpp.o[0m
[138.083s] [35m[1mConsolidate compiler generated dependencies of target kk_driver_msg__rosidl_typesupport_c[0m
[138.274s] [ 69%] [32mBuilding CXX object CMakeFiles/kk_driver_msg__rosidl_typesupport_c.dir/rosidl_typesupport_c/kk_driver_msg/msg/epb_cmd__type_support.cpp.o[0m
[138.768s] [ 70%] [32mBuilding CXX object CMakeFiles/kk_driver_msg__rosidl_typesupport_c.dir/rosidl_typesupport_c/kk_driver_msg/msg/pwm_cmd__type_support.cpp.o[0m
[139.232s] [ 71%] [32mBuilding CXX object CMakeFiles/kk_driver_msg__rosidl_typesupport_c.dir/rosidl_typesupport_c/kk_driver_msg/msg/motor_cmd__type_support.cpp.o[0m
[139.583s] [ 71%] [32mBuilding CXX object CMakeFiles/kk_driver_msg__rosidl_typesupport_c.dir/rosidl_typesupport_c/kk_driver_msg/msg/bldc_cmd__type_support.cpp.o[0m
[140.099s] [ 72%] [32mBuilding CXX object CMakeFiles/kk_driver_msg__rosidl_typesupport_c.dir/rosidl_typesupport_c/kk_driver_msg/msg/c610_cmd__type_support.cpp.o[0m
[140.572s] [ 73%] [32mBuilding CXX object CMakeFiles/kk_driver_msg__rosidl_typesupport_c.dir/rosidl_typesupport_c/kk_driver_msg/msg/c610_status__type_support.cpp.o[0m
[141.025s] [ 74%] [32mBuilding CXX object CMakeFiles/kk_driver_msg__rosidl_typesupport_c.dir/rosidl_typesupport_c/kk_driver_msg/msg/gm6020_cmd__type_support.cpp.o[0m
[141.474s] [ 74%] [32mBuilding CXX object CMakeFiles/kk_driver_msg__rosidl_typesupport_c.dir/rosidl_typesupport_c/kk_driver_msg/msg/gm6020_status__type_support.cpp.o[0m
[141.930s] [ 75%] [32mBuilding CXX object CMakeFiles/kk_driver_msg__rosidl_typesupport_c.dir/rosidl_typesupport_c/kk_driver_msg/msg/epb_status__type_support.cpp.o[0m
[142.327s] [ 76%] [32mBuilding CXX object CMakeFiles/kk_driver_msg__rosidl_typesupport_c.dir/rosidl_typesupport_c/kk_driver_msg/msg/pwm_status__type_support.cpp.o[0m
[142.455s] [ 76%] [32mBuilding CXX object CMakeFiles/kk_driver_msg__rosidl_typesupport_fastrtps_c.dir/rosidl_typesupport_fastrtps_c/kk_driver_msg/msg/detail/key_ctrl__type_support_c.cpp.o[0m
[142.644s] [ 76%] [32mBuilding CXX object CMakeFiles/kk_driver_msg__rosidl_typesupport_c.dir/rosidl_typesupport_c/kk_driver_msg/msg/encoder__type_support.cpp.o[0m
[142.954s] [ 77%] [32mBuilding CXX object CMakeFiles/kk_driver_msg__rosidl_typesupport_c.dir/rosidl_typesupport_c/kk_driver_msg/msg/key_ctrl__type_support.cpp.o[0m
[143.361s] [ 78%] [32mBuilding CXX object CMakeFiles/kk_driver_msg__rosidl_typesupport_c.dir/rosidl_typesupport_c/kk_driver_msg/msg/core__type_support.cpp.o[0m
[143.815s] [ 78%] [32mBuilding CXX object CMakeFiles/kk_driver_msg__rosidl_typesupport_c.dir/rosidl_typesupport_c/kk_driver_msg/msg/camera_cmd__type_support.cpp.o[0m
[144.246s] [ 79%] [32mBuilding CXX object CMakeFiles/kk_driver_msg__rosidl_typesupport_c.dir/rosidl_typesupport_c/kk_driver_msg/msg/mouse_ctrl__type_support.cpp.o[0m
[144.647s] [ 80%] [32m[1mLinking CXX shared library libkk_driver_msg__rosidl_typesupport_c.so[0m
[145.171s] [ 80%] Built target kk_driver_msg__rosidl_typesupport_c
[146.135s] [ 81%] [32mBuilding CXX object CMakeFiles/kk_driver_msg__rosidl_typesupport_fastrtps_c.dir/rosidl_typesupport_fastrtps_c/kk_driver_msg/msg/detail/camera_cmd__type_support_c.cpp.o[0m
[149.517s] [ 81%] [32mBuilding CXX object CMakeFiles/kk_driver_msg__rosidl_typesupport_fastrtps_c.dir/rosidl_typesupport_fastrtps_c/kk_driver_msg/msg/detail/mouse_ctrl__type_support_c.cpp.o[0m
[149.554s] [ 82%] [32mBuilding CXX object CMakeFiles/kk_driver_msg__rosidl_typesupport_fastrtps_c.dir/rosidl_typesupport_fastrtps_c/kk_driver_msg/msg/detail/core__type_support_c.cpp.o[0m
[153.311s] [ 83%] [32mBuilding CXX object CMakeFiles/kk_driver_msg__rosidl_typesupport_fastrtps_c.dir/rosidl_typesupport_fastrtps_c/kk_driver_msg/msg/detail/encoder__type_support_c.cpp.o[0m
[157.054s] [ 84%] [32m[1mLinking CXX shared library libkk_driver_msg__rosidl_typesupport_fastrtps_c.so[0m
[157.762s] [ 84%] Built target kk_driver_msg__rosidl_typesupport_fastrtps_c
[157.981s] [ 84%] Built target kk_driver_msg
[158.216s] [ 85%] [34m[1mGenerating Python code for ROS interfaces[0m
[176.327s] [ 85%] Built target kk_driver_msg__py
[176.466s] [35m[1mConsolidate compiler generated dependencies of target kk_driver_msg__rosidl_generator_py[0m
[176.845s] [ 86%] [32mBuilding C object CMakeFiles/kk_driver_msg__rosidl_generator_py.dir/rosidl_generator_py/kk_driver_msg/msg/_pwm_cmd_s.c.o[0m
[176.853s] [ 87%] [32mBuilding C object CMakeFiles/kk_driver_msg__rosidl_generator_py.dir/rosidl_generator_py/kk_driver_msg/msg/_motor_cmd_s.c.o[0m
[176.858s] [ 87%] [32mBuilding C object CMakeFiles/kk_driver_msg__rosidl_generator_py.dir/rosidl_generator_py/kk_driver_msg/msg/_epb_cmd_s.c.o[0m
[176.890s] [ 88%] [32mBuilding C object CMakeFiles/kk_driver_msg__rosidl_generator_py.dir/rosidl_generator_py/kk_driver_msg/msg/_bldc_cmd_s.c.o[0m
[178.410s] [ 88%] [32mBuilding C object CMakeFiles/kk_driver_msg__rosidl_generator_py.dir/rosidl_generator_py/kk_driver_msg/msg/_c610_cmd_s.c.o[0m
[178.456s] [ 89%] [32mBuilding C object CMakeFiles/kk_driver_msg__rosidl_generator_py.dir/rosidl_generator_py/kk_driver_msg/msg/_c610_status_s.c.o[0m
[178.577s] [ 90%] [32mBuilding C object CMakeFiles/kk_driver_msg__rosidl_generator_py.dir/rosidl_generator_py/kk_driver_msg/msg/_gm6020_cmd_s.c.o[0m
[178.766s] [ 90%] [32mBuilding C object CMakeFiles/kk_driver_msg__rosidl_generator_py.dir/rosidl_generator_py/kk_driver_msg/msg/_gm6020_status_s.c.o[0m
[180.885s] [ 91%] [32mBuilding C object CMakeFiles/kk_driver_msg__rosidl_generator_py.dir/rosidl_generator_py/kk_driver_msg/msg/_epb_status_s.c.o[0m
[181.099s] [ 92%] [32mBuilding C object CMakeFiles/kk_driver_msg__rosidl_generator_py.dir/rosidl_generator_py/kk_driver_msg/msg/_pwm_status_s.c.o[0m
[181.507s] [ 92%] [32mBuilding C object CMakeFiles/kk_driver_msg__rosidl_generator_py.dir/rosidl_generator_py/kk_driver_msg/msg/_encoder_s.c.o[0m
[182.032s] [ 93%] [32mBuilding C object CMakeFiles/kk_driver_msg__rosidl_generator_py.dir/rosidl_generator_py/kk_driver_msg/msg/_key_ctrl_s.c.o[0m
[182.793s] [ 94%] [32mBuilding C object CMakeFiles/kk_driver_msg__rosidl_generator_py.dir/rosidl_generator_py/kk_driver_msg/msg/_core_s.c.o[0m
[184.081s] [ 95%] [32mBuilding C object CMakeFiles/kk_driver_msg__rosidl_generator_py.dir/rosidl_generator_py/kk_driver_msg/msg/_camera_cmd_s.c.o[0m
[184.255s] [ 95%] [32mBuilding C object CMakeFiles/kk_driver_msg__rosidl_generator_py.dir/rosidl_generator_py/kk_driver_msg/msg/_mouse_ctrl_s.c.o[0m
[186.173s] [ 96%] [32m[1mLinking C shared library rosidl_generator_py/kk_driver_msg/libkk_driver_msg__rosidl_generator_py.so[0m
[186.543s] [ 96%] Built target kk_driver_msg__rosidl_generator_py
[186.681s] [35m[1mConsolidate compiler generated dependencies of target kk_driver_msg__rosidl_typesupport_introspection_c__pyext[0m
[186.692s] [35m[1mConsolidate compiler generated dependencies of target kk_driver_msg__rosidl_typesupport_fastrtps_c__pyext[0m
[186.706s] [35m[1mConsolidate compiler generated dependencies of target kk_driver_msg__rosidl_typesupport_c__pyext[0m
[186.925s] [ 97%] [32mBuilding C object CMakeFiles/kk_driver_msg__rosidl_typesupport_fastrtps_c__pyext.dir/rosidl_generator_py/kk_driver_msg/_kk_driver_msg_s.ep.rosidl_typesupport_fastrtps_c.c.o[0m
[186.954s] [ 98%] [32mBuilding C object CMakeFiles/kk_driver_msg__rosidl_typesupport_introspection_c__pyext.dir/rosidl_generator_py/kk_driver_msg/_kk_driver_msg_s.ep.rosidl_typesupport_introspection_c.c.o[0m
[186.978s] [ 99%] [32mBuilding C object CMakeFiles/kk_driver_msg__rosidl_typesupport_c__pyext.dir/rosidl_generator_py/kk_driver_msg/_kk_driver_msg_s.ep.rosidl_typesupport_c.c.o[0m
[189.076s] [ 99%] [32m[1mLinking C shared library rosidl_generator_py/kk_driver_msg/kk_driver_msg_s__rosidl_typesupport_fastrtps_c.cpython-310-aarch64-linux-gnu.so[0m
[189.576s] [ 99%] [32m[1mLinking C shared library rosidl_generator_py/kk_driver_msg/kk_driver_msg_s__rosidl_typesupport_c.cpython-310-aarch64-linux-gnu.so[0m
[189.646s] [100%] [32m[1mLinking C shared library rosidl_generator_py/kk_driver_msg/kk_driver_msg_s__rosidl_typesupport_introspection_c.cpython-310-aarch64-linux-gnu.so[0m
[189.977s] [100%] Built target kk_driver_msg__rosidl_typesupport_fastrtps_c__pyext
[190.313s] [100%] Built target kk_driver_msg__rosidl_typesupport_introspection_c__pyext
[190.387s] [100%] Built target kk_driver_msg__rosidl_typesupport_c__pyext
[190.624s] Invoked command in '/home/kk/kk_ws/src/kk_driver_package/build/kk_driver_msg' returned '0': CMAKE_PREFIX_PATH=${CMAKE_PREFIX_PATH}:/home/kk/kk_ws/install/kk_simulator:/home/kk/kk_ws/install/kk_receiver:/home/kk/kk_ws/install/core_camera:/opt/ros/humble /usr/bin/cmake --build /home/kk/kk_ws/src/kk_driver_package/build/kk_driver_msg -- -j4 -l4
[190.850s] Invoking command in '/home/kk/kk_ws/src/kk_driver_package/build/kk_driver_msg': CMAKE_PREFIX_PATH=${CMAKE_PREFIX_PATH}:/home/kk/kk_ws/install/kk_simulator:/home/kk/kk_ws/install/kk_receiver:/home/kk/kk_ws/install/core_camera:/opt/ros/humble /usr/bin/cmake --install /home/kk/kk_ws/src/kk_driver_package/build/kk_driver_msg
[191.018s] -- Install configuration: ""
[191.022s] -- Up-to-date: /home/kk/kk_ws/src/kk_driver_package/install/kk_driver_msg/share/ament_index/resource_index/rosidl_interfaces/kk_driver_msg
[191.026s] -- Up-to-date: /home/kk/kk_ws/src/kk_driver_package/install/kk_driver_msg/include/kk_driver_msg/kk_driver_msg
[191.029s] -- Up-to-date: /home/kk/kk_ws/src/kk_driver_package/install/kk_driver_msg/include/kk_driver_msg/kk_driver_msg/msg
[191.033s] -- Installing: /home/kk/kk_ws/src/kk_driver_package/install/kk_driver_msg/include/kk_driver_msg/kk_driver_msg/msg/key_ctrl.h
[191.039s] -- Installing: /home/kk/kk_ws/src/kk_driver_package/install/kk_driver_msg/include/kk_driver_msg/kk_driver_msg/msg/core.h
[191.045s] -- Installing: /home/kk/kk_ws/src/kk_driver_package/install/kk_driver_msg/include/kk_driver_msg/kk_driver_msg/msg/mouse_ctrl.h
[191.051s] -- Installing: /home/kk/kk_ws/src/kk_driver_package/install/kk_driver_msg/include/kk_driver_msg/kk_driver_msg/msg/pwm_cmd.h
[191.057s] -- Installing: /home/kk/kk_ws/src/kk_driver_package/install/kk_driver_msg/include/kk_driver_msg/kk_driver_msg/msg/c610_cmd.h
[191.063s] -- Installing: /home/kk/kk_ws/src/kk_driver_package/install/kk_driver_msg/include/kk_driver_msg/kk_driver_msg/msg/bldc_cmd.h
[191.069s] -- Installing: /home/kk/kk_ws/src/kk_driver_package/install/kk_driver_msg/include/kk_driver_msg/kk_driver_msg/msg/camera_cmd.h
[191.076s] -- Installing: /home/kk/kk_ws/src/kk_driver_package/install/kk_driver_msg/include/kk_driver_msg/kk_driver_msg/msg/epb_cmd.h
[191.082s] -- Installing: /home/kk/kk_ws/src/kk_driver_package/install/kk_driver_msg/include/kk_driver_msg/kk_driver_msg/msg/motor_cmd.h
[191.087s] -- Installing: /home/kk/kk_ws/src/kk_driver_package/install/kk_driver_msg/include/kk_driver_msg/kk_driver_msg/msg/epb_status.h
[191.094s] -- Installing: /home/kk/kk_ws/src/kk_driver_package/install/kk_driver_msg/include/kk_driver_msg/kk_driver_msg/msg/encoder.h
[191.096s] -- Up-to-date: /home/kk/kk_ws/src/kk_driver_package/install/kk_driver_msg/include/kk_driver_msg/kk_driver_msg/msg/rosidl_generator_c__visibility_control.h
[191.107s] -- Installing: /home/kk/kk_ws/src/kk_driver_package/install/kk_driver_msg/include/kk_driver_msg/kk_driver_msg/msg/gm6020_cmd.h
[191.108s] -- Up-to-date: /home/kk/kk_ws/src/kk_driver_package/install/kk_driver_msg/include/kk_driver_msg/kk_driver_msg/msg/detail
[191.116s] -- Installing: /home/kk/kk_ws/src/kk_driver_package/install/kk_driver_msg/include/kk_driver_msg/kk_driver_msg/msg/detail/pwm_cmd__functions.c
[191.117s] -- Installing: /home/kk/kk_ws/src/kk_driver_package/install/kk_driver_msg/include/kk_driver_msg/kk_driver_msg/msg/detail/c610_cmd__type_support.h
[191.119s] -- Installing: /home/kk/kk_ws/src/kk_driver_package/install/kk_driver_msg/include/kk_driver_msg/kk_driver_msg/msg/detail/gm6020_cmd__struct.h
[191.120s] -- Installing: /home/kk/kk_ws/src/kk_driver_package/install/kk_driver_msg/include/kk_driver_msg/kk_driver_msg/msg/detail/camera_cmd__type_support.h
[191.123s] -- Installing: /home/kk/kk_ws/src/kk_driver_package/install/kk_driver_msg/include/kk_driver_msg/kk_driver_msg/msg/detail/gm6020_cmd__type_support.h
[191.127s] -- Installing: /home/kk/kk_ws/src/kk_driver_package/install/kk_driver_msg/include/kk_driver_msg/kk_driver_msg/msg/detail/bldc_cmd__type_support.h
[191.131s] -- Installing: /home/kk/kk_ws/src/kk_driver_package/install/kk_driver_msg/include/kk_driver_msg/kk_driver_msg/msg/detail/pwm_cmd__type_support.h
[191.135s] -- Installing: /home/kk/kk_ws/src/kk_driver_package/install/kk_driver_msg/include/kk_driver_msg/kk_driver_msg/msg/detail/camera_cmd__struct.h
[191.138s] -- Installing: /home/kk/kk_ws/src/kk_driver_package/install/kk_driver_msg/include/kk_driver_msg/kk_driver_msg/msg/detail/epb_cmd__functions.c
[191.149s] -- Installing: /home/kk/kk_ws/src/kk_driver_package/install/kk_driver_msg/include/kk_driver_msg/kk_driver_msg/msg/detail/c610_cmd__struct.h
[191.159s] -- Installing: /home/kk/kk_ws/src/kk_driver_package/install/kk_driver_msg/include/kk_driver_msg/kk_driver_msg/msg/detail/core__type_support.h
[191.166s] -- Installing: /home/kk/kk_ws/src/kk_driver_package/install/kk_driver_msg/include/kk_driver_msg/kk_driver_msg/msg/detail/gm6020_status__struct.h
[191.173s] -- Installing: /home/kk/kk_ws/src/kk_driver_package/install/kk_driver_msg/include/kk_driver_msg/kk_driver_msg/msg/detail/mouse_ctrl__functions.c
[191.177s] -- Installing: /home/kk/kk_ws/src/kk_driver_package/install/kk_driver_msg/include/kk_driver_msg/kk_driver_msg/msg/detail/encoder__functions.c
[191.190s] -- Installing: /home/kk/kk_ws/src/kk_driver_package/install/kk_driver_msg/include/kk_driver_msg/kk_driver_msg/msg/detail/c610_status__functions.c
[191.207s] -- Installing: /home/kk/kk_ws/src/kk_driver_package/install/kk_driver_msg/include/kk_driver_msg/kk_driver_msg/msg/detail/key_ctrl__functions.c
[191.215s] -- Installing: /home/kk/kk_ws/src/kk_driver_package/install/kk_driver_msg/include/kk_driver_msg/kk_driver_msg/msg/detail/motor_cmd__type_support.h
[191.230s] -- Installing: /home/kk/kk_ws/src/kk_driver_package/install/kk_driver_msg/include/kk_driver_msg/kk_driver_msg/msg/detail/core__struct.h
[191.238s] -- Installing: /home/kk/kk_ws/src/kk_driver_package/install/kk_driver_msg/include/kk_driver_msg/kk_driver_msg/msg/detail/epb_status__struct.h
[191.245s] -- Installing: /home/kk/kk_ws/src/kk_driver_package/install/kk_driver_msg/include/kk_driver_msg/kk_driver_msg/msg/detail/motor_cmd__functions.h
[191.263s] -- Installing: /home/kk/kk_ws/src/kk_driver_package/install/kk_driver_msg/include/kk_driver_msg/kk_driver_msg/msg/detail/pwm_status__struct.h
[191.281s] -- Installing: /home/kk/kk_ws/src/kk_driver_package/install/kk_driver_msg/include/kk_driver_msg/kk_driver_msg/msg/detail/core__functions.h
[191.321s] -- Installing: /home/kk/kk_ws/src/kk_driver_package/install/kk_driver_msg/include/kk_driver_msg/kk_driver_msg/msg/detail/pwm_status__functions.c
[191.326s] -- Installing: /home/kk/kk_ws/src/kk_driver_package/install/kk_driver_msg/include/kk_driver_msg/kk_driver_msg/msg/detail/c610_status__functions.h
[191.359s] -- Installing: /home/kk/kk_ws/src/kk_driver_package/install/kk_driver_msg/include/kk_driver_msg/kk_driver_msg/msg/detail/gm6020_status__type_support.h
[191.363s] -- Installing: /home/kk/kk_ws/src/kk_driver_package/install/kk_driver_msg/include/kk_driver_msg/kk_driver_msg/msg/detail/key_ctrl__type_support.h
[191.379s] -- Installing: /home/kk/kk_ws/src/kk_driver_package/install/kk_driver_msg/include/kk_driver_msg/kk_driver_msg/msg/detail/pwm_cmd__functions.h
[191.386s] -- Installing: /home/kk/kk_ws/src/kk_driver_package/install/kk_driver_msg/include/kk_driver_msg/kk_driver_msg/msg/detail/encoder__type_support.h
[191.402s] -- Installing: /home/kk/kk_ws/src/kk_driver_package/install/kk_driver_msg/include/kk_driver_msg/kk_driver_msg/msg/detail/mouse_ctrl__type_support.h
[191.409s] -- Installing: /home/kk/kk_ws/src/kk_driver_package/install/kk_driver_msg/include/kk_driver_msg/kk_driver_msg/msg/detail/motor_cmd__functions.c
[191.459s] -- Installing: /home/kk/kk_ws/src/kk_driver_package/install/kk_driver_msg/include/kk_driver_msg/kk_driver_msg/msg/detail/c610_cmd__functions.c
[191.475s] -- Installing: /home/kk/kk_ws/src/kk_driver_package/install/kk_driver_msg/include/kk_driver_msg/kk_driver_msg/msg/detail/pwm_status__functions.h
[191.479s] -- Installing: /home/kk/kk_ws/src/kk_driver_package/install/kk_driver_msg/include/kk_driver_msg/kk_driver_msg/msg/detail/gm6020_cmd__functions.h
[191.502s] -- Installing: /home/kk/kk_ws/src/kk_driver_package/install/kk_driver_msg/include/kk_driver_msg/kk_driver_msg/msg/detail/camera_cmd__functions.h
[191.523s] -- Installing: /home/kk/kk_ws/src/kk_driver_package/install/kk_driver_msg/include/kk_driver_msg/kk_driver_msg/msg/detail/c610_cmd__functions.h
[191.531s] -- Installing: /home/kk/kk_ws/src/kk_driver_package/install/kk_driver_msg/include/kk_driver_msg/kk_driver_msg/msg/detail/gm6020_status__functions.h
[191.539s] -- Installing: /home/kk/kk_ws/src/kk_driver_package/install/kk_driver_msg/include/kk_driver_msg/kk_driver_msg/msg/detail/epb_status__type_support.h
[191.543s] -- Installing: /home/kk/kk_ws/src/kk_driver_package/install/kk_driver_msg/include/kk_driver_msg/kk_driver_msg/msg/detail/c610_status__struct.h
[191.547s] -- Installing: /home/kk/kk_ws/src/kk_driver_package/install/kk_driver_msg/include/kk_driver_msg/kk_driver_msg/msg/detail/pwm_status__type_support.h
[191.550s] -- Installing: /home/kk/kk_ws/src/kk_driver_package/install/kk_driver_msg/include/kk_driver_msg/kk_driver_msg/msg/detail/mouse_ctrl__struct.h
[191.555s] -- Installing: /home/kk/kk_ws/src/kk_driver_package/install/kk_driver_msg/include/kk_driver_msg/kk_driver_msg/msg/detail/core__functions.c
[191.559s] -- Installing: /home/kk/kk_ws/src/kk_driver_package/install/kk_driver_msg/include/kk_driver_msg/kk_driver_msg/msg/detail/bldc_cmd__functions.c
[191.564s] -- Installing: /home/kk/kk_ws/src/kk_driver_package/install/kk_driver_msg/include/kk_driver_msg/kk_driver_msg/msg/detail/motor_cmd__struct.h
[191.568s] -- Installing: /home/kk/kk_ws/src/kk_driver_package/install/kk_driver_msg/include/kk_driver_msg/kk_driver_msg/msg/detail/epb_status__functions.h
[191.572s] -- Installing: /home/kk/kk_ws/src/kk_driver_package/install/kk_driver_msg/include/kk_driver_msg/kk_driver_msg/msg/detail/key_ctrl__struct.h
[191.576s] -- Installing: /home/kk/kk_ws/src/kk_driver_package/install/kk_driver_msg/include/kk_driver_msg/kk_driver_msg/msg/detail/epb_cmd__struct.h
[191.579s] -- Installing: /home/kk/kk_ws/src/kk_driver_package/install/kk_driver_msg/include/kk_driver_msg/kk_driver_msg/msg/detail/mouse_ctrl__functions.h
[191.583s] -- Installing: /home/kk/kk_ws/src/kk_driver_package/install/kk_driver_msg/include/kk_driver_msg/kk_driver_msg/msg/detail/encoder__functions.h
[191.587s] -- Installing: /home/kk/kk_ws/src/kk_driver_package/install/kk_driver_msg/include/kk_driver_msg/kk_driver_msg/msg/detail/epb_status__functions.c
[191.592s] -- Installing: /home/kk/kk_ws/src/kk_driver_package/install/kk_driver_msg/include/kk_driver_msg/kk_driver_msg/msg/detail/camera_cmd__functions.c
[191.596s] -- Installing: /home/kk/kk_ws/src/kk_driver_package/install/kk_driver_msg/include/kk_driver_msg/kk_driver_msg/msg/detail/bldc_cmd__functions.h
[191.601s] -- Installing: /home/kk/kk_ws/src/kk_driver_package/install/kk_driver_msg/include/kk_driver_msg/kk_driver_msg/msg/detail/pwm_cmd__struct.h
[191.604s] -- Installing: /home/kk/kk_ws/src/kk_driver_package/install/kk_driver_msg/include/kk_driver_msg/kk_driver_msg/msg/detail/key_ctrl__functions.h
[191.608s] -- Installing: /home/kk/kk_ws/src/kk_driver_package/install/kk_driver_msg/include/kk_driver_msg/kk_driver_msg/msg/detail/epb_cmd__functions.h
[191.613s] -- Installing: /home/kk/kk_ws/src/kk_driver_package/install/kk_driver_msg/include/kk_driver_msg/kk_driver_msg/msg/detail/gm6020_cmd__functions.c
[191.617s] -- Installing: /home/kk/kk_ws/src/kk_driver_package/install/kk_driver_msg/include/kk_driver_msg/kk_driver_msg/msg/detail/epb_cmd__type_support.h
[191.621s] -- Installing: /home/kk/kk_ws/src/kk_driver_package/install/kk_driver_msg/include/kk_driver_msg/kk_driver_msg/msg/detail/encoder__struct.h
[191.625s] -- Installing: /home/kk/kk_ws/src/kk_driver_package/install/kk_driver_msg/include/kk_driver_msg/kk_driver_msg/msg/detail/c610_status__type_support.h
[191.629s] -- Installing: /home/kk/kk_ws/src/kk_driver_package/install/kk_driver_msg/include/kk_driver_msg/kk_driver_msg/msg/detail/gm6020_status__functions.c
[191.633s] -- Installing: /home/kk/kk_ws/src/kk_driver_package/install/kk_driver_msg/include/kk_driver_msg/kk_driver_msg/msg/detail/bldc_cmd__struct.h
[191.637s] -- Installing: /home/kk/kk_ws/src/kk_driver_package/install/kk_driver_msg/include/kk_driver_msg/kk_driver_msg/msg/pwm_status.h
[191.641s] -- Installing: /home/kk/kk_ws/src/kk_driver_package/install/kk_driver_msg/include/kk_driver_msg/kk_driver_msg/msg/c610_status.h
[191.644s] -- Installing: /home/kk/kk_ws/src/kk_driver_package/install/kk_driver_msg/include/kk_driver_msg/kk_driver_msg/msg/gm6020_status.h
[191.649s] -- Up-to-date: /home/kk/kk_ws/src/kk_driver_package/install/kk_driver_msg/share/kk_driver_msg/environment/library_path.sh
[191.651s] -- Installing: /home/kk/kk_ws/src/kk_driver_package/install/kk_driver_msg/share/kk_driver_msg/environment/library_path.dsv
[191.658s] -- Installing: /home/kk/kk_ws/src/kk_driver_package/install/kk_driver_msg/lib/libkk_driver_msg__rosidl_generator_c.so
[191.670s] -- Set runtime path of "/home/kk/kk_ws/src/kk_driver_package/install/kk_driver_msg/lib/libkk_driver_msg__rosidl_generator_c.so" to ""
[191.673s] -- Up-to-date: /home/kk/kk_ws/src/kk_driver_package/install/kk_driver_msg/include/kk_driver_msg/kk_driver_msg
[191.675s] -- Up-to-date: /home/kk/kk_ws/src/kk_driver_package/install/kk_driver_msg/include/kk_driver_msg/kk_driver_msg/msg
[191.676s] -- Up-to-date: /home/kk/kk_ws/src/kk_driver_package/install/kk_driver_msg/include/kk_driver_msg/kk_driver_msg/msg/rosidl_typesupport_fastrtps_c__visibility_control.h
[191.678s] -- Up-to-date: /home/kk/kk_ws/src/kk_driver_package/install/kk_driver_msg/include/kk_driver_msg/kk_driver_msg/msg/detail
[191.679s] -- Installing: /home/kk/kk_ws/src/kk_driver_package/install/kk_driver_msg/include/kk_driver_msg/kk_driver_msg/msg/detail/epb_status__rosidl_typesupport_fastrtps_c.h
[191.683s] -- Installing: /home/kk/kk_ws/src/kk_driver_package/install/kk_driver_msg/include/kk_driver_msg/kk_driver_msg/msg/detail/gm6020_status__rosidl_typesupport_fastrtps_c.h
[191.687s] -- Installing: /home/kk/kk_ws/src/kk_driver_package/install/kk_driver_msg/include/kk_driver_msg/kk_driver_msg/msg/detail/c610_status__rosidl_typesupport_fastrtps_c.h
[191.691s] -- Installing: /home/kk/kk_ws/src/kk_driver_package/install/kk_driver_msg/include/kk_driver_msg/kk_driver_msg/msg/detail/key_ctrl__rosidl_typesupport_fastrtps_c.h
[191.697s] -- Installing: /home/kk/kk_ws/src/kk_driver_package/install/kk_driver_msg/include/kk_driver_msg/kk_driver_msg/msg/detail/encoder__rosidl_typesupport_fastrtps_c.h
[191.699s] -- Installing: /home/kk/kk_ws/src/kk_driver_package/install/kk_driver_msg/include/kk_driver_msg/kk_driver_msg/msg/detail/bldc_cmd__rosidl_typesupport_fastrtps_c.h
[191.705s] -- Installing: /home/kk/kk_ws/src/kk_driver_package/install/kk_driver_msg/include/kk_driver_msg/kk_driver_msg/msg/detail/motor_cmd__rosidl_typesupport_fastrtps_c.h
[191.710s] -- Installing: /home/kk/kk_ws/src/kk_driver_package/install/kk_driver_msg/include/kk_driver_msg/kk_driver_msg/msg/detail/core__rosidl_typesupport_fastrtps_c.h
[191.715s] -- Installing: /home/kk/kk_ws/src/kk_driver_package/install/kk_driver_msg/include/kk_driver_msg/kk_driver_msg/msg/detail/pwm_cmd__rosidl_typesupport_fastrtps_c.h
[191.719s] -- Installing: /home/kk/kk_ws/src/kk_driver_package/install/kk_driver_msg/include/kk_driver_msg/kk_driver_msg/msg/detail/gm6020_cmd__rosidl_typesupport_fastrtps_c.h
[191.724s] -- Installing: /home/kk/kk_ws/src/kk_driver_package/install/kk_driver_msg/include/kk_driver_msg/kk_driver_msg/msg/detail/mouse_ctrl__rosidl_typesupport_fastrtps_c.h
[191.730s] -- Installing: /home/kk/kk_ws/src/kk_driver_package/install/kk_driver_msg/include/kk_driver_msg/kk_driver_msg/msg/detail/c610_cmd__rosidl_typesupport_fastrtps_c.h
[191.734s] -- Installing: /home/kk/kk_ws/src/kk_driver_package/install/kk_driver_msg/include/kk_driver_msg/kk_driver_msg/msg/detail/epb_cmd__rosidl_typesupport_fastrtps_c.h
[191.739s] -- Installing: /home/kk/kk_ws/src/kk_driver_package/install/kk_driver_msg/include/kk_driver_msg/kk_driver_msg/msg/detail/camera_cmd__rosidl_typesupport_fastrtps_c.h
[191.744s] -- Installing: /home/kk/kk_ws/src/kk_driver_package/install/kk_driver_msg/include/kk_driver_msg/kk_driver_msg/msg/detail/pwm_status__rosidl_typesupport_fastrtps_c.h
[191.752s] -- Installing: /home/kk/kk_ws/src/kk_driver_package/install/kk_driver_msg/lib/libkk_driver_msg__rosidl_typesupport_fastrtps_c.so
[191.762s] -- Set runtime path of "/home/kk/kk_ws/src/kk_driver_package/install/kk_driver_msg/lib/libkk_driver_msg__rosidl_typesupport_fastrtps_c.so" to ""
[191.764s] -- Up-to-date: /home/kk/kk_ws/src/kk_driver_package/install/kk_driver_msg/include/kk_driver_msg/kk_driver_msg
[191.766s] -- Up-to-date: /home/kk/kk_ws/src/kk_driver_package/install/kk_driver_msg/include/kk_driver_msg/kk_driver_msg/msg
[191.768s] -- Up-to-date: /home/kk/kk_ws/src/kk_driver_package/install/kk_driver_msg/include/kk_driver_msg/kk_driver_msg/msg/detail
[191.771s] -- Installing: /home/kk/kk_ws/src/kk_driver_package/install/kk_driver_msg/include/kk_driver_msg/kk_driver_msg/msg/detail/c610_cmd__type_support.c
[191.776s] -- Installing: /home/kk/kk_ws/src/kk_driver_package/install/kk_driver_msg/include/kk_driver_msg/kk_driver_msg/msg/detail/mouse_ctrl__rosidl_typesupport_introspection_c.h
[191.781s] -- Installing: /home/kk/kk_ws/src/kk_driver_package/install/kk_driver_msg/include/kk_driver_msg/kk_driver_msg/msg/detail/core__type_support.c
[191.789s] -- Installing: /home/kk/kk_ws/src/kk_driver_package/install/kk_driver_msg/include/kk_driver_msg/kk_driver_msg/msg/detail/pwm_cmd__rosidl_typesupport_introspection_c.h
[191.791s] -- Installing: /home/kk/kk_ws/src/kk_driver_package/install/kk_driver_msg/include/kk_driver_msg/kk_driver_msg/msg/detail/gm6020_status__rosidl_typesupport_introspection_c.h
[191.797s] -- Installing: /home/kk/kk_ws/src/kk_driver_package/install/kk_driver_msg/include/kk_driver_msg/kk_driver_msg/msg/detail/epb_status__type_support.c
[191.802s] -- Installing: /home/kk/kk_ws/src/kk_driver_package/install/kk_driver_msg/include/kk_driver_msg/kk_driver_msg/msg/detail/gm6020_cmd__rosidl_typesupport_introspection_c.h
[191.805s] -- Installing: /home/kk/kk_ws/src/kk_driver_package/install/kk_driver_msg/include/kk_driver_msg/kk_driver_msg/msg/detail/pwm_cmd__type_support.c
[191.809s] -- Installing: /home/kk/kk_ws/src/kk_driver_package/install/kk_driver_msg/include/kk_driver_msg/kk_driver_msg/msg/detail/key_ctrl__rosidl_typesupport_introspection_c.h
[191.814s] -- Installing: /home/kk/kk_ws/src/kk_driver_package/install/kk_driver_msg/include/kk_driver_msg/kk_driver_msg/msg/detail/c610_status__type_support.c
[191.819s] -- Installing: /home/kk/kk_ws/src/kk_driver_package/install/kk_driver_msg/include/kk_driver_msg/kk_driver_msg/msg/detail/bldc_cmd__rosidl_typesupport_introspection_c.h
[191.823s] -- Installing: /home/kk/kk_ws/src/kk_driver_package/install/kk_driver_msg/include/kk_driver_msg/kk_driver_msg/msg/detail/camera_cmd__type_support.c
[191.827s] -- Installing: /home/kk/kk_ws/src/kk_driver_package/install/kk_driver_msg/include/kk_driver_msg/kk_driver_msg/msg/detail/epb_cmd__rosidl_typesupport_introspection_c.h
[191.831s] -- Installing: /home/kk/kk_ws/src/kk_driver_package/install/kk_driver_msg/include/kk_driver_msg/kk_driver_msg/msg/detail/camera_cmd__rosidl_typesupport_introspection_c.h
[191.836s] -- Installing: /home/kk/kk_ws/src/kk_driver_package/install/kk_driver_msg/include/kk_driver_msg/kk_driver_msg/msg/detail/gm6020_status__type_support.c
[191.840s] -- Installing: /home/kk/kk_ws/src/kk_driver_package/install/kk_driver_msg/include/kk_driver_msg/kk_driver_msg/msg/detail/encoder__rosidl_typesupport_introspection_c.h
[191.844s] -- Installing: /home/kk/kk_ws/src/kk_driver_package/install/kk_driver_msg/include/kk_driver_msg/kk_driver_msg/msg/detail/motor_cmd__rosidl_typesupport_introspection_c.h
[191.849s] -- Installing: /home/kk/kk_ws/src/kk_driver_package/install/kk_driver_msg/include/kk_driver_msg/kk_driver_msg/msg/detail/encoder__type_support.c
[191.853s] -- Installing: /home/kk/kk_ws/src/kk_driver_package/install/kk_driver_msg/include/kk_driver_msg/kk_driver_msg/msg/detail/c610_status__rosidl_typesupport_introspection_c.h
[191.858s] -- Installing: /home/kk/kk_ws/src/kk_driver_package/install/kk_driver_msg/include/kk_driver_msg/kk_driver_msg/msg/detail/c610_cmd__rosidl_typesupport_introspection_c.h
[191.863s] -- Installing: /home/kk/kk_ws/src/kk_driver_package/install/kk_driver_msg/include/kk_driver_msg/kk_driver_msg/msg/detail/pwm_status__rosidl_typesupport_introspection_c.h
[191.867s] -- Installing: /home/kk/kk_ws/src/kk_driver_package/install/kk_driver_msg/include/kk_driver_msg/kk_driver_msg/msg/detail/epb_status__rosidl_typesupport_introspection_c.h
[191.871s] -- Installing: /home/kk/kk_ws/src/kk_driver_package/install/kk_driver_msg/include/kk_driver_msg/kk_driver_msg/msg/detail/pwm_status__type_support.c
[191.875s] -- Installing: /home/kk/kk_ws/src/kk_driver_package/install/kk_driver_msg/include/kk_driver_msg/kk_driver_msg/msg/detail/core__rosidl_typesupport_introspection_c.h
[191.879s] -- Installing: /home/kk/kk_ws/src/kk_driver_package/install/kk_driver_msg/include/kk_driver_msg/kk_driver_msg/msg/detail/motor_cmd__type_support.c
[191.884s] -- Installing: /home/kk/kk_ws/src/kk_driver_package/install/kk_driver_msg/include/kk_driver_msg/kk_driver_msg/msg/detail/epb_cmd__type_support.c
[191.888s] -- Installing: /home/kk/kk_ws/src/kk_driver_package/install/kk_driver_msg/include/kk_driver_msg/kk_driver_msg/msg/detail/gm6020_cmd__type_support.c
[191.892s] -- Installing: /home/kk/kk_ws/src/kk_driver_package/install/kk_driver_msg/include/kk_driver_msg/kk_driver_msg/msg/detail/key_ctrl__type_support.c
[191.897s] -- Installing: /home/kk/kk_ws/src/kk_driver_package/install/kk_driver_msg/include/kk_driver_msg/kk_driver_msg/msg/detail/bldc_cmd__type_support.c
[191.905s] -- Installing: /home/kk/kk_ws/src/kk_driver_package/install/kk_driver_msg/include/kk_driver_msg/kk_driver_msg/msg/detail/mouse_ctrl__type_support.c
[191.906s] -- Up-to-date: /home/kk/kk_ws/src/kk_driver_package/install/kk_driver_msg/include/kk_driver_msg/kk_driver_msg/msg/rosidl_typesupport_introspection_c__visibility_control.h
[191.909s] -- Installing: /home/kk/kk_ws/src/kk_driver_package/install/kk_driver_msg/lib/libkk_driver_msg__rosidl_typesupport_introspection_c.so
[191.920s] -- Set runtime path of "/home/kk/kk_ws/src/kk_driver_package/install/kk_driver_msg/lib/libkk_driver_msg__rosidl_typesupport_introspection_c.so" to ""
[191.923s] -- Installing: /home/kk/kk_ws/src/kk_driver_package/install/kk_driver_msg/lib/libkk_driver_msg__rosidl_typesupport_c.so
[191.933s] -- Set runtime path of "/home/kk/kk_ws/src/kk_driver_package/install/kk_driver_msg/lib/libkk_driver_msg__rosidl_typesupport_c.so" to ""
[191.935s] -- Up-to-date: /home/kk/kk_ws/src/kk_driver_package/install/kk_driver_msg/include/kk_driver_msg/kk_driver_msg
[191.937s] -- Up-to-date: /home/kk/kk_ws/src/kk_driver_package/install/kk_driver_msg/include/kk_driver_msg/kk_driver_msg/msg
[191.939s] -- Installing: /home/kk/kk_ws/src/kk_driver_package/install/kk_driver_msg/include/kk_driver_msg/kk_driver_msg/msg/pwm_cmd.hpp
[191.940s] -- Installing: /home/kk/kk_ws/src/kk_driver_package/install/kk_driver_msg/include/kk_driver_msg/kk_driver_msg/msg/gm6020_status.hpp
[191.943s] -- Installing: /home/kk/kk_ws/src/kk_driver_package/install/kk_driver_msg/include/kk_driver_msg/kk_driver_msg/msg/core.hpp
[191.948s] -- Installing: /home/kk/kk_ws/src/kk_driver_package/install/kk_driver_msg/include/kk_driver_msg/kk_driver_msg/msg/pwm_status.hpp
[191.950s] -- Installing: /home/kk/kk_ws/src/kk_driver_package/install/kk_driver_msg/include/kk_driver_msg/kk_driver_msg/msg/encoder.hpp
[191.954s] -- Installing: /home/kk/kk_ws/src/kk_driver_package/install/kk_driver_msg/include/kk_driver_msg/kk_driver_msg/msg/motor_cmd.hpp
[191.957s] -- Installing: /home/kk/kk_ws/src/kk_driver_package/install/kk_driver_msg/include/kk_driver_msg/kk_driver_msg/msg/key_ctrl.hpp
[191.961s] -- Installing: /home/kk/kk_ws/src/kk_driver_package/install/kk_driver_msg/include/kk_driver_msg/kk_driver_msg/msg/c610_cmd.hpp
[191.965s] -- Installing: /home/kk/kk_ws/src/kk_driver_package/install/kk_driver_msg/include/kk_driver_msg/kk_driver_msg/msg/bldc_cmd.hpp
[191.968s] -- Installing: /home/kk/kk_ws/src/kk_driver_package/install/kk_driver_msg/include/kk_driver_msg/kk_driver_msg/msg/c610_status.hpp
[191.972s] -- Installing: /home/kk/kk_ws/src/kk_driver_package/install/kk_driver_msg/include/kk_driver_msg/kk_driver_msg/msg/camera_cmd.hpp
[191.976s] -- Installing: /home/kk/kk_ws/src/kk_driver_package/install/kk_driver_msg/include/kk_driver_msg/kk_driver_msg/msg/epb_status.hpp
[191.980s] -- Up-to-date: /home/kk/kk_ws/src/kk_driver_package/install/kk_driver_msg/include/kk_driver_msg/kk_driver_msg/msg/detail
[191.982s] -- Installing: /home/kk/kk_ws/src/kk_driver_package/install/kk_driver_msg/include/kk_driver_msg/kk_driver_msg/msg/detail/core__builder.hpp
[191.986s] -- Installing: /home/kk/kk_ws/src/kk_driver_package/install/kk_driver_msg/include/kk_driver_msg/kk_driver_msg/msg/detail/core__type_support.hpp
[191.989s] -- Installing: /home/kk/kk_ws/src/kk_driver_package/install/kk_driver_msg/include/kk_driver_msg/kk_driver_msg/msg/detail/bldc_cmd__builder.hpp
[191.993s] -- Installing: /home/kk/kk_ws/src/kk_driver_package/install/kk_driver_msg/include/kk_driver_msg/kk_driver_msg/msg/detail/c610_status__builder.hpp
[191.997s] -- Installing: /home/kk/kk_ws/src/kk_driver_package/install/kk_driver_msg/include/kk_driver_msg/kk_driver_msg/msg/detail/gm6020_cmd__struct.hpp
[192.005s] -- Installing: /home/kk/kk_ws/src/kk_driver_package/install/kk_driver_msg/include/kk_driver_msg/kk_driver_msg/msg/detail/pwm_status__builder.hpp
[192.006s] -- Installing: /home/kk/kk_ws/src/kk_driver_package/install/kk_driver_msg/include/kk_driver_msg/kk_driver_msg/msg/detail/camera_cmd__struct.hpp
[192.009s] -- Installing: /home/kk/kk_ws/src/kk_driver_package/install/kk_driver_msg/include/kk_driver_msg/kk_driver_msg/msg/detail/pwm_status__traits.hpp
[192.013s] -- Installing: /home/kk/kk_ws/src/kk_driver_package/install/kk_driver_msg/include/kk_driver_msg/kk_driver_msg/msg/detail/core__struct.hpp
[192.016s] -- Installing: /home/kk/kk_ws/src/kk_driver_package/install/kk_driver_msg/include/kk_driver_msg/kk_driver_msg/msg/detail/encoder__builder.hpp
[192.021s] -- Installing: /home/kk/kk_ws/src/kk_driver_package/install/kk_driver_msg/include/kk_driver_msg/kk_driver_msg/msg/detail/key_ctrl__builder.hpp
[192.024s] -- Installing: /home/kk/kk_ws/src/kk_driver_package/install/kk_driver_msg/include/kk_driver_msg/kk_driver_msg/msg/detail/gm6020_status__traits.hpp
[192.030s] -- Installing: /home/kk/kk_ws/src/kk_driver_package/install/kk_driver_msg/include/kk_driver_msg/kk_driver_msg/msg/detail/epb_cmd__type_support.hpp
[192.032s] -- Installing: /home/kk/kk_ws/src/kk_driver_package/install/kk_driver_msg/include/kk_driver_msg/kk_driver_msg/msg/detail/gm6020_cmd__type_support.hpp
[192.036s] -- Installing: /home/kk/kk_ws/src/kk_driver_package/install/kk_driver_msg/include/kk_driver_msg/kk_driver_msg/msg/detail/c610_cmd__struct.hpp
[192.040s] -- Installing: /home/kk/kk_ws/src/kk_driver_package/install/kk_driver_msg/include/kk_driver_msg/kk_driver_msg/msg/detail/gm6020_cmd__traits.hpp
[192.044s] -- Installing: /home/kk/kk_ws/src/kk_driver_package/install/kk_driver_msg/include/kk_driver_msg/kk_driver_msg/msg/detail/gm6020_status__type_support.hpp
[192.050s] -- Installing: /home/kk/kk_ws/src/kk_driver_package/install/kk_driver_msg/include/kk_driver_msg/kk_driver_msg/msg/detail/encoder__type_support.hpp
[192.052s] -- Installing: /home/kk/kk_ws/src/kk_driver_package/install/kk_driver_msg/include/kk_driver_msg/kk_driver_msg/msg/detail/epb_status__struct.hpp
[192.061s] -- Installing: /home/kk/kk_ws/src/kk_driver_package/install/kk_driver_msg/include/kk_driver_msg/kk_driver_msg/msg/detail/core__traits.hpp
[192.062s] -- Installing: /home/kk/kk_ws/src/kk_driver_package/install/kk_driver_msg/include/kk_driver_msg/kk_driver_msg/msg/detail/c610_cmd__builder.hpp
[192.064s] -- Installing: /home/kk/kk_ws/src/kk_driver_package/install/kk_driver_msg/include/kk_driver_msg/kk_driver_msg/msg/detail/gm6020_status__struct.hpp
[192.072s] -- Installing: /home/kk/kk_ws/src/kk_driver_package/install/kk_driver_msg/include/kk_driver_msg/kk_driver_msg/msg/detail/pwm_status__struct.hpp
[192.074s] -- Installing: /home/kk/kk_ws/src/kk_driver_package/install/kk_driver_msg/include/kk_driver_msg/kk_driver_msg/msg/detail/motor_cmd__struct.hpp
[192.077s] -- Installing: /home/kk/kk_ws/src/kk_driver_package/install/kk_driver_msg/include/kk_driver_msg/kk_driver_msg/msg/detail/motor_cmd__traits.hpp
[192.081s] -- Installing: /home/kk/kk_ws/src/kk_driver_package/install/kk_driver_msg/include/kk_driver_msg/kk_driver_msg/msg/detail/epb_cmd__traits.hpp
[192.085s] -- Installing: /home/kk/kk_ws/src/kk_driver_package/install/kk_driver_msg/include/kk_driver_msg/kk_driver_msg/msg/detail/epb_status__traits.hpp
[192.089s] -- Installing: /home/kk/kk_ws/src/kk_driver_package/install/kk_driver_msg/include/kk_driver_msg/kk_driver_msg/msg/detail/bldc_cmd__traits.hpp
[192.093s] -- Installing: /home/kk/kk_ws/src/kk_driver_package/install/kk_driver_msg/include/kk_driver_msg/kk_driver_msg/msg/detail/key_ctrl__traits.hpp
[192.097s] -- Installing: /home/kk/kk_ws/src/kk_driver_package/install/kk_driver_msg/include/kk_driver_msg/kk_driver_msg/msg/detail/camera_cmd__type_support.hpp
[192.105s] -- Installing: /home/kk/kk_ws/src/kk_driver_package/install/kk_driver_msg/include/kk_driver_msg/kk_driver_msg/msg/detail/mouse_ctrl__traits.hpp
[192.106s] -- Installing: /home/kk/kk_ws/src/kk_driver_package/install/kk_driver_msg/include/kk_driver_msg/kk_driver_msg/msg/detail/epb_status__builder.hpp
[192.109s] -- Installing: /home/kk/kk_ws/src/kk_driver_package/install/kk_driver_msg/include/kk_driver_msg/kk_driver_msg/msg/detail/c610_status__type_support.hpp
[192.113s] -- Installing: /home/kk/kk_ws/src/kk_driver_package/install/kk_driver_msg/include/kk_driver_msg/kk_driver_msg/msg/detail/camera_cmd__builder.hpp
[192.118s] -- Installing: /home/kk/kk_ws/src/kk_driver_package/install/kk_driver_msg/include/kk_driver_msg/kk_driver_msg/msg/detail/c610_cmd__traits.hpp
[192.121s] -- Installing: /home/kk/kk_ws/src/kk_driver_package/install/kk_driver_msg/include/kk_driver_msg/kk_driver_msg/msg/detail/key_ctrl__type_support.hpp
[192.125s] -- Installing: /home/kk/kk_ws/src/kk_driver_package/install/kk_driver_msg/include/kk_driver_msg/kk_driver_msg/msg/detail/camera_cmd__traits.hpp
[192.130s] -- Installing: /home/kk/kk_ws/src/kk_driver_package/install/kk_driver_msg/include/kk_driver_msg/kk_driver_msg/msg/detail/pwm_cmd__struct.hpp
[192.133s] -- Installing: /home/kk/kk_ws/src/kk_driver_package/install/kk_driver_msg/include/kk_driver_msg/kk_driver_msg/msg/detail/gm6020_status__builder.hpp
[192.137s] -- Installing: /home/kk/kk_ws/src/kk_driver_package/install/kk_driver_msg/include/kk_driver_msg/kk_driver_msg/msg/detail/encoder__struct.hpp
[192.141s] -- Installing: /home/kk/kk_ws/src/kk_driver_package/install/kk_driver_msg/include/kk_driver_msg/kk_driver_msg/msg/detail/epb_status__type_support.hpp
[192.145s] -- Installing: /home/kk/kk_ws/src/kk_driver_package/install/kk_driver_msg/include/kk_driver_msg/kk_driver_msg/msg/detail/bldc_cmd__type_support.hpp
[192.148s] -- Installing: /home/kk/kk_ws/src/kk_driver_package/install/kk_driver_msg/include/kk_driver_msg/kk_driver_msg/msg/detail/pwm_cmd__traits.hpp
[192.153s] -- Installing: /home/kk/kk_ws/src/kk_driver_package/install/kk_driver_msg/include/kk_driver_msg/kk_driver_msg/msg/detail/motor_cmd__builder.hpp
[192.156s] -- Installing: /home/kk/kk_ws/src/kk_driver_package/install/kk_driver_msg/include/kk_driver_msg/kk_driver_msg/msg/detail/motor_cmd__type_support.hpp
[192.160s] -- Installing: /home/kk/kk_ws/src/kk_driver_package/install/kk_driver_msg/include/kk_driver_msg/kk_driver_msg/msg/detail/c610_status__traits.hpp
[192.167s] -- Installing: /home/kk/kk_ws/src/kk_driver_package/install/kk_driver_msg/include/kk_driver_msg/kk_driver_msg/msg/detail/epb_cmd__struct.hpp
[192.172s] -- Installing: /home/kk/kk_ws/src/kk_driver_package/install/kk_driver_msg/include/kk_driver_msg/kk_driver_msg/msg/detail/bldc_cmd__struct.hpp
[192.175s] -- Installing: /home/kk/kk_ws/src/kk_driver_package/install/kk_driver_msg/include/kk_driver_msg/kk_driver_msg/msg/detail/c610_cmd__type_support.hpp
[192.180s] -- Installing: /home/kk/kk_ws/src/kk_driver_package/install/kk_driver_msg/include/kk_driver_msg/kk_driver_msg/msg/detail/epb_cmd__builder.hpp
[192.183s] -- Installing: /home/kk/kk_ws/src/kk_driver_package/install/kk_driver_msg/include/kk_driver_msg/kk_driver_msg/msg/detail/key_ctrl__struct.hpp
[192.187s] -- Installing: /home/kk/kk_ws/src/kk_driver_package/install/kk_driver_msg/include/kk_driver_msg/kk_driver_msg/msg/detail/pwm_cmd__builder.hpp
[192.191s] -- Installing: /home/kk/kk_ws/src/kk_driver_package/install/kk_driver_msg/include/kk_driver_msg/kk_driver_msg/msg/detail/mouse_ctrl__struct.hpp
[192.195s] -- Installing: /home/kk/kk_ws/src/kk_driver_package/install/kk_driver_msg/include/kk_driver_msg/kk_driver_msg/msg/detail/pwm_status__type_support.hpp
[192.199s] -- Installing: /home/kk/kk_ws/src/kk_driver_package/install/kk_driver_msg/include/kk_driver_msg/kk_driver_msg/msg/detail/pwm_cmd__type_support.hpp
[192.204s] -- Installing: /home/kk/kk_ws/src/kk_driver_package/install/kk_driver_msg/include/kk_driver_msg/kk_driver_msg/msg/detail/mouse_ctrl__type_support.hpp
[192.208s] -- Installing: /home/kk/kk_ws/src/kk_driver_package/install/kk_driver_msg/include/kk_driver_msg/kk_driver_msg/msg/detail/encoder__traits.hpp
[192.212s] -- Installing: /home/kk/kk_ws/src/kk_driver_package/install/kk_driver_msg/include/kk_driver_msg/kk_driver_msg/msg/detail/gm6020_cmd__builder.hpp
[192.216s] -- Installing: /home/kk/kk_ws/src/kk_driver_package/install/kk_driver_msg/include/kk_driver_msg/kk_driver_msg/msg/detail/mouse_ctrl__builder.hpp
[192.221s] -- Installing: /home/kk/kk_ws/src/kk_driver_package/install/kk_driver_msg/include/kk_driver_msg/kk_driver_msg/msg/detail/c610_status__struct.hpp
[192.225s] -- Up-to-date: /home/kk/kk_ws/src/kk_driver_package/install/kk_driver_msg/include/kk_driver_msg/kk_driver_msg/msg/rosidl_generator_cpp__visibility_control.hpp
[192.226s] -- Installing: /home/kk/kk_ws/src/kk_driver_package/install/kk_driver_msg/include/kk_driver_msg/kk_driver_msg/msg/mouse_ctrl.hpp
[192.233s] -- Installing: /home/kk/kk_ws/src/kk_driver_package/install/kk_driver_msg/include/kk_driver_msg/kk_driver_msg/msg/epb_cmd.hpp
[192.235s] -- Installing: /home/kk/kk_ws/src/kk_driver_package/install/kk_driver_msg/include/kk_driver_msg/kk_driver_msg/msg/gm6020_cmd.hpp
[192.238s] -- Up-to-date: /home/kk/kk_ws/src/kk_driver_package/install/kk_driver_msg/include/kk_driver_msg/kk_driver_msg
[192.239s] -- Up-to-date: /home/kk/kk_ws/src/kk_driver_package/install/kk_driver_msg/include/kk_driver_msg/kk_driver_msg/msg
[192.242s] -- Up-to-date: /home/kk/kk_ws/src/kk_driver_package/install/kk_driver_msg/include/kk_driver_msg/kk_driver_msg/msg/rosidl_typesupport_fastrtps_cpp__visibility_control.h
[192.243s] -- Up-to-date: /home/kk/kk_ws/src/kk_driver_package/install/kk_driver_msg/include/kk_driver_msg/kk_driver_msg/msg/detail
[192.244s] -- Up-to-date: /home/kk/kk_ws/src/kk_driver_package/install/kk_driver_msg/include/kk_driver_msg/kk_driver_msg/msg/detail/dds_fastrtps
[192.246s] -- Installing: /home/kk/kk_ws/src/kk_driver_package/install/kk_driver_msg/include/kk_driver_msg/kk_driver_msg/msg/detail/bldc_cmd__rosidl_typesupport_fastrtps_cpp.hpp
[192.250s] -- Installing: /home/kk/kk_ws/src/kk_driver_package/install/kk_driver_msg/include/kk_driver_msg/kk_driver_msg/msg/detail/pwm_cmd__rosidl_typesupport_fastrtps_cpp.hpp
[192.255s] -- Installing: /home/kk/kk_ws/src/kk_driver_package/install/kk_driver_msg/include/kk_driver_msg/kk_driver_msg/msg/detail/key_ctrl__rosidl_typesupport_fastrtps_cpp.hpp
[192.259s] -- Installing: /home/kk/kk_ws/src/kk_driver_package/install/kk_driver_msg/include/kk_driver_msg/kk_driver_msg/msg/detail/core__rosidl_typesupport_fastrtps_cpp.hpp
[192.263s] -- Installing: /home/kk/kk_ws/src/kk_driver_package/install/kk_driver_msg/include/kk_driver_msg/kk_driver_msg/msg/detail/gm6020_status__rosidl_typesupport_fastrtps_cpp.hpp
[192.267s] -- Installing: /home/kk/kk_ws/src/kk_driver_package/install/kk_driver_msg/include/kk_driver_msg/kk_driver_msg/msg/detail/c610_cmd__rosidl_typesupport_fastrtps_cpp.hpp
[192.272s] -- Installing: /home/kk/kk_ws/src/kk_driver_package/install/kk_driver_msg/include/kk_driver_msg/kk_driver_msg/msg/detail/c610_status__rosidl_typesupport_fastrtps_cpp.hpp
[192.277s] -- Installing: /home/kk/kk_ws/src/kk_driver_package/install/kk_driver_msg/include/kk_driver_msg/kk_driver_msg/msg/detail/encoder__rosidl_typesupport_fastrtps_cpp.hpp
[192.281s] -- Installing: /home/kk/kk_ws/src/kk_driver_package/install/kk_driver_msg/include/kk_driver_msg/kk_driver_msg/msg/detail/mouse_ctrl__rosidl_typesupport_fastrtps_cpp.hpp
[192.285s] -- Installing: /home/kk/kk_ws/src/kk_driver_package/install/kk_driver_msg/include/kk_driver_msg/kk_driver_msg/msg/detail/camera_cmd__rosidl_typesupport_fastrtps_cpp.hpp
[192.290s] -- Installing: /home/kk/kk_ws/src/kk_driver_package/install/kk_driver_msg/include/kk_driver_msg/kk_driver_msg/msg/detail/epb_status__rosidl_typesupport_fastrtps_cpp.hpp
[192.294s] -- Installing: /home/kk/kk_ws/src/kk_driver_package/install/kk_driver_msg/include/kk_driver_msg/kk_driver_msg/msg/detail/pwm_status__rosidl_typesupport_fastrtps_cpp.hpp
[192.299s] -- Installing: /home/kk/kk_ws/src/kk_driver_package/install/kk_driver_msg/include/kk_driver_msg/kk_driver_msg/msg/detail/gm6020_cmd__rosidl_typesupport_fastrtps_cpp.hpp
[192.308s] -- Installing: /home/kk/kk_ws/src/kk_driver_package/install/kk_driver_msg/include/kk_driver_msg/kk_driver_msg/msg/detail/epb_cmd__rosidl_typesupport_fastrtps_cpp.hpp
[192.310s] -- Installing: /home/kk/kk_ws/src/kk_driver_package/install/kk_driver_msg/include/kk_driver_msg/kk_driver_msg/msg/detail/motor_cmd__rosidl_typesupport_fastrtps_cpp.hpp
[192.315s] -- Installing: /home/kk/kk_ws/src/kk_driver_package/install/kk_driver_msg/lib/libkk_driver_msg__rosidl_typesupport_fastrtps_cpp.so
[192.332s] -- Set runtime path of "/home/kk/kk_ws/src/kk_driver_package/install/kk_driver_msg/lib/libkk_driver_msg__rosidl_typesupport_fastrtps_cpp.so" to ""
[192.333s] -- Up-to-date: /home/kk/kk_ws/src/kk_driver_package/install/kk_driver_msg/include/kk_driver_msg/kk_driver_msg
[192.335s] -- Up-to-date: /home/kk/kk_ws/src/kk_driver_package/install/kk_driver_msg/include/kk_driver_msg/kk_driver_msg/msg
[192.336s] -- Up-to-date: /home/kk/kk_ws/src/kk_driver_package/install/kk_driver_msg/include/kk_driver_msg/kk_driver_msg/msg/detail
[192.337s] -- Installing: /home/kk/kk_ws/src/kk_driver_package/install/kk_driver_msg/include/kk_driver_msg/kk_driver_msg/msg/detail/key_ctrl__rosidl_typesupport_introspection_cpp.hpp
[192.340s] -- Installing: /home/kk/kk_ws/src/kk_driver_package/install/kk_driver_msg/include/kk_driver_msg/kk_driver_msg/msg/detail/pwm_cmd__rosidl_typesupport_introspection_cpp.hpp
[192.344s] -- Installing: /home/kk/kk_ws/src/kk_driver_package/install/kk_driver_msg/include/kk_driver_msg/kk_driver_msg/msg/detail/key_ctrl__type_support.cpp
[192.348s] -- Installing: /home/kk/kk_ws/src/kk_driver_package/install/kk_driver_msg/include/kk_driver_msg/kk_driver_msg/msg/detail/pwm_status__type_support.cpp
[192.353s] -- Installing: /home/kk/kk_ws/src/kk_driver_package/install/kk_driver_msg/include/kk_driver_msg/kk_driver_msg/msg/detail/gm6020_status__rosidl_typesupport_introspection_cpp.hpp
[192.357s] -- Installing: /home/kk/kk_ws/src/kk_driver_package/install/kk_driver_msg/include/kk_driver_msg/kk_driver_msg/msg/detail/gm6020_status__type_support.cpp
[192.363s] -- Installing: /home/kk/kk_ws/src/kk_driver_package/install/kk_driver_msg/include/kk_driver_msg/kk_driver_msg/msg/detail/pwm_status__rosidl_typesupport_introspection_cpp.hpp
[192.366s] -- Installing: /home/kk/kk_ws/src/kk_driver_package/install/kk_driver_msg/include/kk_driver_msg/kk_driver_msg/msg/detail/c610_cmd__type_support.cpp
[192.370s] -- Installing: /home/kk/kk_ws/src/kk_driver_package/install/kk_driver_msg/include/kk_driver_msg/kk_driver_msg/msg/detail/c610_cmd__rosidl_typesupport_introspection_cpp.hpp
[192.375s] -- Installing: /home/kk/kk_ws/src/kk_driver_package/install/kk_driver_msg/include/kk_driver_msg/kk_driver_msg/msg/detail/motor_cmd__type_support.cpp
[192.379s] -- Installing: /home/kk/kk_ws/src/kk_driver_package/install/kk_driver_msg/include/kk_driver_msg/kk_driver_msg/msg/detail/c610_status__type_support.cpp
[192.383s] -- Installing: /home/kk/kk_ws/src/kk_driver_package/install/kk_driver_msg/include/kk_driver_msg/kk_driver_msg/msg/detail/encoder__type_support.cpp
[192.387s] -- Installing: /home/kk/kk_ws/src/kk_driver_package/install/kk_driver_msg/include/kk_driver_msg/kk_driver_msg/msg/detail/c610_status__rosidl_typesupport_introspection_cpp.hpp
[192.392s] -- Installing: /home/kk/kk_ws/src/kk_driver_package/install/kk_driver_msg/include/kk_driver_msg/kk_driver_msg/msg/detail/gm6020_cmd__type_support.cpp
[192.397s] -- Installing: /home/kk/kk_ws/src/kk_driver_package/install/kk_driver_msg/include/kk_driver_msg/kk_driver_msg/msg/detail/mouse_ctrl__rosidl_typesupport_introspection_cpp.hpp
[192.400s] -- Installing: /home/kk/kk_ws/src/kk_driver_package/install/kk_driver_msg/include/kk_driver_msg/kk_driver_msg/msg/detail/pwm_cmd__type_support.cpp
[192.405s] -- Installing: /home/kk/kk_ws/src/kk_driver_package/install/kk_driver_msg/include/kk_driver_msg/kk_driver_msg/msg/detail/bldc_cmd__type_support.cpp
[192.410s] -- Installing: /home/kk/kk_ws/src/kk_driver_package/install/kk_driver_msg/include/kk_driver_msg/kk_driver_msg/msg/detail/core__rosidl_typesupport_introspection_cpp.hpp
[192.414s] -- Installing: /home/kk/kk_ws/src/kk_driver_package/install/kk_driver_msg/include/kk_driver_msg/kk_driver_msg/msg/detail/camera_cmd__type_support.cpp
[192.418s] -- Installing: /home/kk/kk_ws/src/kk_driver_package/install/kk_driver_msg/include/kk_driver_msg/kk_driver_msg/msg/detail/gm6020_cmd__rosidl_typesupport_introspection_cpp.hpp
[192.423s] -- Installing: /home/kk/kk_ws/src/kk_driver_package/install/kk_driver_msg/include/kk_driver_msg/kk_driver_msg/msg/detail/epb_cmd__type_support.cpp
[192.430s] -- Installing: /home/kk/kk_ws/src/kk_driver_package/install/kk_driver_msg/include/kk_driver_msg/kk_driver_msg/msg/detail/motor_cmd__rosidl_typesupport_introspection_cpp.hpp
[192.431s] -- Installing: /home/kk/kk_ws/src/kk_driver_package/install/kk_driver_msg/include/kk_driver_msg/kk_driver_msg/msg/detail/mouse_ctrl__type_support.cpp
[192.436s] -- Installing: /home/kk/kk_ws/src/kk_driver_package/install/kk_driver_msg/include/kk_driver_msg/kk_driver_msg/msg/detail/camera_cmd__rosidl_typesupport_introspection_cpp.hpp
[192.440s] -- Installing: /home/kk/kk_ws/src/kk_driver_package/install/kk_driver_msg/include/kk_driver_msg/kk_driver_msg/msg/detail/core__type_support.cpp
[192.445s] -- Installing: /home/kk/kk_ws/src/kk_driver_package/install/kk_driver_msg/include/kk_driver_msg/kk_driver_msg/msg/detail/epb_status__rosidl_typesupport_introspection_cpp.hpp
[192.450s] -- Installing: /home/kk/kk_ws/src/kk_driver_package/install/kk_driver_msg/include/kk_driver_msg/kk_driver_msg/msg/detail/epb_cmd__rosidl_typesupport_introspection_cpp.hpp
[192.456s] -- Installing: /home/kk/kk_ws/src/kk_driver_package/install/kk_driver_msg/include/kk_driver_msg/kk_driver_msg/msg/detail/epb_status__type_support.cpp
[192.462s] -- Installing: /home/kk/kk_ws/src/kk_driver_package/install/kk_driver_msg/include/kk_driver_msg/kk_driver_msg/msg/detail/encoder__rosidl_typesupport_introspection_cpp.hpp
[192.470s] -- Installing: /home/kk/kk_ws/src/kk_driver_package/install/kk_driver_msg/include/kk_driver_msg/kk_driver_msg/msg/detail/bldc_cmd__rosidl_typesupport_introspection_cpp.hpp
[192.478s] -- Installing: /home/kk/kk_ws/src/kk_driver_package/install/kk_driver_msg/lib/libkk_driver_msg__rosidl_typesupport_introspection_cpp.so
[192.493s] -- Set runtime path of "/home/kk/kk_ws/src/kk_driver_package/install/kk_driver_msg/lib/libkk_driver_msg__rosidl_typesupport_introspection_cpp.so" to ""
[192.496s] -- Installing: /home/kk/kk_ws/src/kk_driver_package/install/kk_driver_msg/lib/libkk_driver_msg__rosidl_typesupport_cpp.so
[192.509s] -- Set runtime path of "/home/kk/kk_ws/src/kk_driver_package/install/kk_driver_msg/lib/libkk_driver_msg__rosidl_typesupport_cpp.so" to ""
[192.510s] -- Up-to-date: /home/kk/kk_ws/src/kk_driver_package/install/kk_driver_msg/share/kk_driver_msg/environment/pythonpath.sh
[192.513s] -- Installing: /home/kk/kk_ws/src/kk_driver_package/install/kk_driver_msg/share/kk_driver_msg/environment/pythonpath.dsv
[192.514s] -- Up-to-date: /home/kk/kk_ws/src/kk_driver_package/install/kk_driver_msg/local/lib/python3.10/dist-packages/kk_driver_msg-0.0.1-py3.10.egg-info
[192.515s] -- Installing: /home/kk/kk_ws/src/kk_driver_package/install/kk_driver_msg/local/lib/python3.10/dist-packages/kk_driver_msg-0.0.1-py3.10.egg-info/PKG-INFO
[192.518s] -- Installing: /home/kk/kk_ws/src/kk_driver_package/install/kk_driver_msg/local/lib/python3.10/dist-packages/kk_driver_msg-0.0.1-py3.10.egg-info/top_level.txt
[192.522s] -- Installing: /home/kk/kk_ws/src/kk_driver_package/install/kk_driver_msg/local/lib/python3.10/dist-packages/kk_driver_msg-0.0.1-py3.10.egg-info/SOURCES.txt
[192.526s] -- Installing: /home/kk/kk_ws/src/kk_driver_package/install/kk_driver_msg/local/lib/python3.10/dist-packages/kk_driver_msg-0.0.1-py3.10.egg-info/dependency_links.txt
[192.533s] -- Up-to-date: /home/kk/kk_ws/src/kk_driver_package/install/kk_driver_msg/local/lib/python3.10/dist-packages/kk_driver_msg
[192.536s] -- Installing: /home/kk/kk_ws/src/kk_driver_package/install/kk_driver_msg/local/lib/python3.10/dist-packages/kk_driver_msg/__init__.py
[192.539s] -- Installing: /home/kk/kk_ws/src/kk_driver_package/install/kk_driver_msg/local/lib/python3.10/dist-packages/kk_driver_msg/kk_driver_msg_s__rosidl_typesupport_introspection_c.cpython-310-aarch64-linux-gnu.so
[192.545s] -- Installing: /home/kk/kk_ws/src/kk_driver_package/install/kk_driver_msg/local/lib/python3.10/dist-packages/kk_driver_msg/libkk_driver_msg__rosidl_generator_py.so
[192.553s] -- Installing: /home/kk/kk_ws/src/kk_driver_package/install/kk_driver_msg/local/lib/python3.10/dist-packages/kk_driver_msg/kk_driver_msg_s__rosidl_typesupport_c.cpython-310-aarch64-linux-gnu.so
[192.559s] -- Installing: /home/kk/kk_ws/src/kk_driver_package/install/kk_driver_msg/local/lib/python3.10/dist-packages/kk_driver_msg/_kk_driver_msg_s.ep.rosidl_typesupport_c.c
[192.565s] -- Installing: /home/kk/kk_ws/src/kk_driver_package/install/kk_driver_msg/local/lib/python3.10/dist-packages/kk_driver_msg/kk_driver_msg_s__rosidl_typesupport_fastrtps_c.cpython-310-aarch64-linux-gnu.so
[192.570s] -- Installing: /home/kk/kk_ws/src/kk_driver_package/install/kk_driver_msg/local/lib/python3.10/dist-packages/kk_driver_msg/_kk_driver_msg_s.ep.rosidl_typesupport_introspection_c.c
[192.576s] -- Up-to-date: /home/kk/kk_ws/src/kk_driver_package/install/kk_driver_msg/local/lib/python3.10/dist-packages/kk_driver_msg/msg
[192.578s] -- Installing: /home/kk/kk_ws/src/kk_driver_package/install/kk_driver_msg/local/lib/python3.10/dist-packages/kk_driver_msg/msg/_gm6020_status_s.c
[192.582s] -- Installing: /home/kk/kk_ws/src/kk_driver_package/install/kk_driver_msg/local/lib/python3.10/dist-packages/kk_driver_msg/msg/_c610_status_s.c
[192.586s] -- Installing: /home/kk/kk_ws/src/kk_driver_package/install/kk_driver_msg/local/lib/python3.10/dist-packages/kk_driver_msg/msg/__init__.py
[192.590s] -- Installing: /home/kk/kk_ws/src/kk_driver_package/install/kk_driver_msg/local/lib/python3.10/dist-packages/kk_driver_msg/msg/_encoder.py
[192.594s] -- Installing: /home/kk/kk_ws/src/kk_driver_package/install/kk_driver_msg/local/lib/python3.10/dist-packages/kk_driver_msg/msg/_pwm_cmd.py
[192.598s] -- Installing: /home/kk/kk_ws/src/kk_driver_package/install/kk_driver_msg/local/lib/python3.10/dist-packages/kk_driver_msg/msg/_motor_cmd_s.c
[192.602s] -- Installing: /home/kk/kk_ws/src/kk_driver_package/install/kk_driver_msg/local/lib/python3.10/dist-packages/kk_driver_msg/msg/_key_ctrl_s.c
[192.611s] -- Installing: /home/kk/kk_ws/src/kk_driver_package/install/kk_driver_msg/local/lib/python3.10/dist-packages/kk_driver_msg/msg/_c610_cmd.py
[192.612s] -- Installing: /home/kk/kk_ws/src/kk_driver_package/install/kk_driver_msg/local/lib/python3.10/dist-packages/kk_driver_msg/msg/_pwm_status.py
[192.615s] -- Installing: /home/kk/kk_ws/src/kk_driver_package/install/kk_driver_msg/local/lib/python3.10/dist-packages/kk_driver_msg/msg/_epb_cmd_s.c
[192.618s] -- Installing: /home/kk/kk_ws/src/kk_driver_package/install/kk_driver_msg/local/lib/python3.10/dist-packages/kk_driver_msg/msg/_camera_cmd.py
[192.622s] -- Installing: /home/kk/kk_ws/src/kk_driver_package/install/kk_driver_msg/local/lib/python3.10/dist-packages/kk_driver_msg/msg/_bldc_cmd.py
[192.630s] -- Installing: /home/kk/kk_ws/src/kk_driver_package/install/kk_driver_msg/local/lib/python3.10/dist-packages/kk_driver_msg/msg/_core.py
[192.643s] -- Installing: /home/kk/kk_ws/src/kk_driver_package/install/kk_driver_msg/local/lib/python3.10/dist-packages/kk_driver_msg/msg/_encoder_s.c
[192.644s] -- Installing: /home/kk/kk_ws/src/kk_driver_package/install/kk_driver_msg/local/lib/python3.10/dist-packages/kk_driver_msg/msg/_epb_status.py
[192.646s] -- Installing: /home/kk/kk_ws/src/kk_driver_package/install/kk_driver_msg/local/lib/python3.10/dist-packages/kk_driver_msg/msg/_core_s.c
[192.649s] -- Installing: /home/kk/kk_ws/src/kk_driver_package/install/kk_driver_msg/local/lib/python3.10/dist-packages/kk_driver_msg/msg/_gm6020_status.py
[192.651s] -- Installing: /home/kk/kk_ws/src/kk_driver_package/install/kk_driver_msg/local/lib/python3.10/dist-packages/kk_driver_msg/msg/_gm6020_cmd.py
[192.655s] -- Installing: /home/kk/kk_ws/src/kk_driver_package/install/kk_driver_msg/local/lib/python3.10/dist-packages/kk_driver_msg/msg/_motor_cmd.py
[192.659s] -- Installing: /home/kk/kk_ws/src/kk_driver_package/install/kk_driver_msg/local/lib/python3.10/dist-packages/kk_driver_msg/msg/_mouse_ctrl.py
[192.662s] -- Installing: /home/kk/kk_ws/src/kk_driver_package/install/kk_driver_msg/local/lib/python3.10/dist-packages/kk_driver_msg/msg/_epb_cmd.py
[192.667s] -- Installing: /home/kk/kk_ws/src/kk_driver_package/install/kk_driver_msg/local/lib/python3.10/dist-packages/kk_driver_msg/msg/_mouse_ctrl_s.c
[192.670s] -- Installing: /home/kk/kk_ws/src/kk_driver_package/install/kk_driver_msg/local/lib/python3.10/dist-packages/kk_driver_msg/msg/_c610_status.py
[192.674s] -- Installing: /home/kk/kk_ws/src/kk_driver_package/install/kk_driver_msg/local/lib/python3.10/dist-packages/kk_driver_msg/msg/_camera_cmd_s.c
[192.678s] -- Installing: /home/kk/kk_ws/src/kk_driver_package/install/kk_driver_msg/local/lib/python3.10/dist-packages/kk_driver_msg/msg/_key_ctrl.py
[192.682s] -- Installing: /home/kk/kk_ws/src/kk_driver_package/install/kk_driver_msg/local/lib/python3.10/dist-packages/kk_driver_msg/msg/_epb_status_s.c
[192.686s] -- Installing: /home/kk/kk_ws/src/kk_driver_package/install/kk_driver_msg/local/lib/python3.10/dist-packages/kk_driver_msg/msg/_pwm_status_s.c
[192.690s] -- Installing: /home/kk/kk_ws/src/kk_driver_package/install/kk_driver_msg/local/lib/python3.10/dist-packages/kk_driver_msg/msg/_bldc_cmd_s.c
[192.694s] -- Installing: /home/kk/kk_ws/src/kk_driver_package/install/kk_driver_msg/local/lib/python3.10/dist-packages/kk_driver_msg/msg/_gm6020_cmd_s.c
[192.698s] -- Installing: /home/kk/kk_ws/src/kk_driver_package/install/kk_driver_msg/local/lib/python3.10/dist-packages/kk_driver_msg/msg/_c610_cmd_s.c
[192.702s] -- Installing: /home/kk/kk_ws/src/kk_driver_package/install/kk_driver_msg/local/lib/python3.10/dist-packages/kk_driver_msg/msg/_pwm_cmd_s.c
[192.710s] -- Installing: /home/kk/kk_ws/src/kk_driver_package/install/kk_driver_msg/local/lib/python3.10/dist-packages/kk_driver_msg/_kk_driver_msg_s.ep.rosidl_typesupport_fastrtps_c.c
[193.262s] Listing '/home/kk/kk_ws/src/kk_driver_package/install/kk_driver_msg/local/lib/python3.10/dist-packages/kk_driver_msg'...
[193.264s] Compiling '/home/kk/kk_ws/src/kk_driver_package/install/kk_driver_msg/local/lib/python3.10/dist-packages/kk_driver_msg/__init__.py'...
[193.266s] Listing '/home/kk/kk_ws/src/kk_driver_package/install/kk_driver_msg/local/lib/python3.10/dist-packages/kk_driver_msg/msg'...
[193.268s] Compiling '/home/kk/kk_ws/src/kk_driver_package/install/kk_driver_msg/local/lib/python3.10/dist-packages/kk_driver_msg/msg/__init__.py'...
[193.271s] Compiling '/home/kk/kk_ws/src/kk_driver_package/install/kk_driver_msg/local/lib/python3.10/dist-packages/kk_driver_msg/msg/_bldc_cmd.py'...
[193.285s] Compiling '/home/kk/kk_ws/src/kk_driver_package/install/kk_driver_msg/local/lib/python3.10/dist-packages/kk_driver_msg/msg/_c610_cmd.py'...
[193.288s] Compiling '/home/kk/kk_ws/src/kk_driver_package/install/kk_driver_msg/local/lib/python3.10/dist-packages/kk_driver_msg/msg/_c610_status.py'...
[193.289s] Compiling '/home/kk/kk_ws/src/kk_driver_package/install/kk_driver_msg/local/lib/python3.10/dist-packages/kk_driver_msg/msg/_camera_cmd.py'...
[193.291s] Compiling '/home/kk/kk_ws/src/kk_driver_package/install/kk_driver_msg/local/lib/python3.10/dist-packages/kk_driver_msg/msg/_core.py'...
[193.292s] Compiling '/home/kk/kk_ws/src/kk_driver_package/install/kk_driver_msg/local/lib/python3.10/dist-packages/kk_driver_msg/msg/_encoder.py'...
[193.294s] Compiling '/home/kk/kk_ws/src/kk_driver_package/install/kk_driver_msg/local/lib/python3.10/dist-packages/kk_driver_msg/msg/_epb_cmd.py'...
[193.295s] Compiling '/home/kk/kk_ws/src/kk_driver_package/install/kk_driver_msg/local/lib/python3.10/dist-packages/kk_driver_msg/msg/_epb_status.py'...
[193.300s] Compiling '/home/kk/kk_ws/src/kk_driver_package/install/kk_driver_msg/local/lib/python3.10/dist-packages/kk_driver_msg/msg/_gm6020_cmd.py'...
[193.303s] Compiling '/home/kk/kk_ws/src/kk_driver_package/install/kk_driver_msg/local/lib/python3.10/dist-packages/kk_driver_msg/msg/_gm6020_status.py'...
[193.304s] Compiling '/home/kk/kk_ws/src/kk_driver_package/install/kk_driver_msg/local/lib/python3.10/dist-packages/kk_driver_msg/msg/_key_ctrl.py'...
[193.306s] Compiling '/home/kk/kk_ws/src/kk_driver_package/install/kk_driver_msg/local/lib/python3.10/dist-packages/kk_driver_msg/msg/_motor_cmd.py'...
[193.308s] Compiling '/home/kk/kk_ws/src/kk_driver_package/install/kk_driver_msg/local/lib/python3.10/dist-packages/kk_driver_msg/msg/_mouse_ctrl.py'...
[193.311s] Compiling '/home/kk/kk_ws/src/kk_driver_package/install/kk_driver_msg/local/lib/python3.10/dist-packages/kk_driver_msg/msg/_pwm_cmd.py'...
[193.313s] Compiling '/home/kk/kk_ws/src/kk_driver_package/install/kk_driver_msg/local/lib/python3.10/dist-packages/kk_driver_msg/msg/_pwm_status.py'...
[193.323s] -- Installing: /home/kk/kk_ws/src/kk_driver_package/install/kk_driver_msg/local/lib/python3.10/dist-packages/kk_driver_msg/kk_driver_msg_s__rosidl_typesupport_fastrtps_c.cpython-310-aarch64-linux-gnu.so
[193.334s] -- Set runtime path of "/home/kk/kk_ws/src/kk_driver_package/install/kk_driver_msg/local/lib/python3.10/dist-packages/kk_driver_msg/kk_driver_msg_s__rosidl_typesupport_fastrtps_c.cpython-310-aarch64-linux-gnu.so" to ""
[193.339s] -- Installing: /home/kk/kk_ws/src/kk_driver_package/install/kk_driver_msg/local/lib/python3.10/dist-packages/kk_driver_msg/kk_driver_msg_s__rosidl_typesupport_introspection_c.cpython-310-aarch64-linux-gnu.so
[193.350s] -- Set runtime path of "/home/kk/kk_ws/src/kk_driver_package/install/kk_driver_msg/local/lib/python3.10/dist-packages/kk_driver_msg/kk_driver_msg_s__rosidl_typesupport_introspection_c.cpython-310-aarch64-linux-gnu.so" to ""
[193.355s] -- Installing: /home/kk/kk_ws/src/kk_driver_package/install/kk_driver_msg/local/lib/python3.10/dist-packages/kk_driver_msg/kk_driver_msg_s__rosidl_typesupport_c.cpython-310-aarch64-linux-gnu.so
[193.365s] -- Set runtime path of "/home/kk/kk_ws/src/kk_driver_package/install/kk_driver_msg/local/lib/python3.10/dist-packages/kk_driver_msg/kk_driver_msg_s__rosidl_typesupport_c.cpython-310-aarch64-linux-gnu.so" to ""
[193.369s] -- Installing: /home/kk/kk_ws/src/kk_driver_package/install/kk_driver_msg/lib/libkk_driver_msg__rosidl_generator_py.so
[193.382s] -- Set runtime path of "/home/kk/kk_ws/src/kk_driver_package/install/kk_driver_msg/lib/libkk_driver_msg__rosidl_generator_py.so" to ""
[193.385s] -- Up-to-date: /home/kk/kk_ws/src/kk_driver_package/install/kk_driver_msg/share/kk_driver_msg/msg/EpbCmd.idl
[193.387s] -- Up-to-date: /home/kk/kk_ws/src/kk_driver_package/install/kk_driver_msg/share/kk_driver_msg/msg/PwmCmd.idl
[193.388s] -- Installing: /home/kk/kk_ws/src/kk_driver_package/install/kk_driver_msg/share/kk_driver_msg/msg/MotorCmd.idl
[193.390s] -- Up-to-date: /home/kk/kk_ws/src/kk_driver_package/install/kk_driver_msg/share/kk_driver_msg/msg/BldcCmd.idl
[193.392s] -- Up-to-date: /home/kk/kk_ws/src/kk_driver_package/install/kk_driver_msg/share/kk_driver_msg/msg/C610Cmd.idl
[193.393s] -- Up-to-date: /home/kk/kk_ws/src/kk_driver_package/install/kk_driver_msg/share/kk_driver_msg/msg/C610Status.idl
[193.395s] -- Up-to-date: /home/kk/kk_ws/src/kk_driver_package/install/kk_driver_msg/share/kk_driver_msg/msg/Gm6020Cmd.idl
[193.406s] -- Up-to-date: /home/kk/kk_ws/src/kk_driver_package/install/kk_driver_msg/share/kk_driver_msg/msg/Gm6020Status.idl
[193.407s] -- Up-to-date: /home/kk/kk_ws/src/kk_driver_package/install/kk_driver_msg/share/kk_driver_msg/msg/EpbStatus.idl
[193.409s] -- Up-to-date: /home/kk/kk_ws/src/kk_driver_package/install/kk_driver_msg/share/kk_driver_msg/msg/PwmStatus.idl
[193.413s] -- Up-to-date: /home/kk/kk_ws/src/kk_driver_package/install/kk_driver_msg/share/kk_driver_msg/msg/Encoder.idl
[193.414s] -- Up-to-date: /home/kk/kk_ws/src/kk_driver_package/install/kk_driver_msg/share/kk_driver_msg/msg/KeyCtrl.idl
[193.415s] -- Up-to-date: /home/kk/kk_ws/src/kk_driver_package/install/kk_driver_msg/share/kk_driver_msg/msg/Core.idl
[193.417s] -- Up-to-date: /home/kk/kk_ws/src/kk_driver_package/install/kk_driver_msg/share/kk_driver_msg/msg/CameraCmd.idl
[193.418s] -- Up-to-date: /home/kk/kk_ws/src/kk_driver_package/install/kk_driver_msg/share/kk_driver_msg/msg/MouseCtrl.idl
[193.420s] -- Up-to-date: /home/kk/kk_ws/src/kk_driver_package/install/kk_driver_msg/share/kk_driver_msg/msg/EpbCmd.msg
[193.422s] -- Up-to-date: /home/kk/kk_ws/src/kk_driver_package/install/kk_driver_msg/share/kk_driver_msg/msg/PwmCmd.msg
[193.423s] -- Installing: /home/kk/kk_ws/src/kk_driver_package/install/kk_driver_msg/share/kk_driver_msg/msg/MotorCmd.msg
[193.430s] -- Up-to-date: /home/kk/kk_ws/src/kk_driver_package/install/kk_driver_msg/share/kk_driver_msg/msg/BldcCmd.msg
[193.432s] -- Up-to-date: /home/kk/kk_ws/src/kk_driver_package/install/kk_driver_msg/share/kk_driver_msg/msg/C610Cmd.msg
[193.434s] -- Up-to-date: /home/kk/kk_ws/src/kk_driver_package/install/kk_driver_msg/share/kk_driver_msg/msg/C610Status.msg
[193.436s] -- Up-to-date: /home/kk/kk_ws/src/kk_driver_package/install/kk_driver_msg/share/kk_driver_msg/msg/Gm6020Cmd.msg
[193.438s] -- Up-to-date: /home/kk/kk_ws/src/kk_driver_package/install/kk_driver_msg/share/kk_driver_msg/msg/Gm6020Status.msg
[193.440s] -- Up-to-date: /home/kk/kk_ws/src/kk_driver_package/install/kk_driver_msg/share/kk_driver_msg/msg/EpbStatus.msg
[193.441s] -- Up-to-date: /home/kk/kk_ws/src/kk_driver_package/install/kk_driver_msg/share/kk_driver_msg/msg/PwmStatus.msg
[193.442s] -- Up-to-date: /home/kk/kk_ws/src/kk_driver_package/install/kk_driver_msg/share/kk_driver_msg/msg/Encoder.msg
[193.444s] -- Up-to-date: /home/kk/kk_ws/src/kk_driver_package/install/kk_driver_msg/share/kk_driver_msg/msg/KeyCtrl.msg
[193.446s] -- Up-to-date: /home/kk/kk_ws/src/kk_driver_package/install/kk_driver_msg/share/kk_driver_msg/msg/Core.msg
[193.447s] -- Up-to-date: /home/kk/kk_ws/src/kk_driver_package/install/kk_driver_msg/share/kk_driver_msg/msg/CameraCmd.msg
[193.448s] -- Up-to-date: /home/kk/kk_ws/src/kk_driver_package/install/kk_driver_msg/share/kk_driver_msg/msg/MouseCtrl.msg
[193.450s] -- Up-to-date: /home/kk/kk_ws/src/kk_driver_package/install/kk_driver_msg/share/ament_index/resource_index/package_run_dependencies/kk_driver_msg
[193.452s] -- Up-to-date: /home/kk/kk_ws/src/kk_driver_package/install/kk_driver_msg/share/ament_index/resource_index/parent_prefix_path/kk_driver_msg
[193.454s] -- Up-to-date: /home/kk/kk_ws/src/kk_driver_package/install/kk_driver_msg/share/kk_driver_msg/environment/ament_prefix_path.sh
[193.455s] -- Installing: /home/kk/kk_ws/src/kk_driver_package/install/kk_driver_msg/share/kk_driver_msg/environment/ament_prefix_path.dsv
[193.457s] -- Up-to-date: /home/kk/kk_ws/src/kk_driver_package/install/kk_driver_msg/share/kk_driver_msg/environment/path.sh
[193.458s] -- Installing: /home/kk/kk_ws/src/kk_driver_package/install/kk_driver_msg/share/kk_driver_msg/environment/path.dsv
[193.460s] -- Up-to-date: /home/kk/kk_ws/src/kk_driver_package/install/kk_driver_msg/share/kk_driver_msg/local_setup.bash
[193.461s] -- Up-to-date: /home/kk/kk_ws/src/kk_driver_package/install/kk_driver_msg/share/kk_driver_msg/local_setup.sh
[193.462s] -- Up-to-date: /home/kk/kk_ws/src/kk_driver_package/install/kk_driver_msg/share/kk_driver_msg/local_setup.zsh
[193.464s] -- Installing: /home/kk/kk_ws/src/kk_driver_package/install/kk_driver_msg/share/kk_driver_msg/local_setup.dsv
[193.465s] -- Installing: /home/kk/kk_ws/src/kk_driver_package/install/kk_driver_msg/share/kk_driver_msg/package.dsv
[193.467s] -- Up-to-date: /home/kk/kk_ws/src/kk_driver_package/install/kk_driver_msg/share/ament_index/resource_index/packages/kk_driver_msg
[193.468s] -- Up-to-date: /home/kk/kk_ws/src/kk_driver_package/install/kk_driver_msg/share/kk_driver_msg/cmake/export_kk_driver_msg__rosidl_generator_cExport.cmake
[193.469s] -- Up-to-date: /home/kk/kk_ws/src/kk_driver_package/install/kk_driver_msg/share/kk_driver_msg/cmake/export_kk_driver_msg__rosidl_generator_cExport-noconfig.cmake
[193.472s] -- Up-to-date: /home/kk/kk_ws/src/kk_driver_package/install/kk_driver_msg/share/kk_driver_msg/cmake/export_kk_driver_msg__rosidl_typesupport_fastrtps_cExport.cmake
[193.474s] -- Up-to-date: /home/kk/kk_ws/src/kk_driver_package/install/kk_driver_msg/share/kk_driver_msg/cmake/export_kk_driver_msg__rosidl_typesupport_fastrtps_cExport-noconfig.cmake
[193.477s] -- Up-to-date: /home/kk/kk_ws/src/kk_driver_package/install/kk_driver_msg/share/kk_driver_msg/cmake/kk_driver_msg__rosidl_typesupport_introspection_cExport.cmake
[193.479s] -- Up-to-date: /home/kk/kk_ws/src/kk_driver_package/install/kk_driver_msg/share/kk_driver_msg/cmake/kk_driver_msg__rosidl_typesupport_introspection_cExport-noconfig.cmake
[193.481s] -- Up-to-date: /home/kk/kk_ws/src/kk_driver_package/install/kk_driver_msg/share/kk_driver_msg/cmake/kk_driver_msg__rosidl_typesupport_cExport.cmake
[193.483s] -- Up-to-date: /home/kk/kk_ws/src/kk_driver_package/install/kk_driver_msg/share/kk_driver_msg/cmake/kk_driver_msg__rosidl_typesupport_cExport-noconfig.cmake
[193.486s] -- Up-to-date: /home/kk/kk_ws/src/kk_driver_package/install/kk_driver_msg/share/kk_driver_msg/cmake/export_kk_driver_msg__rosidl_generator_cppExport.cmake
[193.489s] -- Up-to-date: /home/kk/kk_ws/src/kk_driver_package/install/kk_driver_msg/share/kk_driver_msg/cmake/export_kk_driver_msg__rosidl_typesupport_fastrtps_cppExport.cmake
[193.491s] -- Up-to-date: /home/kk/kk_ws/src/kk_driver_package/install/kk_driver_msg/share/kk_driver_msg/cmake/export_kk_driver_msg__rosidl_typesupport_fastrtps_cppExport-noconfig.cmake
[193.494s] -- Up-to-date: /home/kk/kk_ws/src/kk_driver_package/install/kk_driver_msg/share/kk_driver_msg/cmake/kk_driver_msg__rosidl_typesupport_introspection_cppExport.cmake
[193.496s] -- Up-to-date: /home/kk/kk_ws/src/kk_driver_package/install/kk_driver_msg/share/kk_driver_msg/cmake/kk_driver_msg__rosidl_typesupport_introspection_cppExport-noconfig.cmake
[193.499s] -- Up-to-date: /home/kk/kk_ws/src/kk_driver_package/install/kk_driver_msg/share/kk_driver_msg/cmake/kk_driver_msg__rosidl_typesupport_cppExport.cmake
[193.501s] -- Up-to-date: /home/kk/kk_ws/src/kk_driver_package/install/kk_driver_msg/share/kk_driver_msg/cmake/kk_driver_msg__rosidl_typesupport_cppExport-noconfig.cmake
[193.504s] -- Up-to-date: /home/kk/kk_ws/src/kk_driver_package/install/kk_driver_msg/share/kk_driver_msg/cmake/export_kk_driver_msg__rosidl_generator_pyExport.cmake
[193.506s] -- Up-to-date: /home/kk/kk_ws/src/kk_driver_package/install/kk_driver_msg/share/kk_driver_msg/cmake/export_kk_driver_msg__rosidl_generator_pyExport-noconfig.cmake
[193.507s] -- Up-to-date: /home/kk/kk_ws/src/kk_driver_package/install/kk_driver_msg/share/kk_driver_msg/cmake/rosidl_cmake-extras.cmake
[193.510s] -- Up-to-date: /home/kk/kk_ws/src/kk_driver_package/install/kk_driver_msg/share/kk_driver_msg/cmake/ament_cmake_export_include_directories-extras.cmake
[193.513s] -- Up-to-date: /home/kk/kk_ws/src/kk_driver_package/install/kk_driver_msg/share/kk_driver_msg/cmake/ament_cmake_export_libraries-extras.cmake
[193.515s] -- Up-to-date: /home/kk/kk_ws/src/kk_driver_package/install/kk_driver_msg/share/kk_driver_msg/cmake/ament_cmake_export_targets-extras.cmake
[193.516s] -- Up-to-date: /home/kk/kk_ws/src/kk_driver_package/install/kk_driver_msg/share/kk_driver_msg/cmake/rosidl_cmake_export_typesupport_targets-extras.cmake
[193.517s] -- Up-to-date: /home/kk/kk_ws/src/kk_driver_package/install/kk_driver_msg/share/kk_driver_msg/cmake/ament_cmake_export_dependencies-extras.cmake
[193.520s] -- Up-to-date: /home/kk/kk_ws/src/kk_driver_package/install/kk_driver_msg/share/kk_driver_msg/cmake/rosidl_cmake_export_typesupport_libraries-extras.cmake
[193.521s] -- Up-to-date: /home/kk/kk_ws/src/kk_driver_package/install/kk_driver_msg/share/kk_driver_msg/cmake/kk_driver_msgConfig.cmake
[193.523s] -- Up-to-date: /home/kk/kk_ws/src/kk_driver_package/install/kk_driver_msg/share/kk_driver_msg/cmake/kk_driver_msgConfig-version.cmake
[193.524s] -- Up-to-date: /home/kk/kk_ws/src/kk_driver_package/install/kk_driver_msg/share/kk_driver_msg/package.xml
[193.547s] Invoked command in '/home/kk/kk_ws/src/kk_driver_package/build/kk_driver_msg' returned '0': CMAKE_PREFIX_PATH=${CMAKE_PREFIX_PATH}:/home/kk/kk_ws/install/kk_simulator:/home/kk/kk_ws/install/kk_receiver:/home/kk/kk_ws/install/core_camera:/opt/ros/humble /usr/bin/cmake --install /home/kk/kk_ws/src/kk_driver_package/build/kk_driver_msg
