[0.186s] Invoking command in '/home/kk/kk_ws/src/kk_driver_package/build/kk_driver_msg': CMAKE_PREFIX_PATH=${CMAKE_PREFIX_PATH}:/home/kk/kk_ws/install/kk_simulator:/home/kk/kk_ws/install/kk_receiver:/home/kk/kk_ws/install/core_camera:/opt/ros/humble /usr/bin/cmake /home/kk/kk_ws/src/kk_driver_package/kk_driver_msg -DCMAKE_INSTALL_PREFIX=/home/kk/kk_ws/src/kk_driver_package/install/kk_driver_msg
[1.491s] -- The C compiler identification is GNU 11.4.0
[2.710s] -- The CXX compiler identification is GNU 11.4.0
[2.821s] -- Detecting C compiler ABI info
[3.756s] -- Detecting C compiler ABI info - done
[3.847s] -- Check for working C compiler: /usr/bin/cc - skipped
[3.851s] -- Detecting C compile features
[3.852s] -- Detecting C compile features - done
[3.888s] -- Detecting CXX compiler ABI info
[4.846s] -- Detecting CXX compiler ABI info - done
[4.928s] -- Check for working CXX compiler: /usr/bin/c++ - skipped
[4.930s] -- Detecting CXX compile features
[4.934s] -- Detecting CXX compile features - done
[5.035s] -- Found ament_cmake: 1.3.11 (/opt/ros/humble/share/ament_cmake/cmake)
[7.068s] -- Found Python3: /usr/bin/python3 (found version "3.10.12") found components: Interpreter 
[9.030s] -- Found rosidl_default_generators: 1.2.0 (/opt/ros/humble/share/rosidl_default_generators/cmake)
[9.140s] -- Using all available rosidl_typesupport_c: rosidl_typesupport_fastrtps_c;rosidl_typesupport_introspection_c
[9.386s] -- Found rosidl_adapter: 3.1.6 (/opt/ros/humble/share/rosidl_adapter/cmake)
[10.134s] -- Using all available rosidl_typesupport_cpp: rosidl_typesupport_fastrtps_cpp;rosidl_typesupport_introspection_cpp
[13.851s] -- Found ament_cmake_ros: 0.10.0 (/opt/ros/humble/share/ament_cmake_ros/cmake)
[15.722s] -- Using all available rosidl_typesupport_c: rosidl_typesupport_fastrtps_c;rosidl_typesupport_introspection_c
[16.950s] -- Using all available rosidl_typesupport_cpp: rosidl_typesupport_fastrtps_cpp;rosidl_typesupport_introspection_cpp
[17.064s] -- Found PythonInterp: /usr/bin/python3 (found suitable version "3.10.12", minimum required is "3.6") 
[17.090s] -- Found python_cmake_module: 0.10.0 (/opt/ros/humble/share/python_cmake_module/cmake)
[17.217s] -- Found PythonLibs: /usr/lib/aarch64-linux-gnu/libpython3.10.so (found suitable version "3.10.12", minimum required is "3.5") 
[17.218s] -- Using PYTHON_EXECUTABLE: /usr/bin/python3
[17.218s] -- Using PYTHON_INCLUDE_DIRS: /usr/include/python3.10
[17.218s] -- Using PYTHON_LIBRARIES: /usr/lib/aarch64-linux-gnu/libpython3.10.so
[17.325s] -- Found PythonExtra: .so  
[17.524s] -- Found ament_lint_auto: 0.12.11 (/opt/ros/humble/share/ament_lint_auto/cmake)
[17.794s] -- Added test 'lint_cmake' to check CMake code style
[17.809s] -- Added test 'xmllint' to check XML markup files
[17.865s] -- Configuring done
[18.622s] -- Generating done
[18.771s] -- Build files have been written to: /home/kk/kk_ws/src/kk_driver_package/build/kk_driver_msg
[18.817s] Invoked command in '/home/kk/kk_ws/src/kk_driver_package/build/kk_driver_msg' returned '0': CMAKE_PREFIX_PATH=${CMAKE_PREFIX_PATH}:/home/kk/kk_ws/install/kk_simulator:/home/kk/kk_ws/install/kk_receiver:/home/kk/kk_ws/install/core_camera:/opt/ros/humble /usr/bin/cmake /home/kk/kk_ws/src/kk_driver_package/kk_driver_msg -DCMAKE_INSTALL_PREFIX=/home/kk/kk_ws/src/kk_driver_package/install/kk_driver_msg
[18.834s] Invoking command in '/home/kk/kk_ws/src/kk_driver_package/build/kk_driver_msg': CMAKE_PREFIX_PATH=${CMAKE_PREFIX_PATH}:/home/kk/kk_ws/install/kk_simulator:/home/kk/kk_ws/install/kk_receiver:/home/kk/kk_ws/install/core_camera:/opt/ros/humble /usr/bin/cmake --build /home/kk/kk_ws/src/kk_driver_package/build/kk_driver_msg -- -j4 -l4
[19.365s] [  1%] [34m[1mGenerating C code for ROS interfaces[0m
[19.506s] [  1%] [34m[1mGenerating C++ code for ROS interfaces[0m
[19.590s] [  1%] Built target ament_cmake_python_copy_kk_driver_msg
[23.316s] running egg_info
[23.326s] creating kk_driver_msg.egg-info
[23.330s] writing kk_driver_msg.egg-info/PKG-INFO
[23.334s] writing dependency_links to kk_driver_msg.egg-info/dependency_links.txt
[23.338s] writing top-level names to kk_driver_msg.egg-info/top_level.txt
[23.343s] writing manifest file 'kk_driver_msg.egg-info/SOURCES.txt'
[23.372s] reading manifest file 'kk_driver_msg.egg-info/SOURCES.txt'
[23.382s] writing manifest file 'kk_driver_msg.egg-info/SOURCES.txt'
[23.686s] [  1%] Built target ament_cmake_python_build_kk_driver_msg_egg
[33.076s] [  1%] Built target kk_driver_msg__cpp
[33.268s] [  2%] [34m[1mGenerating C++ type support dispatch for ROS interfaces[0m
[33.614s] [  3%] [34m[1mGenerating C++ type support for eProsima Fast-RTPS[0m
[33.717s] [  3%] [34m[1mGenerating C++ introspection for ROS interfaces[0m
[34.456s] [  3%] [32mBuilding C object CMakeFiles/kk_driver_msg__rosidl_generator_c.dir/rosidl_generator_c/kk_driver_msg/msg/detail/epb_cmd__functions.c.o[0m
[35.286s] [  4%] [32mBuilding C object CMakeFiles/kk_driver_msg__rosidl_generator_c.dir/rosidl_generator_c/kk_driver_msg/msg/detail/pwm_cmd__functions.c.o[0m
[36.084s] [  5%] [32mBuilding C object CMakeFiles/kk_driver_msg__rosidl_generator_c.dir/rosidl_generator_c/kk_driver_msg/msg/detail/motor_cmd__functions.c.o[0m
[36.857s] [  5%] [32mBuilding C object CMakeFiles/kk_driver_msg__rosidl_generator_c.dir/rosidl_generator_c/kk_driver_msg/msg/detail/bldc_cmd__functions.c.o[0m
[37.459s] [  6%] [32mBuilding C object CMakeFiles/kk_driver_msg__rosidl_generator_c.dir/rosidl_generator_c/kk_driver_msg/msg/detail/c610_cmd__functions.c.o[0m
[38.304s] [  7%] [32mBuilding C object CMakeFiles/kk_driver_msg__rosidl_generator_c.dir/rosidl_generator_c/kk_driver_msg/msg/detail/c610_status__functions.c.o[0m
[39.104s] [  7%] [32mBuilding C object CMakeFiles/kk_driver_msg__rosidl_generator_c.dir/rosidl_generator_c/kk_driver_msg/msg/detail/gm6020_cmd__functions.c.o[0m
[39.887s] [  8%] [32mBuilding C object CMakeFiles/kk_driver_msg__rosidl_generator_c.dir/rosidl_generator_c/kk_driver_msg/msg/detail/gm6020_status__functions.c.o[0m
[40.606s] [  9%] [32mBuilding C object CMakeFiles/kk_driver_msg__rosidl_generator_c.dir/rosidl_generator_c/kk_driver_msg/msg/detail/epb_status__functions.c.o[0m
[41.131s] [ 10%] [32mBuilding C object CMakeFiles/kk_driver_msg__rosidl_generator_c.dir/rosidl_generator_c/kk_driver_msg/msg/detail/pwm_status__functions.c.o[0m
[41.709s] [ 11%] [32mBuilding CXX object CMakeFiles/kk_driver_msg__rosidl_typesupport_cpp.dir/rosidl_typesupport_cpp/kk_driver_msg/msg/epb_cmd__type_support.cpp.o[0m
[41.873s] [ 11%] [32mBuilding C object CMakeFiles/kk_driver_msg__rosidl_generator_c.dir/rosidl_generator_c/kk_driver_msg/msg/detail/encoder__functions.c.o[0m
[42.578s] [ 12%] [32mBuilding C object CMakeFiles/kk_driver_msg__rosidl_generator_c.dir/rosidl_generator_c/kk_driver_msg/msg/detail/key_ctrl__functions.c.o[0m
[43.338s] [ 13%] [32mBuilding C object CMakeFiles/kk_driver_msg__rosidl_generator_c.dir/rosidl_generator_c/kk_driver_msg/msg/detail/core__functions.c.o[0m
[44.213s] [ 13%] [32mBuilding C object CMakeFiles/kk_driver_msg__rosidl_generator_c.dir/rosidl_generator_c/kk_driver_msg/msg/detail/camera_cmd__functions.c.o[0m
[45.020s] [ 14%] [32mBuilding C object CMakeFiles/kk_driver_msg__rosidl_generator_c.dir/rosidl_generator_c/kk_driver_msg/msg/detail/mouse_ctrl__functions.c.o[0m
[45.617s] [ 15%] [32mBuilding CXX object CMakeFiles/kk_driver_msg__rosidl_typesupport_introspection_cpp.dir/rosidl_typesupport_introspection_cpp/kk_driver_msg/msg/detail/epb_cmd__type_support.cpp.o[0m
[45.952s] [ 16%] [32m[1mLinking C shared library libkk_driver_msg__rosidl_generator_c.so[0m
[46.485s] [ 16%] [32mBuilding CXX object CMakeFiles/kk_driver_msg__rosidl_typesupport_cpp.dir/rosidl_typesupport_cpp/kk_driver_msg/msg/pwm_cmd__type_support.cpp.o[0m
[46.825s] [ 16%] Built target kk_driver_msg__rosidl_generator_c
[47.055s] [ 17%] [34m[1mGenerating C type support for eProsima Fast-RTPS[0m
[48.947s] [ 18%] [32mBuilding CXX object CMakeFiles/kk_driver_msg__rosidl_typesupport_fastrtps_cpp.dir/rosidl_typesupport_fastrtps_cpp/kk_driver_msg/msg/detail/dds_fastrtps/epb_cmd__type_support.cpp.o[0m
[51.516s] [ 19%] [32mBuilding CXX object CMakeFiles/kk_driver_msg__rosidl_typesupport_cpp.dir/rosidl_typesupport_cpp/kk_driver_msg/msg/motor_cmd__type_support.cpp.o[0m
[53.235s] [ 20%] [32mBuilding CXX object CMakeFiles/kk_driver_msg__rosidl_typesupport_introspection_cpp.dir/rosidl_typesupport_introspection_cpp/kk_driver_msg/msg/detail/pwm_cmd__type_support.cpp.o[0m
[56.078s] [ 21%] [32mBuilding CXX object CMakeFiles/kk_driver_msg__rosidl_typesupport_cpp.dir/rosidl_typesupport_cpp/kk_driver_msg/msg/bldc_cmd__type_support.cpp.o[0m
[56.140s] [ 22%] [32mBuilding CXX object CMakeFiles/kk_driver_msg__rosidl_typesupport_fastrtps_cpp.dir/rosidl_typesupport_fastrtps_cpp/kk_driver_msg/msg/detail/dds_fastrtps/pwm_cmd__type_support.cpp.o[0m
[61.655s] [ 22%] [32mBuilding CXX object CMakeFiles/kk_driver_msg__rosidl_typesupport_cpp.dir/rosidl_typesupport_cpp/kk_driver_msg/msg/c610_cmd__type_support.cpp.o[0m
[63.063s] [ 22%] [32mBuilding CXX object CMakeFiles/kk_driver_msg__rosidl_typesupport_introspection_cpp.dir/rosidl_typesupport_introspection_cpp/kk_driver_msg/msg/detail/motor_cmd__type_support.cpp.o[0m
[64.127s] [ 23%] [32mBuilding CXX object CMakeFiles/kk_driver_msg__rosidl_typesupport_fastrtps_c.dir/rosidl_typesupport_fastrtps_c/kk_driver_msg/msg/detail/epb_cmd__type_support_c.cpp.o[0m
[66.389s] [ 24%] [32mBuilding CXX object CMakeFiles/kk_driver_msg__rosidl_typesupport_cpp.dir/rosidl_typesupport_cpp/kk_driver_msg/msg/c610_status__type_support.cpp.o[0m
[67.496s] [ 24%] [32mBuilding CXX object CMakeFiles/kk_driver_msg__rosidl_typesupport_fastrtps_cpp.dir/rosidl_typesupport_fastrtps_cpp/kk_driver_msg/msg/detail/dds_fastrtps/motor_cmd__type_support.cpp.o[0m
[69.733s] [ 24%] [32mBuilding CXX object CMakeFiles/kk_driver_msg__rosidl_typesupport_fastrtps_c.dir/rosidl_typesupport_fastrtps_c/kk_driver_msg/msg/detail/pwm_cmd__type_support_c.cpp.o[0m
[70.393s] [ 25%] [32mBuilding CXX object CMakeFiles/kk_driver_msg__rosidl_typesupport_cpp.dir/rosidl_typesupport_cpp/kk_driver_msg/msg/gm6020_cmd__type_support.cpp.o[0m
[70.856s] [ 26%] [32mBuilding CXX object CMakeFiles/kk_driver_msg__rosidl_typesupport_introspection_cpp.dir/rosidl_typesupport_introspection_cpp/kk_driver_msg/msg/detail/bldc_cmd__type_support.cpp.o[0m
[74.601s] [ 27%] [32mBuilding CXX object CMakeFiles/kk_driver_msg__rosidl_typesupport_cpp.dir/rosidl_typesupport_cpp/kk_driver_msg/msg/gm6020_status__type_support.cpp.o[0m
[74.643s] [ 28%] [32mBuilding CXX object CMakeFiles/kk_driver_msg__rosidl_typesupport_fastrtps_c.dir/rosidl_typesupport_fastrtps_c/kk_driver_msg/msg/detail/motor_cmd__type_support_c.cpp.o[0m
[74.724s] [ 29%] [32mBuilding CXX object CMakeFiles/kk_driver_msg__rosidl_typesupport_fastrtps_cpp.dir/rosidl_typesupport_fastrtps_cpp/kk_driver_msg/msg/detail/dds_fastrtps/bldc_cmd__type_support.cpp.o[0m
[77.856s] [ 30%] [32mBuilding CXX object CMakeFiles/kk_driver_msg__rosidl_typesupport_introspection_cpp.dir/rosidl_typesupport_introspection_cpp/kk_driver_msg/msg/detail/c610_cmd__type_support.cpp.o[0m
[78.161s] [ 30%] [32mBuilding CXX object CMakeFiles/kk_driver_msg__rosidl_typesupport_cpp.dir/rosidl_typesupport_cpp/kk_driver_msg/msg/epb_status__type_support.cpp.o[0m
[80.228s] [ 31%] [32mBuilding CXX object CMakeFiles/kk_driver_msg__rosidl_typesupport_fastrtps_c.dir/rosidl_typesupport_fastrtps_c/kk_driver_msg/msg/detail/bldc_cmd__type_support_c.cpp.o[0m
[82.159s] [ 32%] [32mBuilding CXX object CMakeFiles/kk_driver_msg__rosidl_typesupport_fastrtps_cpp.dir/rosidl_typesupport_fastrtps_cpp/kk_driver_msg/msg/detail/dds_fastrtps/c610_cmd__type_support.cpp.o[0m
[82.716s] [ 33%] [32mBuilding CXX object CMakeFiles/kk_driver_msg__rosidl_typesupport_cpp.dir/rosidl_typesupport_cpp/kk_driver_msg/msg/pwm_status__type_support.cpp.o[0m
[84.613s] [ 34%] [32mBuilding CXX object CMakeFiles/kk_driver_msg__rosidl_typesupport_introspection_cpp.dir/rosidl_typesupport_introspection_cpp/kk_driver_msg/msg/detail/c610_status__type_support.cpp.o[0m
[85.504s] [ 34%] [32mBuilding CXX object CMakeFiles/kk_driver_msg__rosidl_typesupport_fastrtps_c.dir/rosidl_typesupport_fastrtps_c/kk_driver_msg/msg/detail/c610_cmd__type_support_c.cpp.o[0m
[87.037s] [ 35%] [32mBuilding CXX object CMakeFiles/kk_driver_msg__rosidl_typesupport_cpp.dir/rosidl_typesupport_cpp/kk_driver_msg/msg/encoder__type_support.cpp.o[0m
[88.801s] [ 35%] [32mBuilding CXX object CMakeFiles/kk_driver_msg__rosidl_typesupport_fastrtps_cpp.dir/rosidl_typesupport_fastrtps_cpp/kk_driver_msg/msg/detail/dds_fastrtps/c610_status__type_support.cpp.o[0m
[90.817s] [ 35%] [32mBuilding CXX object CMakeFiles/kk_driver_msg__rosidl_typesupport_introspection_cpp.dir/rosidl_typesupport_introspection_cpp/kk_driver_msg/msg/detail/gm6020_cmd__type_support.cpp.o[0m
[91.176s] [ 36%] [32mBuilding CXX object CMakeFiles/kk_driver_msg__rosidl_typesupport_fastrtps_c.dir/rosidl_typesupport_fastrtps_c/kk_driver_msg/msg/detail/c610_status__type_support_c.cpp.o[0m
[91.434s] [ 36%] [32mBuilding CXX object CMakeFiles/kk_driver_msg__rosidl_typesupport_cpp.dir/rosidl_typesupport_cpp/kk_driver_msg/msg/key_ctrl__type_support.cpp.o[0m
[95.453s] [ 37%] [32mBuilding CXX object CMakeFiles/kk_driver_msg__rosidl_typesupport_cpp.dir/rosidl_typesupport_cpp/kk_driver_msg/msg/core__type_support.cpp.o[0m
[95.586s] [ 38%] [32mBuilding CXX object CMakeFiles/kk_driver_msg__rosidl_typesupport_fastrtps_cpp.dir/rosidl_typesupport_fastrtps_cpp/kk_driver_msg/msg/detail/dds_fastrtps/gm6020_cmd__type_support.cpp.o[0m
[95.968s] [ 39%] [32mBuilding CXX object CMakeFiles/kk_driver_msg__rosidl_typesupport_fastrtps_c.dir/rosidl_typesupport_fastrtps_c/kk_driver_msg/msg/detail/gm6020_cmd__type_support_c.cpp.o[0m
[97.155s] [ 40%] [32mBuilding CXX object CMakeFiles/kk_driver_msg__rosidl_typesupport_introspection_cpp.dir/rosidl_typesupport_introspection_cpp/kk_driver_msg/msg/detail/gm6020_status__type_support.cpp.o[0m
[99.812s] [ 41%] [32mBuilding CXX object CMakeFiles/kk_driver_msg__rosidl_typesupport_cpp.dir/rosidl_typesupport_cpp/kk_driver_msg/msg/camera_cmd__type_support.cpp.o[0m
[101.258s] [ 41%] [32mBuilding CXX object CMakeFiles/kk_driver_msg__rosidl_typesupport_fastrtps_c.dir/rosidl_typesupport_fastrtps_c/kk_driver_msg/msg/detail/gm6020_status__type_support_c.cpp.o[0m
[102.893s] [ 42%] [32mBuilding CXX object CMakeFiles/kk_driver_msg__rosidl_typesupport_fastrtps_cpp.dir/rosidl_typesupport_fastrtps_cpp/kk_driver_msg/msg/detail/dds_fastrtps/gm6020_status__type_support.cpp.o[0m
[103.099s] [ 43%] [32mBuilding CXX object CMakeFiles/kk_driver_msg__rosidl_typesupport_introspection_cpp.dir/rosidl_typesupport_introspection_cpp/kk_driver_msg/msg/detail/epb_status__type_support.cpp.o[0m
[103.927s] [ 43%] [32mBuilding CXX object CMakeFiles/kk_driver_msg__rosidl_typesupport_cpp.dir/rosidl_typesupport_cpp/kk_driver_msg/msg/mouse_ctrl__type_support.cpp.o[0m
[106.702s] [ 44%] [32mBuilding CXX object CMakeFiles/kk_driver_msg__rosidl_typesupport_fastrtps_c.dir/rosidl_typesupport_fastrtps_c/kk_driver_msg/msg/detail/epb_status__type_support_c.cpp.o[0m
[107.632s] [ 45%] [32m[1mLinking CXX shared library libkk_driver_msg__rosidl_typesupport_cpp.so[0m
[108.333s] [ 45%] Built target kk_driver_msg__rosidl_typesupport_cpp
[108.723s] [ 45%] [32mBuilding CXX object CMakeFiles/kk_driver_msg__rosidl_typesupport_fastrtps_cpp.dir/rosidl_typesupport_fastrtps_cpp/kk_driver_msg/msg/detail/dds_fastrtps/epb_status__type_support.cpp.o[0m
[108.943s] [ 45%] [32mBuilding CXX object CMakeFiles/kk_driver_msg__rosidl_typesupport_introspection_cpp.dir/rosidl_typesupport_introspection_cpp/kk_driver_msg/msg/detail/pwm_status__type_support.cpp.o[0m
[111.432s] [ 46%] [32mBuilding CXX object CMakeFiles/kk_driver_msg__rosidl_typesupport_fastrtps_c.dir/rosidl_typesupport_fastrtps_c/kk_driver_msg/msg/detail/pwm_status__type_support_c.cpp.o[0m
[111.501s] [ 47%] [34m[1mGenerating C introspection for ROS interfaces[0m
[114.194s] [ 48%] [32mBuilding CXX object CMakeFiles/kk_driver_msg__rosidl_typesupport_fastrtps_cpp.dir/rosidl_typesupport_fastrtps_cpp/kk_driver_msg/msg/detail/dds_fastrtps/pwm_status__type_support.cpp.o[0m
[114.880s] [ 49%] [32mBuilding CXX object CMakeFiles/kk_driver_msg__rosidl_typesupport_introspection_cpp.dir/rosidl_typesupport_introspection_cpp/kk_driver_msg/msg/detail/encoder__type_support.cpp.o[0m
[116.294s] [ 50%] [32mBuilding CXX object CMakeFiles/kk_driver_msg__rosidl_typesupport_fastrtps_c.dir/rosidl_typesupport_fastrtps_c/kk_driver_msg/msg/detail/encoder__type_support_c.cpp.o[0m
[120.513s] [ 51%] [32mBuilding CXX object CMakeFiles/kk_driver_msg__rosidl_typesupport_fastrtps_cpp.dir/rosidl_typesupport_fastrtps_cpp/kk_driver_msg/msg/detail/dds_fastrtps/encoder__type_support.cpp.o[0m
[121.267s] [ 52%] [32mBuilding CXX object CMakeFiles/kk_driver_msg__rosidl_typesupport_introspection_cpp.dir/rosidl_typesupport_introspection_cpp/kk_driver_msg/msg/detail/key_ctrl__type_support.cpp.o[0m
[121.600s] [ 52%] [32mBuilding CXX object CMakeFiles/kk_driver_msg__rosidl_typesupport_fastrtps_c.dir/rosidl_typesupport_fastrtps_c/kk_driver_msg/msg/detail/key_ctrl__type_support_c.cpp.o[0m
[125.177s] [ 53%] [32mBuilding C object CMakeFiles/kk_driver_msg__rosidl_typesupport_introspection_c.dir/rosidl_typesupport_introspection_c/kk_driver_msg/msg/detail/epb_cmd__type_support.c.o[0m
[125.607s] [ 53%] [32mBuilding C object CMakeFiles/kk_driver_msg__rosidl_typesupport_introspection_c.dir/rosidl_typesupport_introspection_c/kk_driver_msg/msg/detail/pwm_cmd__type_support.c.o[0m
[126.257s] [ 54%] [32mBuilding C object CMakeFiles/kk_driver_msg__rosidl_typesupport_introspection_c.dir/rosidl_typesupport_introspection_c/kk_driver_msg/msg/detail/motor_cmd__type_support.c.o[0m
[126.291s] [ 55%] [32mBuilding CXX object CMakeFiles/kk_driver_msg__rosidl_typesupport_fastrtps_c.dir/rosidl_typesupport_fastrtps_c/kk_driver_msg/msg/detail/core__type_support_c.cpp.o[0m
[126.905s] [ 56%] [32mBuilding C object CMakeFiles/kk_driver_msg__rosidl_typesupport_introspection_c.dir/rosidl_typesupport_introspection_c/kk_driver_msg/msg/detail/bldc_cmd__type_support.c.o[0m
[127.154s] [ 56%] [32mBuilding CXX object CMakeFiles/kk_driver_msg__rosidl_typesupport_introspection_cpp.dir/rosidl_typesupport_introspection_cpp/kk_driver_msg/msg/detail/core__type_support.cpp.o[0m
[127.423s] [ 57%] [32mBuilding CXX object CMakeFiles/kk_driver_msg__rosidl_typesupport_fastrtps_cpp.dir/rosidl_typesupport_fastrtps_cpp/kk_driver_msg/msg/detail/dds_fastrtps/key_ctrl__type_support.cpp.o[0m
[127.515s] [ 58%] [32mBuilding C object CMakeFiles/kk_driver_msg__rosidl_typesupport_introspection_c.dir/rosidl_typesupport_introspection_c/kk_driver_msg/msg/detail/c610_cmd__type_support.c.o[0m
[128.165s] [ 58%] [32mBuilding C object CMakeFiles/kk_driver_msg__rosidl_typesupport_introspection_c.dir/rosidl_typesupport_introspection_c/kk_driver_msg/msg/detail/c610_status__type_support.c.o[0m
[128.893s] [ 59%] [32mBuilding C object CMakeFiles/kk_driver_msg__rosidl_typesupport_introspection_c.dir/rosidl_typesupport_introspection_c/kk_driver_msg/msg/detail/gm6020_cmd__type_support.c.o[0m
[129.541s] [ 60%] [32mBuilding C object CMakeFiles/kk_driver_msg__rosidl_typesupport_introspection_c.dir/rosidl_typesupport_introspection_c/kk_driver_msg/msg/detail/gm6020_status__type_support.c.o[0m
[130.323s] [ 60%] [32mBuilding C object CMakeFiles/kk_driver_msg__rosidl_typesupport_introspection_c.dir/rosidl_typesupport_introspection_c/kk_driver_msg/msg/detail/epb_status__type_support.c.o[0m
[130.956s] [ 61%] [32mBuilding C object CMakeFiles/kk_driver_msg__rosidl_typesupport_introspection_c.dir/rosidl_typesupport_introspection_c/kk_driver_msg/msg/detail/pwm_status__type_support.c.o[0m
[131.611s] [ 62%] [32mBuilding C object CMakeFiles/kk_driver_msg__rosidl_typesupport_introspection_c.dir/rosidl_typesupport_introspection_c/kk_driver_msg/msg/detail/encoder__type_support.c.o[0m
[131.984s] [ 63%] [32mBuilding CXX object CMakeFiles/kk_driver_msg__rosidl_typesupport_fastrtps_c.dir/rosidl_typesupport_fastrtps_c/kk_driver_msg/msg/detail/camera_cmd__type_support_c.cpp.o[0m
[132.149s] [ 63%] [32mBuilding C object CMakeFiles/kk_driver_msg__rosidl_typesupport_introspection_c.dir/rosidl_typesupport_introspection_c/kk_driver_msg/msg/detail/key_ctrl__type_support.c.o[0m
[132.662s] [ 64%] [32mBuilding C object CMakeFiles/kk_driver_msg__rosidl_typesupport_introspection_c.dir/rosidl_typesupport_introspection_c/kk_driver_msg/msg/detail/core__type_support.c.o[0m
[132.929s] [ 65%] [32mBuilding CXX object CMakeFiles/kk_driver_msg__rosidl_typesupport_introspection_cpp.dir/rosidl_typesupport_introspection_cpp/kk_driver_msg/msg/detail/camera_cmd__type_support.cpp.o[0m
[133.248s] [ 66%] [32mBuilding C object CMakeFiles/kk_driver_msg__rosidl_typesupport_introspection_c.dir/rosidl_typesupport_introspection_c/kk_driver_msg/msg/detail/camera_cmd__type_support.c.o[0m
[133.346s] [ 66%] [32mBuilding CXX object CMakeFiles/kk_driver_msg__rosidl_typesupport_fastrtps_cpp.dir/rosidl_typesupport_fastrtps_cpp/kk_driver_msg/msg/detail/dds_fastrtps/core__type_support.cpp.o[0m
[133.929s] [ 67%] [32mBuilding C object CMakeFiles/kk_driver_msg__rosidl_typesupport_introspection_c.dir/rosidl_typesupport_introspection_c/kk_driver_msg/msg/detail/mouse_ctrl__type_support.c.o[0m
[134.612s] [ 67%] [32m[1mLinking C shared library libkk_driver_msg__rosidl_typesupport_introspection_c.so[0m
[135.330s] [ 67%] Built target kk_driver_msg__rosidl_typesupport_introspection_c
[136.090s] [ 67%] [32mBuilding CXX object CMakeFiles/kk_driver_msg__rosidl_typesupport_fastrtps_c.dir/rosidl_typesupport_fastrtps_c/kk_driver_msg/msg/detail/mouse_ctrl__type_support_c.cpp.o[0m
[137.720s] [ 68%] [32mBuilding CXX object CMakeFiles/kk_driver_msg__rosidl_typesupport_introspection_cpp.dir/rosidl_typesupport_introspection_cpp/kk_driver_msg/msg/detail/mouse_ctrl__type_support.cpp.o[0m
[138.735s] [ 69%] [32mBuilding CXX object CMakeFiles/kk_driver_msg__rosidl_typesupport_fastrtps_cpp.dir/rosidl_typesupport_fastrtps_cpp/kk_driver_msg/msg/detail/dds_fastrtps/camera_cmd__type_support.cpp.o[0m
[140.505s] [ 70%] [32m[1mLinking CXX shared library libkk_driver_msg__rosidl_typesupport_fastrtps_c.so[0m
[141.541s] [ 70%] Built target kk_driver_msg__rosidl_typesupport_fastrtps_c
[142.542s] [ 71%] [32m[1mLinking CXX shared library libkk_driver_msg__rosidl_typesupport_introspection_cpp.so[0m
[143.344s] [ 71%] Built target kk_driver_msg__rosidl_typesupport_introspection_cpp
[143.677s] [ 72%] [32mBuilding CXX object CMakeFiles/kk_driver_msg__rosidl_typesupport_fastrtps_cpp.dir/rosidl_typesupport_fastrtps_cpp/kk_driver_msg/msg/detail/dds_fastrtps/mouse_ctrl__type_support.cpp.o[0m
[146.327s] [ 72%] [32m[1mLinking CXX shared library libkk_driver_msg__rosidl_typesupport_fastrtps_cpp.so[0m
[146.714s] [ 72%] Built target kk_driver_msg__rosidl_typesupport_fastrtps_cpp
[146.802s] [ 73%] [34m[1mGenerating C type support dispatch for ROS interfaces[0m
[152.555s] [ 73%] [32mBuilding CXX object CMakeFiles/kk_driver_msg__rosidl_typesupport_c.dir/rosidl_typesupport_c/kk_driver_msg/msg/epb_cmd__type_support.cpp.o[0m
[152.562s] [ 74%] [32mBuilding CXX object CMakeFiles/kk_driver_msg__rosidl_typesupport_c.dir/rosidl_typesupport_c/kk_driver_msg/msg/pwm_cmd__type_support.cpp.o[0m
[152.600s] [ 75%] [32mBuilding CXX object CMakeFiles/kk_driver_msg__rosidl_typesupport_c.dir/rosidl_typesupport_c/kk_driver_msg/msg/motor_cmd__type_support.cpp.o[0m
[152.953s] [ 75%] [32mBuilding CXX object CMakeFiles/kk_driver_msg__rosidl_typesupport_c.dir/rosidl_typesupport_c/kk_driver_msg/msg/bldc_cmd__type_support.cpp.o[0m
[152.995s] [ 76%] [32mBuilding CXX object CMakeFiles/kk_driver_msg__rosidl_typesupport_c.dir/rosidl_typesupport_c/kk_driver_msg/msg/c610_cmd__type_support.cpp.o[0m
[153.049s] [ 77%] [32mBuilding CXX object CMakeFiles/kk_driver_msg__rosidl_typesupport_c.dir/rosidl_typesupport_c/kk_driver_msg/msg/c610_status__type_support.cpp.o[0m
[153.450s] [ 78%] [32mBuilding CXX object CMakeFiles/kk_driver_msg__rosidl_typesupport_c.dir/rosidl_typesupport_c/kk_driver_msg/msg/gm6020_cmd__type_support.cpp.o[0m
[153.458s] [ 78%] [32mBuilding CXX object CMakeFiles/kk_driver_msg__rosidl_typesupport_c.dir/rosidl_typesupport_c/kk_driver_msg/msg/gm6020_status__type_support.cpp.o[0m
[153.469s] [ 79%] [32mBuilding CXX object CMakeFiles/kk_driver_msg__rosidl_typesupport_c.dir/rosidl_typesupport_c/kk_driver_msg/msg/epb_status__type_support.cpp.o[0m
[153.524s] [ 80%] [32mBuilding CXX object CMakeFiles/kk_driver_msg__rosidl_typesupport_c.dir/rosidl_typesupport_c/kk_driver_msg/msg/pwm_status__type_support.cpp.o[0m
[153.913s] [ 80%] [32mBuilding CXX object CMakeFiles/kk_driver_msg__rosidl_typesupport_c.dir/rosidl_typesupport_c/kk_driver_msg/msg/encoder__type_support.cpp.o[0m
[153.949s] [ 81%] [32mBuilding CXX object CMakeFiles/kk_driver_msg__rosidl_typesupport_c.dir/rosidl_typesupport_c/kk_driver_msg/msg/key_ctrl__type_support.cpp.o[0m
[153.966s] [ 82%] [32mBuilding CXX object CMakeFiles/kk_driver_msg__rosidl_typesupport_c.dir/rosidl_typesupport_c/kk_driver_msg/msg/core__type_support.cpp.o[0m
[153.980s] [ 82%] [32mBuilding CXX object CMakeFiles/kk_driver_msg__rosidl_typesupport_c.dir/rosidl_typesupport_c/kk_driver_msg/msg/camera_cmd__type_support.cpp.o[0m
[154.358s] [ 83%] [32mBuilding CXX object CMakeFiles/kk_driver_msg__rosidl_typesupport_c.dir/rosidl_typesupport_c/kk_driver_msg/msg/mouse_ctrl__type_support.cpp.o[0m
[154.742s] [ 84%] [32m[1mLinking CXX shared library libkk_driver_msg__rosidl_typesupport_c.so[0m
[154.976s] [ 84%] Built target kk_driver_msg__rosidl_typesupport_c
[155.066s] [ 84%] Built target kk_driver_msg
[155.160s] [ 85%] [34m[1mGenerating Python code for ROS interfaces[0m
[167.584s] [ 85%] Built target kk_driver_msg__py
[167.814s] [ 85%] [32mBuilding C object CMakeFiles/kk_driver_msg__rosidl_generator_py.dir/rosidl_generator_py/kk_driver_msg/msg/_epb_cmd_s.c.o[0m
[167.827s] [ 86%] [32mBuilding C object CMakeFiles/kk_driver_msg__rosidl_generator_py.dir/rosidl_generator_py/kk_driver_msg/msg/_pwm_cmd_s.c.o[0m
[167.837s] [ 87%] [32mBuilding C object CMakeFiles/kk_driver_msg__rosidl_generator_py.dir/rosidl_generator_py/kk_driver_msg/msg/_motor_cmd_s.c.o[0m
[167.845s] [ 88%] [32mBuilding C object CMakeFiles/kk_driver_msg__rosidl_generator_py.dir/rosidl_generator_py/kk_driver_msg/msg/_bldc_cmd_s.c.o[0m
[169.556s] [ 88%] [32mBuilding C object CMakeFiles/kk_driver_msg__rosidl_generator_py.dir/rosidl_generator_py/kk_driver_msg/msg/_c610_cmd_s.c.o[0m
[169.757s] [ 89%] [32mBuilding C object CMakeFiles/kk_driver_msg__rosidl_generator_py.dir/rosidl_generator_py/kk_driver_msg/msg/_c610_status_s.c.o[0m
[169.826s] [ 90%] [32mBuilding C object CMakeFiles/kk_driver_msg__rosidl_generator_py.dir/rosidl_generator_py/kk_driver_msg/msg/_gm6020_cmd_s.c.o[0m
[169.903s] [ 90%] [32mBuilding C object CMakeFiles/kk_driver_msg__rosidl_generator_py.dir/rosidl_generator_py/kk_driver_msg/msg/_gm6020_status_s.c.o[0m
[171.131s] [ 91%] [32mBuilding C object CMakeFiles/kk_driver_msg__rosidl_generator_py.dir/rosidl_generator_py/kk_driver_msg/msg/_epb_status_s.c.o[0m
[171.480s] [ 92%] [32mBuilding C object CMakeFiles/kk_driver_msg__rosidl_generator_py.dir/rosidl_generator_py/kk_driver_msg/msg/_pwm_status_s.c.o[0m
[171.487s] [ 92%] [32mBuilding C object CMakeFiles/kk_driver_msg__rosidl_generator_py.dir/rosidl_generator_py/kk_driver_msg/msg/_encoder_s.c.o[0m
[171.511s] [ 93%] [32mBuilding C object CMakeFiles/kk_driver_msg__rosidl_generator_py.dir/rosidl_generator_py/kk_driver_msg/msg/_key_ctrl_s.c.o[0m
[172.476s] [ 94%] [32mBuilding C object CMakeFiles/kk_driver_msg__rosidl_generator_py.dir/rosidl_generator_py/kk_driver_msg/msg/_core_s.c.o[0m
[172.921s] [ 95%] [32mBuilding C object CMakeFiles/kk_driver_msg__rosidl_generator_py.dir/rosidl_generator_py/kk_driver_msg/msg/_camera_cmd_s.c.o[0m
[172.959s] [ 95%] [32mBuilding C object CMakeFiles/kk_driver_msg__rosidl_generator_py.dir/rosidl_generator_py/kk_driver_msg/msg/_mouse_ctrl_s.c.o[0m
[174.293s] [ 96%] [32m[1mLinking C shared library rosidl_generator_py/kk_driver_msg/libkk_driver_msg__rosidl_generator_py.so[0m
[174.505s] [ 96%] Built target kk_driver_msg__rosidl_generator_py
[174.676s] [ 97%] [32mBuilding C object CMakeFiles/kk_driver_msg__rosidl_typesupport_fastrtps_c__pyext.dir/rosidl_generator_py/kk_driver_msg/_kk_driver_msg_s.ep.rosidl_typesupport_fastrtps_c.c.o[0m
[174.700s] [ 98%] [32mBuilding C object CMakeFiles/kk_driver_msg__rosidl_typesupport_introspection_c__pyext.dir/rosidl_generator_py/kk_driver_msg/_kk_driver_msg_s.ep.rosidl_typesupport_introspection_c.c.o[0m
[174.720s] [ 99%] [32mBuilding C object CMakeFiles/kk_driver_msg__rosidl_typesupport_c__pyext.dir/rosidl_generator_py/kk_driver_msg/_kk_driver_msg_s.ep.rosidl_typesupport_c.c.o[0m
[176.567s] [ 99%] [32m[1mLinking C shared library rosidl_generator_py/kk_driver_msg/kk_driver_msg_s__rosidl_typesupport_c.cpython-310-aarch64-linux-gnu.so[0m
[176.646s] [100%] [32m[1mLinking C shared library rosidl_generator_py/kk_driver_msg/kk_driver_msg_s__rosidl_typesupport_introspection_c.cpython-310-aarch64-linux-gnu.so[0m
[176.772s] [100%] [32m[1mLinking C shared library rosidl_generator_py/kk_driver_msg/kk_driver_msg_s__rosidl_typesupport_fastrtps_c.cpython-310-aarch64-linux-gnu.so[0m
[176.988s] [100%] Built target kk_driver_msg__rosidl_typesupport_c__pyext
[177.083s] [100%] Built target kk_driver_msg__rosidl_typesupport_introspection_c__pyext
[177.211s] [100%] Built target kk_driver_msg__rosidl_typesupport_fastrtps_c__pyext
[177.282s] Invoked command in '/home/kk/kk_ws/src/kk_driver_package/build/kk_driver_msg' returned '0': CMAKE_PREFIX_PATH=${CMAKE_PREFIX_PATH}:/home/kk/kk_ws/install/kk_simulator:/home/kk/kk_ws/install/kk_receiver:/home/kk/kk_ws/install/core_camera:/opt/ros/humble /usr/bin/cmake --build /home/kk/kk_ws/src/kk_driver_package/build/kk_driver_msg -- -j4 -l4
[177.323s] Invoking command in '/home/kk/kk_ws/src/kk_driver_package/build/kk_driver_msg': CMAKE_PREFIX_PATH=${CMAKE_PREFIX_PATH}:/home/kk/kk_ws/install/kk_simulator:/home/kk/kk_ws/install/kk_receiver:/home/kk/kk_ws/install/core_camera:/opt/ros/humble /usr/bin/cmake --install /home/kk/kk_ws/src/kk_driver_package/build/kk_driver_msg
[177.352s] -- Install configuration: ""
[177.353s] -- Installing: /home/kk/kk_ws/src/kk_driver_package/install/kk_driver_msg/share/ament_index/resource_index/rosidl_interfaces/kk_driver_msg
[177.355s] -- Installing: /home/kk/kk_ws/src/kk_driver_package/install/kk_driver_msg/include/kk_driver_msg/kk_driver_msg
[177.355s] -- Installing: /home/kk/kk_ws/src/kk_driver_package/install/kk_driver_msg/include/kk_driver_msg/kk_driver_msg/msg
[177.356s] -- Installing: /home/kk/kk_ws/src/kk_driver_package/install/kk_driver_msg/include/kk_driver_msg/kk_driver_msg/msg/key_ctrl.h
[177.358s] -- Installing: /home/kk/kk_ws/src/kk_driver_package/install/kk_driver_msg/include/kk_driver_msg/kk_driver_msg/msg/core.h
[177.359s] -- Installing: /home/kk/kk_ws/src/kk_driver_package/install/kk_driver_msg/include/kk_driver_msg/kk_driver_msg/msg/mouse_ctrl.h
[177.360s] -- Installing: /home/kk/kk_ws/src/kk_driver_package/install/kk_driver_msg/include/kk_driver_msg/kk_driver_msg/msg/pwm_cmd.h
[177.361s] -- Installing: /home/kk/kk_ws/src/kk_driver_package/install/kk_driver_msg/include/kk_driver_msg/kk_driver_msg/msg/c610_cmd.h
[177.362s] -- Installing: /home/kk/kk_ws/src/kk_driver_package/install/kk_driver_msg/include/kk_driver_msg/kk_driver_msg/msg/bldc_cmd.h
[177.363s] -- Installing: /home/kk/kk_ws/src/kk_driver_package/install/kk_driver_msg/include/kk_driver_msg/kk_driver_msg/msg/camera_cmd.h
[177.365s] -- Installing: /home/kk/kk_ws/src/kk_driver_package/install/kk_driver_msg/include/kk_driver_msg/kk_driver_msg/msg/epb_cmd.h
[177.366s] -- Installing: /home/kk/kk_ws/src/kk_driver_package/install/kk_driver_msg/include/kk_driver_msg/kk_driver_msg/msg/motor_cmd.h
[177.367s] -- Installing: /home/kk/kk_ws/src/kk_driver_package/install/kk_driver_msg/include/kk_driver_msg/kk_driver_msg/msg/epb_status.h
[177.368s] -- Installing: /home/kk/kk_ws/src/kk_driver_package/install/kk_driver_msg/include/kk_driver_msg/kk_driver_msg/msg/encoder.h
[177.369s] -- Installing: /home/kk/kk_ws/src/kk_driver_package/install/kk_driver_msg/include/kk_driver_msg/kk_driver_msg/msg/rosidl_generator_c__visibility_control.h
[177.370s] -- Installing: /home/kk/kk_ws/src/kk_driver_package/install/kk_driver_msg/include/kk_driver_msg/kk_driver_msg/msg/gm6020_cmd.h
[177.371s] -- Installing: /home/kk/kk_ws/src/kk_driver_package/install/kk_driver_msg/include/kk_driver_msg/kk_driver_msg/msg/detail
[177.373s] -- Installing: /home/kk/kk_ws/src/kk_driver_package/install/kk_driver_msg/include/kk_driver_msg/kk_driver_msg/msg/detail/pwm_cmd__functions.c
[177.374s] -- Installing: /home/kk/kk_ws/src/kk_driver_package/install/kk_driver_msg/include/kk_driver_msg/kk_driver_msg/msg/detail/c610_cmd__type_support.h
[177.375s] -- Installing: /home/kk/kk_ws/src/kk_driver_package/install/kk_driver_msg/include/kk_driver_msg/kk_driver_msg/msg/detail/gm6020_cmd__struct.h
[177.377s] -- Installing: /home/kk/kk_ws/src/kk_driver_package/install/kk_driver_msg/include/kk_driver_msg/kk_driver_msg/msg/detail/camera_cmd__type_support.h
[177.378s] -- Installing: /home/kk/kk_ws/src/kk_driver_package/install/kk_driver_msg/include/kk_driver_msg/kk_driver_msg/msg/detail/gm6020_cmd__type_support.h
[177.379s] -- Installing: /home/kk/kk_ws/src/kk_driver_package/install/kk_driver_msg/include/kk_driver_msg/kk_driver_msg/msg/detail/bldc_cmd__type_support.h
[177.380s] -- Installing: /home/kk/kk_ws/src/kk_driver_package/install/kk_driver_msg/include/kk_driver_msg/kk_driver_msg/msg/detail/pwm_cmd__type_support.h
[177.381s] -- Installing: /home/kk/kk_ws/src/kk_driver_package/install/kk_driver_msg/include/kk_driver_msg/kk_driver_msg/msg/detail/camera_cmd__struct.h
[177.382s] -- Installing: /home/kk/kk_ws/src/kk_driver_package/install/kk_driver_msg/include/kk_driver_msg/kk_driver_msg/msg/detail/epb_cmd__functions.c
[177.383s] -- Installing: /home/kk/kk_ws/src/kk_driver_package/install/kk_driver_msg/include/kk_driver_msg/kk_driver_msg/msg/detail/c610_cmd__struct.h
[177.384s] -- Installing: /home/kk/kk_ws/src/kk_driver_package/install/kk_driver_msg/include/kk_driver_msg/kk_driver_msg/msg/detail/core__type_support.h
[177.385s] -- Installing: /home/kk/kk_ws/src/kk_driver_package/install/kk_driver_msg/include/kk_driver_msg/kk_driver_msg/msg/detail/gm6020_status__struct.h
[177.387s] -- Installing: /home/kk/kk_ws/src/kk_driver_package/install/kk_driver_msg/include/kk_driver_msg/kk_driver_msg/msg/detail/mouse_ctrl__functions.c
[177.388s] -- Installing: /home/kk/kk_ws/src/kk_driver_package/install/kk_driver_msg/include/kk_driver_msg/kk_driver_msg/msg/detail/encoder__functions.c
[177.389s] -- Installing: /home/kk/kk_ws/src/kk_driver_package/install/kk_driver_msg/include/kk_driver_msg/kk_driver_msg/msg/detail/c610_status__functions.c
[177.390s] -- Installing: /home/kk/kk_ws/src/kk_driver_package/install/kk_driver_msg/include/kk_driver_msg/kk_driver_msg/msg/detail/key_ctrl__functions.c
[177.392s] -- Installing: /home/kk/kk_ws/src/kk_driver_package/install/kk_driver_msg/include/kk_driver_msg/kk_driver_msg/msg/detail/motor_cmd__type_support.h
[177.393s] -- Installing: /home/kk/kk_ws/src/kk_driver_package/install/kk_driver_msg/include/kk_driver_msg/kk_driver_msg/msg/detail/core__struct.h
[177.394s] -- Installing: /home/kk/kk_ws/src/kk_driver_package/install/kk_driver_msg/include/kk_driver_msg/kk_driver_msg/msg/detail/epb_status__struct.h
[177.395s] -- Installing: /home/kk/kk_ws/src/kk_driver_package/install/kk_driver_msg/include/kk_driver_msg/kk_driver_msg/msg/detail/motor_cmd__functions.h
[177.396s] -- Installing: /home/kk/kk_ws/src/kk_driver_package/install/kk_driver_msg/include/kk_driver_msg/kk_driver_msg/msg/detail/pwm_status__struct.h
[177.397s] -- Installing: /home/kk/kk_ws/src/kk_driver_package/install/kk_driver_msg/include/kk_driver_msg/kk_driver_msg/msg/detail/core__functions.h
[177.398s] -- Installing: /home/kk/kk_ws/src/kk_driver_package/install/kk_driver_msg/include/kk_driver_msg/kk_driver_msg/msg/detail/pwm_status__functions.c
[177.399s] -- Installing: /home/kk/kk_ws/src/kk_driver_package/install/kk_driver_msg/include/kk_driver_msg/kk_driver_msg/msg/detail/c610_status__functions.h
[177.401s] -- Installing: /home/kk/kk_ws/src/kk_driver_package/install/kk_driver_msg/include/kk_driver_msg/kk_driver_msg/msg/detail/gm6020_status__type_support.h
[177.402s] -- Installing: /home/kk/kk_ws/src/kk_driver_package/install/kk_driver_msg/include/kk_driver_msg/kk_driver_msg/msg/detail/key_ctrl__type_support.h
[177.403s] -- Installing: /home/kk/kk_ws/src/kk_driver_package/install/kk_driver_msg/include/kk_driver_msg/kk_driver_msg/msg/detail/pwm_cmd__functions.h
[177.404s] -- Installing: /home/kk/kk_ws/src/kk_driver_package/install/kk_driver_msg/include/kk_driver_msg/kk_driver_msg/msg/detail/encoder__type_support.h
[177.405s] -- Installing: /home/kk/kk_ws/src/kk_driver_package/install/kk_driver_msg/include/kk_driver_msg/kk_driver_msg/msg/detail/mouse_ctrl__type_support.h
[177.407s] -- Installing: /home/kk/kk_ws/src/kk_driver_package/install/kk_driver_msg/include/kk_driver_msg/kk_driver_msg/msg/detail/motor_cmd__functions.c
[177.408s] -- Installing: /home/kk/kk_ws/src/kk_driver_package/install/kk_driver_msg/include/kk_driver_msg/kk_driver_msg/msg/detail/c610_cmd__functions.c
[177.409s] -- Installing: /home/kk/kk_ws/src/kk_driver_package/install/kk_driver_msg/include/kk_driver_msg/kk_driver_msg/msg/detail/pwm_status__functions.h
[177.410s] -- Installing: /home/kk/kk_ws/src/kk_driver_package/install/kk_driver_msg/include/kk_driver_msg/kk_driver_msg/msg/detail/gm6020_cmd__functions.h
[177.413s] -- Installing: /home/kk/kk_ws/src/kk_driver_package/install/kk_driver_msg/include/kk_driver_msg/kk_driver_msg/msg/detail/camera_cmd__functions.h
[177.414s] -- Installing: /home/kk/kk_ws/src/kk_driver_package/install/kk_driver_msg/include/kk_driver_msg/kk_driver_msg/msg/detail/c610_cmd__functions.h
[177.415s] -- Installing: /home/kk/kk_ws/src/kk_driver_package/install/kk_driver_msg/include/kk_driver_msg/kk_driver_msg/msg/detail/gm6020_status__functions.h
[177.416s] -- Installing: /home/kk/kk_ws/src/kk_driver_package/install/kk_driver_msg/include/kk_driver_msg/kk_driver_msg/msg/detail/epb_status__type_support.h
[177.417s] -- Installing: /home/kk/kk_ws/src/kk_driver_package/install/kk_driver_msg/include/kk_driver_msg/kk_driver_msg/msg/detail/c610_status__struct.h
[177.418s] -- Installing: /home/kk/kk_ws/src/kk_driver_package/install/kk_driver_msg/include/kk_driver_msg/kk_driver_msg/msg/detail/pwm_status__type_support.h
[177.419s] -- Installing: /home/kk/kk_ws/src/kk_driver_package/install/kk_driver_msg/include/kk_driver_msg/kk_driver_msg/msg/detail/mouse_ctrl__struct.h
[177.421s] -- Installing: /home/kk/kk_ws/src/kk_driver_package/install/kk_driver_msg/include/kk_driver_msg/kk_driver_msg/msg/detail/core__functions.c
[177.422s] -- Installing: /home/kk/kk_ws/src/kk_driver_package/install/kk_driver_msg/include/kk_driver_msg/kk_driver_msg/msg/detail/bldc_cmd__functions.c
[177.423s] -- Installing: /home/kk/kk_ws/src/kk_driver_package/install/kk_driver_msg/include/kk_driver_msg/kk_driver_msg/msg/detail/motor_cmd__struct.h
[177.424s] -- Installing: /home/kk/kk_ws/src/kk_driver_package/install/kk_driver_msg/include/kk_driver_msg/kk_driver_msg/msg/detail/epb_status__functions.h
[177.425s] -- Installing: /home/kk/kk_ws/src/kk_driver_package/install/kk_driver_msg/include/kk_driver_msg/kk_driver_msg/msg/detail/key_ctrl__struct.h
[177.426s] -- Installing: /home/kk/kk_ws/src/kk_driver_package/install/kk_driver_msg/include/kk_driver_msg/kk_driver_msg/msg/detail/epb_cmd__struct.h
[177.427s] -- Installing: /home/kk/kk_ws/src/kk_driver_package/install/kk_driver_msg/include/kk_driver_msg/kk_driver_msg/msg/detail/mouse_ctrl__functions.h
[177.429s] -- Installing: /home/kk/kk_ws/src/kk_driver_package/install/kk_driver_msg/include/kk_driver_msg/kk_driver_msg/msg/detail/encoder__functions.h
[177.430s] -- Installing: /home/kk/kk_ws/src/kk_driver_package/install/kk_driver_msg/include/kk_driver_msg/kk_driver_msg/msg/detail/epb_status__functions.c
[177.431s] -- Installing: /home/kk/kk_ws/src/kk_driver_package/install/kk_driver_msg/include/kk_driver_msg/kk_driver_msg/msg/detail/camera_cmd__functions.c
[177.433s] -- Installing: /home/kk/kk_ws/src/kk_driver_package/install/kk_driver_msg/include/kk_driver_msg/kk_driver_msg/msg/detail/bldc_cmd__functions.h
[177.434s] -- Installing: /home/kk/kk_ws/src/kk_driver_package/install/kk_driver_msg/include/kk_driver_msg/kk_driver_msg/msg/detail/pwm_cmd__struct.h
[177.435s] -- Installing: /home/kk/kk_ws/src/kk_driver_package/install/kk_driver_msg/include/kk_driver_msg/kk_driver_msg/msg/detail/key_ctrl__functions.h
[177.438s] -- Installing: /home/kk/kk_ws/src/kk_driver_package/install/kk_driver_msg/include/kk_driver_msg/kk_driver_msg/msg/detail/epb_cmd__functions.h
[177.438s] -- Installing: /home/kk/kk_ws/src/kk_driver_package/install/kk_driver_msg/include/kk_driver_msg/kk_driver_msg/msg/detail/gm6020_cmd__functions.c
[177.440s] -- Installing: /home/kk/kk_ws/src/kk_driver_package/install/kk_driver_msg/include/kk_driver_msg/kk_driver_msg/msg/detail/epb_cmd__type_support.h
[177.441s] -- Installing: /home/kk/kk_ws/src/kk_driver_package/install/kk_driver_msg/include/kk_driver_msg/kk_driver_msg/msg/detail/encoder__struct.h
[177.443s] -- Installing: /home/kk/kk_ws/src/kk_driver_package/install/kk_driver_msg/include/kk_driver_msg/kk_driver_msg/msg/detail/c610_status__type_support.h
[177.444s] -- Installing: /home/kk/kk_ws/src/kk_driver_package/install/kk_driver_msg/include/kk_driver_msg/kk_driver_msg/msg/detail/gm6020_status__functions.c
[177.446s] -- Installing: /home/kk/kk_ws/src/kk_driver_package/install/kk_driver_msg/include/kk_driver_msg/kk_driver_msg/msg/detail/bldc_cmd__struct.h
[177.447s] -- Installing: /home/kk/kk_ws/src/kk_driver_package/install/kk_driver_msg/include/kk_driver_msg/kk_driver_msg/msg/pwm_status.h
[177.448s] -- Installing: /home/kk/kk_ws/src/kk_driver_package/install/kk_driver_msg/include/kk_driver_msg/kk_driver_msg/msg/c610_status.h
[177.450s] -- Installing: /home/kk/kk_ws/src/kk_driver_package/install/kk_driver_msg/include/kk_driver_msg/kk_driver_msg/msg/gm6020_status.h
[177.452s] -- Installing: /home/kk/kk_ws/src/kk_driver_package/install/kk_driver_msg/share/kk_driver_msg/environment/library_path.sh
[177.453s] -- Installing: /home/kk/kk_ws/src/kk_driver_package/install/kk_driver_msg/share/kk_driver_msg/environment/library_path.dsv
[177.455s] -- Installing: /home/kk/kk_ws/src/kk_driver_package/install/kk_driver_msg/lib/libkk_driver_msg__rosidl_generator_c.so
[177.459s] -- Set runtime path of "/home/kk/kk_ws/src/kk_driver_package/install/kk_driver_msg/lib/libkk_driver_msg__rosidl_generator_c.so" to ""
[177.460s] -- Up-to-date: /home/kk/kk_ws/src/kk_driver_package/install/kk_driver_msg/include/kk_driver_msg/kk_driver_msg
[177.461s] -- Up-to-date: /home/kk/kk_ws/src/kk_driver_package/install/kk_driver_msg/include/kk_driver_msg/kk_driver_msg/msg
[177.462s] -- Installing: /home/kk/kk_ws/src/kk_driver_package/install/kk_driver_msg/include/kk_driver_msg/kk_driver_msg/msg/rosidl_typesupport_fastrtps_c__visibility_control.h
[177.464s] -- Up-to-date: /home/kk/kk_ws/src/kk_driver_package/install/kk_driver_msg/include/kk_driver_msg/kk_driver_msg/msg/detail
[177.466s] -- Installing: /home/kk/kk_ws/src/kk_driver_package/install/kk_driver_msg/include/kk_driver_msg/kk_driver_msg/msg/detail/epb_status__rosidl_typesupport_fastrtps_c.h
[177.470s] -- Installing: /home/kk/kk_ws/src/kk_driver_package/install/kk_driver_msg/include/kk_driver_msg/kk_driver_msg/msg/detail/gm6020_status__rosidl_typesupport_fastrtps_c.h
[177.474s] -- Installing: /home/kk/kk_ws/src/kk_driver_package/install/kk_driver_msg/include/kk_driver_msg/kk_driver_msg/msg/detail/c610_status__rosidl_typesupport_fastrtps_c.h
[177.480s] -- Installing: /home/kk/kk_ws/src/kk_driver_package/install/kk_driver_msg/include/kk_driver_msg/kk_driver_msg/msg/detail/key_ctrl__rosidl_typesupport_fastrtps_c.h
[177.482s] -- Installing: /home/kk/kk_ws/src/kk_driver_package/install/kk_driver_msg/include/kk_driver_msg/kk_driver_msg/msg/detail/encoder__rosidl_typesupport_fastrtps_c.h
[177.488s] -- Installing: /home/kk/kk_ws/src/kk_driver_package/install/kk_driver_msg/include/kk_driver_msg/kk_driver_msg/msg/detail/bldc_cmd__rosidl_typesupport_fastrtps_c.h
[177.491s] -- Installing: /home/kk/kk_ws/src/kk_driver_package/install/kk_driver_msg/include/kk_driver_msg/kk_driver_msg/msg/detail/motor_cmd__rosidl_typesupport_fastrtps_c.h
[177.494s] -- Installing: /home/kk/kk_ws/src/kk_driver_package/install/kk_driver_msg/include/kk_driver_msg/kk_driver_msg/msg/detail/core__rosidl_typesupport_fastrtps_c.h
[177.498s] -- Installing: /home/kk/kk_ws/src/kk_driver_package/install/kk_driver_msg/include/kk_driver_msg/kk_driver_msg/msg/detail/pwm_cmd__rosidl_typesupport_fastrtps_c.h
[177.502s] -- Installing: /home/kk/kk_ws/src/kk_driver_package/install/kk_driver_msg/include/kk_driver_msg/kk_driver_msg/msg/detail/gm6020_cmd__rosidl_typesupport_fastrtps_c.h
[177.506s] -- Installing: /home/kk/kk_ws/src/kk_driver_package/install/kk_driver_msg/include/kk_driver_msg/kk_driver_msg/msg/detail/mouse_ctrl__rosidl_typesupport_fastrtps_c.h
[177.511s] -- Installing: /home/kk/kk_ws/src/kk_driver_package/install/kk_driver_msg/include/kk_driver_msg/kk_driver_msg/msg/detail/c610_cmd__rosidl_typesupport_fastrtps_c.h
[177.516s] -- Installing: /home/kk/kk_ws/src/kk_driver_package/install/kk_driver_msg/include/kk_driver_msg/kk_driver_msg/msg/detail/epb_cmd__rosidl_typesupport_fastrtps_c.h
[177.521s] -- Installing: /home/kk/kk_ws/src/kk_driver_package/install/kk_driver_msg/include/kk_driver_msg/kk_driver_msg/msg/detail/camera_cmd__rosidl_typesupport_fastrtps_c.h
[177.525s] -- Installing: /home/kk/kk_ws/src/kk_driver_package/install/kk_driver_msg/include/kk_driver_msg/kk_driver_msg/msg/detail/pwm_status__rosidl_typesupport_fastrtps_c.h
[177.530s] -- Installing: /home/kk/kk_ws/src/kk_driver_package/install/kk_driver_msg/lib/libkk_driver_msg__rosidl_typesupport_fastrtps_c.so
[177.542s] -- Set runtime path of "/home/kk/kk_ws/src/kk_driver_package/install/kk_driver_msg/lib/libkk_driver_msg__rosidl_typesupport_fastrtps_c.so" to ""
[177.543s] -- Up-to-date: /home/kk/kk_ws/src/kk_driver_package/install/kk_driver_msg/include/kk_driver_msg/kk_driver_msg
[177.544s] -- Up-to-date: /home/kk/kk_ws/src/kk_driver_package/install/kk_driver_msg/include/kk_driver_msg/kk_driver_msg/msg
[177.546s] -- Up-to-date: /home/kk/kk_ws/src/kk_driver_package/install/kk_driver_msg/include/kk_driver_msg/kk_driver_msg/msg/detail
[177.551s] -- Installing: /home/kk/kk_ws/src/kk_driver_package/install/kk_driver_msg/include/kk_driver_msg/kk_driver_msg/msg/detail/c610_cmd__type_support.c
[177.555s] -- Installing: /home/kk/kk_ws/src/kk_driver_package/install/kk_driver_msg/include/kk_driver_msg/kk_driver_msg/msg/detail/mouse_ctrl__rosidl_typesupport_introspection_c.h
[177.558s] -- Installing: /home/kk/kk_ws/src/kk_driver_package/install/kk_driver_msg/include/kk_driver_msg/kk_driver_msg/msg/detail/core__type_support.c
[177.562s] -- Installing: /home/kk/kk_ws/src/kk_driver_package/install/kk_driver_msg/include/kk_driver_msg/kk_driver_msg/msg/detail/pwm_cmd__rosidl_typesupport_introspection_c.h
[177.566s] -- Installing: /home/kk/kk_ws/src/kk_driver_package/install/kk_driver_msg/include/kk_driver_msg/kk_driver_msg/msg/detail/gm6020_status__rosidl_typesupport_introspection_c.h
[177.570s] -- Installing: /home/kk/kk_ws/src/kk_driver_package/install/kk_driver_msg/include/kk_driver_msg/kk_driver_msg/msg/detail/epb_status__type_support.c
[177.574s] -- Installing: /home/kk/kk_ws/src/kk_driver_package/install/kk_driver_msg/include/kk_driver_msg/kk_driver_msg/msg/detail/gm6020_cmd__rosidl_typesupport_introspection_c.h
[177.578s] -- Installing: /home/kk/kk_ws/src/kk_driver_package/install/kk_driver_msg/include/kk_driver_msg/kk_driver_msg/msg/detail/pwm_cmd__type_support.c
[177.582s] -- Installing: /home/kk/kk_ws/src/kk_driver_package/install/kk_driver_msg/include/kk_driver_msg/kk_driver_msg/msg/detail/key_ctrl__rosidl_typesupport_introspection_c.h
[177.587s] -- Installing: /home/kk/kk_ws/src/kk_driver_package/install/kk_driver_msg/include/kk_driver_msg/kk_driver_msg/msg/detail/c610_status__type_support.c
[177.590s] -- Installing: /home/kk/kk_ws/src/kk_driver_package/install/kk_driver_msg/include/kk_driver_msg/kk_driver_msg/msg/detail/bldc_cmd__rosidl_typesupport_introspection_c.h
[177.594s] -- Installing: /home/kk/kk_ws/src/kk_driver_package/install/kk_driver_msg/include/kk_driver_msg/kk_driver_msg/msg/detail/camera_cmd__type_support.c
[177.597s] -- Installing: /home/kk/kk_ws/src/kk_driver_package/install/kk_driver_msg/include/kk_driver_msg/kk_driver_msg/msg/detail/epb_cmd__rosidl_typesupport_introspection_c.h
[177.601s] -- Installing: /home/kk/kk_ws/src/kk_driver_package/install/kk_driver_msg/include/kk_driver_msg/kk_driver_msg/msg/detail/camera_cmd__rosidl_typesupport_introspection_c.h
[177.619s] -- Installing: /home/kk/kk_ws/src/kk_driver_package/install/kk_driver_msg/include/kk_driver_msg/kk_driver_msg/msg/detail/gm6020_status__type_support.c
[177.621s] -- Installing: /home/kk/kk_ws/src/kk_driver_package/install/kk_driver_msg/include/kk_driver_msg/kk_driver_msg/msg/detail/encoder__rosidl_typesupport_introspection_c.h
[177.621s] -- Installing: /home/kk/kk_ws/src/kk_driver_package/install/kk_driver_msg/include/kk_driver_msg/kk_driver_msg/msg/detail/motor_cmd__rosidl_typesupport_introspection_c.h
[177.622s] -- Installing: /home/kk/kk_ws/src/kk_driver_package/install/kk_driver_msg/include/kk_driver_msg/kk_driver_msg/msg/detail/encoder__type_support.c
[177.623s] -- Installing: /home/kk/kk_ws/src/kk_driver_package/install/kk_driver_msg/include/kk_driver_msg/kk_driver_msg/msg/detail/c610_status__rosidl_typesupport_introspection_c.h
[177.624s] -- Installing: /home/kk/kk_ws/src/kk_driver_package/install/kk_driver_msg/include/kk_driver_msg/kk_driver_msg/msg/detail/c610_cmd__rosidl_typesupport_introspection_c.h
[177.628s] -- Installing: /home/kk/kk_ws/src/kk_driver_package/install/kk_driver_msg/include/kk_driver_msg/kk_driver_msg/msg/detail/pwm_status__rosidl_typesupport_introspection_c.h
[177.632s] -- Installing: /home/kk/kk_ws/src/kk_driver_package/install/kk_driver_msg/include/kk_driver_msg/kk_driver_msg/msg/detail/epb_status__rosidl_typesupport_introspection_c.h
[177.636s] -- Installing: /home/kk/kk_ws/src/kk_driver_package/install/kk_driver_msg/include/kk_driver_msg/kk_driver_msg/msg/detail/pwm_status__type_support.c
[177.639s] -- Installing: /home/kk/kk_ws/src/kk_driver_package/install/kk_driver_msg/include/kk_driver_msg/kk_driver_msg/msg/detail/core__rosidl_typesupport_introspection_c.h
[177.643s] -- Installing: /home/kk/kk_ws/src/kk_driver_package/install/kk_driver_msg/include/kk_driver_msg/kk_driver_msg/msg/detail/motor_cmd__type_support.c
[177.647s] -- Installing: /home/kk/kk_ws/src/kk_driver_package/install/kk_driver_msg/include/kk_driver_msg/kk_driver_msg/msg/detail/epb_cmd__type_support.c
[177.651s] -- Installing: /home/kk/kk_ws/src/kk_driver_package/install/kk_driver_msg/include/kk_driver_msg/kk_driver_msg/msg/detail/gm6020_cmd__type_support.c
[177.655s] -- Installing: /home/kk/kk_ws/src/kk_driver_package/install/kk_driver_msg/include/kk_driver_msg/kk_driver_msg/msg/detail/key_ctrl__type_support.c
[177.658s] -- Installing: /home/kk/kk_ws/src/kk_driver_package/install/kk_driver_msg/include/kk_driver_msg/kk_driver_msg/msg/detail/bldc_cmd__type_support.c
[177.661s] -- Installing: /home/kk/kk_ws/src/kk_driver_package/install/kk_driver_msg/include/kk_driver_msg/kk_driver_msg/msg/detail/mouse_ctrl__type_support.c
[177.665s] -- Installing: /home/kk/kk_ws/src/kk_driver_package/install/kk_driver_msg/include/kk_driver_msg/kk_driver_msg/msg/rosidl_typesupport_introspection_c__visibility_control.h
[177.670s] -- Installing: /home/kk/kk_ws/src/kk_driver_package/install/kk_driver_msg/lib/libkk_driver_msg__rosidl_typesupport_introspection_c.so
[177.679s] -- Set runtime path of "/home/kk/kk_ws/src/kk_driver_package/install/kk_driver_msg/lib/libkk_driver_msg__rosidl_typesupport_introspection_c.so" to ""
[177.681s] -- Installing: /home/kk/kk_ws/src/kk_driver_package/install/kk_driver_msg/lib/libkk_driver_msg__rosidl_typesupport_c.so
[177.688s] -- Set runtime path of "/home/kk/kk_ws/src/kk_driver_package/install/kk_driver_msg/lib/libkk_driver_msg__rosidl_typesupport_c.so" to ""
[177.689s] -- Up-to-date: /home/kk/kk_ws/src/kk_driver_package/install/kk_driver_msg/include/kk_driver_msg/kk_driver_msg
[177.691s] -- Up-to-date: /home/kk/kk_ws/src/kk_driver_package/install/kk_driver_msg/include/kk_driver_msg/kk_driver_msg/msg
[177.692s] -- Installing: /home/kk/kk_ws/src/kk_driver_package/install/kk_driver_msg/include/kk_driver_msg/kk_driver_msg/msg/pwm_cmd.hpp
[177.695s] -- Installing: /home/kk/kk_ws/src/kk_driver_package/install/kk_driver_msg/include/kk_driver_msg/kk_driver_msg/msg/gm6020_status.hpp
[177.698s] -- Installing: /home/kk/kk_ws/src/kk_driver_package/install/kk_driver_msg/include/kk_driver_msg/kk_driver_msg/msg/core.hpp
[177.701s] -- Installing: /home/kk/kk_ws/src/kk_driver_package/install/kk_driver_msg/include/kk_driver_msg/kk_driver_msg/msg/pwm_status.hpp
[177.704s] -- Installing: /home/kk/kk_ws/src/kk_driver_package/install/kk_driver_msg/include/kk_driver_msg/kk_driver_msg/msg/encoder.hpp
[177.707s] -- Installing: /home/kk/kk_ws/src/kk_driver_package/install/kk_driver_msg/include/kk_driver_msg/kk_driver_msg/msg/motor_cmd.hpp
[177.710s] -- Installing: /home/kk/kk_ws/src/kk_driver_package/install/kk_driver_msg/include/kk_driver_msg/kk_driver_msg/msg/key_ctrl.hpp
[177.713s] -- Installing: /home/kk/kk_ws/src/kk_driver_package/install/kk_driver_msg/include/kk_driver_msg/kk_driver_msg/msg/c610_cmd.hpp
[177.716s] -- Installing: /home/kk/kk_ws/src/kk_driver_package/install/kk_driver_msg/include/kk_driver_msg/kk_driver_msg/msg/bldc_cmd.hpp
[177.719s] -- Installing: /home/kk/kk_ws/src/kk_driver_package/install/kk_driver_msg/include/kk_driver_msg/kk_driver_msg/msg/c610_status.hpp
[177.722s] -- Installing: /home/kk/kk_ws/src/kk_driver_package/install/kk_driver_msg/include/kk_driver_msg/kk_driver_msg/msg/camera_cmd.hpp
[177.725s] -- Installing: /home/kk/kk_ws/src/kk_driver_package/install/kk_driver_msg/include/kk_driver_msg/kk_driver_msg/msg/epb_status.hpp
[177.728s] -- Up-to-date: /home/kk/kk_ws/src/kk_driver_package/install/kk_driver_msg/include/kk_driver_msg/kk_driver_msg/msg/detail
[177.731s] -- Installing: /home/kk/kk_ws/src/kk_driver_package/install/kk_driver_msg/include/kk_driver_msg/kk_driver_msg/msg/detail/core__builder.hpp
[177.734s] -- Installing: /home/kk/kk_ws/src/kk_driver_package/install/kk_driver_msg/include/kk_driver_msg/kk_driver_msg/msg/detail/core__type_support.hpp
[177.738s] -- Installing: /home/kk/kk_ws/src/kk_driver_package/install/kk_driver_msg/include/kk_driver_msg/kk_driver_msg/msg/detail/bldc_cmd__builder.hpp
[177.742s] -- Installing: /home/kk/kk_ws/src/kk_driver_package/install/kk_driver_msg/include/kk_driver_msg/kk_driver_msg/msg/detail/c610_status__builder.hpp
[177.745s] -- Installing: /home/kk/kk_ws/src/kk_driver_package/install/kk_driver_msg/include/kk_driver_msg/kk_driver_msg/msg/detail/gm6020_cmd__struct.hpp
[177.748s] -- Installing: /home/kk/kk_ws/src/kk_driver_package/install/kk_driver_msg/include/kk_driver_msg/kk_driver_msg/msg/detail/pwm_status__builder.hpp
[177.752s] -- Installing: /home/kk/kk_ws/src/kk_driver_package/install/kk_driver_msg/include/kk_driver_msg/kk_driver_msg/msg/detail/camera_cmd__struct.hpp
[177.755s] -- Installing: /home/kk/kk_ws/src/kk_driver_package/install/kk_driver_msg/include/kk_driver_msg/kk_driver_msg/msg/detail/pwm_status__traits.hpp
[177.758s] -- Installing: /home/kk/kk_ws/src/kk_driver_package/install/kk_driver_msg/include/kk_driver_msg/kk_driver_msg/msg/detail/core__struct.hpp
[177.761s] -- Installing: /home/kk/kk_ws/src/kk_driver_package/install/kk_driver_msg/include/kk_driver_msg/kk_driver_msg/msg/detail/encoder__builder.hpp
[177.765s] -- Installing: /home/kk/kk_ws/src/kk_driver_package/install/kk_driver_msg/include/kk_driver_msg/kk_driver_msg/msg/detail/key_ctrl__builder.hpp
[177.768s] -- Installing: /home/kk/kk_ws/src/kk_driver_package/install/kk_driver_msg/include/kk_driver_msg/kk_driver_msg/msg/detail/gm6020_status__traits.hpp
[177.771s] -- Installing: /home/kk/kk_ws/src/kk_driver_package/install/kk_driver_msg/include/kk_driver_msg/kk_driver_msg/msg/detail/epb_cmd__type_support.hpp
[177.775s] -- Installing: /home/kk/kk_ws/src/kk_driver_package/install/kk_driver_msg/include/kk_driver_msg/kk_driver_msg/msg/detail/gm6020_cmd__type_support.hpp
[177.778s] -- Installing: /home/kk/kk_ws/src/kk_driver_package/install/kk_driver_msg/include/kk_driver_msg/kk_driver_msg/msg/detail/c610_cmd__struct.hpp
[177.782s] -- Installing: /home/kk/kk_ws/src/kk_driver_package/install/kk_driver_msg/include/kk_driver_msg/kk_driver_msg/msg/detail/gm6020_cmd__traits.hpp
[177.785s] -- Installing: /home/kk/kk_ws/src/kk_driver_package/install/kk_driver_msg/include/kk_driver_msg/kk_driver_msg/msg/detail/gm6020_status__type_support.hpp
[177.788s] -- Installing: /home/kk/kk_ws/src/kk_driver_package/install/kk_driver_msg/include/kk_driver_msg/kk_driver_msg/msg/detail/encoder__type_support.hpp
[177.791s] -- Installing: /home/kk/kk_ws/src/kk_driver_package/install/kk_driver_msg/include/kk_driver_msg/kk_driver_msg/msg/detail/epb_status__struct.hpp
[177.795s] -- Installing: /home/kk/kk_ws/src/kk_driver_package/install/kk_driver_msg/include/kk_driver_msg/kk_driver_msg/msg/detail/core__traits.hpp
[177.798s] -- Installing: /home/kk/kk_ws/src/kk_driver_package/install/kk_driver_msg/include/kk_driver_msg/kk_driver_msg/msg/detail/c610_cmd__builder.hpp
[177.801s] -- Installing: /home/kk/kk_ws/src/kk_driver_package/install/kk_driver_msg/include/kk_driver_msg/kk_driver_msg/msg/detail/gm6020_status__struct.hpp
[177.805s] -- Installing: /home/kk/kk_ws/src/kk_driver_package/install/kk_driver_msg/include/kk_driver_msg/kk_driver_msg/msg/detail/pwm_status__struct.hpp
[177.808s] -- Installing: /home/kk/kk_ws/src/kk_driver_package/install/kk_driver_msg/include/kk_driver_msg/kk_driver_msg/msg/detail/motor_cmd__struct.hpp
[177.812s] -- Installing: /home/kk/kk_ws/src/kk_driver_package/install/kk_driver_msg/include/kk_driver_msg/kk_driver_msg/msg/detail/motor_cmd__traits.hpp
[177.816s] -- Installing: /home/kk/kk_ws/src/kk_driver_package/install/kk_driver_msg/include/kk_driver_msg/kk_driver_msg/msg/detail/epb_cmd__traits.hpp
[177.820s] -- Installing: /home/kk/kk_ws/src/kk_driver_package/install/kk_driver_msg/include/kk_driver_msg/kk_driver_msg/msg/detail/epb_status__traits.hpp
[177.823s] -- Installing: /home/kk/kk_ws/src/kk_driver_package/install/kk_driver_msg/include/kk_driver_msg/kk_driver_msg/msg/detail/bldc_cmd__traits.hpp
[177.826s] -- Installing: /home/kk/kk_ws/src/kk_driver_package/install/kk_driver_msg/include/kk_driver_msg/kk_driver_msg/msg/detail/key_ctrl__traits.hpp
[177.829s] -- Installing: /home/kk/kk_ws/src/kk_driver_package/install/kk_driver_msg/include/kk_driver_msg/kk_driver_msg/msg/detail/camera_cmd__type_support.hpp
[177.832s] -- Installing: /home/kk/kk_ws/src/kk_driver_package/install/kk_driver_msg/include/kk_driver_msg/kk_driver_msg/msg/detail/mouse_ctrl__traits.hpp
[177.836s] -- Installing: /home/kk/kk_ws/src/kk_driver_package/install/kk_driver_msg/include/kk_driver_msg/kk_driver_msg/msg/detail/epb_status__builder.hpp
[177.839s] -- Installing: /home/kk/kk_ws/src/kk_driver_package/install/kk_driver_msg/include/kk_driver_msg/kk_driver_msg/msg/detail/c610_status__type_support.hpp
[177.843s] -- Installing: /home/kk/kk_ws/src/kk_driver_package/install/kk_driver_msg/include/kk_driver_msg/kk_driver_msg/msg/detail/camera_cmd__builder.hpp
[177.846s] -- Installing: /home/kk/kk_ws/src/kk_driver_package/install/kk_driver_msg/include/kk_driver_msg/kk_driver_msg/msg/detail/c610_cmd__traits.hpp
[177.849s] -- Installing: /home/kk/kk_ws/src/kk_driver_package/install/kk_driver_msg/include/kk_driver_msg/kk_driver_msg/msg/detail/key_ctrl__type_support.hpp
[177.854s] -- Installing: /home/kk/kk_ws/src/kk_driver_package/install/kk_driver_msg/include/kk_driver_msg/kk_driver_msg/msg/detail/camera_cmd__traits.hpp
[177.857s] -- Installing: /home/kk/kk_ws/src/kk_driver_package/install/kk_driver_msg/include/kk_driver_msg/kk_driver_msg/msg/detail/pwm_cmd__struct.hpp
[177.861s] -- Installing: /home/kk/kk_ws/src/kk_driver_package/install/kk_driver_msg/include/kk_driver_msg/kk_driver_msg/msg/detail/gm6020_status__builder.hpp
[177.865s] -- Installing: /home/kk/kk_ws/src/kk_driver_package/install/kk_driver_msg/include/kk_driver_msg/kk_driver_msg/msg/detail/encoder__struct.hpp
[177.869s] -- Installing: /home/kk/kk_ws/src/kk_driver_package/install/kk_driver_msg/include/kk_driver_msg/kk_driver_msg/msg/detail/epb_status__type_support.hpp
[177.872s] -- Installing: /home/kk/kk_ws/src/kk_driver_package/install/kk_driver_msg/include/kk_driver_msg/kk_driver_msg/msg/detail/bldc_cmd__type_support.hpp
[177.875s] -- Installing: /home/kk/kk_ws/src/kk_driver_package/install/kk_driver_msg/include/kk_driver_msg/kk_driver_msg/msg/detail/pwm_cmd__traits.hpp
[177.878s] -- Installing: /home/kk/kk_ws/src/kk_driver_package/install/kk_driver_msg/include/kk_driver_msg/kk_driver_msg/msg/detail/motor_cmd__builder.hpp
[177.881s] -- Installing: /home/kk/kk_ws/src/kk_driver_package/install/kk_driver_msg/include/kk_driver_msg/kk_driver_msg/msg/detail/motor_cmd__type_support.hpp
[177.885s] -- Installing: /home/kk/kk_ws/src/kk_driver_package/install/kk_driver_msg/include/kk_driver_msg/kk_driver_msg/msg/detail/c610_status__traits.hpp
[177.888s] -- Installing: /home/kk/kk_ws/src/kk_driver_package/install/kk_driver_msg/include/kk_driver_msg/kk_driver_msg/msg/detail/epb_cmd__struct.hpp
[177.891s] -- Installing: /home/kk/kk_ws/src/kk_driver_package/install/kk_driver_msg/include/kk_driver_msg/kk_driver_msg/msg/detail/bldc_cmd__struct.hpp
[177.895s] -- Installing: /home/kk/kk_ws/src/kk_driver_package/install/kk_driver_msg/include/kk_driver_msg/kk_driver_msg/msg/detail/c610_cmd__type_support.hpp
[177.898s] -- Installing: /home/kk/kk_ws/src/kk_driver_package/install/kk_driver_msg/include/kk_driver_msg/kk_driver_msg/msg/detail/epb_cmd__builder.hpp
[177.901s] -- Installing: /home/kk/kk_ws/src/kk_driver_package/install/kk_driver_msg/include/kk_driver_msg/kk_driver_msg/msg/detail/key_ctrl__struct.hpp
[177.905s] -- Installing: /home/kk/kk_ws/src/kk_driver_package/install/kk_driver_msg/include/kk_driver_msg/kk_driver_msg/msg/detail/pwm_cmd__builder.hpp
[177.908s] -- Installing: /home/kk/kk_ws/src/kk_driver_package/install/kk_driver_msg/include/kk_driver_msg/kk_driver_msg/msg/detail/mouse_ctrl__struct.hpp
[177.912s] -- Installing: /home/kk/kk_ws/src/kk_driver_package/install/kk_driver_msg/include/kk_driver_msg/kk_driver_msg/msg/detail/pwm_status__type_support.hpp
[177.915s] -- Installing: /home/kk/kk_ws/src/kk_driver_package/install/kk_driver_msg/include/kk_driver_msg/kk_driver_msg/msg/detail/pwm_cmd__type_support.hpp
[177.918s] -- Installing: /home/kk/kk_ws/src/kk_driver_package/install/kk_driver_msg/include/kk_driver_msg/kk_driver_msg/msg/detail/mouse_ctrl__type_support.hpp
[177.924s] -- Installing: /home/kk/kk_ws/src/kk_driver_package/install/kk_driver_msg/include/kk_driver_msg/kk_driver_msg/msg/detail/encoder__traits.hpp
[177.926s] -- Installing: /home/kk/kk_ws/src/kk_driver_package/install/kk_driver_msg/include/kk_driver_msg/kk_driver_msg/msg/detail/gm6020_cmd__builder.hpp
[177.929s] -- Installing: /home/kk/kk_ws/src/kk_driver_package/install/kk_driver_msg/include/kk_driver_msg/kk_driver_msg/msg/detail/mouse_ctrl__builder.hpp
[177.932s] -- Installing: /home/kk/kk_ws/src/kk_driver_package/install/kk_driver_msg/include/kk_driver_msg/kk_driver_msg/msg/detail/c610_status__struct.hpp
[177.936s] -- Installing: /home/kk/kk_ws/src/kk_driver_package/install/kk_driver_msg/include/kk_driver_msg/kk_driver_msg/msg/rosidl_generator_cpp__visibility_control.hpp
[177.939s] -- Installing: /home/kk/kk_ws/src/kk_driver_package/install/kk_driver_msg/include/kk_driver_msg/kk_driver_msg/msg/mouse_ctrl.hpp
[177.942s] -- Installing: /home/kk/kk_ws/src/kk_driver_package/install/kk_driver_msg/include/kk_driver_msg/kk_driver_msg/msg/epb_cmd.hpp
[177.946s] -- Installing: /home/kk/kk_ws/src/kk_driver_package/install/kk_driver_msg/include/kk_driver_msg/kk_driver_msg/msg/gm6020_cmd.hpp
[177.949s] -- Up-to-date: /home/kk/kk_ws/src/kk_driver_package/install/kk_driver_msg/include/kk_driver_msg/kk_driver_msg
[177.950s] -- Up-to-date: /home/kk/kk_ws/src/kk_driver_package/install/kk_driver_msg/include/kk_driver_msg/kk_driver_msg/msg
[177.951s] -- Installing: /home/kk/kk_ws/src/kk_driver_package/install/kk_driver_msg/include/kk_driver_msg/kk_driver_msg/msg/rosidl_typesupport_fastrtps_cpp__visibility_control.h
[177.955s] -- Up-to-date: /home/kk/kk_ws/src/kk_driver_package/install/kk_driver_msg/include/kk_driver_msg/kk_driver_msg/msg/detail
[177.974s] -- Installing: /home/kk/kk_ws/src/kk_driver_package/install/kk_driver_msg/include/kk_driver_msg/kk_driver_msg/msg/detail/dds_fastrtps
[177.977s] -- Installing: /home/kk/kk_ws/src/kk_driver_package/install/kk_driver_msg/include/kk_driver_msg/kk_driver_msg/msg/detail/bldc_cmd__rosidl_typesupport_fastrtps_cpp.hpp
[177.980s] -- Installing: /home/kk/kk_ws/src/kk_driver_package/install/kk_driver_msg/include/kk_driver_msg/kk_driver_msg/msg/detail/pwm_cmd__rosidl_typesupport_fastrtps_cpp.hpp
[177.984s] -- Installing: /home/kk/kk_ws/src/kk_driver_package/install/kk_driver_msg/include/kk_driver_msg/kk_driver_msg/msg/detail/key_ctrl__rosidl_typesupport_fastrtps_cpp.hpp
[177.987s] -- Installing: /home/kk/kk_ws/src/kk_driver_package/install/kk_driver_msg/include/kk_driver_msg/kk_driver_msg/msg/detail/core__rosidl_typesupport_fastrtps_cpp.hpp
[177.992s] -- Installing: /home/kk/kk_ws/src/kk_driver_package/install/kk_driver_msg/include/kk_driver_msg/kk_driver_msg/msg/detail/gm6020_status__rosidl_typesupport_fastrtps_cpp.hpp
[177.995s] -- Installing: /home/kk/kk_ws/src/kk_driver_package/install/kk_driver_msg/include/kk_driver_msg/kk_driver_msg/msg/detail/c610_cmd__rosidl_typesupport_fastrtps_cpp.hpp
[178.000s] -- Installing: /home/kk/kk_ws/src/kk_driver_package/install/kk_driver_msg/include/kk_driver_msg/kk_driver_msg/msg/detail/c610_status__rosidl_typesupport_fastrtps_cpp.hpp
[178.003s] -- Installing: /home/kk/kk_ws/src/kk_driver_package/install/kk_driver_msg/include/kk_driver_msg/kk_driver_msg/msg/detail/encoder__rosidl_typesupport_fastrtps_cpp.hpp
[178.007s] -- Installing: /home/kk/kk_ws/src/kk_driver_package/install/kk_driver_msg/include/kk_driver_msg/kk_driver_msg/msg/detail/mouse_ctrl__rosidl_typesupport_fastrtps_cpp.hpp
[178.010s] -- Installing: /home/kk/kk_ws/src/kk_driver_package/install/kk_driver_msg/include/kk_driver_msg/kk_driver_msg/msg/detail/camera_cmd__rosidl_typesupport_fastrtps_cpp.hpp
[178.015s] -- Installing: /home/kk/kk_ws/src/kk_driver_package/install/kk_driver_msg/include/kk_driver_msg/kk_driver_msg/msg/detail/epb_status__rosidl_typesupport_fastrtps_cpp.hpp
[178.019s] -- Installing: /home/kk/kk_ws/src/kk_driver_package/install/kk_driver_msg/include/kk_driver_msg/kk_driver_msg/msg/detail/pwm_status__rosidl_typesupport_fastrtps_cpp.hpp
[178.022s] -- Installing: /home/kk/kk_ws/src/kk_driver_package/install/kk_driver_msg/include/kk_driver_msg/kk_driver_msg/msg/detail/gm6020_cmd__rosidl_typesupport_fastrtps_cpp.hpp
[178.026s] -- Installing: /home/kk/kk_ws/src/kk_driver_package/install/kk_driver_msg/include/kk_driver_msg/kk_driver_msg/msg/detail/epb_cmd__rosidl_typesupport_fastrtps_cpp.hpp
[178.030s] -- Installing: /home/kk/kk_ws/src/kk_driver_package/install/kk_driver_msg/include/kk_driver_msg/kk_driver_msg/msg/detail/motor_cmd__rosidl_typesupport_fastrtps_cpp.hpp
[178.034s] -- Installing: /home/kk/kk_ws/src/kk_driver_package/install/kk_driver_msg/lib/libkk_driver_msg__rosidl_typesupport_fastrtps_cpp.so
[178.047s] -- Set runtime path of "/home/kk/kk_ws/src/kk_driver_package/install/kk_driver_msg/lib/libkk_driver_msg__rosidl_typesupport_fastrtps_cpp.so" to ""
[178.048s] -- Up-to-date: /home/kk/kk_ws/src/kk_driver_package/install/kk_driver_msg/include/kk_driver_msg/kk_driver_msg
[178.050s] -- Up-to-date: /home/kk/kk_ws/src/kk_driver_package/install/kk_driver_msg/include/kk_driver_msg/kk_driver_msg/msg
[178.051s] -- Up-to-date: /home/kk/kk_ws/src/kk_driver_package/install/kk_driver_msg/include/kk_driver_msg/kk_driver_msg/msg/detail
[178.053s] -- Installing: /home/kk/kk_ws/src/kk_driver_package/install/kk_driver_msg/include/kk_driver_msg/kk_driver_msg/msg/detail/key_ctrl__rosidl_typesupport_introspection_cpp.hpp
[178.056s] -- Installing: /home/kk/kk_ws/src/kk_driver_package/install/kk_driver_msg/include/kk_driver_msg/kk_driver_msg/msg/detail/pwm_cmd__rosidl_typesupport_introspection_cpp.hpp
[178.060s] -- Installing: /home/kk/kk_ws/src/kk_driver_package/install/kk_driver_msg/include/kk_driver_msg/kk_driver_msg/msg/detail/key_ctrl__type_support.cpp
[178.064s] -- Installing: /home/kk/kk_ws/src/kk_driver_package/install/kk_driver_msg/include/kk_driver_msg/kk_driver_msg/msg/detail/pwm_status__type_support.cpp
[178.068s] -- Installing: /home/kk/kk_ws/src/kk_driver_package/install/kk_driver_msg/include/kk_driver_msg/kk_driver_msg/msg/detail/gm6020_status__rosidl_typesupport_introspection_cpp.hpp
[178.072s] -- Installing: /home/kk/kk_ws/src/kk_driver_package/install/kk_driver_msg/include/kk_driver_msg/kk_driver_msg/msg/detail/gm6020_status__type_support.cpp
[178.075s] -- Installing: /home/kk/kk_ws/src/kk_driver_package/install/kk_driver_msg/include/kk_driver_msg/kk_driver_msg/msg/detail/pwm_status__rosidl_typesupport_introspection_cpp.hpp
[178.080s] -- Installing: /home/kk/kk_ws/src/kk_driver_package/install/kk_driver_msg/include/kk_driver_msg/kk_driver_msg/msg/detail/c610_cmd__type_support.cpp
[178.083s] -- Installing: /home/kk/kk_ws/src/kk_driver_package/install/kk_driver_msg/include/kk_driver_msg/kk_driver_msg/msg/detail/c610_cmd__rosidl_typesupport_introspection_cpp.hpp
[178.087s] -- Installing: /home/kk/kk_ws/src/kk_driver_package/install/kk_driver_msg/include/kk_driver_msg/kk_driver_msg/msg/detail/motor_cmd__type_support.cpp
[178.090s] -- Installing: /home/kk/kk_ws/src/kk_driver_package/install/kk_driver_msg/include/kk_driver_msg/kk_driver_msg/msg/detail/c610_status__type_support.cpp
[178.094s] -- Installing: /home/kk/kk_ws/src/kk_driver_package/install/kk_driver_msg/include/kk_driver_msg/kk_driver_msg/msg/detail/encoder__type_support.cpp
[178.101s] -- Installing: /home/kk/kk_ws/src/kk_driver_package/install/kk_driver_msg/include/kk_driver_msg/kk_driver_msg/msg/detail/c610_status__rosidl_typesupport_introspection_cpp.hpp
[178.104s] -- Installing: /home/kk/kk_ws/src/kk_driver_package/install/kk_driver_msg/include/kk_driver_msg/kk_driver_msg/msg/detail/gm6020_cmd__type_support.cpp
[178.106s] -- Installing: /home/kk/kk_ws/src/kk_driver_package/install/kk_driver_msg/include/kk_driver_msg/kk_driver_msg/msg/detail/mouse_ctrl__rosidl_typesupport_introspection_cpp.hpp
[178.110s] -- Installing: /home/kk/kk_ws/src/kk_driver_package/install/kk_driver_msg/include/kk_driver_msg/kk_driver_msg/msg/detail/pwm_cmd__type_support.cpp
[178.115s] -- Installing: /home/kk/kk_ws/src/kk_driver_package/install/kk_driver_msg/include/kk_driver_msg/kk_driver_msg/msg/detail/bldc_cmd__type_support.cpp
[178.120s] -- Installing: /home/kk/kk_ws/src/kk_driver_package/install/kk_driver_msg/include/kk_driver_msg/kk_driver_msg/msg/detail/core__rosidl_typesupport_introspection_cpp.hpp
[178.122s] -- Installing: /home/kk/kk_ws/src/kk_driver_package/install/kk_driver_msg/include/kk_driver_msg/kk_driver_msg/msg/detail/camera_cmd__type_support.cpp
[178.129s] -- Installing: /home/kk/kk_ws/src/kk_driver_package/install/kk_driver_msg/include/kk_driver_msg/kk_driver_msg/msg/detail/gm6020_cmd__rosidl_typesupport_introspection_cpp.hpp
[178.130s] -- Installing: /home/kk/kk_ws/src/kk_driver_package/install/kk_driver_msg/include/kk_driver_msg/kk_driver_msg/msg/detail/epb_cmd__type_support.cpp
[178.134s] -- Installing: /home/kk/kk_ws/src/kk_driver_package/install/kk_driver_msg/include/kk_driver_msg/kk_driver_msg/msg/detail/motor_cmd__rosidl_typesupport_introspection_cpp.hpp
[178.145s] -- Installing: /home/kk/kk_ws/src/kk_driver_package/install/kk_driver_msg/include/kk_driver_msg/kk_driver_msg/msg/detail/mouse_ctrl__type_support.cpp
[178.147s] -- Installing: /home/kk/kk_ws/src/kk_driver_package/install/kk_driver_msg/include/kk_driver_msg/kk_driver_msg/msg/detail/camera_cmd__rosidl_typesupport_introspection_cpp.hpp
[178.150s] -- Installing: /home/kk/kk_ws/src/kk_driver_package/install/kk_driver_msg/include/kk_driver_msg/kk_driver_msg/msg/detail/core__type_support.cpp
[178.156s] -- Installing: /home/kk/kk_ws/src/kk_driver_package/install/kk_driver_msg/include/kk_driver_msg/kk_driver_msg/msg/detail/epb_status__rosidl_typesupport_introspection_cpp.hpp
[178.158s] -- Installing: /home/kk/kk_ws/src/kk_driver_package/install/kk_driver_msg/include/kk_driver_msg/kk_driver_msg/msg/detail/epb_cmd__rosidl_typesupport_introspection_cpp.hpp
[178.160s] -- Installing: /home/kk/kk_ws/src/kk_driver_package/install/kk_driver_msg/include/kk_driver_msg/kk_driver_msg/msg/detail/epb_status__type_support.cpp
[178.163s] -- Installing: /home/kk/kk_ws/src/kk_driver_package/install/kk_driver_msg/include/kk_driver_msg/kk_driver_msg/msg/detail/encoder__rosidl_typesupport_introspection_cpp.hpp
[178.167s] -- Installing: /home/kk/kk_ws/src/kk_driver_package/install/kk_driver_msg/include/kk_driver_msg/kk_driver_msg/msg/detail/bldc_cmd__rosidl_typesupport_introspection_cpp.hpp
[178.172s] -- Installing: /home/kk/kk_ws/src/kk_driver_package/install/kk_driver_msg/lib/libkk_driver_msg__rosidl_typesupport_introspection_cpp.so
[178.187s] -- Set runtime path of "/home/kk/kk_ws/src/kk_driver_package/install/kk_driver_msg/lib/libkk_driver_msg__rosidl_typesupport_introspection_cpp.so" to ""
[178.188s] -- Installing: /home/kk/kk_ws/src/kk_driver_package/install/kk_driver_msg/lib/libkk_driver_msg__rosidl_typesupport_cpp.so
[178.199s] -- Set runtime path of "/home/kk/kk_ws/src/kk_driver_package/install/kk_driver_msg/lib/libkk_driver_msg__rosidl_typesupport_cpp.so" to ""
[178.201s] -- Installing: /home/kk/kk_ws/src/kk_driver_package/install/kk_driver_msg/share/kk_driver_msg/environment/pythonpath.sh
[178.202s] -- Installing: /home/kk/kk_ws/src/kk_driver_package/install/kk_driver_msg/share/kk_driver_msg/environment/pythonpath.dsv
[178.206s] -- Installing: /home/kk/kk_ws/src/kk_driver_package/install/kk_driver_msg/local/lib/python3.10/dist-packages/kk_driver_msg-0.0.1-py3.10.egg-info
[178.223s] -- Installing: /home/kk/kk_ws/src/kk_driver_package/install/kk_driver_msg/local/lib/python3.10/dist-packages/kk_driver_msg-0.0.1-py3.10.egg-info/PKG-INFO
[178.226s] -- Installing: /home/kk/kk_ws/src/kk_driver_package/install/kk_driver_msg/local/lib/python3.10/dist-packages/kk_driver_msg-0.0.1-py3.10.egg-info/top_level.txt
[178.227s] -- Installing: /home/kk/kk_ws/src/kk_driver_package/install/kk_driver_msg/local/lib/python3.10/dist-packages/kk_driver_msg-0.0.1-py3.10.egg-info/SOURCES.txt
[178.229s] -- Installing: /home/kk/kk_ws/src/kk_driver_package/install/kk_driver_msg/local/lib/python3.10/dist-packages/kk_driver_msg-0.0.1-py3.10.egg-info/dependency_links.txt
[178.232s] -- Installing: /home/kk/kk_ws/src/kk_driver_package/install/kk_driver_msg/local/lib/python3.10/dist-packages/kk_driver_msg
[178.234s] -- Installing: /home/kk/kk_ws/src/kk_driver_package/install/kk_driver_msg/local/lib/python3.10/dist-packages/kk_driver_msg/__init__.py
[178.238s] -- Installing: /home/kk/kk_ws/src/kk_driver_package/install/kk_driver_msg/local/lib/python3.10/dist-packages/kk_driver_msg/kk_driver_msg_s__rosidl_typesupport_introspection_c.cpython-310-aarch64-linux-gnu.so
[178.244s] -- Installing: /home/kk/kk_ws/src/kk_driver_package/install/kk_driver_msg/local/lib/python3.10/dist-packages/kk_driver_msg/libkk_driver_msg__rosidl_generator_py.so
[178.251s] -- Installing: /home/kk/kk_ws/src/kk_driver_package/install/kk_driver_msg/local/lib/python3.10/dist-packages/kk_driver_msg/kk_driver_msg_s__rosidl_typesupport_c.cpython-310-aarch64-linux-gnu.so
[178.256s] -- Installing: /home/kk/kk_ws/src/kk_driver_package/install/kk_driver_msg/local/lib/python3.10/dist-packages/kk_driver_msg/_kk_driver_msg_s.ep.rosidl_typesupport_c.c
[178.262s] -- Installing: /home/kk/kk_ws/src/kk_driver_package/install/kk_driver_msg/local/lib/python3.10/dist-packages/kk_driver_msg/kk_driver_msg_s__rosidl_typesupport_fastrtps_c.cpython-310-aarch64-linux-gnu.so
[178.269s] -- Installing: /home/kk/kk_ws/src/kk_driver_package/install/kk_driver_msg/local/lib/python3.10/dist-packages/kk_driver_msg/_kk_driver_msg_s.ep.rosidl_typesupport_introspection_c.c
[178.274s] -- Installing: /home/kk/kk_ws/src/kk_driver_package/install/kk_driver_msg/local/lib/python3.10/dist-packages/kk_driver_msg/msg
[178.277s] -- Installing: /home/kk/kk_ws/src/kk_driver_package/install/kk_driver_msg/local/lib/python3.10/dist-packages/kk_driver_msg/msg/_gm6020_status_s.c
[178.281s] -- Installing: /home/kk/kk_ws/src/kk_driver_package/install/kk_driver_msg/local/lib/python3.10/dist-packages/kk_driver_msg/msg/_c610_status_s.c
[178.285s] -- Installing: /home/kk/kk_ws/src/kk_driver_package/install/kk_driver_msg/local/lib/python3.10/dist-packages/kk_driver_msg/msg/__init__.py
[178.290s] -- Installing: /home/kk/kk_ws/src/kk_driver_package/install/kk_driver_msg/local/lib/python3.10/dist-packages/kk_driver_msg/msg/_encoder.py
[178.292s] -- Installing: /home/kk/kk_ws/src/kk_driver_package/install/kk_driver_msg/local/lib/python3.10/dist-packages/kk_driver_msg/msg/_pwm_cmd.py
[178.296s] -- Installing: /home/kk/kk_ws/src/kk_driver_package/install/kk_driver_msg/local/lib/python3.10/dist-packages/kk_driver_msg/msg/_motor_cmd_s.c
[178.300s] -- Installing: /home/kk/kk_ws/src/kk_driver_package/install/kk_driver_msg/local/lib/python3.10/dist-packages/kk_driver_msg/msg/_key_ctrl_s.c
[178.304s] -- Installing: /home/kk/kk_ws/src/kk_driver_package/install/kk_driver_msg/local/lib/python3.10/dist-packages/kk_driver_msg/msg/_c610_cmd.py
[178.310s] -- Installing: /home/kk/kk_ws/src/kk_driver_package/install/kk_driver_msg/local/lib/python3.10/dist-packages/kk_driver_msg/msg/_pwm_status.py
[178.312s] -- Installing: /home/kk/kk_ws/src/kk_driver_package/install/kk_driver_msg/local/lib/python3.10/dist-packages/kk_driver_msg/msg/_epb_cmd_s.c
[178.319s] -- Installing: /home/kk/kk_ws/src/kk_driver_package/install/kk_driver_msg/local/lib/python3.10/dist-packages/kk_driver_msg/msg/_camera_cmd.py
[178.320s] -- Installing: /home/kk/kk_ws/src/kk_driver_package/install/kk_driver_msg/local/lib/python3.10/dist-packages/kk_driver_msg/msg/_bldc_cmd.py
[178.323s] -- Installing: /home/kk/kk_ws/src/kk_driver_package/install/kk_driver_msg/local/lib/python3.10/dist-packages/kk_driver_msg/msg/_core.py
[178.327s] -- Installing: /home/kk/kk_ws/src/kk_driver_package/install/kk_driver_msg/local/lib/python3.10/dist-packages/kk_driver_msg/msg/_encoder_s.c
[178.331s] -- Installing: /home/kk/kk_ws/src/kk_driver_package/install/kk_driver_msg/local/lib/python3.10/dist-packages/kk_driver_msg/msg/_epb_status.py
[178.337s] -- Installing: /home/kk/kk_ws/src/kk_driver_package/install/kk_driver_msg/local/lib/python3.10/dist-packages/kk_driver_msg/msg/_core_s.c
[178.340s] -- Installing: /home/kk/kk_ws/src/kk_driver_package/install/kk_driver_msg/local/lib/python3.10/dist-packages/kk_driver_msg/msg/_gm6020_status.py
[178.343s] -- Installing: /home/kk/kk_ws/src/kk_driver_package/install/kk_driver_msg/local/lib/python3.10/dist-packages/kk_driver_msg/msg/_gm6020_cmd.py
[178.349s] -- Installing: /home/kk/kk_ws/src/kk_driver_package/install/kk_driver_msg/local/lib/python3.10/dist-packages/kk_driver_msg/msg/_motor_cmd.py
[178.350s] -- Installing: /home/kk/kk_ws/src/kk_driver_package/install/kk_driver_msg/local/lib/python3.10/dist-packages/kk_driver_msg/msg/_mouse_ctrl.py
[178.354s] -- Installing: /home/kk/kk_ws/src/kk_driver_package/install/kk_driver_msg/local/lib/python3.10/dist-packages/kk_driver_msg/msg/_epb_cmd.py
[178.358s] -- Installing: /home/kk/kk_ws/src/kk_driver_package/install/kk_driver_msg/local/lib/python3.10/dist-packages/kk_driver_msg/msg/_mouse_ctrl_s.c
[178.361s] -- Installing: /home/kk/kk_ws/src/kk_driver_package/install/kk_driver_msg/local/lib/python3.10/dist-packages/kk_driver_msg/msg/_c610_status.py
[178.365s] -- Installing: /home/kk/kk_ws/src/kk_driver_package/install/kk_driver_msg/local/lib/python3.10/dist-packages/kk_driver_msg/msg/_camera_cmd_s.c
[178.370s] -- Installing: /home/kk/kk_ws/src/kk_driver_package/install/kk_driver_msg/local/lib/python3.10/dist-packages/kk_driver_msg/msg/_key_ctrl.py
[178.375s] -- Installing: /home/kk/kk_ws/src/kk_driver_package/install/kk_driver_msg/local/lib/python3.10/dist-packages/kk_driver_msg/msg/_epb_status_s.c
[178.376s] -- Installing: /home/kk/kk_ws/src/kk_driver_package/install/kk_driver_msg/local/lib/python3.10/dist-packages/kk_driver_msg/msg/_pwm_status_s.c
[178.379s] -- Installing: /home/kk/kk_ws/src/kk_driver_package/install/kk_driver_msg/local/lib/python3.10/dist-packages/kk_driver_msg/msg/_bldc_cmd_s.c
[178.384s] -- Installing: /home/kk/kk_ws/src/kk_driver_package/install/kk_driver_msg/local/lib/python3.10/dist-packages/kk_driver_msg/msg/_gm6020_cmd_s.c
[178.387s] -- Installing: /home/kk/kk_ws/src/kk_driver_package/install/kk_driver_msg/local/lib/python3.10/dist-packages/kk_driver_msg/msg/_c610_cmd_s.c
[178.397s] -- Installing: /home/kk/kk_ws/src/kk_driver_package/install/kk_driver_msg/local/lib/python3.10/dist-packages/kk_driver_msg/msg/_pwm_cmd_s.c
[178.398s] -- Installing: /home/kk/kk_ws/src/kk_driver_package/install/kk_driver_msg/local/lib/python3.10/dist-packages/kk_driver_msg/_kk_driver_msg_s.ep.rosidl_typesupport_fastrtps_c.c
[179.014s] Listing '/home/kk/kk_ws/src/kk_driver_package/install/kk_driver_msg/local/lib/python3.10/dist-packages/kk_driver_msg'...
[179.016s] Compiling '/home/kk/kk_ws/src/kk_driver_package/install/kk_driver_msg/local/lib/python3.10/dist-packages/kk_driver_msg/__init__.py'...
[179.019s] Listing '/home/kk/kk_ws/src/kk_driver_package/install/kk_driver_msg/local/lib/python3.10/dist-packages/kk_driver_msg/msg'...
[179.021s] Compiling '/home/kk/kk_ws/src/kk_driver_package/install/kk_driver_msg/local/lib/python3.10/dist-packages/kk_driver_msg/msg/__init__.py'...
[179.023s] Compiling '/home/kk/kk_ws/src/kk_driver_package/install/kk_driver_msg/local/lib/python3.10/dist-packages/kk_driver_msg/msg/_bldc_cmd.py'...
[179.025s] Compiling '/home/kk/kk_ws/src/kk_driver_package/install/kk_driver_msg/local/lib/python3.10/dist-packages/kk_driver_msg/msg/_c610_cmd.py'...
[179.027s] Compiling '/home/kk/kk_ws/src/kk_driver_package/install/kk_driver_msg/local/lib/python3.10/dist-packages/kk_driver_msg/msg/_c610_status.py'...
[179.029s] Compiling '/home/kk/kk_ws/src/kk_driver_package/install/kk_driver_msg/local/lib/python3.10/dist-packages/kk_driver_msg/msg/_camera_cmd.py'...
[179.031s] Compiling '/home/kk/kk_ws/src/kk_driver_package/install/kk_driver_msg/local/lib/python3.10/dist-packages/kk_driver_msg/msg/_core.py'...
[179.033s] Compiling '/home/kk/kk_ws/src/kk_driver_package/install/kk_driver_msg/local/lib/python3.10/dist-packages/kk_driver_msg/msg/_encoder.py'...
[179.035s] Compiling '/home/kk/kk_ws/src/kk_driver_package/install/kk_driver_msg/local/lib/python3.10/dist-packages/kk_driver_msg/msg/_epb_cmd.py'...
[179.037s] Compiling '/home/kk/kk_ws/src/kk_driver_package/install/kk_driver_msg/local/lib/python3.10/dist-packages/kk_driver_msg/msg/_epb_status.py'...
[179.039s] Compiling '/home/kk/kk_ws/src/kk_driver_package/install/kk_driver_msg/local/lib/python3.10/dist-packages/kk_driver_msg/msg/_gm6020_cmd.py'...
[179.040s] Compiling '/home/kk/kk_ws/src/kk_driver_package/install/kk_driver_msg/local/lib/python3.10/dist-packages/kk_driver_msg/msg/_gm6020_status.py'...
[179.041s] Compiling '/home/kk/kk_ws/src/kk_driver_package/install/kk_driver_msg/local/lib/python3.10/dist-packages/kk_driver_msg/msg/_key_ctrl.py'...
[179.042s] Compiling '/home/kk/kk_ws/src/kk_driver_package/install/kk_driver_msg/local/lib/python3.10/dist-packages/kk_driver_msg/msg/_motor_cmd.py'...
[179.044s] Compiling '/home/kk/kk_ws/src/kk_driver_package/install/kk_driver_msg/local/lib/python3.10/dist-packages/kk_driver_msg/msg/_mouse_ctrl.py'...
[179.045s] Compiling '/home/kk/kk_ws/src/kk_driver_package/install/kk_driver_msg/local/lib/python3.10/dist-packages/kk_driver_msg/msg/_pwm_cmd.py'...
[179.046s] Compiling '/home/kk/kk_ws/src/kk_driver_package/install/kk_driver_msg/local/lib/python3.10/dist-packages/kk_driver_msg/msg/_pwm_status.py'...
[179.069s] -- Installing: /home/kk/kk_ws/src/kk_driver_package/install/kk_driver_msg/local/lib/python3.10/dist-packages/kk_driver_msg/kk_driver_msg_s__rosidl_typesupport_fastrtps_c.cpython-310-aarch64-linux-gnu.so
[179.078s] -- Set runtime path of "/home/kk/kk_ws/src/kk_driver_package/install/kk_driver_msg/local/lib/python3.10/dist-packages/kk_driver_msg/kk_driver_msg_s__rosidl_typesupport_fastrtps_c.cpython-310-aarch64-linux-gnu.so" to ""
[179.083s] -- Installing: /home/kk/kk_ws/src/kk_driver_package/install/kk_driver_msg/local/lib/python3.10/dist-packages/kk_driver_msg/kk_driver_msg_s__rosidl_typesupport_introspection_c.cpython-310-aarch64-linux-gnu.so
[179.093s] -- Set runtime path of "/home/kk/kk_ws/src/kk_driver_package/install/kk_driver_msg/local/lib/python3.10/dist-packages/kk_driver_msg/kk_driver_msg_s__rosidl_typesupport_introspection_c.cpython-310-aarch64-linux-gnu.so" to ""
[179.097s] -- Installing: /home/kk/kk_ws/src/kk_driver_package/install/kk_driver_msg/local/lib/python3.10/dist-packages/kk_driver_msg/kk_driver_msg_s__rosidl_typesupport_c.cpython-310-aarch64-linux-gnu.so
[179.106s] -- Set runtime path of "/home/kk/kk_ws/src/kk_driver_package/install/kk_driver_msg/local/lib/python3.10/dist-packages/kk_driver_msg/kk_driver_msg_s__rosidl_typesupport_c.cpython-310-aarch64-linux-gnu.so" to ""
[179.108s] -- Installing: /home/kk/kk_ws/src/kk_driver_package/install/kk_driver_msg/lib/libkk_driver_msg__rosidl_generator_py.so
[179.119s] -- Set runtime path of "/home/kk/kk_ws/src/kk_driver_package/install/kk_driver_msg/lib/libkk_driver_msg__rosidl_generator_py.so" to ""
[179.120s] -- Installing: /home/kk/kk_ws/src/kk_driver_package/install/kk_driver_msg/share/kk_driver_msg/msg/EpbCmd.idl
[179.123s] -- Installing: /home/kk/kk_ws/src/kk_driver_package/install/kk_driver_msg/share/kk_driver_msg/msg/PwmCmd.idl
[179.127s] -- Installing: /home/kk/kk_ws/src/kk_driver_package/install/kk_driver_msg/share/kk_driver_msg/msg/MotorCmd.idl
[179.131s] -- Installing: /home/kk/kk_ws/src/kk_driver_package/install/kk_driver_msg/share/kk_driver_msg/msg/BldcCmd.idl
[179.134s] -- Installing: /home/kk/kk_ws/src/kk_driver_package/install/kk_driver_msg/share/kk_driver_msg/msg/C610Cmd.idl
[179.138s] -- Installing: /home/kk/kk_ws/src/kk_driver_package/install/kk_driver_msg/share/kk_driver_msg/msg/C610Status.idl
[179.142s] -- Installing: /home/kk/kk_ws/src/kk_driver_package/install/kk_driver_msg/share/kk_driver_msg/msg/Gm6020Cmd.idl
[179.146s] -- Installing: /home/kk/kk_ws/src/kk_driver_package/install/kk_driver_msg/share/kk_driver_msg/msg/Gm6020Status.idl
[179.149s] -- Installing: /home/kk/kk_ws/src/kk_driver_package/install/kk_driver_msg/share/kk_driver_msg/msg/EpbStatus.idl
[179.153s] -- Installing: /home/kk/kk_ws/src/kk_driver_package/install/kk_driver_msg/share/kk_driver_msg/msg/PwmStatus.idl
[179.157s] -- Installing: /home/kk/kk_ws/src/kk_driver_package/install/kk_driver_msg/share/kk_driver_msg/msg/Encoder.idl
[179.161s] -- Installing: /home/kk/kk_ws/src/kk_driver_package/install/kk_driver_msg/share/kk_driver_msg/msg/KeyCtrl.idl
[179.164s] -- Installing: /home/kk/kk_ws/src/kk_driver_package/install/kk_driver_msg/share/kk_driver_msg/msg/Core.idl
[179.168s] -- Installing: /home/kk/kk_ws/src/kk_driver_package/install/kk_driver_msg/share/kk_driver_msg/msg/CameraCmd.idl
[179.172s] -- Installing: /home/kk/kk_ws/src/kk_driver_package/install/kk_driver_msg/share/kk_driver_msg/msg/MouseCtrl.idl
[179.176s] -- Installing: /home/kk/kk_ws/src/kk_driver_package/install/kk_driver_msg/share/kk_driver_msg/msg/EpbCmd.msg
[179.179s] -- Installing: /home/kk/kk_ws/src/kk_driver_package/install/kk_driver_msg/share/kk_driver_msg/msg/PwmCmd.msg
[179.182s] -- Installing: /home/kk/kk_ws/src/kk_driver_package/install/kk_driver_msg/share/kk_driver_msg/msg/MotorCmd.msg
[179.186s] -- Installing: /home/kk/kk_ws/src/kk_driver_package/install/kk_driver_msg/share/kk_driver_msg/msg/BldcCmd.msg
[179.190s] -- Installing: /home/kk/kk_ws/src/kk_driver_package/install/kk_driver_msg/share/kk_driver_msg/msg/C610Cmd.msg
[179.194s] -- Installing: /home/kk/kk_ws/src/kk_driver_package/install/kk_driver_msg/share/kk_driver_msg/msg/C610Status.msg
[179.197s] -- Installing: /home/kk/kk_ws/src/kk_driver_package/install/kk_driver_msg/share/kk_driver_msg/msg/Gm6020Cmd.msg
[179.201s] -- Installing: /home/kk/kk_ws/src/kk_driver_package/install/kk_driver_msg/share/kk_driver_msg/msg/Gm6020Status.msg
[179.204s] -- Installing: /home/kk/kk_ws/src/kk_driver_package/install/kk_driver_msg/share/kk_driver_msg/msg/EpbStatus.msg
[179.207s] -- Installing: /home/kk/kk_ws/src/kk_driver_package/install/kk_driver_msg/share/kk_driver_msg/msg/PwmStatus.msg
[179.211s] -- Installing: /home/kk/kk_ws/src/kk_driver_package/install/kk_driver_msg/share/kk_driver_msg/msg/Encoder.msg
[179.215s] -- Installing: /home/kk/kk_ws/src/kk_driver_package/install/kk_driver_msg/share/kk_driver_msg/msg/KeyCtrl.msg
[179.219s] -- Installing: /home/kk/kk_ws/src/kk_driver_package/install/kk_driver_msg/share/kk_driver_msg/msg/Core.msg
[179.222s] -- Installing: /home/kk/kk_ws/src/kk_driver_package/install/kk_driver_msg/share/kk_driver_msg/msg/CameraCmd.msg
[179.226s] -- Installing: /home/kk/kk_ws/src/kk_driver_package/install/kk_driver_msg/share/kk_driver_msg/msg/MouseCtrl.msg
[179.230s] -- Installing: /home/kk/kk_ws/src/kk_driver_package/install/kk_driver_msg/share/ament_index/resource_index/package_run_dependencies/kk_driver_msg
[179.236s] -- Installing: /home/kk/kk_ws/src/kk_driver_package/install/kk_driver_msg/share/ament_index/resource_index/parent_prefix_path/kk_driver_msg
[179.241s] -- Installing: /home/kk/kk_ws/src/kk_driver_package/install/kk_driver_msg/share/kk_driver_msg/environment/ament_prefix_path.sh
[179.246s] -- Installing: /home/kk/kk_ws/src/kk_driver_package/install/kk_driver_msg/share/kk_driver_msg/environment/ament_prefix_path.dsv
[179.249s] -- Installing: /home/kk/kk_ws/src/kk_driver_package/install/kk_driver_msg/share/kk_driver_msg/environment/path.sh
[179.252s] -- Installing: /home/kk/kk_ws/src/kk_driver_package/install/kk_driver_msg/share/kk_driver_msg/environment/path.dsv
[179.256s] -- Installing: /home/kk/kk_ws/src/kk_driver_package/install/kk_driver_msg/share/kk_driver_msg/local_setup.bash
[179.259s] -- Installing: /home/kk/kk_ws/src/kk_driver_package/install/kk_driver_msg/share/kk_driver_msg/local_setup.sh
[179.263s] -- Installing: /home/kk/kk_ws/src/kk_driver_package/install/kk_driver_msg/share/kk_driver_msg/local_setup.zsh
[179.267s] -- Installing: /home/kk/kk_ws/src/kk_driver_package/install/kk_driver_msg/share/kk_driver_msg/local_setup.dsv
[179.270s] -- Installing: /home/kk/kk_ws/src/kk_driver_package/install/kk_driver_msg/share/kk_driver_msg/package.dsv
[179.276s] -- Installing: /home/kk/kk_ws/src/kk_driver_package/install/kk_driver_msg/share/ament_index/resource_index/packages/kk_driver_msg
[179.280s] -- Installing: /home/kk/kk_ws/src/kk_driver_package/install/kk_driver_msg/share/kk_driver_msg/cmake/export_kk_driver_msg__rosidl_generator_cExport.cmake
[179.285s] -- Installing: /home/kk/kk_ws/src/kk_driver_package/install/kk_driver_msg/share/kk_driver_msg/cmake/export_kk_driver_msg__rosidl_generator_cExport-noconfig.cmake
[179.290s] -- Installing: /home/kk/kk_ws/src/kk_driver_package/install/kk_driver_msg/share/kk_driver_msg/cmake/export_kk_driver_msg__rosidl_typesupport_fastrtps_cExport.cmake
[179.299s] -- Installing: /home/kk/kk_ws/src/kk_driver_package/install/kk_driver_msg/share/kk_driver_msg/cmake/export_kk_driver_msg__rosidl_typesupport_fastrtps_cExport-noconfig.cmake
[179.300s] -- Installing: /home/kk/kk_ws/src/kk_driver_package/install/kk_driver_msg/share/kk_driver_msg/cmake/kk_driver_msg__rosidl_typesupport_introspection_cExport.cmake
[179.303s] -- Installing: /home/kk/kk_ws/src/kk_driver_package/install/kk_driver_msg/share/kk_driver_msg/cmake/kk_driver_msg__rosidl_typesupport_introspection_cExport-noconfig.cmake
[179.307s] -- Installing: /home/kk/kk_ws/src/kk_driver_package/install/kk_driver_msg/share/kk_driver_msg/cmake/kk_driver_msg__rosidl_typesupport_cExport.cmake
[179.312s] -- Installing: /home/kk/kk_ws/src/kk_driver_package/install/kk_driver_msg/share/kk_driver_msg/cmake/kk_driver_msg__rosidl_typesupport_cExport-noconfig.cmake
[179.316s] -- Installing: /home/kk/kk_ws/src/kk_driver_package/install/kk_driver_msg/share/kk_driver_msg/cmake/export_kk_driver_msg__rosidl_generator_cppExport.cmake
[179.321s] -- Installing: /home/kk/kk_ws/src/kk_driver_package/install/kk_driver_msg/share/kk_driver_msg/cmake/export_kk_driver_msg__rosidl_typesupport_fastrtps_cppExport.cmake
[179.326s] -- Installing: /home/kk/kk_ws/src/kk_driver_package/install/kk_driver_msg/share/kk_driver_msg/cmake/export_kk_driver_msg__rosidl_typesupport_fastrtps_cppExport-noconfig.cmake
[179.330s] -- Installing: /home/kk/kk_ws/src/kk_driver_package/install/kk_driver_msg/share/kk_driver_msg/cmake/kk_driver_msg__rosidl_typesupport_introspection_cppExport.cmake
[179.334s] -- Installing: /home/kk/kk_ws/src/kk_driver_package/install/kk_driver_msg/share/kk_driver_msg/cmake/kk_driver_msg__rosidl_typesupport_introspection_cppExport-noconfig.cmake
[179.339s] -- Installing: /home/kk/kk_ws/src/kk_driver_package/install/kk_driver_msg/share/kk_driver_msg/cmake/kk_driver_msg__rosidl_typesupport_cppExport.cmake
[179.344s] -- Installing: /home/kk/kk_ws/src/kk_driver_package/install/kk_driver_msg/share/kk_driver_msg/cmake/kk_driver_msg__rosidl_typesupport_cppExport-noconfig.cmake
[179.348s] -- Installing: /home/kk/kk_ws/src/kk_driver_package/install/kk_driver_msg/share/kk_driver_msg/cmake/export_kk_driver_msg__rosidl_generator_pyExport.cmake
[179.352s] -- Installing: /home/kk/kk_ws/src/kk_driver_package/install/kk_driver_msg/share/kk_driver_msg/cmake/export_kk_driver_msg__rosidl_generator_pyExport-noconfig.cmake
[179.356s] -- Installing: /home/kk/kk_ws/src/kk_driver_package/install/kk_driver_msg/share/kk_driver_msg/cmake/rosidl_cmake-extras.cmake
[179.360s] -- Installing: /home/kk/kk_ws/src/kk_driver_package/install/kk_driver_msg/share/kk_driver_msg/cmake/ament_cmake_export_include_directories-extras.cmake
[179.365s] -- Installing: /home/kk/kk_ws/src/kk_driver_package/install/kk_driver_msg/share/kk_driver_msg/cmake/ament_cmake_export_libraries-extras.cmake
[179.369s] -- Installing: /home/kk/kk_ws/src/kk_driver_package/install/kk_driver_msg/share/kk_driver_msg/cmake/ament_cmake_export_targets-extras.cmake
[179.372s] -- Installing: /home/kk/kk_ws/src/kk_driver_package/install/kk_driver_msg/share/kk_driver_msg/cmake/rosidl_cmake_export_typesupport_targets-extras.cmake
[179.376s] -- Installing: /home/kk/kk_ws/src/kk_driver_package/install/kk_driver_msg/share/kk_driver_msg/cmake/ament_cmake_export_dependencies-extras.cmake
[179.380s] -- Installing: /home/kk/kk_ws/src/kk_driver_package/install/kk_driver_msg/share/kk_driver_msg/cmake/rosidl_cmake_export_typesupport_libraries-extras.cmake
[179.384s] -- Installing: /home/kk/kk_ws/src/kk_driver_package/install/kk_driver_msg/share/kk_driver_msg/cmake/kk_driver_msgConfig.cmake
[179.387s] -- Installing: /home/kk/kk_ws/src/kk_driver_package/install/kk_driver_msg/share/kk_driver_msg/cmake/kk_driver_msgConfig-version.cmake
[179.391s] -- Installing: /home/kk/kk_ws/src/kk_driver_package/install/kk_driver_msg/share/kk_driver_msg/package.xml
[179.416s] Invoked command in '/home/kk/kk_ws/src/kk_driver_package/build/kk_driver_msg' returned '0': CMAKE_PREFIX_PATH=${CMAKE_PREFIX_PATH}:/home/kk/kk_ws/install/kk_simulator:/home/kk/kk_ws/install/kk_receiver:/home/kk/kk_ws/install/core_camera:/opt/ros/humble /usr/bin/cmake --install /home/kk/kk_ws/src/kk_driver_package/build/kk_driver_msg
